Debug|2019-10-03 10:25:04.9716|2019-10-03 10:25:04,warning,Studio,WorkItem has been added LogCategory: Title:Populating treeview items WorkItemType:NonCriticalWorkItem|Sobiens.Connectors.Entities.Logger.WriteEntry
Debug|2019-10-03 10:25:05.0016|2019-10-03 10:25:05,warning,Studio,WorkItem is being processed LogCategory: Title:Populating treeview items WorkItemType:NonCriticalWorkItem|Sobiens.Connectors.Entities.Logger.WriteEntry
Debug|2019-10-03 10:25:07.0221|2019-10-03 10:25:07,error,Service,SharePointService GetWebs method returned error:The request failed with HTTP status 403: Forbidden.|Sobiens.Connectors.Entities.Logger.WriteEntry
Debug|2019-10-03 10:30:40.1003|2019-10-03 10:30:40,info,Service,webUrl:https://sobiens1.sharepoint.com/sites/test|Sobiens.Connectors.Entities.Logger.WriteEntry
Debug|2019-10-03 10:30:40.1003|2019-10-03 10:30:40,info,listName,listName:https://sobiens1.sharepoint.com/sites/test|Sobiens.Connectors.Entities.Logger.WriteEntry
Debug|2019-10-03 10:30:59.7623|2019-10-03 10:30:59,info,Service,GetListItems method is started|Sobiens.Connectors.Entities.Logger.WriteEntry
Debug|2019-10-03 10:31:25.8943|2019-10-03 10:31:25,info,Service,webUrl:https://sobiens1.sharepoint.com/sites/test|Sobiens.Connectors.Entities.Logger.WriteEntry
Debug|2019-10-03 10:31:25.8943|2019-10-03 10:31:25,info,listName,listName:https://sobiens1.sharepoint.com/sites/test|Sobiens.Connectors.Entities.Logger.WriteEntry
Debug|2019-10-03 10:31:29.5684|2019-10-03 10:31:29,info,Service,GetListItems method is started|Sobiens.Connectors.Entities.Logger.WriteEntry
Debug|2019-10-03 10:43:21.5940|2019-10-03 10:43:21,warning,Studio,WorkItem has been added LogCategory: Title:Populating treeview items WorkItemType:NonCriticalWorkItem|Sobiens.Connectors.Entities.Logger.WriteEntry
Debug|2019-10-03 10:43:21.5940|2019-10-03 10:43:21,warning,Studio,WorkItem is being processed LogCategory: Title:Populating treeview items WorkItemType:NonCriticalWorkItem|Sobiens.Connectors.Entities.Logger.WriteEntry
Debug|2019-10-03 10:43:22.0827|2019-10-03 10:43:22,error,Service,CRMService GetLists method returned error:Metadata contains a reference that cannot be resolved: 'https://sobiens.crm11.dynamics.com/XRMServices/2011/Organization.svc?wsdl&sdkversion=8.1'.|Sobiens.Connectors.Entities.Logger.WriteEntry
Debug|2019-10-03 11:13:43.0437|2019-10-03 11:13:43,warning,Studio,WorkItem has been added LogCategory: Title:Populating treeview items WorkItemType:NonCriticalWorkItem|Sobiens.Connectors.Entities.Logger.WriteEntry
Debug|2019-10-03 11:13:43.0696|2019-10-03 11:13:43,warning,Studio,WorkItem is being processed LogCategory: Title:Populating treeview items WorkItemType:NonCriticalWorkItem|Sobiens.Connectors.Entities.Logger.WriteEntry
Debug|2019-10-03 11:13:44.6800|2019-10-03 11:13:44,error,Service,SharePointService GetWebs method returned error:The request failed with HTTP status 403: Forbidden.|Sobiens.Connectors.Entities.Logger.WriteEntry
Debug|2019-10-03 11:13:55.8006|2019-10-03 11:13:55,warning,Studio,WorkItem has been added LogCategory: Title:Populating treeview items WorkItemType:NonCriticalWorkItem|Sobiens.Connectors.Entities.Logger.WriteEntry
Debug|2019-10-03 11:13:55.8006|2019-10-03 11:13:55,warning,Studio,WorkItem is being processed LogCategory: Title:Populating treeview items WorkItemType:NonCriticalWorkItem|Sobiens.Connectors.Entities.Logger.WriteEntry
Debug|2019-10-03 11:13:57.6520|2019-10-03 11:13:57,info,Service,SharePointService GetSiteURL method returned siteSetting.Url:https://sobiens1.sharepoint.com/sites/test 
 siteURL:https://sobiens1.sharepoint.com/sites/test 
 webURL:https://sobiens1.sharepoint.com/sites/test 
 value:0|Sobiens.Connectors.Entities.Logger.WriteEntry
Debug|2019-10-03 11:14:00.2510|2019-10-03 11:14:00,warning,Studio,WorkItem has been added LogCategory: Title:Populating treeview items WorkItemType:NonCriticalWorkItem|Sobiens.Connectors.Entities.Logger.WriteEntry
Debug|2019-10-03 11:14:00.2510|2019-10-03 11:14:00,warning,Studio,WorkItem is being processed LogCategory: Title:Populating treeview items WorkItemType:NonCriticalWorkItem|Sobiens.Connectors.Entities.Logger.WriteEntry
Debug|2019-10-03 11:14:01.4538|2019-10-03 11:14:01,info,Service,SharePointService GetSiteURL method returned siteSetting.Url:https://sobiens1.sharepoint.com/sites/test 
 siteURL:https://sobiens1.sharepoint.com/sites/test 
 webURL:https://sobiens1.sharepoint.com/sites/test 
 value:0|Sobiens.Connectors.Entities.Logger.WriteEntry
Debug|2019-10-03 11:14:04.1914|2019-10-03 11:14:04,info,Service,webUrl:https://sobiens1.sharepoint.com/sites/test|Sobiens.Connectors.Entities.Logger.WriteEntry
Debug|2019-10-03 11:14:04.1914|2019-10-03 11:14:04,info,listName,listName:https://sobiens1.sharepoint.com/sites/test|Sobiens.Connectors.Entities.Logger.WriteEntry
Debug|2019-10-03 11:14:21.3390|2019-10-03 11:14:21,info,Service,webUrl:https://sobiens1.sharepoint.com/sites/test|Sobiens.Connectors.Entities.Logger.WriteEntry
Debug|2019-10-03 11:14:21.3390|2019-10-03 11:14:21,info,listName,listName:https://sobiens1.sharepoint.com/sites/test|Sobiens.Connectors.Entities.Logger.WriteEntry
Debug|2019-10-03 11:14:25.8033|2019-10-03 11:14:25,info,Service,GetListItems method is started|Sobiens.Connectors.Entities.Logger.WriteEntry
