Debug|2019-09-13 15:12:53.9293|2019-09-13 15:12:53,info,SyncTasksManager,SyncTaskHistories are being read from C:\Users\serkant2\AppData\Roaming\Sobiens\Sobiens.Connectors\SyncTasks\Histories\20190913.txt|Sobiens.Connectors.Entities.Logger.WriteEntry
Debug|2019-09-13 15:12:53.9293|2019-09-13 15:12:53,info,SyncTasksManager,SyncTaskHistories are being read from C:\Users\serkant2\AppData\Roaming\Sobiens\Sobiens.Connectors\SyncTasks\Histories\20190913.txt|Sobiens.Connectors.Entities.Logger.WriteEntry
Debug|2019-09-13 15:12:53.9502|2019-09-13 15:12:53,info,SyncTasksManager,SyncTaskHistories are being read from C:\Users\serkant2\AppData\Roaming\Sobiens\Sobiens.Connectors\SyncTasks\Histories\20190913.txt|Sobiens.Connectors.Entities.Logger.WriteEntry
Debug|2019-09-13 15:12:58.4030|2019-09-13 15:12:58,info,SyncTasksManager,SyncTasks are being save to C:\Users\serkant2\AppData\Roaming\Sobiens\Sobiens.Connectors\SyncTasks\SyncTasks.xml|Sobiens.Connectors.Entities.Logger.WriteEntry
Debug|2019-09-13 15:12:58.4030|2019-09-13 15:12:58,info,SyncTasksManager,SyncTaskHistories are being read from C:\Users\serkant2\AppData\Roaming\Sobiens\Sobiens.Connectors\SyncTasks\Histories\20190913.txt|Sobiens.Connectors.Entities.Logger.WriteEntry
Debug|2019-09-13 15:13:02.9828|2019-09-13 15:13:02,warning,Studio,WorkItem has been added LogCategory: Title:Populating treeview items WorkItemType:NonCriticalWorkItem|Sobiens.Connectors.Entities.Logger.WriteEntry
Debug|2019-09-13 15:13:02.9828|2019-09-13 15:13:02,warning,Studio,WorkItem is being processed LogCategory: Title:Populating treeview items WorkItemType:NonCriticalWorkItem|Sobiens.Connectors.Entities.Logger.WriteEntry
Debug|2019-09-13 15:13:03.5138|2019-09-13 15:13:03,error,Service,SharePointService GetWebs method returned error:The request failed with HTTP status 403: Forbidden.|Sobiens.Connectors.Entities.Logger.WriteEntry
Debug|2019-09-13 15:13:12.1163|2019-09-13 15:13:12,info,BackgroundDataService,Performing requests OLEYYYY...|Sobiens.Connectors.Entities.Logger.WriteEntry
Debug|2019-09-13 15:13:22.1501|2019-09-13 15:13:22,info,SyncTasksManager,SyncTasks are being save to C:\Users\serkant2\AppData\Roaming\Sobiens\Sobiens.Connectors\SyncTasks\SyncTasks.xml|Sobiens.Connectors.Entities.Logger.WriteEntry
Debug|2019-09-13 15:13:22.1501|2019-09-13 15:13:22,info,SyncTasksManager,SyncTasks are being save to C:\Users\serkant2\AppData\Roaming\Sobiens\Sobiens.Connectors\SyncTasks\SyncTasks.xml|Sobiens.Connectors.Entities.Logger.WriteEntry
Debug|2019-09-13 15:13:42.0912|2019-09-13 15:13:42,info,SyncTasksManager,SyncTasks are being save to C:\Users\serkant2\AppData\Roaming\Sobiens\Sobiens.Connectors\SyncTasks\SyncTasks.xml|Sobiens.Connectors.Entities.Logger.WriteEntry
Debug|2019-09-13 15:13:42.1180|2019-09-13 15:13:42,info,BackgroundDataService,Performing requests OLEYYYY...|Sobiens.Connectors.Entities.Logger.WriteEntry
Debug|2019-09-13 15:13:42.1180|2019-09-13 15:13:42,info,SyncTasksManager,SyncTasks are being save to C:\Users\serkant2\AppData\Roaming\Sobiens\Sobiens.Connectors\SyncTasks\SyncTasks.xml|Sobiens.Connectors.Entities.Logger.WriteEntry
Debug|2019-09-13 15:13:46.2414|2019-09-13 15:13:46,info,Service,SharePointService GetWebs method returned xml:<Webs xmlns="http://schemas.microsoft.com/sharepoint/soap/" />|Sobiens.Connectors.Entities.Logger.WriteEntry
Debug|2019-09-13 15:13:53.5885|2019-09-13 15:13:53,info,Service,webUrl:|Sobiens.Connectors.Entities.Logger.WriteEntry
Debug|2019-09-13 15:13:53.5885|2019-09-13 15:13:53,info,listName,listName:|Sobiens.Connectors.Entities.Logger.WriteEntry
Debug|2019-09-13 15:13:54.6956|2019-09-13 15:13:54,info,Service,webUrl:https://sobiens1.sharepoint.com/sites/test|Sobiens.Connectors.Entities.Logger.WriteEntry
Debug|2019-09-13 15:13:54.6956|2019-09-13 15:13:54,info,listName,listName:https://sobiens1.sharepoint.com/sites/test|Sobiens.Connectors.Entities.Logger.WriteEntry
Debug|2019-09-13 15:14:12.1342|2019-09-13 15:14:12,info,BackgroundDataService,Performing requests OLEYYYY...|Sobiens.Connectors.Entities.Logger.WriteEntry
Debug|2019-09-13 15:14:15.9557|2019-09-13 15:14:15,info,Service,webUrl:|Sobiens.Connectors.Entities.Logger.WriteEntry
Debug|2019-09-13 15:14:15.9577|2019-09-13 15:14:15,info,listName,listName:|Sobiens.Connectors.Entities.Logger.WriteEntry
Debug|2019-09-13 15:14:17.1344|2019-09-13 15:14:17,info,Service,webUrl:https://sobiens1.sharepoint.com/sites/test|Sobiens.Connectors.Entities.Logger.WriteEntry
Debug|2019-09-13 15:14:17.1344|2019-09-13 15:14:17,info,listName,listName:https://sobiens1.sharepoint.com/sites/test|Sobiens.Connectors.Entities.Logger.WriteEntry
Debug|2019-09-13 15:15:47.7544|2019-09-13 15:15:47,error,QueryRunner,Exception Found:
Type: System.ArgumentOutOfRangeException
Message: Index was out of range. Must be non-negative and less than the size of the collection.
Parameter name: index
Source: mscorlib
Stacktrace:    at System.ThrowHelper.ThrowArgumentOutOfRangeException(ExceptionArgument argument, ExceptionResource resource)
   at System.Collections.Generic.List`1.get_Item(Int32 index)
   at Sobiens.Connectors.Common.SyncTasksManager.ProcessSyncTaskExport(String filePath, String documentsFolder, QueryResultMappings queryResultMappings, List`1 destinationFieldMappings, Boolean shouldExportSourceListItems, Boolean shouldSourceExportDocuments, BackgroundWorker backgroundWorker, Nullable`1 lastProcessStartDate, Int32 includeVersionsLimit, String destionationListName) in C:\Projects\GitHub\Sobiens-Connectors\Solutions\Sobiens.Connectors.Common\SyncTasksManager.cs:line 1001
   at Sobiens.Connectors.Common.SyncTasksManager.ExportSyncTaskItems(SyncTaskListItemsCopy syncTask, Boolean shouldExportSourceListItems, Boolean shouldSourceExportDocuments, Boolean shouldExportDestinationtListItems, BackgroundWorker backgroundWorker, Nullable`1 lastProcessStartDate, Int32 includeVersionsLimit) in C:\Projects\GitHub\Sobiens-Connectors\Solutions\Sobiens.Connectors.Common\SyncTasksManager.cs:line 249
   at Sobiens.Connectors.Common.SyncTasksManager.SyncData(BackgroundWorker backgroundWorker, ISiteSetting sourceSiteSetting, Folder sourceObject, ISiteSetting destinationSiteSetting, Folder destinationObject) in C:\Projects\GitHub\Sobiens-Connectors\Solutions\Sobiens.Connectors.Common\SyncTasksManager.cs:line 506
   at Sobiens.Connectors.Common.SyncTasksManager.SyncSchema(BackgroundWorker backgroundWorker, Folder sourceObject, Folder destinationObject) in C:\Projects\GitHub\Sobiens-Connectors\Solutions\Sobiens.Connectors.Common\SyncTasksManager.cs:line 463
   at Sobiens.Connectors.Common.SyncTasksManager.SyncSchema(BackgroundWorker backgroundWorker, List`1 sourceObjects, Folder destinationObject) in C:\Projects\GitHub\Sobiens-Connectors\Solutions\Sobiens.Connectors.Common\SyncTasksManager.cs:line 425
   at Sobiens.Connectors.UI.Service.QueryRunner.BackgroundWorker_DoWork(Object sender, DoWorkEventArgs e) in C:\Projects\GitHub\Sobiens-Connectors\Solutions\Sobiens.Connectors.Studio.UI\Service\QueryRunner.cs:line 76|Sobiens.Connectors.Entities.Logger.WriteEntry
Debug|2019-09-13 15:15:47.7544|2019-09-13 15:15:47,info,BackgroundDataService,Performing requests OLEYYYY...|Sobiens.Connectors.Entities.Logger.WriteEntry
Debug|2019-09-13 15:15:47.7544|2019-09-13 15:15:47,info,SyncTasksManager,SyncTasks are being save to C:\Users\serkant2\AppData\Roaming\Sobiens\Sobiens.Connectors\SyncTasks\SyncTasks.xml|Sobiens.Connectors.Entities.Logger.WriteEntry
Debug|2019-09-13 15:15:47.7823|2019-09-13 15:15:47,info,SyncTasksManager,SyncTaskHistories are being save to C:\Users\serkant2\AppData\Roaming\Sobiens\Sobiens.Connectors\SyncTasks\Histories\20190913.txt|Sobiens.Connectors.Entities.Logger.WriteEntry
Debug|2019-09-13 15:15:47.7923|2019-09-13 15:15:47,info,SyncTasksManager,SyncTasks are being save to C:\Users\serkant2\AppData\Roaming\Sobiens\Sobiens.Connectors\SyncTasks\SyncTasks.xml|Sobiens.Connectors.Entities.Logger.WriteEntry
Debug|2019-09-13 15:15:47.7923|2019-09-13 15:15:47,info,SyncTasksManager,SyncTasks are being save to C:\Users\serkant2\AppData\Roaming\Sobiens\Sobiens.Connectors\SyncTasks\SyncTasks.xml|Sobiens.Connectors.Entities.Logger.WriteEntry
Debug|2019-09-13 15:15:57.9380|2019-09-13 15:15:57,info,BackgroundDataService,Stopping service ...|Sobiens.Connectors.Entities.Logger.WriteEntry
Debug|2019-09-13 15:15:57.9380|2019-09-13 15:15:57,info,BackgroundDataService,Timer disabled, waiting for pending requests to complete ...|Sobiens.Connectors.Entities.Logger.WriteEntry
Debug|2019-09-13 15:15:57.9380|2019-09-13 15:15:57,info,BackgroundDataService,No of enqued requests is 0, waiting to terminate ...|Sobiens.Connectors.Entities.Logger.WriteEntry
Debug|2019-09-13 15:15:57.9539|2019-09-13 15:15:57,info,BackgroundDataService,Worker thread for processing request queue is terminated.|Sobiens.Connectors.Entities.Logger.WriteEntry
Debug|2019-09-13 15:15:57.9599|2019-09-13 15:15:57,info,BackgroundDataService,Service successfully terminated.|Sobiens.Connectors.Entities.Logger.WriteEntry
Debug|2019-09-13 15:16:00.9533|2019-09-13 15:16:00,info,SyncTasksManager,SyncTaskHistories are being read from C:\Users\serkant2\AppData\Roaming\Sobiens\Sobiens.Connectors\SyncTasks\Histories\20190913.txt|Sobiens.Connectors.Entities.Logger.WriteEntry
Debug|2019-09-13 15:16:01.0012|2019-09-13 15:16:01,info,SyncTasksManager,SyncTaskHistories are being read from C:\Users\serkant2\AppData\Roaming\Sobiens\Sobiens.Connectors\SyncTasks\Histories\20190913.txt|Sobiens.Connectors.Entities.Logger.WriteEntry
Debug|2019-09-13 15:16:01.0341|2019-09-13 15:16:01,info,SyncTasksManager,SyncTaskHistories are being read from C:\Users\serkant2\AppData\Roaming\Sobiens\Sobiens.Connectors\SyncTasks\Histories\20190913.txt|Sobiens.Connectors.Entities.Logger.WriteEntry
Debug|2019-09-13 15:16:10.8380|2019-09-13 15:16:10,info,BackgroundDataService,Starting service ...|Sobiens.Connectors.Entities.Logger.WriteEntry
Debug|2019-09-13 15:16:10.8380|2019-09-13 15:16:10,info,BackgroundDataService,Creating Service context ...|Sobiens.Connectors.Entities.Logger.WriteEntry
Debug|2019-09-13 15:16:10.8380|2019-09-13 15:16:10,info,BackgroundDataService,Service started and timer activated.|Sobiens.Connectors.Entities.Logger.WriteEntry
Debug|2019-09-13 15:16:10.8380|2019-09-13 15:16:10,info,BackgroundDataService,Worker thread for processing request queue has started.|Sobiens.Connectors.Entities.Logger.WriteEntry
Debug|2019-09-13 15:16:10.8380|2019-09-13 15:16:10,info,BackgroundDataService,Performing requests OLEYYYY...|Sobiens.Connectors.Entities.Logger.WriteEntry
Debug|2019-09-13 15:16:13.7717|2019-09-13 15:16:13,warning,Studio,WorkItem has been added LogCategory: Title:Populating treeview items WorkItemType:NonCriticalWorkItem|Sobiens.Connectors.Entities.Logger.WriteEntry
Debug|2019-09-13 15:16:13.7717|2019-09-13 15:16:13,warning,Studio,WorkItem is being processed LogCategory: Title:Populating treeview items WorkItemType:NonCriticalWorkItem|Sobiens.Connectors.Entities.Logger.WriteEntry
Debug|2019-09-13 15:16:14.2917|2019-09-13 15:16:14,error,Service,SharePointService GetWebs method returned error:The request failed with HTTP status 403: Forbidden.|Sobiens.Connectors.Entities.Logger.WriteEntry
Debug|2019-09-13 15:16:31.9460|2019-09-13 15:16:31,error,Service,SharePointService GetLists method returned error:The underlying connection was closed: An unexpected error occurred on a receive.|Sobiens.Connectors.Entities.Logger.WriteEntry
Debug|2019-09-13 15:16:38.0018|2019-09-13 15:16:38,warning,Studio,WorkItem has been added LogCategory: Title:Populating treeview items WorkItemType:NonCriticalWorkItem|Sobiens.Connectors.Entities.Logger.WriteEntry
Debug|2019-09-13 15:16:38.0018|2019-09-13 15:16:38,warning,Studio,WorkItem is being processed LogCategory: Title:Populating treeview items WorkItemType:NonCriticalWorkItem|Sobiens.Connectors.Entities.Logger.WriteEntry
Debug|2019-09-13 15:16:38.7608|2019-09-13 15:16:38,error,Service,SharePointService GetWebs method returned error:The request failed with HTTP status 403: Forbidden.|Sobiens.Connectors.Entities.Logger.WriteEntry
Debug|2019-09-13 15:16:40.8446|2019-09-13 15:16:40,info,BackgroundDataService,Performing requests OLEYYYY...|Sobiens.Connectors.Entities.Logger.WriteEntry
Debug|2019-09-13 15:16:51.5017|2019-09-13 15:16:51,info,SyncTasksManager,SyncTasks are being save to C:\Users\serkant2\AppData\Roaming\Sobiens\Sobiens.Connectors\SyncTasks\SyncTasks.xml|Sobiens.Connectors.Entities.Logger.WriteEntry
Debug|2019-09-13 15:16:51.5077|2019-09-13 15:16:51,info,SyncTasksManager,SyncTasks are being save to C:\Users\serkant2\AppData\Roaming\Sobiens\Sobiens.Connectors\SyncTasks\SyncTasks.xml|Sobiens.Connectors.Entities.Logger.WriteEntry
Debug|2019-09-13 15:17:10.8562|2019-09-13 15:17:10,info,BackgroundDataService,Performing requests OLEYYYY...|Sobiens.Connectors.Entities.Logger.WriteEntry
Debug|2019-09-13 15:17:10.8562|2019-09-13 15:17:10,info,SyncTasksManager,SyncTasks are being save to C:\Users\serkant2\AppData\Roaming\Sobiens\Sobiens.Connectors\SyncTasks\SyncTasks.xml|Sobiens.Connectors.Entities.Logger.WriteEntry
Debug|2019-09-13 15:17:40.8598|2019-09-13 15:17:40,info,BackgroundDataService,Performing requests OLEYYYY...|Sobiens.Connectors.Entities.Logger.WriteEntry
Debug|2019-09-13 15:17:40.8598|2019-09-13 15:17:40,info,SyncTasksManager,SyncTasks are being save to C:\Users\serkant2\AppData\Roaming\Sobiens\Sobiens.Connectors\SyncTasks\SyncTasks.xml|Sobiens.Connectors.Entities.Logger.WriteEntry
Debug|2019-09-13 15:17:44.3846|2019-09-13 15:17:44,info,Service,SharePointService GetWebs method returned xml:<Webs xmlns="http://schemas.microsoft.com/sharepoint/soap/" />|Sobiens.Connectors.Entities.Logger.WriteEntry
Debug|2019-09-13 15:17:50.2490|2019-09-13 15:17:50,info,Service,webUrl:https://sobiens1.sharepoint.com/sites/test2|Sobiens.Connectors.Entities.Logger.WriteEntry
Debug|2019-09-13 15:17:50.2490|2019-09-13 15:17:50,info,listName,listName:https://sobiens1.sharepoint.com/sites/test2|Sobiens.Connectors.Entities.Logger.WriteEntry
Debug|2019-09-13 15:17:51.4180|2019-09-13 15:17:51,info,Service,webUrl:https://sobiens1.sharepoint.com/sites/test|Sobiens.Connectors.Entities.Logger.WriteEntry
Debug|2019-09-13 15:17:51.4180|2019-09-13 15:17:51,info,listName,listName:https://sobiens1.sharepoint.com/sites/test|Sobiens.Connectors.Entities.Logger.WriteEntry
Debug|2019-09-13 15:17:57.3685|2019-09-13 15:17:57,info,Service,webUrl:https://sobiens1.sharepoint.com/sites/test2|Sobiens.Connectors.Entities.Logger.WriteEntry
Debug|2019-09-13 15:17:57.3685|2019-09-13 15:17:57,info,listName,listName:https://sobiens1.sharepoint.com/sites/test2|Sobiens.Connectors.Entities.Logger.WriteEntry
Debug|2019-09-13 15:17:58.5328|2019-09-13 15:17:58,info,Service,webUrl:https://sobiens1.sharepoint.com/sites/test|Sobiens.Connectors.Entities.Logger.WriteEntry
Debug|2019-09-13 15:17:58.5328|2019-09-13 15:17:58,info,listName,listName:https://sobiens1.sharepoint.com/sites/test|Sobiens.Connectors.Entities.Logger.WriteEntry
Debug|2019-09-13 15:18:14.3312|2019-09-13 15:18:14,info,BackgroundDataService,Performing requests OLEYYYY...|Sobiens.Connectors.Entities.Logger.WriteEntry
Debug|2019-09-13 15:24:48.5884|2019-09-13 15:24:48,info,SyncTasksManager,SyncTasks are being loaded from C:\Users\serkant2\AppData\Roaming\Sobiens\Sobiens.Connectors\SyncTasks\SyncTasks.xml|Sobiens.Connectors.Entities.Logger.WriteEntry
Debug|2019-09-13 15:24:48.8228|2019-09-13 15:24:48,info,SyncTasksManager,SyncTaskHistories are being read from C:\Users\serkant2\AppData\Roaming\Sobiens\Sobiens.Connectors\SyncTasks\Histories\20190913.txt|Sobiens.Connectors.Entities.Logger.WriteEntry
Debug|2019-09-13 15:24:48.8228|2019-09-13 15:24:48,info,SyncTasksManager,SyncTaskHistories are being read from C:\Users\serkant2\AppData\Roaming\Sobiens\Sobiens.Connectors\SyncTasks\Histories\20190913.txt|Sobiens.Connectors.Entities.Logger.WriteEntry
Debug|2019-09-13 15:24:48.8328|2019-09-13 15:24:48,info,SyncTasksManager,SyncTaskHistories are being read from C:\Users\serkant2\AppData\Roaming\Sobiens\Sobiens.Connectors\SyncTasks\Histories\20190913.txt|Sobiens.Connectors.Entities.Logger.WriteEntry
Debug|2019-09-13 15:24:50.5140|2019-09-13 15:24:50,info,SyncTasksManager,SyncTasks are being save to C:\Users\serkant2\AppData\Roaming\Sobiens\Sobiens.Connectors\SyncTasks\SyncTasks.xml|Sobiens.Connectors.Entities.Logger.WriteEntry
Debug|2019-09-13 15:24:50.5210|2019-09-13 15:24:50,info,SyncTasksManager,SyncTaskHistories are being read from C:\Users\serkant2\AppData\Roaming\Sobiens\Sobiens.Connectors\SyncTasks\Histories\20190913.txt|Sobiens.Connectors.Entities.Logger.WriteEntry
Debug|2019-09-13 15:24:53.0328|2019-09-13 15:24:53,info,BackgroundDataService,Starting service ...|Sobiens.Connectors.Entities.Logger.WriteEntry
Debug|2019-09-13 15:24:53.0328|2019-09-13 15:24:53,info,BackgroundDataService,Creating Service context ...|Sobiens.Connectors.Entities.Logger.WriteEntry
Debug|2019-09-13 15:24:53.0328|2019-09-13 15:24:53,info,BackgroundDataService,Service started and timer activated.|Sobiens.Connectors.Entities.Logger.WriteEntry
Debug|2019-09-13 15:24:53.0378|2019-09-13 15:24:53,info,BackgroundDataService,Worker thread for processing request queue has started.|Sobiens.Connectors.Entities.Logger.WriteEntry
Debug|2019-09-13 15:24:58.6159|2019-09-13 15:24:58,warning,Studio,WorkItem has been added LogCategory: Title:Populating treeview items WorkItemType:NonCriticalWorkItem|Sobiens.Connectors.Entities.Logger.WriteEntry
Debug|2019-09-13 15:24:58.6159|2019-09-13 15:24:58,warning,Studio,WorkItem is being processed LogCategory: Title:Populating treeview items WorkItemType:NonCriticalWorkItem|Sobiens.Connectors.Entities.Logger.WriteEntry
Debug|2019-09-13 15:25:00.1684|2019-09-13 15:25:00,error,Service,SharePointService GetWebs method returned error:The request failed with HTTP status 403: Forbidden.|Sobiens.Connectors.Entities.Logger.WriteEntry
Debug|2019-09-13 15:25:15.1588|2019-09-13 15:25:15,info,SyncTasksManager,SyncTasks are being save to C:\Users\serkant2\AppData\Roaming\Sobiens\Sobiens.Connectors\SyncTasks\SyncTasks.xml|Sobiens.Connectors.Entities.Logger.WriteEntry
Debug|2019-09-13 15:25:15.1707|2019-09-13 15:25:15,info,SyncTasksManager,SyncTasks are being save to C:\Users\serkant2\AppData\Roaming\Sobiens\Sobiens.Connectors\SyncTasks\SyncTasks.xml|Sobiens.Connectors.Entities.Logger.WriteEntry
Debug|2019-09-13 15:25:23.0452|2019-09-13 15:25:23,info,SyncTasksManager,SyncTasks are being save to C:\Users\serkant2\AppData\Roaming\Sobiens\Sobiens.Connectors\SyncTasks\SyncTasks.xml|Sobiens.Connectors.Entities.Logger.WriteEntry
Debug|2019-09-13 15:25:23.0452|2019-09-13 15:25:23,info,BackgroundDataService,Performing requests OLEYYYY...|Sobiens.Connectors.Entities.Logger.WriteEntry
Debug|2019-09-13 15:25:53.0530|2019-09-13 15:25:53,info,BackgroundDataService,Performing requests OLEYYYY...|Sobiens.Connectors.Entities.Logger.WriteEntry
Debug|2019-09-13 15:25:53.0530|2019-09-13 15:25:53,info,SyncTasksManager,SyncTasks are being save to C:\Users\serkant2\AppData\Roaming\Sobiens\Sobiens.Connectors\SyncTasks\SyncTasks.xml|Sobiens.Connectors.Entities.Logger.WriteEntry
Debug|2019-09-13 15:25:57.3478|2019-09-13 15:25:57,info,Service,SharePointService GetWebs method returned xml:<Webs xmlns="http://schemas.microsoft.com/sharepoint/soap/" />|Sobiens.Connectors.Entities.Logger.WriteEntry
Debug|2019-09-13 15:26:02.7886|2019-09-13 15:26:02,info,Service,webUrl:https://sobiens1.sharepoint.com/sites/test2|Sobiens.Connectors.Entities.Logger.WriteEntry
Debug|2019-09-13 15:26:02.7886|2019-09-13 15:26:02,info,listName,listName:https://sobiens1.sharepoint.com/sites/test2|Sobiens.Connectors.Entities.Logger.WriteEntry
Debug|2019-09-13 15:26:03.8973|2019-09-13 15:26:03,info,Service,webUrl:https://sobiens1.sharepoint.com/sites/test|Sobiens.Connectors.Entities.Logger.WriteEntry
Debug|2019-09-13 15:26:03.8973|2019-09-13 15:26:03,info,listName,listName:https://sobiens1.sharepoint.com/sites/test|Sobiens.Connectors.Entities.Logger.WriteEntry
Debug|2019-09-13 15:26:10.8494|2019-09-13 15:26:10,info,Service,webUrl:https://sobiens1.sharepoint.com/sites/test2|Sobiens.Connectors.Entities.Logger.WriteEntry
Debug|2019-09-13 15:26:10.8494|2019-09-13 15:26:10,info,listName,listName:https://sobiens1.sharepoint.com/sites/test2|Sobiens.Connectors.Entities.Logger.WriteEntry
Debug|2019-09-13 15:26:12.0319|2019-09-13 15:26:12,info,Service,webUrl:https://sobiens1.sharepoint.com/sites/test|Sobiens.Connectors.Entities.Logger.WriteEntry
Debug|2019-09-13 15:26:12.0319|2019-09-13 15:26:12,info,listName,listName:https://sobiens1.sharepoint.com/sites/test|Sobiens.Connectors.Entities.Logger.WriteEntry
Debug|2019-09-13 15:27:20.0293|2019-09-13 15:27:20,info,SyncTasksManager,SyncTasks are being loaded from C:\Users\serkant2\AppData\Roaming\Sobiens\Sobiens.Connectors\SyncTasks\SyncTasks.xml|Sobiens.Connectors.Entities.Logger.WriteEntry
Debug|2019-09-13 15:27:20.2567|2019-09-13 15:27:20,info,SyncTasksManager,SyncTaskHistories are being read from C:\Users\serkant2\AppData\Roaming\Sobiens\Sobiens.Connectors\SyncTasks\Histories\20190913.txt|Sobiens.Connectors.Entities.Logger.WriteEntry
Debug|2019-09-13 15:27:20.2567|2019-09-13 15:27:20,info,SyncTasksManager,SyncTaskHistories are being read from C:\Users\serkant2\AppData\Roaming\Sobiens\Sobiens.Connectors\SyncTasks\Histories\20190913.txt|Sobiens.Connectors.Entities.Logger.WriteEntry
Debug|2019-09-13 15:27:20.2567|2019-09-13 15:27:20,info,SyncTasksManager,SyncTaskHistories are being read from C:\Users\serkant2\AppData\Roaming\Sobiens\Sobiens.Connectors\SyncTasks\Histories\20190913.txt|Sobiens.Connectors.Entities.Logger.WriteEntry
Debug|2019-09-13 15:27:22.2856|2019-09-13 15:27:22,info,SyncTasksManager,SyncTasks are being save to C:\Users\serkant2\AppData\Roaming\Sobiens\Sobiens.Connectors\SyncTasks\SyncTasks.xml|Sobiens.Connectors.Entities.Logger.WriteEntry
Debug|2019-09-13 15:27:22.2856|2019-09-13 15:27:22,info,SyncTasksManager,SyncTaskHistories are being read from C:\Users\serkant2\AppData\Roaming\Sobiens\Sobiens.Connectors\SyncTasks\Histories\20190913.txt|Sobiens.Connectors.Entities.Logger.WriteEntry
Debug|2019-09-13 15:27:26.1571|2019-09-13 15:27:26,info,BackgroundDataService,Starting service ...|Sobiens.Connectors.Entities.Logger.WriteEntry
Debug|2019-09-13 15:27:26.1571|2019-09-13 15:27:26,info,BackgroundDataService,Creating Service context ...|Sobiens.Connectors.Entities.Logger.WriteEntry
Debug|2019-09-13 15:27:26.1571|2019-09-13 15:27:26,info,BackgroundDataService,Service started and timer activated.|Sobiens.Connectors.Entities.Logger.WriteEntry
Debug|2019-09-13 15:27:26.1631|2019-09-13 15:27:26,info,BackgroundDataService,Worker thread for processing request queue has started.|Sobiens.Connectors.Entities.Logger.WriteEntry
Debug|2019-09-13 15:27:31.3098|2019-09-13 15:27:31,warning,Studio,WorkItem has been added LogCategory: Title:Populating treeview items WorkItemType:NonCriticalWorkItem|Sobiens.Connectors.Entities.Logger.WriteEntry
Debug|2019-09-13 15:27:31.3098|2019-09-13 15:27:31,warning,Studio,WorkItem is being processed LogCategory: Title:Populating treeview items WorkItemType:NonCriticalWorkItem|Sobiens.Connectors.Entities.Logger.WriteEntry
Debug|2019-09-13 15:27:32.8958|2019-09-13 15:27:32,error,Service,SharePointService GetWebs method returned error:The request failed with HTTP status 403: Forbidden.|Sobiens.Connectors.Entities.Logger.WriteEntry
Debug|2019-09-13 15:27:43.4266|2019-09-13 15:27:43,info,SyncTasksManager,SyncTasks are being save to C:\Users\serkant2\AppData\Roaming\Sobiens\Sobiens.Connectors\SyncTasks\SyncTasks.xml|Sobiens.Connectors.Entities.Logger.WriteEntry
Debug|2019-09-13 15:27:43.4525|2019-09-13 15:27:43,info,SyncTasksManager,SyncTasks are being save to C:\Users\serkant2\AppData\Roaming\Sobiens\Sobiens.Connectors\SyncTasks\SyncTasks.xml|Sobiens.Connectors.Entities.Logger.WriteEntry
Debug|2019-09-13 15:27:56.1656|2019-09-13 15:27:56,info,SyncTasksManager,SyncTasks are being save to C:\Users\serkant2\AppData\Roaming\Sobiens\Sobiens.Connectors\SyncTasks\SyncTasks.xml|Sobiens.Connectors.Entities.Logger.WriteEntry
Debug|2019-09-13 15:27:56.1656|2019-09-13 15:27:56,info,BackgroundDataService,Performing requests OLEYYYY...|Sobiens.Connectors.Entities.Logger.WriteEntry
Debug|2019-09-13 15:28:26.1754|2019-09-13 15:28:26,info,BackgroundDataService,Performing requests OLEYYYY...|Sobiens.Connectors.Entities.Logger.WriteEntry
Debug|2019-09-13 15:28:26.1804|2019-09-13 15:28:26,info,SyncTasksManager,SyncTasks are being save to C:\Users\serkant2\AppData\Roaming\Sobiens\Sobiens.Connectors\SyncTasks\SyncTasks.xml|Sobiens.Connectors.Entities.Logger.WriteEntry
Debug|2019-09-13 15:28:33.4539|2019-09-13 15:28:33,info,Service,SharePointService GetWebs method returned xml:<Webs xmlns="http://schemas.microsoft.com/sharepoint/soap/" />|Sobiens.Connectors.Entities.Logger.WriteEntry
Debug|2019-09-13 15:28:39.3981|2019-09-13 15:28:39,info,Service,webUrl:https://sobiens1.sharepoint.com/sites/test2|Sobiens.Connectors.Entities.Logger.WriteEntry
Debug|2019-09-13 15:28:39.3981|2019-09-13 15:28:39,info,listName,listName:https://sobiens1.sharepoint.com/sites/test2|Sobiens.Connectors.Entities.Logger.WriteEntry
Debug|2019-09-13 15:28:40.5719|2019-09-13 15:28:40,info,Service,webUrl:https://sobiens1.sharepoint.com/sites/test|Sobiens.Connectors.Entities.Logger.WriteEntry
Debug|2019-09-13 15:28:40.5719|2019-09-13 15:28:40,info,listName,listName:https://sobiens1.sharepoint.com/sites/test|Sobiens.Connectors.Entities.Logger.WriteEntry
Debug|2019-09-13 15:28:45.0510|2019-09-13 15:28:45,info,Service,webUrl:https://sobiens1.sharepoint.com/sites/test2|Sobiens.Connectors.Entities.Logger.WriteEntry
Debug|2019-09-13 15:28:45.0520|2019-09-13 15:28:45,info,listName,listName:https://sobiens1.sharepoint.com/sites/test2|Sobiens.Connectors.Entities.Logger.WriteEntry
Debug|2019-09-13 15:28:46.3066|2019-09-13 15:28:46,info,Service,webUrl:https://sobiens1.sharepoint.com/sites/test|Sobiens.Connectors.Entities.Logger.WriteEntry
Debug|2019-09-13 15:28:46.3066|2019-09-13 15:28:46,info,listName,listName:https://sobiens1.sharepoint.com/sites/test|Sobiens.Connectors.Entities.Logger.WriteEntry
Debug|2019-09-13 15:28:50.6101|2019-09-13 15:28:50,error,QueryRunner,Exception Found:
Type: System.NullReferenceException
Message: Object reference not set to an instance of an object.
Source: Sobiens.Connectors.Common
Stacktrace:    at Sobiens.Connectors.Common.SyncTasksManager.ProcessSyncTaskExport2(SLExcelData data, String documentsFolder, QueryResultMappings queryResultMappings, Int32 queryResultMappingIndex, String[] headers, Boolean shouldSourceExportDocuments, BackgroundWorker backgroundWorker, Nullable`1 lastProcessStartDate, String destionationListName) in C:\Projects\GitHub\Sobiens-Connectors\Solutions\Sobiens.Connectors.Common\SyncTasksManager.cs:line 1262
   at Sobiens.Connectors.Common.SyncTasksManager.ProcessSyncTaskExport(String filePath, String documentsFolder, QueryResultMappings queryResultMappings, List`1 destinationFieldMappings, Boolean shouldExportSourceListItems, Boolean shouldSourceExportDocuments, BackgroundWorker backgroundWorker, Nullable`1 lastProcessStartDate, Int32 includeVersionsLimit, String destionationListName) in C:\Projects\GitHub\Sobiens-Connectors\Solutions\Sobiens.Connectors.Common\SyncTasksManager.cs:line 1043
   at Sobiens.Connectors.Common.SyncTasksManager.ExportSyncTaskItems(SyncTaskListItemsCopy syncTask, Boolean shouldExportSourceListItems, Boolean shouldSourceExportDocuments, Boolean shouldExportDestinationtListItems, BackgroundWorker backgroundWorker, Nullable`1 lastProcessStartDate, Int32 includeVersionsLimit) in C:\Projects\GitHub\Sobiens-Connectors\Solutions\Sobiens.Connectors.Common\SyncTasksManager.cs:line 249
   at Sobiens.Connectors.Common.SyncTasksManager.SyncData(BackgroundWorker backgroundWorker, ISiteSetting sourceSiteSetting, Folder sourceObject, ISiteSetting destinationSiteSetting, Folder destinationObject) in C:\Projects\GitHub\Sobiens-Connectors\Solutions\Sobiens.Connectors.Common\SyncTasksManager.cs:line 520
   at Sobiens.Connectors.Common.SyncTasksManager.SyncSchema(BackgroundWorker backgroundWorker, Folder sourceObject, Folder destinationObject) in C:\Projects\GitHub\Sobiens-Connectors\Solutions\Sobiens.Connectors.Common\SyncTasksManager.cs:line 463
   at Sobiens.Connectors.Common.SyncTasksManager.SyncSchema(BackgroundWorker backgroundWorker, List`1 sourceObjects, Folder destinationObject) in C:\Projects\GitHub\Sobiens-Connectors\Solutions\Sobiens.Connectors.Common\SyncTasksManager.cs:line 425
   at Sobiens.Connectors.UI.Service.QueryRunner.BackgroundWorker_DoWork(Object sender, DoWorkEventArgs e) in C:\Projects\GitHub\Sobiens-Connectors\Solutions\Sobiens.Connectors.Studio.UI\Service\QueryRunner.cs:line 76|Sobiens.Connectors.Entities.Logger.WriteEntry
Debug|2019-09-13 15:28:50.6101|2019-09-13 15:28:50,info,SyncTasksManager,SyncTasks are being save to C:\Users\serkant2\AppData\Roaming\Sobiens\Sobiens.Connectors\SyncTasks\SyncTasks.xml|Sobiens.Connectors.Entities.Logger.WriteEntry
Debug|2019-09-13 15:28:56.1683|2019-09-13 15:28:56,info,SyncTasksManager,SyncTaskHistories are being save to C:\Users\serkant2\AppData\Roaming\Sobiens\Sobiens.Connectors\SyncTasks\Histories\20190913.txt|Sobiens.Connectors.Entities.Logger.WriteEntry
Debug|2019-09-13 15:28:56.1872|2019-09-13 15:28:56,info,SyncTasksManager,SyncTasks are being save to C:\Users\serkant2\AppData\Roaming\Sobiens\Sobiens.Connectors\SyncTasks\SyncTasks.xml|Sobiens.Connectors.Entities.Logger.WriteEntry
Debug|2019-09-13 15:28:56.2031|2019-09-13 15:28:56,info,SyncTasksManager,SyncTasks are being save to C:\Users\serkant2\AppData\Roaming\Sobiens\Sobiens.Connectors\SyncTasks\SyncTasks.xml|Sobiens.Connectors.Entities.Logger.WriteEntry
Debug|2019-09-13 15:28:56.2031|2019-09-13 15:28:56,info,BackgroundDataService,Performing requests OLEYYYY...|Sobiens.Connectors.Entities.Logger.WriteEntry
Debug|2019-09-13 21:28:07.5732|2019-09-13 21:28:07,info,BackgroundDataService,Performing requests OLEYYYY...|Sobiens.Connectors.Entities.Logger.WriteEntry
Debug|2019-09-13 21:28:43.5765|2019-09-13 21:28:43,info,BackgroundDataService,Performing requests OLEYYYY...|Sobiens.Connectors.Entities.Logger.WriteEntry
Debug|2019-09-13 21:28:43.6114|2019-09-13 21:28:43,error,Service,Exception Found:
Type: System.NullReferenceException
Message: Object reference not set to an instance of an object.
Source: Sobiens.Connectors.Services.SharePoint
Stacktrace:    at Sobiens.Connectors.Services.SharePoint.SharePointService.ParseToFieldCollection(FieldCollection _fields, Boolean includeReadOnly) in C:\Projects\GitHub\Sobiens-Connectors\Solutions\Sobiens.Connectors.Services.SharePoint\SharePointService.cs:line 1781
   at Sobiens.Connectors.Services.SharePoint.SharePointService.GetFields(ISiteSetting siteSetting, String webUrl, String listName) in C:\Projects\GitHub\Sobiens-Connectors\Solutions\Sobiens.Connectors.Services.SharePoint\SharePointService.cs:line 2616|Sobiens.Connectors.Entities.Logger.WriteEntry
Debug|2019-09-13 21:28:43.6244|2019-09-13 21:28:43,error,QueryRunner,Exception Found:
Type: System.NullReferenceException
Message: Object reference not set to an instance of an object.
Source: Sobiens.Connectors.Services.SharePoint
Stacktrace:    at Sobiens.Connectors.Services.SharePoint.SharePointService.GetFields(ISiteSetting siteSetting, String webUrl, String listName) in C:\Projects\GitHub\Sobiens-Connectors\Solutions\Sobiens.Connectors.Services.SharePoint\SharePointService.cs:line 2634
   at Sobiens.Connectors.Common.SharePoint.SharePointServiceManager.GetFields(ISiteSetting siteSetting, Folder folder) in C:\Projects\GitHub\Sobiens-Connectors\Solutions\Sobiens.Connectors.Common\SharePoint\SharePointServiceManager.cs:line 338
   at Sobiens.Connectors.Common.SyncTasksManager.SyncFields(ISiteSetting sourceSiteSetting, Folder sourceObject, ISiteSetting destinationSiteSetting, Folder destinationObject) in C:\Projects\GitHub\Sobiens-Connectors\Solutions\Sobiens.Connectors.Common\SyncTasksManager.cs:line 533
   at Sobiens.Connectors.Common.SyncTasksManager.SyncSchema(BackgroundWorker backgroundWorker, Folder sourceObject, Folder destinationObject) in C:\Projects\GitHub\Sobiens-Connectors\Solutions\Sobiens.Connectors.Common\SyncTasksManager.cs:line 457
   at Sobiens.Connectors.Common.SyncTasksManager.SyncSchema(BackgroundWorker backgroundWorker, List`1 sourceObjects, Folder destinationObject) in C:\Projects\GitHub\Sobiens-Connectors\Solutions\Sobiens.Connectors.Common\SyncTasksManager.cs:line 425
   at Sobiens.Connectors.UI.Service.QueryRunner.BackgroundWorker_DoWork(Object sender, DoWorkEventArgs e) in C:\Projects\GitHub\Sobiens-Connectors\Solutions\Sobiens.Connectors.Studio.UI\Service\QueryRunner.cs:line 76|Sobiens.Connectors.Entities.Logger.WriteEntry
Debug|2019-09-13 21:28:43.6244|2019-09-13 21:28:43,info,SyncTasksManager,SyncTasks are being save to C:\Users\serkant2\AppData\Roaming\Sobiens\Sobiens.Connectors\SyncTasks\SyncTasks.xml|Sobiens.Connectors.Entities.Logger.WriteEntry
Debug|2019-09-13 21:30:44.3872|2019-09-13 21:30:44,info,SyncTasksManager,SyncTasks are being loaded from C:\Users\serkant2\AppData\Roaming\Sobiens\Sobiens.Connectors\SyncTasks\SyncTasks.xml|Sobiens.Connectors.Entities.Logger.WriteEntry
Debug|2019-09-13 21:30:44.7253|2019-09-13 21:30:44,info,SyncTasksManager,SyncTaskHistories are being read from C:\Users\serkant2\AppData\Roaming\Sobiens\Sobiens.Connectors\SyncTasks\Histories\20190913.txt|Sobiens.Connectors.Entities.Logger.WriteEntry
Debug|2019-09-13 21:30:44.7253|2019-09-13 21:30:44,info,SyncTasksManager,SyncTaskHistories are being read from C:\Users\serkant2\AppData\Roaming\Sobiens\Sobiens.Connectors\SyncTasks\Histories\20190913.txt|Sobiens.Connectors.Entities.Logger.WriteEntry
Debug|2019-09-13 21:30:44.7392|2019-09-13 21:30:44,info,SyncTasksManager,SyncTaskHistories are being read from C:\Users\serkant2\AppData\Roaming\Sobiens\Sobiens.Connectors\SyncTasks\Histories\20190913.txt|Sobiens.Connectors.Entities.Logger.WriteEntry
Debug|2019-09-13 21:30:46.5943|2019-09-13 21:30:46,info,SyncTasksManager,SyncTasks are being save to C:\Users\serkant2\AppData\Roaming\Sobiens\Sobiens.Connectors\SyncTasks\SyncTasks.xml|Sobiens.Connectors.Entities.Logger.WriteEntry
Debug|2019-09-13 21:30:46.6023|2019-09-13 21:30:46,info,SyncTasksManager,SyncTaskHistories are being read from C:\Users\serkant2\AppData\Roaming\Sobiens\Sobiens.Connectors\SyncTasks\Histories\20190913.txt|Sobiens.Connectors.Entities.Logger.WriteEntry
Debug|2019-09-13 21:30:48.7375|2019-09-13 21:30:48,info,BackgroundDataService,Starting service ...|Sobiens.Connectors.Entities.Logger.WriteEntry
Debug|2019-09-13 21:30:48.7385|2019-09-13 21:30:48,info,BackgroundDataService,Creating Service context ...|Sobiens.Connectors.Entities.Logger.WriteEntry
Debug|2019-09-13 21:30:48.7385|2019-09-13 21:30:48,info,BackgroundDataService,Service started and timer activated.|Sobiens.Connectors.Entities.Logger.WriteEntry
Debug|2019-09-13 21:30:48.7385|2019-09-13 21:30:48,info,BackgroundDataService,Worker thread for processing request queue has started.|Sobiens.Connectors.Entities.Logger.WriteEntry
Debug|2019-09-13 21:30:50.9524|2019-09-13 21:30:50,info,SyncTasksManager,SyncTaskHistories are being read from C:\Users\serkant2\AppData\Roaming\Sobiens\Sobiens.Connectors\SyncTasks\Histories\20190913.txt|Sobiens.Connectors.Entities.Logger.WriteEntry
Debug|2019-09-13 21:30:50.9774|2019-09-13 21:30:50,info,SyncTasksManager,SyncTaskHistories are being read from C:\Users\serkant2\AppData\Roaming\Sobiens\Sobiens.Connectors\SyncTasks\Histories\20190913.txt|Sobiens.Connectors.Entities.Logger.WriteEntry
Debug|2019-09-13 21:30:50.9774|2019-09-13 21:30:50,info,SyncTasksManager,SyncTaskHistories are being read from C:\Users\serkant2\AppData\Roaming\Sobiens\Sobiens.Connectors\SyncTasks\Histories\20190913.txt|Sobiens.Connectors.Entities.Logger.WriteEntry
Debug|2019-09-13 21:30:58.8207|2019-09-13 21:30:58,warning,Studio,WorkItem has been added LogCategory: Title:Populating treeview items WorkItemType:NonCriticalWorkItem|Sobiens.Connectors.Entities.Logger.WriteEntry
Debug|2019-09-13 21:30:58.8474|2019-09-13 21:30:58,warning,Studio,WorkItem is being processed LogCategory: Title:Populating treeview items WorkItemType:NonCriticalWorkItem|Sobiens.Connectors.Entities.Logger.WriteEntry
Debug|2019-09-13 21:31:00.4307|2019-09-13 21:31:00,error,Service,SharePointService GetWebs method returned error:The request failed with HTTP status 403: Forbidden.|Sobiens.Connectors.Entities.Logger.WriteEntry
Debug|2019-09-13 21:31:14.7054|2019-09-13 21:31:14,info,SyncTasksManager,SyncTasks are being save to C:\Users\serkant2\AppData\Roaming\Sobiens\Sobiens.Connectors\SyncTasks\SyncTasks.xml|Sobiens.Connectors.Entities.Logger.WriteEntry
Debug|2019-09-13 21:31:14.7224|2019-09-13 21:31:14,info,SyncTasksManager,SyncTasks are being save to C:\Users\serkant2\AppData\Roaming\Sobiens\Sobiens.Connectors\SyncTasks\SyncTasks.xml|Sobiens.Connectors.Entities.Logger.WriteEntry
Debug|2019-09-13 21:31:18.7457|2019-09-13 21:31:18,info,SyncTasksManager,SyncTasks are being save to C:\Users\serkant2\AppData\Roaming\Sobiens\Sobiens.Connectors\SyncTasks\SyncTasks.xml|Sobiens.Connectors.Entities.Logger.WriteEntry
Debug|2019-09-13 21:31:18.7457|2019-09-13 21:31:18,info,BackgroundDataService,Performing requests OLEYYYY...|Sobiens.Connectors.Entities.Logger.WriteEntry
Debug|2019-09-13 21:31:48.7506|2019-09-13 21:31:48,info,BackgroundDataService,Performing requests OLEYYYY...|Sobiens.Connectors.Entities.Logger.WriteEntry
Debug|2019-09-13 21:31:48.7555|2019-09-13 21:31:48,info,SyncTasksManager,SyncTasks are being save to C:\Users\serkant2\AppData\Roaming\Sobiens\Sobiens.Connectors\SyncTasks\SyncTasks.xml|Sobiens.Connectors.Entities.Logger.WriteEntry
Debug|2019-09-13 21:32:18.7741|2019-09-13 21:32:18,info,BackgroundDataService,Performing requests OLEYYYY...|Sobiens.Connectors.Entities.Logger.WriteEntry
Debug|2019-09-13 21:32:25.3931|2019-09-13 21:32:25,error,Service,SharePointService GetWebs method returned error:Object reference not set to an instance of an object.|Sobiens.Connectors.Entities.Logger.WriteEntry
Debug|2019-09-13 21:32:44.3710|2019-09-13 21:32:44,info,Service,webUrl:https://sobiens1.sharepoint.com/sites/test2|Sobiens.Connectors.Entities.Logger.WriteEntry
Debug|2019-09-13 21:32:44.3710|2019-09-13 21:32:44,info,listName,listName:https://sobiens1.sharepoint.com/sites/test2|Sobiens.Connectors.Entities.Logger.WriteEntry
Debug|2019-09-13 21:32:45.6710|2019-09-13 21:32:45,error,Service,Exception Found:
Type: System.NullReferenceException
Message: Object reference not set to an instance of an object.
Source: Sobiens.Connectors.Services.SharePoint
Stacktrace:    at Sobiens.Connectors.Services.SharePoint.SharePointService.ParseToFieldCollection(FieldCollection _fields, Boolean includeReadOnly) in C:\Projects\GitHub\Sobiens-Connectors\Solutions\Sobiens.Connectors.Services.SharePoint\SharePointService.cs:line 1781
   at Sobiens.Connectors.Services.SharePoint.SharePointService.GetFields(ISiteSetting siteSetting, String webUrl, String listName) in C:\Projects\GitHub\Sobiens-Connectors\Solutions\Sobiens.Connectors.Services.SharePoint\SharePointService.cs:line 2625|Sobiens.Connectors.Entities.Logger.WriteEntry
Debug|2019-09-13 21:34:01.5955|2019-09-13 21:34:01,info,BackgroundDataService,Performing requests OLEYYYY...|Sobiens.Connectors.Entities.Logger.WriteEntry
Debug|2019-09-13 21:34:03.0458|2019-09-13 21:34:03,info,Service,SharePointService GetWebs method returned xml:<Webs xmlns="http://schemas.microsoft.com/sharepoint/soap/" />|Sobiens.Connectors.Entities.Logger.WriteEntry
Debug|2019-09-13 21:34:19.0432|2019-09-13 21:34:19,info,Service,webUrl:https://sobiens1.sharepoint.com/sites/test2|Sobiens.Connectors.Entities.Logger.WriteEntry
Debug|2019-09-13 21:34:19.0432|2019-09-13 21:34:19,info,listName,listName:https://sobiens1.sharepoint.com/sites/test2|Sobiens.Connectors.Entities.Logger.WriteEntry
Debug|2019-09-13 21:34:33.1924|2019-09-13 21:34:33,info,BackgroundDataService,Performing requests OLEYYYY...|Sobiens.Connectors.Entities.Logger.WriteEntry
Debug|2019-09-13 21:35:15.8114|2019-09-13 21:35:15,info,BackgroundDataService,Performing requests OLEYYYY...|Sobiens.Connectors.Entities.Logger.WriteEntry
Debug|2019-09-13 21:35:56.5819|2019-09-13 21:35:56,info,BackgroundDataService,Performing requests OLEYYYY...|Sobiens.Connectors.Entities.Logger.WriteEntry
Debug|2019-09-13 22:42:19.8977|2019-09-13 22:42:19,info,BackgroundDataService,Starting service ...|Sobiens.Connectors.Entities.Logger.WriteEntry
Debug|2019-09-13 22:42:19.9366|2019-09-13 22:42:19,info,BackgroundDataService,Creating Service context ...|Sobiens.Connectors.Entities.Logger.WriteEntry
Debug|2019-09-13 22:42:19.9366|2019-09-13 22:42:19,info,BackgroundDataService,Service started and timer activated.|Sobiens.Connectors.Entities.Logger.WriteEntry
Debug|2019-09-13 22:42:19.9366|2019-09-13 22:42:19,info,BackgroundDataService,Worker thread for processing request queue has started.|Sobiens.Connectors.Entities.Logger.WriteEntry
Debug|2019-09-13 22:42:22.2434|2019-09-13 22:42:22,info,SyncTasksManager,SyncTasks are being loaded from C:\Users\serkant2\AppData\Roaming\Sobiens\Sobiens.Connectors\SyncTasks\SyncTasks.xml|Sobiens.Connectors.Entities.Logger.WriteEntry
Debug|2019-09-13 22:42:22.3492|2019-09-13 22:42:22,info,SyncTasksManager,SyncTaskHistories are being read from C:\Users\serkant2\AppData\Roaming\Sobiens\Sobiens.Connectors\SyncTasks\Histories\20190913.txt|Sobiens.Connectors.Entities.Logger.WriteEntry
Debug|2019-09-13 22:42:22.3492|2019-09-13 22:42:22,info,SyncTasksManager,SyncTaskHistories are being read from C:\Users\serkant2\AppData\Roaming\Sobiens\Sobiens.Connectors\SyncTasks\Histories\20190913.txt|Sobiens.Connectors.Entities.Logger.WriteEntry
Debug|2019-09-13 22:42:22.3492|2019-09-13 22:42:22,info,SyncTasksManager,SyncTaskHistories are being read from C:\Users\serkant2\AppData\Roaming\Sobiens\Sobiens.Connectors\SyncTasks\Histories\20190913.txt|Sobiens.Connectors.Entities.Logger.WriteEntry
Debug|2019-09-13 22:42:25.0130|2019-09-13 22:42:25,info,SyncTasksManager,SyncTasks are being save to C:\Users\serkant2\AppData\Roaming\Sobiens\Sobiens.Connectors\SyncTasks\SyncTasks.xml|Sobiens.Connectors.Entities.Logger.WriteEntry
Debug|2019-09-13 22:42:25.0210|2019-09-13 22:42:25,info,SyncTasksManager,SyncTaskHistories are being read from C:\Users\serkant2\AppData\Roaming\Sobiens\Sobiens.Connectors\SyncTasks\Histories\20190913.txt|Sobiens.Connectors.Entities.Logger.WriteEntry
Debug|2019-09-13 22:42:28.9445|2019-09-13 22:42:28,warning,Studio,WorkItem has been added LogCategory: Title:Populating treeview items WorkItemType:NonCriticalWorkItem|Sobiens.Connectors.Entities.Logger.WriteEntry
Debug|2019-09-13 22:42:28.9445|2019-09-13 22:42:28,warning,Studio,WorkItem is being processed LogCategory: Title:Populating treeview items WorkItemType:NonCriticalWorkItem|Sobiens.Connectors.Entities.Logger.WriteEntry
Debug|2019-09-13 22:42:29.7055|2019-09-13 22:42:29,error,Service,SharePointService GetWebs method returned error:The request failed with HTTP status 403: Forbidden.|Sobiens.Connectors.Entities.Logger.WriteEntry
Debug|2019-09-13 22:42:49.9454|2019-09-13 22:42:49,info,BackgroundDataService,Performing requests OLEYYYY...|Sobiens.Connectors.Entities.Logger.WriteEntry
Debug|2019-09-13 22:42:57.8772|2019-09-13 22:42:57,info,SyncTasksManager,SyncTasks are being save to C:\Users\serkant2\AppData\Roaming\Sobiens\Sobiens.Connectors\SyncTasks\SyncTasks.xml|Sobiens.Connectors.Entities.Logger.WriteEntry
Debug|2019-09-13 22:42:57.8901|2019-09-13 22:42:57,info,SyncTasksManager,SyncTasks are being save to C:\Users\serkant2\AppData\Roaming\Sobiens\Sobiens.Connectors\SyncTasks\SyncTasks.xml|Sobiens.Connectors.Entities.Logger.WriteEntry
Debug|2019-09-13 22:43:19.9452|2019-09-13 22:43:19,info,SyncTasksManager,SyncTasks are being save to C:\Users\serkant2\AppData\Roaming\Sobiens\Sobiens.Connectors\SyncTasks\SyncTasks.xml|Sobiens.Connectors.Entities.Logger.WriteEntry
Debug|2019-09-13 22:43:19.9452|2019-09-13 22:43:19,info,BackgroundDataService,Performing requests OLEYYYY...|Sobiens.Connectors.Entities.Logger.WriteEntry
Debug|2019-09-13 22:43:49.9541|2019-09-13 22:43:49,info,BackgroundDataService,Performing requests OLEYYYY...|Sobiens.Connectors.Entities.Logger.WriteEntry
Debug|2019-09-13 22:43:49.9590|2019-09-13 22:43:49,info,SyncTasksManager,SyncTasks are being save to C:\Users\serkant2\AppData\Roaming\Sobiens\Sobiens.Connectors\SyncTasks\SyncTasks.xml|Sobiens.Connectors.Entities.Logger.WriteEntry
Debug|2019-09-13 22:43:58.4203|2019-09-13 22:43:58,info,Service,SharePointService GetWebs method returned xml:<Webs xmlns="http://schemas.microsoft.com/sharepoint/soap/" />|Sobiens.Connectors.Entities.Logger.WriteEntry
Debug|2019-09-13 22:44:17.1164|2019-09-13 22:44:17,info,Service,webUrl:https://sobiens1.sharepoint.com/sites/test2|Sobiens.Connectors.Entities.Logger.WriteEntry
Debug|2019-09-13 22:44:17.1164|2019-09-13 22:44:17,info,listName,listName:https://sobiens1.sharepoint.com/sites/test2|Sobiens.Connectors.Entities.Logger.WriteEntry
Debug|2019-09-13 22:44:19.9757|2019-09-13 22:44:19,info,BackgroundDataService,Performing requests OLEYYYY...|Sobiens.Connectors.Entities.Logger.WriteEntry
Debug|2019-09-13 22:52:20.5074|2019-09-13 22:52:20,info,SyncTasksManager,SyncTasks are being loaded from C:\Users\serkant2\AppData\Roaming\Sobiens\Sobiens.Connectors\SyncTasks\SyncTasks.xml|Sobiens.Connectors.Entities.Logger.WriteEntry
Debug|2019-09-13 22:52:20.6860|2019-09-13 22:52:20,info,SyncTasksManager,SyncTaskHistories are being read from C:\Users\serkant2\AppData\Roaming\Sobiens\Sobiens.Connectors\SyncTasks\Histories\20190913.txt|Sobiens.Connectors.Entities.Logger.WriteEntry
Debug|2019-09-13 22:52:20.6860|2019-09-13 22:52:20,info,SyncTasksManager,SyncTaskHistories are being read from C:\Users\serkant2\AppData\Roaming\Sobiens\Sobiens.Connectors\SyncTasks\Histories\20190913.txt|Sobiens.Connectors.Entities.Logger.WriteEntry
Debug|2019-09-13 22:52:20.6929|2019-09-13 22:52:20,info,SyncTasksManager,SyncTaskHistories are being read from C:\Users\serkant2\AppData\Roaming\Sobiens\Sobiens.Connectors\SyncTasks\Histories\20190913.txt|Sobiens.Connectors.Entities.Logger.WriteEntry
Debug|2019-09-13 22:52:22.2887|2019-09-13 22:52:22,info,SyncTasksManager,SyncTasks are being save to C:\Users\serkant2\AppData\Roaming\Sobiens\Sobiens.Connectors\SyncTasks\SyncTasks.xml|Sobiens.Connectors.Entities.Logger.WriteEntry
Debug|2019-09-13 22:52:22.2887|2019-09-13 22:52:22,info,SyncTasksManager,SyncTaskHistories are being read from C:\Users\serkant2\AppData\Roaming\Sobiens\Sobiens.Connectors\SyncTasks\Histories\20190913.txt|Sobiens.Connectors.Entities.Logger.WriteEntry
Debug|2019-09-13 22:52:26.5932|2019-09-13 22:52:26,info,BackgroundDataService,Starting service ...|Sobiens.Connectors.Entities.Logger.WriteEntry
Debug|2019-09-13 22:52:26.5932|2019-09-13 22:52:26,info,BackgroundDataService,Creating Service context ...|Sobiens.Connectors.Entities.Logger.WriteEntry
Debug|2019-09-13 22:52:26.5932|2019-09-13 22:52:26,info,BackgroundDataService,Service started and timer activated.|Sobiens.Connectors.Entities.Logger.WriteEntry
Debug|2019-09-13 22:52:26.5981|2019-09-13 22:52:26,info,BackgroundDataService,Worker thread for processing request queue has started.|Sobiens.Connectors.Entities.Logger.WriteEntry
Debug|2019-09-13 22:52:29.7557|2019-09-13 22:52:29,warning,Studio,WorkItem has been added LogCategory: Title:Populating treeview items WorkItemType:NonCriticalWorkItem|Sobiens.Connectors.Entities.Logger.WriteEntry
Debug|2019-09-13 22:52:29.7557|2019-09-13 22:52:29,warning,Studio,WorkItem is being processed LogCategory: Title:Populating treeview items WorkItemType:NonCriticalWorkItem|Sobiens.Connectors.Entities.Logger.WriteEntry
Debug|2019-09-13 22:52:31.5150|2019-09-13 22:52:31,error,Service,SharePointService GetWebs method returned error:The request failed with HTTP status 403: Forbidden.|Sobiens.Connectors.Entities.Logger.WriteEntry
Debug|2019-09-13 22:52:42.9933|2019-09-13 22:52:42,info,SyncTasksManager,SyncTasks are being save to C:\Users\serkant2\AppData\Roaming\Sobiens\Sobiens.Connectors\SyncTasks\SyncTasks.xml|Sobiens.Connectors.Entities.Logger.WriteEntry
Debug|2019-09-13 22:52:43.0063|2019-09-13 22:52:43,info,SyncTasksManager,SyncTasks are being save to C:\Users\serkant2\AppData\Roaming\Sobiens\Sobiens.Connectors\SyncTasks\SyncTasks.xml|Sobiens.Connectors.Entities.Logger.WriteEntry
Debug|2019-09-13 22:52:56.6029|2019-09-13 22:52:56,info,SyncTasksManager,SyncTasks are being save to C:\Users\serkant2\AppData\Roaming\Sobiens\Sobiens.Connectors\SyncTasks\SyncTasks.xml|Sobiens.Connectors.Entities.Logger.WriteEntry
Debug|2019-09-13 22:52:56.6029|2019-09-13 22:52:56,info,BackgroundDataService,Performing requests OLEYYYY...|Sobiens.Connectors.Entities.Logger.WriteEntry
Debug|2019-09-13 22:53:26.6107|2019-09-13 22:53:26,info,BackgroundDataService,Performing requests OLEYYYY...|Sobiens.Connectors.Entities.Logger.WriteEntry
Debug|2019-09-13 22:53:26.6107|2019-09-13 22:53:26,info,SyncTasksManager,SyncTasks are being save to C:\Users\serkant2\AppData\Roaming\Sobiens\Sobiens.Connectors\SyncTasks\SyncTasks.xml|Sobiens.Connectors.Entities.Logger.WriteEntry
Debug|2019-09-13 22:53:33.7816|2019-09-13 22:53:33,info,Service,SharePointService GetWebs method returned xml:<Webs xmlns="http://schemas.microsoft.com/sharepoint/soap/" />|Sobiens.Connectors.Entities.Logger.WriteEntry
Debug|2019-09-13 22:53:45.5770|2019-09-13 22:53:45,info,Service,webUrl:https://sobiens1.sharepoint.com/sites/test2|Sobiens.Connectors.Entities.Logger.WriteEntry
Debug|2019-09-13 22:53:45.5870|2019-09-13 22:53:45,info,listName,listName:https://sobiens1.sharepoint.com/sites/test2|Sobiens.Connectors.Entities.Logger.WriteEntry
Debug|2019-09-13 22:53:58.1624|2019-09-13 22:53:58,info,BackgroundDataService,Performing requests OLEYYYY...|Sobiens.Connectors.Entities.Logger.WriteEntry
Debug|2019-09-13 22:54:24.4142|2019-09-13 22:54:24,info,Service,webUrl:https://sobiens1.sharepoint.com/sites/test|Sobiens.Connectors.Entities.Logger.WriteEntry
Debug|2019-09-13 22:54:24.4142|2019-09-13 22:54:24,info,listName,listName:https://sobiens1.sharepoint.com/sites/test|Sobiens.Connectors.Entities.Logger.WriteEntry
Debug|2019-09-13 22:54:55.4592|2019-09-13 22:54:55,info,BackgroundDataService,Performing requests OLEYYYY...|Sobiens.Connectors.Entities.Logger.WriteEntry
Debug|2019-09-13 22:57:07.9670|2019-09-13 22:57:07,info,SyncTasksManager,SyncTasks are being loaded from C:\Users\serkant2\AppData\Roaming\Sobiens\Sobiens.Connectors\SyncTasks\SyncTasks.xml|Sobiens.Connectors.Entities.Logger.WriteEntry
Debug|2019-09-13 22:57:08.1674|2019-09-13 22:57:08,info,SyncTasksManager,SyncTaskHistories are being read from C:\Users\serkant2\AppData\Roaming\Sobiens\Sobiens.Connectors\SyncTasks\Histories\20190913.txt|Sobiens.Connectors.Entities.Logger.WriteEntry
Debug|2019-09-13 22:57:08.1674|2019-09-13 22:57:08,info,SyncTasksManager,SyncTaskHistories are being read from C:\Users\serkant2\AppData\Roaming\Sobiens\Sobiens.Connectors\SyncTasks\Histories\20190913.txt|Sobiens.Connectors.Entities.Logger.WriteEntry
Debug|2019-09-13 22:57:08.1674|2019-09-13 22:57:08,info,SyncTasksManager,SyncTaskHistories are being read from C:\Users\serkant2\AppData\Roaming\Sobiens\Sobiens.Connectors\SyncTasks\Histories\20190913.txt|Sobiens.Connectors.Entities.Logger.WriteEntry
Debug|2019-09-13 22:57:10.3466|2019-09-13 22:57:10,info,SyncTasksManager,SyncTasks are being save to C:\Users\serkant2\AppData\Roaming\Sobiens\Sobiens.Connectors\SyncTasks\SyncTasks.xml|Sobiens.Connectors.Entities.Logger.WriteEntry
Debug|2019-09-13 22:57:10.3546|2019-09-13 22:57:10,info,SyncTasksManager,SyncTaskHistories are being read from C:\Users\serkant2\AppData\Roaming\Sobiens\Sobiens.Connectors\SyncTasks\Histories\20190913.txt|Sobiens.Connectors.Entities.Logger.WriteEntry
Debug|2019-09-13 22:57:13.3975|2019-09-13 22:57:13,info,BackgroundDataService,Starting service ...|Sobiens.Connectors.Entities.Logger.WriteEntry
Debug|2019-09-13 22:57:13.3975|2019-09-13 22:57:13,info,BackgroundDataService,Creating Service context ...|Sobiens.Connectors.Entities.Logger.WriteEntry
Debug|2019-09-13 22:57:13.3975|2019-09-13 22:57:13,info,BackgroundDataService,Service started and timer activated.|Sobiens.Connectors.Entities.Logger.WriteEntry
Debug|2019-09-13 22:57:13.3975|2019-09-13 22:57:13,info,BackgroundDataService,Worker thread for processing request queue has started.|Sobiens.Connectors.Entities.Logger.WriteEntry
Debug|2019-09-13 22:57:15.5447|2019-09-13 22:57:15,info,SyncTasksManager,SyncTaskHistories are being read from C:\Users\serkant2\AppData\Roaming\Sobiens\Sobiens.Connectors\SyncTasks\Histories\20190913.txt|Sobiens.Connectors.Entities.Logger.WriteEntry
Debug|2019-09-13 22:57:15.5447|2019-09-13 22:57:15,info,SyncTasksManager,SyncTaskHistories are being read from C:\Users\serkant2\AppData\Roaming\Sobiens\Sobiens.Connectors\SyncTasks\Histories\20190913.txt|Sobiens.Connectors.Entities.Logger.WriteEntry
Debug|2019-09-13 22:57:15.5547|2019-09-13 22:57:15,info,SyncTasksManager,SyncTaskHistories are being read from C:\Users\serkant2\AppData\Roaming\Sobiens\Sobiens.Connectors\SyncTasks\Histories\20190913.txt|Sobiens.Connectors.Entities.Logger.WriteEntry
Debug|2019-09-13 22:57:22.9250|2019-09-13 22:57:22,warning,Studio,WorkItem has been added LogCategory: Title:Populating treeview items WorkItemType:NonCriticalWorkItem|Sobiens.Connectors.Entities.Logger.WriteEntry
Debug|2019-09-13 22:57:22.9539|2019-09-13 22:57:22,warning,Studio,WorkItem is being processed LogCategory: Title:Populating treeview items WorkItemType:NonCriticalWorkItem|Sobiens.Connectors.Entities.Logger.WriteEntry
Debug|2019-09-13 22:57:24.6514|2019-09-13 22:57:24,error,Service,SharePointService GetWebs method returned error:The request failed with HTTP status 403: Forbidden.|Sobiens.Connectors.Entities.Logger.WriteEntry
Debug|2019-09-13 22:57:39.8218|2019-09-13 22:57:39,info,SyncTasksManager,SyncTasks are being save to C:\Users\serkant2\AppData\Roaming\Sobiens\Sobiens.Connectors\SyncTasks\SyncTasks.xml|Sobiens.Connectors.Entities.Logger.WriteEntry
Debug|2019-09-13 22:57:39.8328|2019-09-13 22:57:39,info,SyncTasksManager,SyncTasks are being save to C:\Users\serkant2\AppData\Roaming\Sobiens\Sobiens.Connectors\SyncTasks\SyncTasks.xml|Sobiens.Connectors.Entities.Logger.WriteEntry
Debug|2019-09-13 22:57:43.4042|2019-09-13 22:57:43,info,SyncTasksManager,SyncTasks are being save to C:\Users\serkant2\AppData\Roaming\Sobiens\Sobiens.Connectors\SyncTasks\SyncTasks.xml|Sobiens.Connectors.Entities.Logger.WriteEntry
Debug|2019-09-13 22:57:43.4042|2019-09-13 22:57:43,info,BackgroundDataService,Performing requests OLEYYYY...|Sobiens.Connectors.Entities.Logger.WriteEntry
Debug|2019-09-13 22:58:13.4091|2019-09-13 22:58:13,info,BackgroundDataService,Performing requests OLEYYYY...|Sobiens.Connectors.Entities.Logger.WriteEntry
Debug|2019-09-13 22:58:13.4141|2019-09-13 22:58:13,info,SyncTasksManager,SyncTasks are being save to C:\Users\serkant2\AppData\Roaming\Sobiens\Sobiens.Connectors\SyncTasks\SyncTasks.xml|Sobiens.Connectors.Entities.Logger.WriteEntry
Debug|2019-09-13 22:58:38.5987|2019-09-13 22:58:38,error,Service,SharePointService GetWebs method returned error:Object reference not set to an instance of an object.|Sobiens.Connectors.Entities.Logger.WriteEntry
Debug|2019-09-13 22:58:43.4348|2019-09-13 22:58:43,info,BackgroundDataService,Performing requests OLEYYYY...|Sobiens.Connectors.Entities.Logger.WriteEntry
Debug|2019-09-13 22:59:11.0888|2019-09-13 22:59:11,info,Service,webUrl:https://sobiens1.sharepoint.com/sites/test2|Sobiens.Connectors.Entities.Logger.WriteEntry
Debug|2019-09-13 22:59:11.0888|2019-09-13 22:59:11,info,listName,listName:https://sobiens1.sharepoint.com/sites/test2|Sobiens.Connectors.Entities.Logger.WriteEntry
Debug|2019-09-13 22:59:14.0370|2019-09-13 22:59:14,info,BackgroundDataService,Performing requests OLEYYYY...|Sobiens.Connectors.Entities.Logger.WriteEntry
Debug|2019-09-13 22:59:20.3680|2019-09-13 22:59:20,info,Service,webUrl:https://sobiens1.sharepoint.com/sites/test|Sobiens.Connectors.Entities.Logger.WriteEntry
Debug|2019-09-13 22:59:20.3680|2019-09-13 22:59:20,info,listName,listName:https://sobiens1.sharepoint.com/sites/test|Sobiens.Connectors.Entities.Logger.WriteEntry
Debug|2019-09-13 23:00:09.9944|2019-09-13 23:00:09,info,BackgroundDataService,Performing requests OLEYYYY...|Sobiens.Connectors.Entities.Logger.WriteEntry
Debug|2019-09-13 23:00:51.0406|2019-09-13 23:00:51,info,BackgroundDataService,Performing requests OLEYYYY...|Sobiens.Connectors.Entities.Logger.WriteEntry
Debug|2019-09-13 23:09:04.3838|2019-09-13 23:09:04,info,SyncTasksManager,SyncTasks are being loaded from C:\Users\serkant2\AppData\Roaming\Sobiens\Sobiens.Connectors\SyncTasks\SyncTasks.xml|Sobiens.Connectors.Entities.Logger.WriteEntry
Debug|2019-09-13 23:09:04.6351|2019-09-13 23:09:04,info,SyncTasksManager,SyncTaskHistories are being read from C:\Users\serkant2\AppData\Roaming\Sobiens\Sobiens.Connectors\SyncTasks\Histories\20190913.txt|Sobiens.Connectors.Entities.Logger.WriteEntry
Debug|2019-09-13 23:09:04.6351|2019-09-13 23:09:04,info,SyncTasksManager,SyncTaskHistories are being read from C:\Users\serkant2\AppData\Roaming\Sobiens\Sobiens.Connectors\SyncTasks\Histories\20190913.txt|Sobiens.Connectors.Entities.Logger.WriteEntry
Debug|2019-09-13 23:09:04.6451|2019-09-13 23:09:04,info,SyncTasksManager,SyncTaskHistories are being read from C:\Users\serkant2\AppData\Roaming\Sobiens\Sobiens.Connectors\SyncTasks\Histories\20190913.txt|Sobiens.Connectors.Entities.Logger.WriteEntry
Debug|2019-09-13 23:09:06.9150|2019-09-13 23:09:06,info,SyncTasksManager,SyncTasks are being save to C:\Users\serkant2\AppData\Roaming\Sobiens\Sobiens.Connectors\SyncTasks\SyncTasks.xml|Sobiens.Connectors.Entities.Logger.WriteEntry
Debug|2019-09-13 23:09:06.9150|2019-09-13 23:09:06,info,SyncTasksManager,SyncTaskHistories are being read from C:\Users\serkant2\AppData\Roaming\Sobiens\Sobiens.Connectors\SyncTasks\Histories\20190913.txt|Sobiens.Connectors.Entities.Logger.WriteEntry
Debug|2019-09-13 23:09:10.0746|2019-09-13 23:09:10,info,BackgroundDataService,Starting service ...|Sobiens.Connectors.Entities.Logger.WriteEntry
Debug|2019-09-13 23:09:10.0746|2019-09-13 23:09:10,info,BackgroundDataService,Creating Service context ...|Sobiens.Connectors.Entities.Logger.WriteEntry
Debug|2019-09-13 23:09:10.0746|2019-09-13 23:09:10,info,BackgroundDataService,Service started and timer activated.|Sobiens.Connectors.Entities.Logger.WriteEntry
Debug|2019-09-13 23:09:10.0746|2019-09-13 23:09:10,info,BackgroundDataService,Worker thread for processing request queue has started.|Sobiens.Connectors.Entities.Logger.WriteEntry
Debug|2019-09-13 23:09:15.5898|2019-09-13 23:09:15,warning,Studio,WorkItem has been added LogCategory: Title:Populating treeview items WorkItemType:NonCriticalWorkItem|Sobiens.Connectors.Entities.Logger.WriteEntry
Debug|2019-09-13 23:09:15.5898|2019-09-13 23:09:15,warning,Studio,WorkItem is being processed LogCategory: Title:Populating treeview items WorkItemType:NonCriticalWorkItem|Sobiens.Connectors.Entities.Logger.WriteEntry
Debug|2019-09-13 23:09:17.8179|2019-09-13 23:09:17,error,Service,SharePointService GetWebs method returned error:The request failed with HTTP status 403: Forbidden.|Sobiens.Connectors.Entities.Logger.WriteEntry
Debug|2019-09-13 23:09:40.0824|2019-09-13 23:09:40,info,BackgroundDataService,Performing requests OLEYYYY...|Sobiens.Connectors.Entities.Logger.WriteEntry
Debug|2019-09-13 23:10:08.6231|2019-09-13 23:10:08,warning,Studio,WorkItem has been added LogCategory: Title:Populating treeview items WorkItemType:NonCriticalWorkItem|Sobiens.Connectors.Entities.Logger.WriteEntry
Debug|2019-09-13 23:10:10.0862|2019-09-13 23:10:10,info,BackgroundDataService,Performing requests OLEYYYY...|Sobiens.Connectors.Entities.Logger.WriteEntry
Debug|2019-09-13 23:10:32.1522|2019-09-13 23:10:32,warning,Studio,WorkItem is being processed LogCategory: Title:Populating treeview items WorkItemType:NonCriticalWorkItem|Sobiens.Connectors.Entities.Logger.WriteEntry
Debug|2019-09-13 23:10:40.0910|2019-09-13 23:10:40,info,BackgroundDataService,Performing requests OLEYYYY...|Sobiens.Connectors.Entities.Logger.WriteEntry
Debug|2019-09-13 23:10:58.8469|2019-09-13 23:10:58,info,SyncTasksManager,SyncTasks are being loaded from C:\Users\serkant2\AppData\Roaming\Sobiens\Sobiens.Connectors\SyncTasks\SyncTasks.xml|Sobiens.Connectors.Entities.Logger.WriteEntry
Debug|2019-09-13 23:10:59.0224|2019-09-13 23:10:59,info,SyncTasksManager,SyncTaskHistories are being read from C:\Users\serkant2\AppData\Roaming\Sobiens\Sobiens.Connectors\SyncTasks\Histories\20190913.txt|Sobiens.Connectors.Entities.Logger.WriteEntry
Debug|2019-09-13 23:10:59.0394|2019-09-13 23:10:59,info,SyncTasksManager,SyncTaskHistories are being read from C:\Users\serkant2\AppData\Roaming\Sobiens\Sobiens.Connectors\SyncTasks\Histories\20190913.txt|Sobiens.Connectors.Entities.Logger.WriteEntry
Debug|2019-09-13 23:10:59.0394|2019-09-13 23:10:59,info,SyncTasksManager,SyncTaskHistories are being read from C:\Users\serkant2\AppData\Roaming\Sobiens\Sobiens.Connectors\SyncTasks\Histories\20190913.txt|Sobiens.Connectors.Entities.Logger.WriteEntry
Debug|2019-09-13 23:11:01.6275|2019-09-13 23:11:01,info,BackgroundDataService,Starting service ...|Sobiens.Connectors.Entities.Logger.WriteEntry
Debug|2019-09-13 23:11:01.6275|2019-09-13 23:11:01,info,BackgroundDataService,Creating Service context ...|Sobiens.Connectors.Entities.Logger.WriteEntry
Debug|2019-09-13 23:11:01.6305|2019-09-13 23:11:01,info,BackgroundDataService,Service started and timer activated.|Sobiens.Connectors.Entities.Logger.WriteEntry
Debug|2019-09-13 23:11:01.6305|2019-09-13 23:11:01,info,BackgroundDataService,Worker thread for processing request queue has started.|Sobiens.Connectors.Entities.Logger.WriteEntry
Debug|2019-09-13 23:11:04.6614|2019-09-13 23:11:04,warning,Studio,WorkItem has been added LogCategory: Title:Populating treeview items WorkItemType:NonCriticalWorkItem|Sobiens.Connectors.Entities.Logger.WriteEntry
Debug|2019-09-13 23:11:04.6614|2019-09-13 23:11:04,warning,Studio,WorkItem is being processed LogCategory: Title:Populating treeview items WorkItemType:NonCriticalWorkItem|Sobiens.Connectors.Entities.Logger.WriteEntry
Debug|2019-09-13 23:11:05.4283|2019-09-13 23:11:05,error,Service,SharePointService GetWebs method returned error:The request failed with HTTP status 403: Forbidden.|Sobiens.Connectors.Entities.Logger.WriteEntry
Debug|2019-09-13 23:11:17.2777|2019-09-13 23:11:17,info,SyncTasksManager,SyncTasks are being save to C:\Users\serkant2\AppData\Roaming\Sobiens\Sobiens.Connectors\SyncTasks\SyncTasks.xml|Sobiens.Connectors.Entities.Logger.WriteEntry
Debug|2019-09-13 23:11:17.2926|2019-09-13 23:11:17,info,SyncTasksManager,SyncTasks are being save to C:\Users\serkant2\AppData\Roaming\Sobiens\Sobiens.Connectors\SyncTasks\SyncTasks.xml|Sobiens.Connectors.Entities.Logger.WriteEntry
Debug|2019-09-13 23:11:31.6322|2019-09-13 23:11:31,info,SyncTasksManager,SyncTasks are being save to C:\Users\serkant2\AppData\Roaming\Sobiens\Sobiens.Connectors\SyncTasks\SyncTasks.xml|Sobiens.Connectors.Entities.Logger.WriteEntry
Debug|2019-09-13 23:11:31.6482|2019-09-13 23:11:31,info,BackgroundDataService,Performing requests OLEYYYY...|Sobiens.Connectors.Entities.Logger.WriteEntry
Debug|2019-09-13 23:11:31.6482|2019-09-13 23:11:31,info,SyncTasksManager,SyncTasks are being save to C:\Users\serkant2\AppData\Roaming\Sobiens\Sobiens.Connectors\SyncTasks\SyncTasks.xml|Sobiens.Connectors.Entities.Logger.WriteEntry
Debug|2019-09-13 23:11:39.4593|2019-09-13 23:11:39,info,Service,SharePointService GetWebs method returned xml:<Webs xmlns="http://schemas.microsoft.com/sharepoint/soap/" />|Sobiens.Connectors.Entities.Logger.WriteEntry
Debug|2019-09-13 23:11:53.9237|2019-09-13 23:11:53,info,Service,webUrl:https://sobiens1.sharepoint.com/sites/test2|Sobiens.Connectors.Entities.Logger.WriteEntry
Debug|2019-09-13 23:11:53.9336|2019-09-13 23:11:53,info,listName,listName:https://sobiens1.sharepoint.com/sites/test2|Sobiens.Connectors.Entities.Logger.WriteEntry
Debug|2019-09-13 23:15:50.3097|2019-09-13 23:15:50,info,SyncTasksManager,SyncTasks are being loaded from C:\Users\serkant2\AppData\Roaming\Sobiens\Sobiens.Connectors\SyncTasks\SyncTasks.xml|Sobiens.Connectors.Entities.Logger.WriteEntry
Debug|2019-09-13 23:15:50.5042|2019-09-13 23:15:50,info,SyncTasksManager,SyncTaskHistories are being read from C:\Users\serkant2\AppData\Roaming\Sobiens\Sobiens.Connectors\SyncTasks\Histories\20190913.txt|Sobiens.Connectors.Entities.Logger.WriteEntry
Debug|2019-09-13 23:15:50.5042|2019-09-13 23:15:50,info,SyncTasksManager,SyncTaskHistories are being read from C:\Users\serkant2\AppData\Roaming\Sobiens\Sobiens.Connectors\SyncTasks\Histories\20190913.txt|Sobiens.Connectors.Entities.Logger.WriteEntry
Debug|2019-09-13 23:15:50.5042|2019-09-13 23:15:50,info,SyncTasksManager,SyncTaskHistories are being read from C:\Users\serkant2\AppData\Roaming\Sobiens\Sobiens.Connectors\SyncTasks\Histories\20190913.txt|Sobiens.Connectors.Entities.Logger.WriteEntry
Debug|2019-09-13 23:15:52.7003|2019-09-13 23:15:52,info,SyncTasksManager,SyncTasks are being save to C:\Users\serkant2\AppData\Roaming\Sobiens\Sobiens.Connectors\SyncTasks\SyncTasks.xml|Sobiens.Connectors.Entities.Logger.WriteEntry
Debug|2019-09-13 23:15:52.7084|2019-09-13 23:15:52,info,SyncTasksManager,SyncTaskHistories are being read from C:\Users\serkant2\AppData\Roaming\Sobiens\Sobiens.Connectors\SyncTasks\Histories\20190913.txt|Sobiens.Connectors.Entities.Logger.WriteEntry
Debug|2019-09-13 23:15:56.0275|2019-09-13 23:15:56,info,BackgroundDataService,Starting service ...|Sobiens.Connectors.Entities.Logger.WriteEntry
Debug|2019-09-13 23:15:56.0275|2019-09-13 23:15:56,info,BackgroundDataService,Creating Service context ...|Sobiens.Connectors.Entities.Logger.WriteEntry
Debug|2019-09-13 23:15:56.0275|2019-09-13 23:15:56,info,BackgroundDataService,Service started and timer activated.|Sobiens.Connectors.Entities.Logger.WriteEntry
Debug|2019-09-13 23:15:56.0275|2019-09-13 23:15:56,info,BackgroundDataService,Worker thread for processing request queue has started.|Sobiens.Connectors.Entities.Logger.WriteEntry
Debug|2019-09-13 23:16:01.4609|2019-09-13 23:16:01,warning,Studio,WorkItem has been added LogCategory: Title:Populating treeview items WorkItemType:NonCriticalWorkItem|Sobiens.Connectors.Entities.Logger.WriteEntry
Debug|2019-09-13 23:16:01.4609|2019-09-13 23:16:01,warning,Studio,WorkItem is being processed LogCategory: Title:Populating treeview items WorkItemType:NonCriticalWorkItem|Sobiens.Connectors.Entities.Logger.WriteEntry
Debug|2019-09-13 23:16:03.3888|2019-09-13 23:16:03,error,Service,SharePointService GetWebs method returned error:The request failed with HTTP status 403: Forbidden.|Sobiens.Connectors.Entities.Logger.WriteEntry
Debug|2019-09-13 23:16:16.9306|2019-09-13 23:16:16,info,SyncTasksManager,SyncTasks are being save to C:\Users\serkant2\AppData\Roaming\Sobiens\Sobiens.Connectors\SyncTasks\SyncTasks.xml|Sobiens.Connectors.Entities.Logger.WriteEntry
Debug|2019-09-13 23:16:16.9425|2019-09-13 23:16:16,info,SyncTasksManager,SyncTasks are being save to C:\Users\serkant2\AppData\Roaming\Sobiens\Sobiens.Connectors\SyncTasks\SyncTasks.xml|Sobiens.Connectors.Entities.Logger.WriteEntry
Debug|2019-09-13 23:16:26.0352|2019-09-13 23:16:26,info,SyncTasksManager,SyncTasks are being save to C:\Users\serkant2\AppData\Roaming\Sobiens\Sobiens.Connectors\SyncTasks\SyncTasks.xml|Sobiens.Connectors.Entities.Logger.WriteEntry
Debug|2019-09-13 23:16:26.0372|2019-09-13 23:16:26,info,BackgroundDataService,Performing requests OLEYYYY...|Sobiens.Connectors.Entities.Logger.WriteEntry
Debug|2019-09-13 23:16:56.0411|2019-09-13 23:16:56,info,BackgroundDataService,Performing requests OLEYYYY...|Sobiens.Connectors.Entities.Logger.WriteEntry
Debug|2019-09-13 23:16:56.0411|2019-09-13 23:16:56,info,SyncTasksManager,SyncTasks are being save to C:\Users\serkant2\AppData\Roaming\Sobiens\Sobiens.Connectors\SyncTasks\SyncTasks.xml|Sobiens.Connectors.Entities.Logger.WriteEntry
Debug|2019-09-13 23:17:33.0261|2019-09-13 23:17:33,info,BackgroundDataService,Performing requests OLEYYYY...|Sobiens.Connectors.Entities.Logger.WriteEntry
Debug|2019-09-13 23:17:35.0398|2019-09-13 23:17:35,info,Service,SharePointService GetWebs method returned xml:<Webs xmlns="http://schemas.microsoft.com/sharepoint/soap/" />|Sobiens.Connectors.Entities.Logger.WriteEntry
Debug|2019-09-13 23:17:49.1810|2019-09-13 23:17:49,info,Service,webUrl:https://sobiens1.sharepoint.com/sites/test2|Sobiens.Connectors.Entities.Logger.WriteEntry
Debug|2019-09-13 23:17:49.1989|2019-09-13 23:17:49,info,listName,listName:https://sobiens1.sharepoint.com/sites/test2|Sobiens.Connectors.Entities.Logger.WriteEntry
Debug|2019-09-13 23:18:05.2460|2019-09-13 23:18:05,info,BackgroundDataService,Performing requests OLEYYYY...|Sobiens.Connectors.Entities.Logger.WriteEntry
Debug|2019-09-13 23:18:13.8311|2019-09-13 23:18:13,info,Service,webUrl:https://sobiens1.sharepoint.com/sites/test|Sobiens.Connectors.Entities.Logger.WriteEntry
Debug|2019-09-13 23:18:13.8351|2019-09-13 23:18:13,info,listName,listName:https://sobiens1.sharepoint.com/sites/test|Sobiens.Connectors.Entities.Logger.WriteEntry
Debug|2019-09-13 23:18:36.5832|2019-09-13 23:18:36,info,BackgroundDataService,Performing requests OLEYYYY...|Sobiens.Connectors.Entities.Logger.WriteEntry
Debug|2019-09-13 23:21:49.5624|2019-09-13 23:21:49,info,BackgroundDataService,Performing requests OLEYYYY...|Sobiens.Connectors.Entities.Logger.WriteEntry
Debug|2019-09-13 23:21:49.9005|2019-09-13 23:21:49,info,Service,SharePointService GetWebs method returned xml:<Webs xmlns="http://schemas.microsoft.com/sharepoint/soap/" />|Sobiens.Connectors.Entities.Logger.WriteEntry
Debug|2019-09-13 23:22:15.7693|2019-09-13 23:22:15,info,Service,webUrl:https://sobiens1.sharepoint.com/sites/test2|Sobiens.Connectors.Entities.Logger.WriteEntry
Debug|2019-09-13 23:22:15.7783|2019-09-13 23:22:15,info,listName,listName:https://sobiens1.sharepoint.com/sites/test2|Sobiens.Connectors.Entities.Logger.WriteEntry
Debug|2019-09-13 23:22:19.5981|2019-09-13 23:22:19,info,Service,webUrl:https://sobiens1.sharepoint.com/sites/test|Sobiens.Connectors.Entities.Logger.WriteEntry
Debug|2019-09-13 23:22:19.5941|2019-09-13 23:22:19,info,BackgroundDataService,Performing requests OLEYYYY...|Sobiens.Connectors.Entities.Logger.WriteEntry
Debug|2019-09-13 23:22:19.5981|2019-09-13 23:22:19,info,listName,listName:https://sobiens1.sharepoint.com/sites/test|Sobiens.Connectors.Entities.Logger.WriteEntry
Debug|2019-09-13 23:24:13.2403|2019-09-13 23:24:13,info,BackgroundDataService,Performing requests OLEYYYY...|Sobiens.Connectors.Entities.Logger.WriteEntry
Debug|2019-09-13 23:24:45.6716|2019-09-13 23:24:45,info,BackgroundDataService,Performing requests OLEYYYY...|Sobiens.Connectors.Entities.Logger.WriteEntry
Debug|2019-09-13 23:28:24.5375|2019-09-13 23:28:24,info,SyncTasksManager,SyncTasks are being loaded from C:\Users\serkant2\AppData\Roaming\Sobiens\Sobiens.Connectors\SyncTasks\SyncTasks.xml|Sobiens.Connectors.Entities.Logger.WriteEntry
Debug|2019-09-13 23:28:24.7340|2019-09-13 23:28:24,info,SyncTasksManager,SyncTaskHistories are being read from C:\Users\serkant2\AppData\Roaming\Sobiens\Sobiens.Connectors\SyncTasks\Histories\20190913.txt|Sobiens.Connectors.Entities.Logger.WriteEntry
Debug|2019-09-13 23:28:24.7389|2019-09-13 23:28:24,info,SyncTasksManager,SyncTaskHistories are being read from C:\Users\serkant2\AppData\Roaming\Sobiens\Sobiens.Connectors\SyncTasks\Histories\20190913.txt|Sobiens.Connectors.Entities.Logger.WriteEntry
Debug|2019-09-13 23:28:24.7389|2019-09-13 23:28:24,info,SyncTasksManager,SyncTaskHistories are being read from C:\Users\serkant2\AppData\Roaming\Sobiens\Sobiens.Connectors\SyncTasks\Histories\20190913.txt|Sobiens.Connectors.Entities.Logger.WriteEntry
Debug|2019-09-13 23:28:26.5770|2019-09-13 23:28:26,info,SyncTasksManager,SyncTasks are being save to C:\Users\serkant2\AppData\Roaming\Sobiens\Sobiens.Connectors\SyncTasks\SyncTasks.xml|Sobiens.Connectors.Entities.Logger.WriteEntry
Debug|2019-09-13 23:28:26.5850|2019-09-13 23:28:26,info,SyncTasksManager,SyncTaskHistories are being read from C:\Users\serkant2\AppData\Roaming\Sobiens\Sobiens.Connectors\SyncTasks\Histories\20190913.txt|Sobiens.Connectors.Entities.Logger.WriteEntry
Debug|2019-09-13 23:28:29.2359|2019-09-13 23:28:29,info,BackgroundDataService,Starting service ...|Sobiens.Connectors.Entities.Logger.WriteEntry
Debug|2019-09-13 23:28:29.2359|2019-09-13 23:28:29,info,BackgroundDataService,Creating Service context ...|Sobiens.Connectors.Entities.Logger.WriteEntry
Debug|2019-09-13 23:28:29.2359|2019-09-13 23:28:29,info,BackgroundDataService,Service started and timer activated.|Sobiens.Connectors.Entities.Logger.WriteEntry
Debug|2019-09-13 23:28:29.2389|2019-09-13 23:28:29,info,BackgroundDataService,Worker thread for processing request queue has started.|Sobiens.Connectors.Entities.Logger.WriteEntry
Debug|2019-09-13 23:28:32.7874|2019-09-13 23:28:32,warning,Studio,WorkItem has been added LogCategory: Title:Populating treeview items WorkItemType:NonCriticalWorkItem|Sobiens.Connectors.Entities.Logger.WriteEntry
Debug|2019-09-13 23:28:32.8154|2019-09-13 23:28:32,warning,Studio,WorkItem is being processed LogCategory: Title:Populating treeview items WorkItemType:NonCriticalWorkItem|Sobiens.Connectors.Entities.Logger.WriteEntry
Debug|2019-09-13 23:28:35.1202|2019-09-13 23:28:35,error,Service,SharePointService GetWebs method returned error:The request failed with HTTP status 403: Forbidden.|Sobiens.Connectors.Entities.Logger.WriteEntry
Debug|2019-09-13 23:28:53.2308|2019-09-13 23:28:53,info,SyncTasksManager,SyncTasks are being save to C:\Users\serkant2\AppData\Roaming\Sobiens\Sobiens.Connectors\SyncTasks\SyncTasks.xml|Sobiens.Connectors.Entities.Logger.WriteEntry
Debug|2019-09-13 23:28:53.2408|2019-09-13 23:28:53,info,SyncTasksManager,SyncTasks are being save to C:\Users\serkant2\AppData\Roaming\Sobiens\Sobiens.Connectors\SyncTasks\SyncTasks.xml|Sobiens.Connectors.Entities.Logger.WriteEntry
Debug|2019-09-13 23:28:59.2497|2019-09-13 23:28:59,info,BackgroundDataService,Performing requests OLEYYYY...|Sobiens.Connectors.Entities.Logger.WriteEntry
Debug|2019-09-13 23:28:59.2497|2019-09-13 23:28:59,info,SyncTasksManager,SyncTasks are being save to C:\Users\serkant2\AppData\Roaming\Sobiens\Sobiens.Connectors\SyncTasks\SyncTasks.xml|Sobiens.Connectors.Entities.Logger.WriteEntry
Debug|2019-09-13 23:29:29.2565|2019-09-13 23:29:29,info,BackgroundDataService,Performing requests OLEYYYY...|Sobiens.Connectors.Entities.Logger.WriteEntry
Debug|2019-09-13 23:29:29.2565|2019-09-13 23:29:29,info,SyncTasksManager,SyncTasks are being save to C:\Users\serkant2\AppData\Roaming\Sobiens\Sobiens.Connectors\SyncTasks\SyncTasks.xml|Sobiens.Connectors.Entities.Logger.WriteEntry
Debug|2019-09-13 23:29:37.3329|2019-09-13 23:29:37,info,Service,SharePointService GetWebs method returned xml:<Webs xmlns="http://schemas.microsoft.com/sharepoint/soap/" />|Sobiens.Connectors.Entities.Logger.WriteEntry
Debug|2019-09-13 23:29:42.4402|2019-09-13 23:29:42,info,Service,webUrl:https://sobiens1.sharepoint.com/sites/test2|Sobiens.Connectors.Entities.Logger.WriteEntry
Debug|2019-09-13 23:29:42.4402|2019-09-13 23:29:42,info,listName,listName:https://sobiens1.sharepoint.com/sites/test2|Sobiens.Connectors.Entities.Logger.WriteEntry
Debug|2019-09-13 23:29:46.7308|2019-09-13 23:29:46,info,Service,webUrl:https://sobiens1.sharepoint.com/sites/test|Sobiens.Connectors.Entities.Logger.WriteEntry
Debug|2019-09-13 23:29:46.7308|2019-09-13 23:29:46,info,listName,listName:https://sobiens1.sharepoint.com/sites/test|Sobiens.Connectors.Entities.Logger.WriteEntry
Debug|2019-09-13 23:35:10.0405|2019-09-13 23:35:10,info,BackgroundDataService,Starting service ...|Sobiens.Connectors.Entities.Logger.WriteEntry
Debug|2019-09-13 23:35:10.0604|2019-09-13 23:35:10,info,BackgroundDataService,Creating Service context ...|Sobiens.Connectors.Entities.Logger.WriteEntry
Debug|2019-09-13 23:35:10.0604|2019-09-13 23:35:10,info,BackgroundDataService,Service started and timer activated.|Sobiens.Connectors.Entities.Logger.WriteEntry
Debug|2019-09-13 23:35:10.0604|2019-09-13 23:35:10,info,BackgroundDataService,Worker thread for processing request queue has started.|Sobiens.Connectors.Entities.Logger.WriteEntry
Debug|2019-09-13 23:35:12.1379|2019-09-13 23:35:12,info,SyncTasksManager,SyncTasks are being loaded from C:\Users\serkant2\AppData\Roaming\Sobiens\Sobiens.Connectors\SyncTasks\SyncTasks.xml|Sobiens.Connectors.Entities.Logger.WriteEntry
Debug|2019-09-13 23:35:12.2406|2019-09-13 23:35:12,info,SyncTasksManager,SyncTaskHistories are being read from C:\Users\serkant2\AppData\Roaming\Sobiens\Sobiens.Connectors\SyncTasks\Histories\20190913.txt|Sobiens.Connectors.Entities.Logger.WriteEntry
Debug|2019-09-13 23:35:12.2406|2019-09-13 23:35:12,info,SyncTasksManager,SyncTaskHistories are being read from C:\Users\serkant2\AppData\Roaming\Sobiens\Sobiens.Connectors\SyncTasks\Histories\20190913.txt|Sobiens.Connectors.Entities.Logger.WriteEntry
Debug|2019-09-13 23:35:12.2406|2019-09-13 23:35:12,info,SyncTasksManager,SyncTaskHistories are being read from C:\Users\serkant2\AppData\Roaming\Sobiens\Sobiens.Connectors\SyncTasks\Histories\20190913.txt|Sobiens.Connectors.Entities.Logger.WriteEntry
Debug|2019-09-13 23:35:14.5155|2019-09-13 23:35:14,info,SyncTasksManager,SyncTasks are being save to C:\Users\serkant2\AppData\Roaming\Sobiens\Sobiens.Connectors\SyncTasks\SyncTasks.xml|Sobiens.Connectors.Entities.Logger.WriteEntry
Debug|2019-09-13 23:35:14.5235|2019-09-13 23:35:14,info,SyncTasksManager,SyncTaskHistories are being read from C:\Users\serkant2\AppData\Roaming\Sobiens\Sobiens.Connectors\SyncTasks\Histories\20190913.txt|Sobiens.Connectors.Entities.Logger.WriteEntry
Debug|2019-09-13 23:35:24.2395|2019-09-13 23:35:24,warning,Studio,WorkItem has been added LogCategory: Title:Populating treeview items WorkItemType:NonCriticalWorkItem|Sobiens.Connectors.Entities.Logger.WriteEntry
Debug|2019-09-13 23:35:24.2395|2019-09-13 23:35:24,warning,Studio,WorkItem is being processed LogCategory: Title:Populating treeview items WorkItemType:NonCriticalWorkItem|Sobiens.Connectors.Entities.Logger.WriteEntry
Debug|2019-09-13 23:35:25.7026|2019-09-13 23:35:25,error,Service,SharePointService GetWebs method returned error:The request failed with HTTP status 403: Forbidden.|Sobiens.Connectors.Entities.Logger.WriteEntry
Debug|2019-09-13 23:35:40.0692|2019-09-13 23:35:40,info,BackgroundDataService,Performing requests OLEYYYY...|Sobiens.Connectors.Entities.Logger.WriteEntry
Debug|2019-09-13 23:35:42.7072|2019-09-13 23:35:42,info,SyncTasksManager,SyncTasks are being save to C:\Users\serkant2\AppData\Roaming\Sobiens\Sobiens.Connectors\SyncTasks\SyncTasks.xml|Sobiens.Connectors.Entities.Logger.WriteEntry
Debug|2019-09-13 23:35:42.7181|2019-09-13 23:35:42,info,SyncTasksManager,SyncTasks are being save to C:\Users\serkant2\AppData\Roaming\Sobiens\Sobiens.Connectors\SyncTasks\SyncTasks.xml|Sobiens.Connectors.Entities.Logger.WriteEntry
Debug|2019-09-13 23:36:10.0680|2019-09-13 23:36:10,info,SyncTasksManager,SyncTasks are being save to C:\Users\serkant2\AppData\Roaming\Sobiens\Sobiens.Connectors\SyncTasks\SyncTasks.xml|Sobiens.Connectors.Entities.Logger.WriteEntry
Debug|2019-09-13 23:36:10.0680|2019-09-13 23:36:10,info,BackgroundDataService,Performing requests OLEYYYY...|Sobiens.Connectors.Entities.Logger.WriteEntry
Debug|2019-09-13 23:36:40.0808|2019-09-13 23:36:40,info,BackgroundDataService,Performing requests OLEYYYY...|Sobiens.Connectors.Entities.Logger.WriteEntry
Debug|2019-09-13 23:36:40.0828|2019-09-13 23:36:40,info,SyncTasksManager,SyncTasks are being save to C:\Users\serkant2\AppData\Roaming\Sobiens\Sobiens.Connectors\SyncTasks\SyncTasks.xml|Sobiens.Connectors.Entities.Logger.WriteEntry
Debug|2019-09-13 23:36:49.6053|2019-09-13 23:36:49,info,Service,SharePointService GetWebs method returned xml:<Webs xmlns="http://schemas.microsoft.com/sharepoint/soap/" />|Sobiens.Connectors.Entities.Logger.WriteEntry
Debug|2019-09-13 23:44:12.5811|2019-09-13 23:44:12,info,SyncTasksManager,SyncTasks are being loaded from C:\Users\serkant2\AppData\Roaming\Sobiens\Sobiens.Connectors\SyncTasks\SyncTasks.xml|Sobiens.Connectors.Entities.Logger.WriteEntry
Debug|2019-09-13 23:44:12.7846|2019-09-13 23:44:12,info,SyncTasksManager,SyncTaskHistories are being read from C:\Users\serkant2\AppData\Roaming\Sobiens\Sobiens.Connectors\SyncTasks\Histories\20190913.txt|Sobiens.Connectors.Entities.Logger.WriteEntry
Debug|2019-09-13 23:44:12.7886|2019-09-13 23:44:12,info,SyncTasksManager,SyncTaskHistories are being read from C:\Users\serkant2\AppData\Roaming\Sobiens\Sobiens.Connectors\SyncTasks\Histories\20190913.txt|Sobiens.Connectors.Entities.Logger.WriteEntry
Debug|2019-09-13 23:44:12.7886|2019-09-13 23:44:12,info,SyncTasksManager,SyncTaskHistories are being read from C:\Users\serkant2\AppData\Roaming\Sobiens\Sobiens.Connectors\SyncTasks\Histories\20190913.txt|Sobiens.Connectors.Entities.Logger.WriteEntry
Debug|2019-09-13 23:44:14.7344|2019-09-13 23:44:14,info,SyncTasksManager,SyncTasks are being save to C:\Users\serkant2\AppData\Roaming\Sobiens\Sobiens.Connectors\SyncTasks\SyncTasks.xml|Sobiens.Connectors.Entities.Logger.WriteEntry
Debug|2019-09-13 23:44:14.7423|2019-09-13 23:44:14,info,SyncTasksManager,SyncTaskHistories are being read from C:\Users\serkant2\AppData\Roaming\Sobiens\Sobiens.Connectors\SyncTasks\Histories\20190913.txt|Sobiens.Connectors.Entities.Logger.WriteEntry
Debug|2019-09-13 23:44:19.7489|2019-09-13 23:44:19,info,BackgroundDataService,Starting service ...|Sobiens.Connectors.Entities.Logger.WriteEntry
Debug|2019-09-13 23:44:19.7489|2019-09-13 23:44:19,info,BackgroundDataService,Creating Service context ...|Sobiens.Connectors.Entities.Logger.WriteEntry
Debug|2019-09-13 23:44:19.7489|2019-09-13 23:44:19,info,BackgroundDataService,Service started and timer activated.|Sobiens.Connectors.Entities.Logger.WriteEntry
Debug|2019-09-13 23:44:19.7549|2019-09-13 23:44:19,info,BackgroundDataService,Worker thread for processing request queue has started.|Sobiens.Connectors.Entities.Logger.WriteEntry
Debug|2019-09-13 23:44:22.1455|2019-09-13 23:44:22,info,SyncTasksManager,SyncTaskHistories are being read from C:\Users\serkant2\AppData\Roaming\Sobiens\Sobiens.Connectors\SyncTasks\Histories\20190913.txt|Sobiens.Connectors.Entities.Logger.WriteEntry
Debug|2019-09-13 23:44:22.1455|2019-09-13 23:44:22,info,SyncTasksManager,SyncTaskHistories are being read from C:\Users\serkant2\AppData\Roaming\Sobiens\Sobiens.Connectors\SyncTasks\Histories\20190913.txt|Sobiens.Connectors.Entities.Logger.WriteEntry
Debug|2019-09-13 23:44:22.1615|2019-09-13 23:44:22,info,SyncTasksManager,SyncTaskHistories are being read from C:\Users\serkant2\AppData\Roaming\Sobiens\Sobiens.Connectors\SyncTasks\Histories\20190913.txt|Sobiens.Connectors.Entities.Logger.WriteEntry
Debug|2019-09-13 23:44:26.4690|2019-09-13 23:44:26,warning,Studio,WorkItem has been added LogCategory: Title:Populating treeview items WorkItemType:NonCriticalWorkItem|Sobiens.Connectors.Entities.Logger.WriteEntry
Debug|2019-09-13 23:44:26.4810|2019-09-13 23:44:26,warning,Studio,WorkItem is being processed LogCategory: Title:Populating treeview items WorkItemType:NonCriticalWorkItem|Sobiens.Connectors.Entities.Logger.WriteEntry
Debug|2019-09-13 23:44:28.0448|2019-09-13 23:44:28,error,Service,SharePointService GetWebs method returned error:The request failed with HTTP status 403: Forbidden.|Sobiens.Connectors.Entities.Logger.WriteEntry
Debug|2019-09-13 23:44:45.3017|2019-09-13 23:44:45,info,SyncTasksManager,SyncTasks are being save to C:\Users\serkant2\AppData\Roaming\Sobiens\Sobiens.Connectors\SyncTasks\SyncTasks.xml|Sobiens.Connectors.Entities.Logger.WriteEntry
Debug|2019-09-13 23:44:45.3017|2019-09-13 23:44:45,info,SyncTasksManager,SyncTasks are being save to C:\Users\serkant2\AppData\Roaming\Sobiens\Sobiens.Connectors\SyncTasks\SyncTasks.xml|Sobiens.Connectors.Entities.Logger.WriteEntry
Debug|2019-09-13 23:44:49.7537|2019-09-13 23:44:49,info,SyncTasksManager,SyncTasks are being save to C:\Users\serkant2\AppData\Roaming\Sobiens\Sobiens.Connectors\SyncTasks\SyncTasks.xml|Sobiens.Connectors.Entities.Logger.WriteEntry
Debug|2019-09-13 23:44:49.7607|2019-09-13 23:44:49,info,BackgroundDataService,Performing requests OLEYYYY...|Sobiens.Connectors.Entities.Logger.WriteEntry
Debug|2019-09-13 23:44:49.7607|2019-09-13 23:44:49,info,SyncTasksManager,SyncTasks are being save to C:\Users\serkant2\AppData\Roaming\Sobiens\Sobiens.Connectors\SyncTasks\SyncTasks.xml|Sobiens.Connectors.Entities.Logger.WriteEntry
Debug|2019-09-13 23:45:07.8095|2019-09-13 23:45:07,info,Service,SharePointService GetWebs method returned xml:<Webs xmlns="http://schemas.microsoft.com/sharepoint/soap/" />|Sobiens.Connectors.Entities.Logger.WriteEntry
Debug|2019-09-13 23:45:27.4938|2019-09-13 23:45:27,info,BackgroundDataService,Performing requests OLEYYYY...|Sobiens.Connectors.Entities.Logger.WriteEntry
Debug|2019-09-13 23:45:32.0068|2019-09-13 23:45:32,info,Service,webUrl:https://sobiens1.sharepoint.com/sites/test2|Sobiens.Connectors.Entities.Logger.WriteEntry
Debug|2019-09-13 23:45:32.0068|2019-09-13 23:45:32,info,listName,listName:https://sobiens1.sharepoint.com/sites/test2|Sobiens.Connectors.Entities.Logger.WriteEntry
Debug|2019-09-13 23:45:41.4366|2019-09-13 23:45:41,info,Service,webUrl:https://sobiens1.sharepoint.com/sites/test|Sobiens.Connectors.Entities.Logger.WriteEntry
Debug|2019-09-13 23:45:41.4366|2019-09-13 23:45:41,info,listName,listName:https://sobiens1.sharepoint.com/sites/test|Sobiens.Connectors.Entities.Logger.WriteEntry
Debug|2019-09-13 23:48:04.7754|2019-09-13 23:48:04,info,BackgroundDataService,Performing requests OLEYYYY...|Sobiens.Connectors.Entities.Logger.WriteEntry
Debug|2019-09-13 23:48:34.3075|2019-09-13 23:48:34,info,SyncTasksManager,SyncTasks are being loaded from C:\Users\serkant2\AppData\Roaming\Sobiens\Sobiens.Connectors\SyncTasks\SyncTasks.xml|Sobiens.Connectors.Entities.Logger.WriteEntry
Debug|2019-09-13 23:48:34.4989|2019-09-13 23:48:34,info,SyncTasksManager,SyncTaskHistories are being read from C:\Users\serkant2\AppData\Roaming\Sobiens\Sobiens.Connectors\SyncTasks\Histories\20190913.txt|Sobiens.Connectors.Entities.Logger.WriteEntry
Debug|2019-09-13 23:48:34.4989|2019-09-13 23:48:34,info,SyncTasksManager,SyncTaskHistories are being read from C:\Users\serkant2\AppData\Roaming\Sobiens\Sobiens.Connectors\SyncTasks\Histories\20190913.txt|Sobiens.Connectors.Entities.Logger.WriteEntry
Debug|2019-09-13 23:48:34.5059|2019-09-13 23:48:34,info,SyncTasksManager,SyncTaskHistories are being read from C:\Users\serkant2\AppData\Roaming\Sobiens\Sobiens.Connectors\SyncTasks\Histories\20190913.txt|Sobiens.Connectors.Entities.Logger.WriteEntry
Debug|2019-09-13 23:48:36.6691|2019-09-13 23:48:36,info,SyncTasksManager,SyncTasks are being save to C:\Users\serkant2\AppData\Roaming\Sobiens\Sobiens.Connectors\SyncTasks\SyncTasks.xml|Sobiens.Connectors.Entities.Logger.WriteEntry
Debug|2019-09-13 23:48:36.6771|2019-09-13 23:48:36,info,SyncTasksManager,SyncTaskHistories are being read from C:\Users\serkant2\AppData\Roaming\Sobiens\Sobiens.Connectors\SyncTasks\Histories\20190913.txt|Sobiens.Connectors.Entities.Logger.WriteEntry
Debug|2019-09-13 23:48:39.2024|2019-09-13 23:48:39,info,BackgroundDataService,Starting service ...|Sobiens.Connectors.Entities.Logger.WriteEntry
Debug|2019-09-13 23:48:39.2024|2019-09-13 23:48:39,info,BackgroundDataService,Creating Service context ...|Sobiens.Connectors.Entities.Logger.WriteEntry
Debug|2019-09-13 23:48:39.2024|2019-09-13 23:48:39,info,BackgroundDataService,Service started and timer activated.|Sobiens.Connectors.Entities.Logger.WriteEntry
Debug|2019-09-13 23:48:39.2073|2019-09-13 23:48:39,info,BackgroundDataService,Worker thread for processing request queue has started.|Sobiens.Connectors.Entities.Logger.WriteEntry
Debug|2019-09-13 23:48:45.0687|2019-09-13 23:48:45,warning,Studio,WorkItem has been added LogCategory: Title:Populating treeview items WorkItemType:NonCriticalWorkItem|Sobiens.Connectors.Entities.Logger.WriteEntry
Debug|2019-09-13 23:48:45.0687|2019-09-13 23:48:45,warning,Studio,WorkItem is being processed LogCategory: Title:Populating treeview items WorkItemType:NonCriticalWorkItem|Sobiens.Connectors.Entities.Logger.WriteEntry
Debug|2019-09-13 23:48:45.9194|2019-09-13 23:48:45,error,Service,SharePointService GetWebs method returned error:The request failed with HTTP status 403: Forbidden.|Sobiens.Connectors.Entities.Logger.WriteEntry
Debug|2019-09-13 23:49:06.5134|2019-09-13 23:49:06,info,SyncTasksManager,SyncTasks are being save to C:\Users\serkant2\AppData\Roaming\Sobiens\Sobiens.Connectors\SyncTasks\SyncTasks.xml|Sobiens.Connectors.Entities.Logger.WriteEntry
Debug|2019-09-13 23:49:06.5273|2019-09-13 23:49:06,info,SyncTasksManager,SyncTasks are being save to C:\Users\serkant2\AppData\Roaming\Sobiens\Sobiens.Connectors\SyncTasks\SyncTasks.xml|Sobiens.Connectors.Entities.Logger.WriteEntry
Debug|2019-09-13 23:49:09.2131|2019-09-13 23:49:09,info,BackgroundDataService,Performing requests OLEYYYY...|Sobiens.Connectors.Entities.Logger.WriteEntry
Debug|2019-09-13 23:49:09.2131|2019-09-13 23:49:09,info,SyncTasksManager,SyncTasks are being save to C:\Users\serkant2\AppData\Roaming\Sobiens\Sobiens.Connectors\SyncTasks\SyncTasks.xml|Sobiens.Connectors.Entities.Logger.WriteEntry
Debug|2019-09-13 23:49:39.2190|2019-09-13 23:49:39,info,BackgroundDataService,Performing requests OLEYYYY...|Sobiens.Connectors.Entities.Logger.WriteEntry
Debug|2019-09-13 23:49:39.2190|2019-09-13 23:49:39,info,SyncTasksManager,SyncTasks are being save to C:\Users\serkant2\AppData\Roaming\Sobiens\Sobiens.Connectors\SyncTasks\SyncTasks.xml|Sobiens.Connectors.Entities.Logger.WriteEntry
Debug|2019-09-13 23:49:43.7807|2019-09-13 23:49:43,info,Service,SharePointService GetWebs method returned xml:<Webs xmlns="http://schemas.microsoft.com/sharepoint/soap/" />|Sobiens.Connectors.Entities.Logger.WriteEntry
Debug|2019-09-13 23:50:36.7252|2019-09-13 23:50:36,info,BackgroundDataService,Performing requests OLEYYYY...|Sobiens.Connectors.Entities.Logger.WriteEntry
Debug|2019-09-13 23:50:42.3222|2019-09-13 23:50:42,info,Service,webUrl:https://sobiens1.sharepoint.com/sites/test2|Sobiens.Connectors.Entities.Logger.WriteEntry
Debug|2019-09-13 23:50:42.3222|2019-09-13 23:50:42,info,listName,listName:https://sobiens1.sharepoint.com/sites/test2|Sobiens.Connectors.Entities.Logger.WriteEntry
