Debug|2019-12-25 17:23:23.2436|2019-12-25 17:23:23,warning,Studio,WorkItem has been added LogCategory: Title:Populating treeview items WorkItemType:NonCriticalWorkItem|Sobiens.Connectors.Entities.Logger.WriteEntry
Debug|2019-12-25 17:23:23.2715|2019-12-25 17:23:23,warning,Studio,WorkItem is being processed LogCategory: Title:Populating treeview items WorkItemType:NonCriticalWorkItem|Sobiens.Connectors.Entities.Logger.WriteEntry
Debug|2019-12-25 17:23:35.5906|2019-12-25 17:23:35,warning,Studio,WorkItem has been added LogCategory: Title:Populating treeview items WorkItemType:NonCriticalWorkItem|Sobiens.Connectors.Entities.Logger.WriteEntry
Debug|2019-12-25 17:23:35.5936|2019-12-25 17:23:35,warning,Studio,WorkItem is being processed LogCategory: Title:Populating treeview items WorkItemType:NonCriticalWorkItem|Sobiens.Connectors.Entities.Logger.WriteEntry
Debug|2019-12-25 17:23:43.4735|2019-12-25 17:23:43,warning,Studio,WorkItem has been added LogCategory: Title:Populating treeview items WorkItemType:NonCriticalWorkItem|Sobiens.Connectors.Entities.Logger.WriteEntry
Debug|2019-12-25 17:23:43.4735|2019-12-25 17:23:43,warning,Studio,WorkItem is being processed LogCategory: Title:Populating treeview items WorkItemType:NonCriticalWorkItem|Sobiens.Connectors.Entities.Logger.WriteEntry
Debug|2019-12-25 17:24:02.9873|2019-12-25 17:24:02,warning,Studio,WorkItem has been added LogCategory: Title:Populating treeview items WorkItemType:NonCriticalWorkItem|Sobiens.Connectors.Entities.Logger.WriteEntry
Debug|2019-12-25 17:24:02.9873|2019-12-25 17:24:02,warning,Studio,WorkItem is being processed LogCategory: Title:Populating treeview items WorkItemType:NonCriticalWorkItem|Sobiens.Connectors.Entities.Logger.WriteEntry
Debug|2019-12-25 17:32:52.2957|2019-12-25 17:32:52,warning,Studio,WorkItem has been added LogCategory: Title:Populating treeview items WorkItemType:NonCriticalWorkItem|Sobiens.Connectors.Entities.Logger.WriteEntry
Debug|2019-12-25 17:32:52.3287|2019-12-25 17:32:52,warning,Studio,WorkItem is being processed LogCategory: Title:Populating treeview items WorkItemType:NonCriticalWorkItem|Sobiens.Connectors.Entities.Logger.WriteEntry
Debug|2019-12-25 17:33:02.9732|2019-12-25 17:33:02,warning,Studio,WorkItem has been added LogCategory: Title:Populating treeview items WorkItemType:NonCriticalWorkItem|Sobiens.Connectors.Entities.Logger.WriteEntry
Debug|2019-12-25 17:33:02.9732|2019-12-25 17:33:02,warning,Studio,WorkItem is being processed LogCategory: Title:Populating treeview items WorkItemType:NonCriticalWorkItem|Sobiens.Connectors.Entities.Logger.WriteEntry
Debug|2019-12-25 17:33:10.9488|2019-12-25 17:33:10,warning,Studio,WorkItem has been added LogCategory: Title:Populating treeview items WorkItemType:NonCriticalWorkItem|Sobiens.Connectors.Entities.Logger.WriteEntry
Debug|2019-12-25 17:33:10.9488|2019-12-25 17:33:10,warning,Studio,WorkItem is being processed LogCategory: Title:Populating treeview items WorkItemType:NonCriticalWorkItem|Sobiens.Connectors.Entities.Logger.WriteEntry
Debug|2019-12-25 17:33:22.0093|2019-12-25 17:33:22,warning,Studio,WorkItem has been added LogCategory: Title:Populating treeview items WorkItemType:NonCriticalWorkItem|Sobiens.Connectors.Entities.Logger.WriteEntry
Debug|2019-12-25 17:33:22.0093|2019-12-25 17:33:22,warning,Studio,WorkItem is being processed LogCategory: Title:Populating treeview items WorkItemType:NonCriticalWorkItem|Sobiens.Connectors.Entities.Logger.WriteEntry
Debug|2019-12-25 17:35:20.0495|2019-12-25 17:35:20,warning,Studio,WorkItem has been added LogCategory: Title:Populating treeview items WorkItemType:NonCriticalWorkItem|Sobiens.Connectors.Entities.Logger.WriteEntry
Debug|2019-12-25 17:35:20.0784|2019-12-25 17:35:20,warning,Studio,WorkItem is being processed LogCategory: Title:Populating treeview items WorkItemType:NonCriticalWorkItem|Sobiens.Connectors.Entities.Logger.WriteEntry
Debug|2019-12-25 17:35:29.6637|2019-12-25 17:35:29,warning,Studio,WorkItem has been added LogCategory: Title:Populating treeview items WorkItemType:NonCriticalWorkItem|Sobiens.Connectors.Entities.Logger.WriteEntry
Debug|2019-12-25 17:35:29.6637|2019-12-25 17:35:29,warning,Studio,WorkItem is being processed LogCategory: Title:Populating treeview items WorkItemType:NonCriticalWorkItem|Sobiens.Connectors.Entities.Logger.WriteEntry
Debug|2019-12-25 17:35:37.6613|2019-12-25 17:35:37,warning,Studio,WorkItem has been added LogCategory: Title:Populating treeview items WorkItemType:NonCriticalWorkItem|Sobiens.Connectors.Entities.Logger.WriteEntry
Debug|2019-12-25 17:35:37.6613|2019-12-25 17:35:37,warning,Studio,WorkItem is being processed LogCategory: Title:Populating treeview items WorkItemType:NonCriticalWorkItem|Sobiens.Connectors.Entities.Logger.WriteEntry
Debug|2019-12-25 17:35:48.6729|2019-12-25 17:35:48,warning,Studio,WorkItem has been added LogCategory: Title:Populating treeview items WorkItemType:NonCriticalWorkItem|Sobiens.Connectors.Entities.Logger.WriteEntry
Debug|2019-12-25 17:35:48.6729|2019-12-25 17:35:48,warning,Studio,WorkItem is being processed LogCategory: Title:Populating treeview items WorkItemType:NonCriticalWorkItem|Sobiens.Connectors.Entities.Logger.WriteEntry
Debug|2019-12-25 17:36:26.1127|2019-12-25 17:36:26,warning,Studio,WorkItem has been added LogCategory: Title:Populating treeview items WorkItemType:NonCriticalWorkItem|Sobiens.Connectors.Entities.Logger.WriteEntry
Debug|2019-12-25 17:36:26.1357|2019-12-25 17:36:26,warning,Studio,WorkItem is being processed LogCategory: Title:Populating treeview items WorkItemType:NonCriticalWorkItem|Sobiens.Connectors.Entities.Logger.WriteEntry
Debug|2019-12-25 17:36:39.0022|2019-12-25 17:36:39,warning,Studio,WorkItem has been added LogCategory: Title:Populating treeview items WorkItemType:NonCriticalWorkItem|Sobiens.Connectors.Entities.Logger.WriteEntry
Debug|2019-12-25 17:36:39.0022|2019-12-25 17:36:39,warning,Studio,WorkItem is being processed LogCategory: Title:Populating treeview items WorkItemType:NonCriticalWorkItem|Sobiens.Connectors.Entities.Logger.WriteEntry
Debug|2019-12-25 17:41:00.7430|2019-12-25 17:41:00,warning,Studio,WorkItem has been added LogCategory: Title:Populating treeview items WorkItemType:NonCriticalWorkItem|Sobiens.Connectors.Entities.Logger.WriteEntry
Debug|2019-12-25 17:41:00.7699|2019-12-25 17:41:00,warning,Studio,WorkItem is being processed LogCategory: Title:Populating treeview items WorkItemType:NonCriticalWorkItem|Sobiens.Connectors.Entities.Logger.WriteEntry
Debug|2019-12-25 17:41:11.1641|2019-12-25 17:41:11,warning,Studio,WorkItem has been added LogCategory: Title:Populating treeview items WorkItemType:NonCriticalWorkItem|Sobiens.Connectors.Entities.Logger.WriteEntry
Debug|2019-12-25 17:41:11.1641|2019-12-25 17:41:11,warning,Studio,WorkItem is being processed LogCategory: Title:Populating treeview items WorkItemType:NonCriticalWorkItem|Sobiens.Connectors.Entities.Logger.WriteEntry
Debug|2019-12-25 17:55:31.6574|2019-12-25 17:55:31,warning,Studio,WorkItem has been added LogCategory: Title:Populating treeview items WorkItemType:NonCriticalWorkItem|Sobiens.Connectors.Entities.Logger.WriteEntry
Debug|2019-12-25 17:55:31.6574|2019-12-25 17:55:31,warning,Studio,WorkItem is being processed LogCategory: Title:Populating treeview items WorkItemType:NonCriticalWorkItem|Sobiens.Connectors.Entities.Logger.WriteEntry
Debug|2019-12-25 17:55:35.4173|2019-12-25 17:55:35,error,Service,SharePointService GetWebs method returned error:The request failed with HTTP status 403: Forbidden.|Sobiens.Connectors.Entities.Logger.WriteEntry
Debug|2019-12-25 17:55:43.1765|2019-12-25 17:55:43,warning,Studio,WorkItem has been added LogCategory: Title:Populating treeview items WorkItemType:NonCriticalWorkItem|Sobiens.Connectors.Entities.Logger.WriteEntry
Debug|2019-12-25 17:55:43.1765|2019-12-25 17:55:43,warning,Studio,WorkItem is being processed LogCategory: Title:Populating treeview items WorkItemType:NonCriticalWorkItem|Sobiens.Connectors.Entities.Logger.WriteEntry
Debug|2019-12-25 17:55:44.7683|2019-12-25 17:55:44,info,Service,SharePointService GetSiteURL method returned siteSetting.Url:https://sobiens1.sharepoint.com/sites/test 
 siteURL:https://sobiens1.sharepoint.com/sites/test 
 webURL:https://sobiens1.sharepoint.com/sites/test 
 value:0|Sobiens.Connectors.Entities.Logger.WriteEntry
Debug|2019-12-25 17:55:46.1895|2019-12-25 17:55:46,warning,Studio,WorkItem has been added LogCategory: Title:Populating treeview items WorkItemType:NonCriticalWorkItem|Sobiens.Connectors.Entities.Logger.WriteEntry
Debug|2019-12-25 17:55:46.1895|2019-12-25 17:55:46,warning,Studio,WorkItem is being processed LogCategory: Title:Populating treeview items WorkItemType:NonCriticalWorkItem|Sobiens.Connectors.Entities.Logger.WriteEntry
Debug|2019-12-25 17:55:47.5379|2019-12-25 17:55:47,info,Service,SharePointService GetSiteURL method returned siteSetting.Url:https://sobiens1.sharepoint.com/sites/test 
 siteURL:https://sobiens1.sharepoint.com/sites/test 
 webURL:https://sobiens1.sharepoint.com/sites/test 
 value:0|Sobiens.Connectors.Entities.Logger.WriteEntry
Debug|2019-12-25 17:55:49.6153|2019-12-25 17:55:49,warning,Studio,WorkItem has been added LogCategory: Title:Populating treeview items WorkItemType:NonCriticalWorkItem|Sobiens.Connectors.Entities.Logger.WriteEntry
Debug|2019-12-25 17:55:49.6153|2019-12-25 17:55:49,warning,Studio,WorkItem is being processed LogCategory: Title:Populating treeview items WorkItemType:NonCriticalWorkItem|Sobiens.Connectors.Entities.Logger.WriteEntry
Debug|2019-12-25 17:55:50.7732|2019-12-25 17:55:50,info,Service,SharePointService GetSiteURL method returned siteSetting.Url:https://sobiens1.sharepoint.com/sites/test 
 siteURL:https://sobiens1.sharepoint.com/sites/test 
 webURL:https://sobiens1.sharepoint.com/sites/test 
 value:0|Sobiens.Connectors.Entities.Logger.WriteEntry
Debug|2019-12-25 17:55:53.5309|2019-12-25 17:55:53,warning,Studio,WorkItem has been added LogCategory: Title:Populating treeview items WorkItemType:NonCriticalWorkItem|Sobiens.Connectors.Entities.Logger.WriteEntry
Debug|2019-12-25 17:55:53.5338|2019-12-25 17:55:53,warning,Studio,WorkItem is being processed LogCategory: Title:Populating treeview items WorkItemType:NonCriticalWorkItem|Sobiens.Connectors.Entities.Logger.WriteEntry
Debug|2019-12-25 17:55:54.7187|2019-12-25 17:55:54,info,Service,SharePointService GetSiteURL method returned siteSetting.Url:https://sobiens1.sharepoint.com/sites/test 
 siteURL:https://sobiens1.sharepoint.com/sites/test 
 webURL:https://sobiens1.sharepoint.com/sites/test 
 value:0|Sobiens.Connectors.Entities.Logger.WriteEntry
Debug|2019-12-25 17:57:13.5258|2019-12-25 17:57:13,warning,Studio,WorkItem has been added LogCategory: Title:Populating treeview items WorkItemType:NonCriticalWorkItem|Sobiens.Connectors.Entities.Logger.WriteEntry
Debug|2019-12-25 17:57:13.5258|2019-12-25 17:57:13,warning,Studio,WorkItem is being processed LogCategory: Title:Populating treeview items WorkItemType:NonCriticalWorkItem|Sobiens.Connectors.Entities.Logger.WriteEntry
Debug|2019-12-25 17:57:14.0365|2019-12-25 17:57:14,error,Service,CRMService GetLists method returned error:Metadata contains a reference that cannot be resolved: 'https://sobiens.crm11.dynamics.com/XRMServices/2011/Organization.svc?wsdl&sdkversion=8.1'.|Sobiens.Connectors.Entities.Logger.WriteEntry
