Debug|2019-06-25 11:00:44.2875|2019-06-25 11:00:44,warning,Studio,WorkItem has been added LogCategory: Title:Populating treeview items WorkItemType:NonCriticalWorkItem|Sobiens.Connectors.Entities.Logger.WriteEntry
Debug|2019-06-25 11:00:44.4045|2019-06-25 11:00:44,warning,Studio,WorkItem is being processed LogCategory: Title:Populating treeview items WorkItemType:NonCriticalWorkItem|Sobiens.Connectors.Entities.Logger.WriteEntry
Debug|2019-06-25 11:00:47.1189|2019-06-25 11:00:47,error,Service,SharePointService GetWebs method returned error:The request failed with HTTP status 403: Forbidden.|Sobiens.Connectors.Entities.Logger.WriteEntry
Debug|2019-06-25 11:03:31.4143|2019-06-25 11:03:31,warning,Studio,WorkItem has been added LogCategory: Title:Populating treeview items WorkItemType:NonCriticalWorkItem|Sobiens.Connectors.Entities.Logger.WriteEntry
Debug|2019-06-25 11:03:31.4303|2019-06-25 11:03:31,warning,Studio,WorkItem is being processed LogCategory: Title:Populating treeview items WorkItemType:NonCriticalWorkItem|Sobiens.Connectors.Entities.Logger.WriteEntry
Debug|2019-06-25 11:03:36.7772|2019-06-25 11:03:36,info,Service,SharePointService GetSiteURL method returned siteSetting.Url:https://sobiens.sharepoint.com/sites/test 
 siteURL:https://sobiens.sharepoint.com/sites/test 
 webURL:https://sobiens.sharepoint.com/sites/test 
 value:0|Sobiens.Connectors.Entities.Logger.WriteEntry
Debug|2019-06-25 11:03:38.4267|2019-06-25 11:03:38,warning,Studio,WorkItem has been added LogCategory: Title:Populating treeview items WorkItemType:NonCriticalWorkItem|Sobiens.Connectors.Entities.Logger.WriteEntry
Debug|2019-06-25 11:03:38.4267|2019-06-25 11:03:38,warning,Studio,WorkItem is being processed LogCategory: Title:Populating treeview items WorkItemType:NonCriticalWorkItem|Sobiens.Connectors.Entities.Logger.WriteEntry
Debug|2019-06-25 11:03:40.7470|2019-06-25 11:03:40,info,Service,SharePointService GetSiteURL method returned siteSetting.Url:https://sobiens.sharepoint.com/sites/test 
 siteURL:https://sobiens.sharepoint.com/sites/test 
 webURL:https://sobiens.sharepoint.com/sites/test 
 value:0|Sobiens.Connectors.Entities.Logger.WriteEntry
Debug|2019-06-25 11:04:01.9885|2019-06-25 11:04:01,info,Service,webUrl:https://sobiens.sharepoint.com/sites/test|Sobiens.Connectors.Entities.Logger.WriteEntry
Debug|2019-06-25 11:04:02.0115|2019-06-25 11:04:02,info,listName,listName:https://sobiens.sharepoint.com/sites/test|Sobiens.Connectors.Entities.Logger.WriteEntry
Debug|2019-06-25 11:04:03.5808|2019-06-25 11:04:03,error,Service,Exception Found:
Type: System.Net.WebException
Message: The request failed with HTTP status 403: Forbidden.
Source: System.Web.Services
Stacktrace:    at System.Web.Services.Protocols.SoapHttpClientProtocol.ReadResponse(SoapClientMessage message, WebResponse response, Stream responseStream, Boolean asyncCall)
   at System.Web.Services.Protocols.SoapHttpClientProtocol.Invoke(String methodName, Object[] parameters)
   at Sobiens.Connectors.Services.SharePoint.SharePointListsWS.Lists.GetList(String listName) in C:\GitHub\sobiens\Sobiens-Connectors\Solutions\Sobiens.Connectors.Services.SharePoint\Web References\SharePointListsWS\Reference.cs:line 233
   at Sobiens.Connectors.Services.SharePoint.SharePointService.GetFields(ISiteSetting siteSetting, String webUrl, String listName) in C:\GitHub\sobiens\Sobiens-Connectors\Solutions\Sobiens.Connectors.Services.SharePoint\SharePointService.cs:line 2208|Sobiens.Connectors.Entities.Logger.WriteEntry
Debug|2019-06-25 11:19:48.7527|2019-06-25 11:19:48,warning,Studio,WorkItem has been added LogCategory: Title:Populating treeview items WorkItemType:NonCriticalWorkItem|Sobiens.Connectors.Entities.Logger.WriteEntry
Debug|2019-06-25 11:19:48.9077|2019-06-25 11:19:48,warning,Studio,WorkItem is being processed LogCategory: Title:Populating treeview items WorkItemType:NonCriticalWorkItem|Sobiens.Connectors.Entities.Logger.WriteEntry
Debug|2019-06-25 11:19:51.8862|2019-06-25 11:19:51,error,Service,SharePointService GetWebs method returned error:The request failed with HTTP status 403: Forbidden.|Sobiens.Connectors.Entities.Logger.WriteEntry
Debug|2019-06-25 11:20:15.6598|2019-06-25 11:20:15,warning,Studio,WorkItem has been added LogCategory: Title:Populating treeview items WorkItemType:NonCriticalWorkItem|Sobiens.Connectors.Entities.Logger.WriteEntry
Debug|2019-06-25 11:20:15.6778|2019-06-25 11:20:15,warning,Studio,WorkItem is being processed LogCategory: Title:Populating treeview items WorkItemType:NonCriticalWorkItem|Sobiens.Connectors.Entities.Logger.WriteEntry
Debug|2019-06-25 11:20:56.1658|2019-06-25 11:20:56,error,Studio,Exception Found:
Type: System.Exception
Message: An error occured in WorkItem LogCategory: Title:Populating treeview items WorkItemType:NonCriticalWorkItem
Source: 
Stacktrace: 
  Inner Exception Found:
  Type: System.Net.WebException
  Message: Unable to connect to the remote server
  Source: Sobiens.Connectors.Services.SharePoint
  Stacktrace:    at Sobiens.Connectors.Services.SharePoint.SharePointService.GetSubFolders(ISiteSetting siteSetting, Folder parentFolder) in C:\GitHub\sobiens\Sobiens-Connectors\Solutions\Sobiens.Connectors.Services.SharePoint\SharePointService.cs:line 903
   at Sobiens.Connectors.Services.SharePoint.SharePointService.GetFolders(ISiteSetting siteSetting, Folder parentFolder, Int32[] includedFolderTypes) in C:\GitHub\sobiens\Sobiens-Connectors\Solutions\Sobiens.Connectors.Services.SharePoint\SharePointService.cs:line 164
   at Sobiens.Connectors.Common.SharePoint.SharePointServiceManager.GetFolders(ISiteSetting siteSetting, Folder folder, Int32[] includedFolderTypes) in C:\GitHub\sobiens\Sobiens-Connectors\Solutions\Sobiens.Connectors.Common\SharePoint\SharePointServiceManager.cs:line 402
   at Sobiens.Connectors.UI.SPCamlStudioApplicationManager.GetSubFolders(ISiteSetting siteSetting, Folder folder, Int32[] includedFolderTypes) in C:\GitHub\sobiens\Sobiens-Connectors\Solutions\Sobiens.Connectors.Studio.UI\SPCamlStudioApplicationManager.cs:line 84
   at Sobiens.Connectors.Studio.UI.Controls.ServerObjectExplorer.RefreshNode(TreeViewItem item) in C:\GitHub\sobiens\Sobiens-Connectors\Solutions\Sobiens.Connectors.Studio.UI.Controls\ServerObjectExplorer.xaml.cs:line 253
   at Sobiens.Connectors.Studio.UI.Controls.ServerObjectExplorer.callback(Object item, DateTime dateTime) in C:\GitHub\sobiens\Sobiens-Connectors\Solutions\Sobiens.Connectors.Studio.UI.Controls\ServerObjectExplorer.xaml.cs:line 295
   at Sobiens.Connectors.Common.Threading.BackgroundManager.backgroundWorker_DoWork(Object sender, DoWorkEventArgs e) in C:\GitHub\sobiens\Sobiens-Connectors\Solutions\Sobiens.Connectors.Common\Threading\BackgroundManager.cs:line 91
    Inner Exception Found:
    Type: System.Net.Sockets.SocketException
    Message: Baðlanýlan uygun olarak belli bir süre içinde yanýt vermediðinden veya kurulan
baðlantý baðlanýlan ana bilgisayar yanýt vermediðinden bir baðlantý kurulamadý 40.108.218.55:443
    Source: System
    Stacktrace:    at System.Net.Sockets.Socket.DoConnect(EndPoint endPointSnapshot, SocketAddress socketAddress)
   at System.Net.ServicePoint.ConnectSocketInternal(Boolean connectFailure, Socket s4, Socket s6, Socket& socket, IPAddress& address, ConnectSocketState state, IAsyncResult asyncResult, Exception& exception)|Sobiens.Connectors.Entities.Logger.WriteEntry
Debug|2019-06-25 11:22:08.2587|2019-06-25 11:22:08,warning,Studio,WorkItem has been added LogCategory: Title:Populating treeview items WorkItemType:NonCriticalWorkItem|Sobiens.Connectors.Entities.Logger.WriteEntry
Debug|2019-06-25 11:22:08.3627|2019-06-25 11:22:08,warning,Studio,WorkItem is being processed LogCategory: Title:Populating treeview items WorkItemType:NonCriticalWorkItem|Sobiens.Connectors.Entities.Logger.WriteEntry
Debug|2019-06-25 11:22:09.8837|2019-06-25 11:22:09,error,Service,SharePointService GetWebs method returned error:The remote name could not be resolved: 'sobiens.sharepoint.com'|Sobiens.Connectors.Entities.Logger.WriteEntry
Debug|2019-06-25 11:22:10.1857|2019-06-25 11:22:10,error,Service,SharePointService GetLists method returned error:The remote name could not be resolved: 'sobiens.sharepoint.com'|Sobiens.Connectors.Entities.Logger.WriteEntry
Debug|2019-06-25 11:47:36.2705|2019-06-25 11:47:36,warning,Studio,WorkItem has been added LogCategory: Title:Populating treeview items WorkItemType:NonCriticalWorkItem|Sobiens.Connectors.Entities.Logger.WriteEntry
Debug|2019-06-25 11:47:36.3735|2019-06-25 11:47:36,warning,Studio,WorkItem is being processed LogCategory: Title:Populating treeview items WorkItemType:NonCriticalWorkItem|Sobiens.Connectors.Entities.Logger.WriteEntry
Debug|2019-06-25 11:47:38.0979|2019-06-25 11:47:38,error,Service,SharePointService GetWebs method returned error:The request failed with HTTP status 403: Forbidden.|Sobiens.Connectors.Entities.Logger.WriteEntry
Debug|2019-06-25 11:47:52.1530|2019-06-25 11:47:52,warning,Studio,WorkItem has been added LogCategory: Title:Populating treeview items WorkItemType:NonCriticalWorkItem|Sobiens.Connectors.Entities.Logger.WriteEntry
Debug|2019-06-25 11:47:52.1660|2019-06-25 11:47:52,warning,Studio,WorkItem is being processed LogCategory: Title:Populating treeview items WorkItemType:NonCriticalWorkItem|Sobiens.Connectors.Entities.Logger.WriteEntry
Debug|2019-06-25 11:47:54.5057|2019-06-25 11:47:54,info,Service,SharePointService GetSiteURL method returned siteSetting.Url:https://sobiens.sharepoint.com/sites/test 
 siteURL:https://sobiens.sharepoint.com/sites/test 
 webURL:https://sobiens.sharepoint.com/sites/test 
 value:0|Sobiens.Connectors.Entities.Logger.WriteEntry
Debug|2019-06-25 11:47:58.9617|2019-06-25 11:47:58,warning,Studio,WorkItem has been added LogCategory: Title:Populating treeview items WorkItemType:NonCriticalWorkItem|Sobiens.Connectors.Entities.Logger.WriteEntry
Debug|2019-06-25 11:47:58.9617|2019-06-25 11:47:58,warning,Studio,WorkItem is being processed LogCategory: Title:Populating treeview items WorkItemType:NonCriticalWorkItem|Sobiens.Connectors.Entities.Logger.WriteEntry
Debug|2019-06-25 11:48:00.7888|2019-06-25 11:48:00,info,Service,SharePointService GetSiteURL method returned siteSetting.Url:https://sobiens.sharepoint.com/sites/test 
 siteURL:https://sobiens.sharepoint.com/sites/test 
 webURL:https://sobiens.sharepoint.com/sites/test 
 value:0|Sobiens.Connectors.Entities.Logger.WriteEntry
Debug|2019-06-25 11:48:10.2870|2019-06-25 11:48:10,info,Service,SharePointService GetSiteURL method returned siteSetting.Url:https://sobiens.sharepoint.com/sites/test 
 siteURL:https://sobiens.sharepoint.com/sites/test 
 webURL:https://sobiens.sharepoint.com/sites/test 
 value:0|Sobiens.Connectors.Entities.Logger.WriteEntry
Debug|2019-06-25 11:48:13.3193|2019-06-25 11:48:13,info,Service,SharePointService GetSiteURL method returned siteSetting.Url:https://sobiens.sharepoint.com/sites/test 
 siteURL:https://sobiens.sharepoint.com/sites/test 
 webURL:https://sobiens.sharepoint.com/sites/test 
 value:0|Sobiens.Connectors.Entities.Logger.WriteEntry
Debug|2019-06-25 11:50:38.6145|2019-06-25 11:50:38,info,Service,SharePointService GetSiteURL method returned siteSetting.Url:https://sobiens.sharepoint.com/sites/test 
 siteURL:https://sobiens.sharepoint.com/sites/test 
 webURL:https://sobiens.sharepoint.com/sites/test 
 value:0|Sobiens.Connectors.Entities.Logger.WriteEntry
Debug|2019-06-25 11:50:42.5556|2019-06-25 11:50:42,info,Service,SharePointService GetSiteURL method returned siteSetting.Url:https://sobiens.sharepoint.com/sites/test 
 siteURL:https://sobiens.sharepoint.com/sites/test 
 webURL:https://sobiens.sharepoint.com/sites/test 
 value:0|Sobiens.Connectors.Entities.Logger.WriteEntry
Debug|2019-06-25 11:53:03.6880|2019-06-25 11:53:03,warning,Studio,WorkItem has been added LogCategory: Title:Populating treeview items WorkItemType:NonCriticalWorkItem|Sobiens.Connectors.Entities.Logger.WriteEntry
Debug|2019-06-25 11:53:03.8370|2019-06-25 11:53:03,warning,Studio,WorkItem is being processed LogCategory: Title:Populating treeview items WorkItemType:NonCriticalWorkItem|Sobiens.Connectors.Entities.Logger.WriteEntry
Debug|2019-06-25 11:53:06.7142|2019-06-25 11:53:06,error,Service,SharePointService GetWebs method returned error:The request failed with HTTP status 403: Forbidden.|Sobiens.Connectors.Entities.Logger.WriteEntry
Debug|2019-06-25 11:57:25.1571|2019-06-25 11:57:25,warning,Studio,WorkItem has been added LogCategory: Title:Populating treeview items WorkItemType:NonCriticalWorkItem|Sobiens.Connectors.Entities.Logger.WriteEntry
Debug|2019-06-25 11:57:25.2731|2019-06-25 11:57:25,warning,Studio,WorkItem is being processed LogCategory: Title:Populating treeview items WorkItemType:NonCriticalWorkItem|Sobiens.Connectors.Entities.Logger.WriteEntry
Debug|2019-06-25 11:57:28.2270|2019-06-25 11:57:28,error,Service,SharePointService GetWebs method returned error:The request failed with HTTP status 403: Forbidden.|Sobiens.Connectors.Entities.Logger.WriteEntry
Debug|2019-06-25 11:57:42.8791|2019-06-25 11:57:42,warning,Studio,WorkItem has been added LogCategory: Title:Populating treeview items WorkItemType:NonCriticalWorkItem|Sobiens.Connectors.Entities.Logger.WriteEntry
Debug|2019-06-25 11:57:42.9071|2019-06-25 11:57:42,warning,Studio,WorkItem is being processed LogCategory: Title:Populating treeview items WorkItemType:NonCriticalWorkItem|Sobiens.Connectors.Entities.Logger.WriteEntry
Debug|2019-06-25 11:57:45.6490|2019-06-25 11:57:45,info,Service,SharePointService GetSiteURL method returned siteSetting.Url:https://sobiens.sharepoint.com/sites/test 
 siteURL:https://sobiens.sharepoint.com/sites/test 
 webURL:https://sobiens.sharepoint.com/sites/test 
 value:0|Sobiens.Connectors.Entities.Logger.WriteEntry
Debug|2019-06-25 11:59:46.8607|2019-06-25 11:59:46,warning,Studio,WorkItem has been added LogCategory: Title:Populating treeview items WorkItemType:NonCriticalWorkItem|Sobiens.Connectors.Entities.Logger.WriteEntry
Debug|2019-06-25 11:59:47.0107|2019-06-25 11:59:47,warning,Studio,WorkItem is being processed LogCategory: Title:Populating treeview items WorkItemType:NonCriticalWorkItem|Sobiens.Connectors.Entities.Logger.WriteEntry
Debug|2019-06-25 11:59:49.6081|2019-06-25 11:59:49,error,Service,SharePointService GetWebs method returned error:The request failed with HTTP status 403: Forbidden.|Sobiens.Connectors.Entities.Logger.WriteEntry
Debug|2019-06-25 12:00:08.8383|2019-06-25 12:00:08,warning,Studio,WorkItem has been added LogCategory: Title:Populating treeview items WorkItemType:NonCriticalWorkItem|Sobiens.Connectors.Entities.Logger.WriteEntry
Debug|2019-06-25 12:00:08.8563|2019-06-25 12:00:08,warning,Studio,WorkItem is being processed LogCategory: Title:Populating treeview items WorkItemType:NonCriticalWorkItem|Sobiens.Connectors.Entities.Logger.WriteEntry
Debug|2019-06-25 12:00:11.1933|2019-06-25 12:00:11,info,Service,SharePointService GetSiteURL method returned siteSetting.Url:https://sobiens.sharepoint.com/sites/test 
 siteURL:https://sobiens.sharepoint.com/sites/test 
 webURL:https://sobiens.sharepoint.com/sites/test 
 value:0|Sobiens.Connectors.Entities.Logger.WriteEntry
Debug|2019-06-25 12:13:14.8802|2019-06-25 12:13:14,warning,Studio,WorkItem has been added LogCategory: Title:Populating treeview items WorkItemType:NonCriticalWorkItem|Sobiens.Connectors.Entities.Logger.WriteEntry
Debug|2019-06-25 12:13:15.0052|2019-06-25 12:13:15,warning,Studio,WorkItem is being processed LogCategory: Title:Populating treeview items WorkItemType:NonCriticalWorkItem|Sobiens.Connectors.Entities.Logger.WriteEntry
Debug|2019-06-25 12:13:17.4429|2019-06-25 12:13:17,error,Service,SharePointService GetWebs method returned error:The request failed with HTTP status 403: Forbidden.|Sobiens.Connectors.Entities.Logger.WriteEntry
Debug|2019-06-25 12:13:26.3764|2019-06-25 12:13:26,warning,Studio,WorkItem has been added LogCategory: Title:Populating treeview items WorkItemType:NonCriticalWorkItem|Sobiens.Connectors.Entities.Logger.WriteEntry
Debug|2019-06-25 12:13:26.3764|2019-06-25 12:13:26,warning,Studio,WorkItem is being processed LogCategory: Title:Populating treeview items WorkItemType:NonCriticalWorkItem|Sobiens.Connectors.Entities.Logger.WriteEntry
Debug|2019-06-25 12:13:28.7424|2019-06-25 12:13:28,info,Service,SharePointService GetSiteURL method returned siteSetting.Url:https://sobiens.sharepoint.com/sites/test 
 siteURL:https://sobiens.sharepoint.com/sites/test 
 webURL:https://sobiens.sharepoint.com/sites/test 
 value:0|Sobiens.Connectors.Entities.Logger.WriteEntry
Debug|2019-06-25 12:13:37.6914|2019-06-25 12:13:37,info,Service,SharePointService GetSiteURL method returned siteSetting.Url:https://sobiens.sharepoint.com/sites/test 
 siteURL:https://sobiens.sharepoint.com/sites/test 
 webURL:https://sobiens.sharepoint.com/sites/test 
 value:0|Sobiens.Connectors.Entities.Logger.WriteEntry
Debug|2019-06-25 12:13:41.1255|2019-06-25 12:13:41,info,Service,SharePointService GetSiteURL method returned siteSetting.Url:https://sobiens.sharepoint.com/sites/test 
 siteURL:https://sobiens.sharepoint.com/sites/test 
 webURL:https://sobiens.sharepoint.com/sites/test 
 value:0|Sobiens.Connectors.Entities.Logger.WriteEntry
Debug|2019-06-25 12:13:44.1597|2019-06-25 12:13:44,info,Service,SharePointService GetSiteURL method returned siteSetting.Url:https://sobiens.sharepoint.com/sites/test 
 siteURL:https://sobiens.sharepoint.com/sites/test 
 webURL:https://sobiens.sharepoint.com/sites/test 
 value:0|Sobiens.Connectors.Entities.Logger.WriteEntry
Debug|2019-06-25 13:04:10.4046|2019-06-25 13:04:10,warning,Studio,WorkItem has been added LogCategory: Title:Populating treeview items WorkItemType:NonCriticalWorkItem|Sobiens.Connectors.Entities.Logger.WriteEntry
Debug|2019-06-25 13:04:10.5026|2019-06-25 13:04:10,warning,Studio,WorkItem is being processed LogCategory: Title:Populating treeview items WorkItemType:NonCriticalWorkItem|Sobiens.Connectors.Entities.Logger.WriteEntry
Debug|2019-06-25 13:04:12.5985|2019-06-25 13:04:12,error,Service,SharePointService GetWebs method returned error:The request failed with HTTP status 403: Forbidden.|Sobiens.Connectors.Entities.Logger.WriteEntry
Debug|2019-06-25 13:04:22.5693|2019-06-25 13:04:22,warning,Studio,WorkItem has been added LogCategory: Title:Populating treeview items WorkItemType:NonCriticalWorkItem|Sobiens.Connectors.Entities.Logger.WriteEntry
Debug|2019-06-25 13:04:22.5843|2019-06-25 13:04:22,warning,Studio,WorkItem is being processed LogCategory: Title:Populating treeview items WorkItemType:NonCriticalWorkItem|Sobiens.Connectors.Entities.Logger.WriteEntry
Debug|2019-06-25 13:04:26.2512|2019-06-25 13:04:26,info,Service,SharePointService GetSiteURL method returned siteSetting.Url:https://sobiens.sharepoint.com/sites/test 
 siteURL:https://sobiens.sharepoint.com/sites/test 
 webURL:https://sobiens.sharepoint.com/sites/test 
 value:0|Sobiens.Connectors.Entities.Logger.WriteEntry
Debug|2019-06-25 13:41:44.2801|2019-06-25 13:41:44,warning,Studio,WorkItem has been added LogCategory: Title:Populating treeview items WorkItemType:NonCriticalWorkItem|Sobiens.Connectors.Entities.Logger.WriteEntry
Debug|2019-06-25 13:41:44.4007|2019-06-25 13:41:44,warning,Studio,WorkItem is being processed LogCategory: Title:Populating treeview items WorkItemType:NonCriticalWorkItem|Sobiens.Connectors.Entities.Logger.WriteEntry
Debug|2019-06-25 13:41:47.1722|2019-06-25 13:41:47,error,Service,SharePointService GetWebs method returned error:The request failed with HTTP status 403: Forbidden.|Sobiens.Connectors.Entities.Logger.WriteEntry
Debug|2019-06-25 16:04:31.2713|2019-06-25 16:04:31,warning,Studio,WorkItem has been added LogCategory: Title:Populating treeview items WorkItemType:NonCriticalWorkItem|Sobiens.Connectors.Entities.Logger.WriteEntry
Debug|2019-06-25 16:04:31.4603|2019-06-25 16:04:31,warning,Studio,WorkItem is being processed LogCategory: Title:Populating treeview items WorkItemType:NonCriticalWorkItem|Sobiens.Connectors.Entities.Logger.WriteEntry
Debug|2019-06-25 16:04:35.8812|2019-06-25 16:04:35,error,Service,SharePointService GetWebs method returned error:The request failed with HTTP status 403: Forbidden.|Sobiens.Connectors.Entities.Logger.WriteEntry
Debug|2019-06-25 16:11:34.6762|2019-06-25 16:11:34,warning,Studio,WorkItem has been added LogCategory: Title:Populating termsets WorkItemType:NonCriticalWorkItem|Sobiens.Connectors.Entities.Logger.WriteEntry
Debug|2019-06-25 16:11:34.8681|2019-06-25 16:11:34,warning,Studio,WorkItem is being processed LogCategory: Title:Populating termsets WorkItemType:NonCriticalWorkItem|Sobiens.Connectors.Entities.Logger.WriteEntry
Debug|2019-06-25 16:20:46.5678|2019-06-25 16:20:46,warning,Studio,WorkItem has been added LogCategory: Title:Populating treeview items WorkItemType:NonCriticalWorkItem|Sobiens.Connectors.Entities.Logger.WriteEntry
Debug|2019-06-25 16:20:46.6898|2019-06-25 16:20:46,warning,Studio,WorkItem is being processed LogCategory: Title:Populating treeview items WorkItemType:NonCriticalWorkItem|Sobiens.Connectors.Entities.Logger.WriteEntry
Debug|2019-06-25 16:20:53.3777|2019-06-25 16:20:53,error,Service,SharePointService GetWebs method returned error:The request failed with HTTP status 403: Forbidden.|Sobiens.Connectors.Entities.Logger.WriteEntry
Debug|2019-06-25 16:21:00.4606|2019-06-25 16:21:00,warning,Studio,WorkItem has been added LogCategory: Title:Populating termsets WorkItemType:NonCriticalWorkItem|Sobiens.Connectors.Entities.Logger.WriteEntry
Debug|2019-06-25 16:21:05.0826|2019-06-25 16:21:05,warning,Studio,WorkItem is being processed LogCategory: Title:Populating termsets WorkItemType:NonCriticalWorkItem|Sobiens.Connectors.Entities.Logger.WriteEntry
Debug|2019-06-25 16:24:56.2826|2019-06-25 16:24:56,warning,Studio,WorkItem has been added LogCategory: Title:Populating termsets WorkItemType:NonCriticalWorkItem|Sobiens.Connectors.Entities.Logger.WriteEntry
Debug|2019-06-25 16:24:56.3536|2019-06-25 16:24:56,warning,Studio,WorkItem is being processed LogCategory: Title:Populating termsets WorkItemType:NonCriticalWorkItem|Sobiens.Connectors.Entities.Logger.WriteEntry
Debug|2019-06-25 16:27:14.5154|2019-06-25 16:27:14,warning,Studio,WorkItem has been added LogCategory: Title:Populating termsets WorkItemType:NonCriticalWorkItem|Sobiens.Connectors.Entities.Logger.WriteEntry
Debug|2019-06-25 16:27:14.6244|2019-06-25 16:27:14,warning,Studio,WorkItem is being processed LogCategory: Title:Populating termsets WorkItemType:NonCriticalWorkItem|Sobiens.Connectors.Entities.Logger.WriteEntry
Debug|2019-06-25 16:47:00.6520|2019-06-25 16:47:00,warning,Studio,WorkItem has been added LogCategory: Title:Populating termsets WorkItemType:NonCriticalWorkItem|Sobiens.Connectors.Entities.Logger.WriteEntry
Debug|2019-06-25 16:47:00.7410|2019-06-25 16:47:00,warning,Studio,WorkItem is being processed LogCategory: Title:Populating termsets WorkItemType:NonCriticalWorkItem|Sobiens.Connectors.Entities.Logger.WriteEntry
Debug|2019-06-25 17:26:03.5538|2019-06-25 17:26:03,warning,Studio,WorkItem has been added LogCategory: Title:Populating termsets WorkItemType:NonCriticalWorkItem|Sobiens.Connectors.Entities.Logger.WriteEntry
Debug|2019-06-25 17:26:03.6858|2019-06-25 17:26:03,warning,Studio,WorkItem is being processed LogCategory: Title:Populating termsets WorkItemType:NonCriticalWorkItem|Sobiens.Connectors.Entities.Logger.WriteEntry
Debug|2019-06-25 17:26:17.4081|2019-06-25 17:26:17,warning,Studio,WorkItem has been added LogCategory: Title:Populating treeview items WorkItemType:NonCriticalWorkItem|Sobiens.Connectors.Entities.Logger.WriteEntry
Debug|2019-06-25 17:26:17.4551|2019-06-25 17:26:17,warning,Studio,WorkItem is being processed LogCategory: Title:Populating treeview items WorkItemType:NonCriticalWorkItem|Sobiens.Connectors.Entities.Logger.WriteEntry
Debug|2019-06-25 17:26:18.0711|2019-06-25 17:26:18,error,Studio,Exception Found:
Type: System.Exception
Message: An error occured in WorkItem LogCategory: Title:Populating treeview items WorkItemType:NonCriticalWorkItem
Source: 
Stacktrace: 
  Inner Exception Found:
  Type: System.IndexOutOfRangeException
  Message: Index was outside the bounds of the array.
  Source: Sobiens.Connectors.Studio.UI.Controls
  Stacktrace:    at Sobiens.Connectors.Studio.UI.Controls.Selectors.TermObjectSelector.callback(Object args, DateTime dateTime) in C:\GitHub\sobiens\Sobiens-Connectors\Solutions\Sobiens.Connectors.Studio.UI.Controls\Selectors\TermObjectSelector.xaml.cs:line 79
   at Sobiens.Connectors.Common.Threading.BackgroundManager.backgroundWorker_DoWork(Object sender, DoWorkEventArgs e) in C:\GitHub\sobiens\Sobiens-Connectors\Solutions\Sobiens.Connectors.Common\Threading\BackgroundManager.cs:line 91|Sobiens.Connectors.Entities.Logger.WriteEntry
Debug|2019-06-25 17:26:49.2459|2019-06-25 17:26:49,warning,Studio,WorkItem has been added LogCategory: Title:Populating treeview items WorkItemType:NonCriticalWorkItem|Sobiens.Connectors.Entities.Logger.WriteEntry
Debug|2019-06-25 17:26:49.2979|2019-06-25 17:26:49,warning,Studio,WorkItem is being processed LogCategory: Title:Populating treeview items WorkItemType:NonCriticalWorkItem|Sobiens.Connectors.Entities.Logger.WriteEntry
Debug|2019-06-25 17:29:29.0772|2019-06-25 17:29:29,warning,Studio,WorkItem has been added LogCategory: Title:Populating termsets WorkItemType:NonCriticalWorkItem|Sobiens.Connectors.Entities.Logger.WriteEntry
Debug|2019-06-25 17:29:29.2182|2019-06-25 17:29:29,warning,Studio,WorkItem is being processed LogCategory: Title:Populating termsets WorkItemType:NonCriticalWorkItem|Sobiens.Connectors.Entities.Logger.WriteEntry
Debug|2019-06-25 17:29:46.5440|2019-06-25 17:29:46,warning,Studio,WorkItem has been added LogCategory: Title:Populating treeview items WorkItemType:NonCriticalWorkItem|Sobiens.Connectors.Entities.Logger.WriteEntry
Debug|2019-06-25 17:29:46.5610|2019-06-25 17:29:46,warning,Studio,WorkItem is being processed LogCategory: Title:Populating treeview items WorkItemType:NonCriticalWorkItem|Sobiens.Connectors.Entities.Logger.WriteEntry
Debug|2019-06-25 17:32:16.6824|2019-06-25 17:32:16,warning,Studio,WorkItem has been added LogCategory: Title:Populating termsets WorkItemType:NonCriticalWorkItem|Sobiens.Connectors.Entities.Logger.WriteEntry
Debug|2019-06-25 17:32:16.8154|2019-06-25 17:32:16,warning,Studio,WorkItem is being processed LogCategory: Title:Populating termsets WorkItemType:NonCriticalWorkItem|Sobiens.Connectors.Entities.Logger.WriteEntry
Debug|2019-06-25 17:32:31.1252|2019-06-25 17:32:31,warning,Studio,WorkItem has been added LogCategory: Title:Populating treeview items WorkItemType:NonCriticalWorkItem|Sobiens.Connectors.Entities.Logger.WriteEntry
Debug|2019-06-25 17:32:31.2083|2019-06-25 17:32:31,warning,Studio,WorkItem is being processed LogCategory: Title:Populating treeview items WorkItemType:NonCriticalWorkItem|Sobiens.Connectors.Entities.Logger.WriteEntry
Debug|2019-06-25 17:32:31.3502|2019-06-25 17:32:31,error,Studio,Exception Found:
Type: System.Exception
Message: An error occured in WorkItem LogCategory: Title:Populating treeview items WorkItemType:NonCriticalWorkItem
Source: 
Stacktrace: 
  Inner Exception Found:
  Type: System.NullReferenceException
  Message: Object reference not set to an instance of an object.
  Source: Sobiens.Connectors.Studio.UI.Controls
  Stacktrace:    at Sobiens.Connectors.Studio.UI.Controls.Selectors.TermObjectSelector.callback(Object args, DateTime dateTime) in C:\GitHub\sobiens\Sobiens-Connectors\Solutions\Sobiens.Connectors.Studio.UI.Controls\Selectors\TermObjectSelector.xaml.cs:line 80
   at Sobiens.Connectors.Common.Threading.BackgroundManager.backgroundWorker_DoWork(Object sender, DoWorkEventArgs e) in C:\GitHub\sobiens\Sobiens-Connectors\Solutions\Sobiens.Connectors.Common\Threading\BackgroundManager.cs:line 91|Sobiens.Connectors.Entities.Logger.WriteEntry
Debug|2019-06-25 17:33:03.3442|2019-06-25 17:33:03,warning,Studio,WorkItem has been added LogCategory: Title:Populating treeview items WorkItemType:NonCriticalWorkItem|Sobiens.Connectors.Entities.Logger.WriteEntry
Debug|2019-06-25 17:33:03.3772|2019-06-25 17:33:03,warning,Studio,WorkItem is being processed LogCategory: Title:Populating treeview items WorkItemType:NonCriticalWorkItem|Sobiens.Connectors.Entities.Logger.WriteEntry
Debug|2019-06-25 17:38:13.6741|2019-06-25 17:38:13,warning,Studio,WorkItem has been added LogCategory: Title:Populating termsets WorkItemType:NonCriticalWorkItem|Sobiens.Connectors.Entities.Logger.WriteEntry
Debug|2019-06-25 17:38:13.7961|2019-06-25 17:38:13,warning,Studio,WorkItem is being processed LogCategory: Title:Populating termsets WorkItemType:NonCriticalWorkItem|Sobiens.Connectors.Entities.Logger.WriteEntry
Debug|2019-06-25 17:38:25.1192|2019-06-25 17:38:25,warning,Studio,WorkItem has been added LogCategory: Title:Populating treeview items WorkItemType:NonCriticalWorkItem|Sobiens.Connectors.Entities.Logger.WriteEntry
Debug|2019-06-25 17:38:25.1522|2019-06-25 17:38:25,warning,Studio,WorkItem is being processed LogCategory: Title:Populating treeview items WorkItemType:NonCriticalWorkItem|Sobiens.Connectors.Entities.Logger.WriteEntry
Debug|2019-06-25 17:39:58.4936|2019-06-25 17:39:58,warning,Studio,WorkItem has been added LogCategory: Title:Populating termsets WorkItemType:NonCriticalWorkItem|Sobiens.Connectors.Entities.Logger.WriteEntry
Debug|2019-06-25 17:39:58.6396|2019-06-25 17:39:58,warning,Studio,WorkItem is being processed LogCategory: Title:Populating termsets WorkItemType:NonCriticalWorkItem|Sobiens.Connectors.Entities.Logger.WriteEntry
Debug|2019-06-25 17:40:08.3746|2019-06-25 17:40:08,warning,Studio,WorkItem has been added LogCategory: Title:Populating treeview items WorkItemType:NonCriticalWorkItem|Sobiens.Connectors.Entities.Logger.WriteEntry
Debug|2019-06-25 17:40:08.4026|2019-06-25 17:40:08,warning,Studio,WorkItem is being processed LogCategory: Title:Populating treeview items WorkItemType:NonCriticalWorkItem|Sobiens.Connectors.Entities.Logger.WriteEntry
Debug|2019-06-25 17:43:49.0810|2019-06-25 17:43:49,warning,Studio,WorkItem has been added LogCategory: Title:Populating termsets WorkItemType:NonCriticalWorkItem|Sobiens.Connectors.Entities.Logger.WriteEntry
Debug|2019-06-25 17:43:49.2220|2019-06-25 17:43:49,warning,Studio,WorkItem is being processed LogCategory: Title:Populating termsets WorkItemType:NonCriticalWorkItem|Sobiens.Connectors.Entities.Logger.WriteEntry
Debug|2019-06-25 17:43:58.1338|2019-06-25 17:43:58,warning,Studio,WorkItem has been added LogCategory: Title:Populating treeview items WorkItemType:NonCriticalWorkItem|Sobiens.Connectors.Entities.Logger.WriteEntry
Debug|2019-06-25 17:43:58.2203|2019-06-25 17:43:58,warning,Studio,WorkItem is being processed LogCategory: Title:Populating treeview items WorkItemType:NonCriticalWorkItem|Sobiens.Connectors.Entities.Logger.WriteEntry
Debug|2019-06-25 17:44:02.2860|2019-06-25 17:44:02,warning,Studio,WorkItem has been added LogCategory: Title:Populating treeview items WorkItemType:NonCriticalWorkItem|Sobiens.Connectors.Entities.Logger.WriteEntry
Debug|2019-06-25 17:44:02.3830|2019-06-25 17:44:02,warning,Studio,WorkItem is being processed LogCategory: Title:Populating treeview items WorkItemType:NonCriticalWorkItem|Sobiens.Connectors.Entities.Logger.WriteEntry
Debug|2019-06-25 18:21:52.1629|2019-06-25 18:21:52,warning,Studio,WorkItem has been added LogCategory: Title:Populating termsets WorkItemType:NonCriticalWorkItem|Sobiens.Connectors.Entities.Logger.WriteEntry
Debug|2019-06-25 18:21:52.3319|2019-06-25 18:21:52,warning,Studio,WorkItem is being processed LogCategory: Title:Populating termsets WorkItemType:NonCriticalWorkItem|Sobiens.Connectors.Entities.Logger.WriteEntry
Debug|2019-06-25 18:22:10.2544|2019-06-25 18:22:10,warning,Studio,WorkItem has been added LogCategory: Title:Populating treeview items WorkItemType:NonCriticalWorkItem|Sobiens.Connectors.Entities.Logger.WriteEntry
Debug|2019-06-25 18:22:10.2934|2019-06-25 18:22:10,warning,Studio,WorkItem is being processed LogCategory: Title:Populating treeview items WorkItemType:NonCriticalWorkItem|Sobiens.Connectors.Entities.Logger.WriteEntry
Debug|2019-06-25 18:22:16.8958|2019-06-25 18:22:16,warning,Studio,WorkItem has been added LogCategory: Title:Populating treeview items WorkItemType:NonCriticalWorkItem|Sobiens.Connectors.Entities.Logger.WriteEntry
Debug|2019-06-25 18:22:16.9178|2019-06-25 18:22:16,warning,Studio,WorkItem is being processed LogCategory: Title:Populating treeview items WorkItemType:NonCriticalWorkItem|Sobiens.Connectors.Entities.Logger.WriteEntry
Debug|2019-06-25 18:22:19.6878|2019-06-25 18:22:19,warning,Studio,WorkItem has been added LogCategory: Title:Populating treeview items WorkItemType:NonCriticalWorkItem|Sobiens.Connectors.Entities.Logger.WriteEntry
Debug|2019-06-25 18:22:19.7268|2019-06-25 18:22:19,warning,Studio,WorkItem is being processed LogCategory: Title:Populating treeview items WorkItemType:NonCriticalWorkItem|Sobiens.Connectors.Entities.Logger.WriteEntry
Debug|2019-06-25 18:22:23.1534|2019-06-25 18:22:23,warning,Studio,WorkItem has been added LogCategory: Title:Populating treeview items WorkItemType:NonCriticalWorkItem|Sobiens.Connectors.Entities.Logger.WriteEntry
Debug|2019-06-25 18:22:23.2094|2019-06-25 18:22:23,warning,Studio,WorkItem is being processed LogCategory: Title:Populating treeview items WorkItemType:NonCriticalWorkItem|Sobiens.Connectors.Entities.Logger.WriteEntry
Debug|2019-06-25 18:22:26.5494|2019-06-25 18:22:26,warning,Studio,WorkItem has been added LogCategory: Title:Populating treeview items WorkItemType:NonCriticalWorkItem|Sobiens.Connectors.Entities.Logger.WriteEntry
Debug|2019-06-25 18:22:26.5894|2019-06-25 18:22:26,warning,Studio,WorkItem is being processed LogCategory: Title:Populating treeview items WorkItemType:NonCriticalWorkItem|Sobiens.Connectors.Entities.Logger.WriteEntry
Debug|2019-06-25 18:22:29.2100|2019-06-25 18:22:29,warning,Studio,WorkItem has been added LogCategory: Title:Populating treeview items WorkItemType:NonCriticalWorkItem|Sobiens.Connectors.Entities.Logger.WriteEntry
Debug|2019-06-25 18:22:29.3005|2019-06-25 18:22:29,warning,Studio,WorkItem is being processed LogCategory: Title:Populating treeview items WorkItemType:NonCriticalWorkItem|Sobiens.Connectors.Entities.Logger.WriteEntry
Debug|2019-06-25 18:22:31.5941|2019-06-25 18:22:31,warning,Studio,WorkItem has been added LogCategory: Title:Populating treeview items WorkItemType:NonCriticalWorkItem|Sobiens.Connectors.Entities.Logger.WriteEntry
Debug|2019-06-25 18:22:31.6286|2019-06-25 18:22:31,warning,Studio,WorkItem is being processed LogCategory: Title:Populating treeview items WorkItemType:NonCriticalWorkItem|Sobiens.Connectors.Entities.Logger.WriteEntry
Debug|2019-06-25 18:22:34.0121|2019-06-25 18:22:34,warning,Studio,WorkItem has been added LogCategory: Title:Populating treeview items WorkItemType:NonCriticalWorkItem|Sobiens.Connectors.Entities.Logger.WriteEntry
Debug|2019-06-25 18:22:34.0461|2019-06-25 18:22:34,warning,Studio,WorkItem is being processed LogCategory: Title:Populating treeview items WorkItemType:NonCriticalWorkItem|Sobiens.Connectors.Entities.Logger.WriteEntry
Debug|2019-06-25 18:22:36.5172|2019-06-25 18:22:36,warning,Studio,WorkItem has been added LogCategory: Title:Populating treeview items WorkItemType:NonCriticalWorkItem|Sobiens.Connectors.Entities.Logger.WriteEntry
Debug|2019-06-25 18:22:36.5512|2019-06-25 18:22:36,warning,Studio,WorkItem is being processed LogCategory: Title:Populating treeview items WorkItemType:NonCriticalWorkItem|Sobiens.Connectors.Entities.Logger.WriteEntry
Debug|2019-06-25 18:22:43.3296|2019-06-25 18:22:43,warning,Studio,WorkItem has been added LogCategory: Title:Populating treeview items WorkItemType:NonCriticalWorkItem|Sobiens.Connectors.Entities.Logger.WriteEntry
Debug|2019-06-25 18:22:43.4666|2019-06-25 18:22:43,warning,Studio,WorkItem is being processed LogCategory: Title:Populating treeview items WorkItemType:NonCriticalWorkItem|Sobiens.Connectors.Entities.Logger.WriteEntry
Debug|2019-06-25 18:22:46.2332|2019-06-25 18:22:46,warning,Studio,WorkItem has been added LogCategory: Title:Populating treeview items WorkItemType:NonCriticalWorkItem|Sobiens.Connectors.Entities.Logger.WriteEntry
Debug|2019-06-25 18:22:46.2492|2019-06-25 18:22:46,warning,Studio,WorkItem is being processed LogCategory: Title:Populating treeview items WorkItemType:NonCriticalWorkItem|Sobiens.Connectors.Entities.Logger.WriteEntry
