Debug|2020-04-24 09:47:02.3952|2020-04-24 09:47:02,warning,Studio,WorkItem has been added LogCategory: Title:Populating treeview items WorkItemType:NonCriticalWorkItem|Sobiens.Connectors.Entities.Logger.WriteEntry
Debug|2020-04-24 09:47:02.4221|2020-04-24 09:47:02,warning,Studio,WorkItem is being processed LogCategory: Title:Populating treeview items WorkItemType:NonCriticalWorkItem|Sobiens.Connectors.Entities.Logger.WriteEntry
Debug|2020-04-24 09:47:12.0668|2020-04-24 09:47:12,warning,Studio,WorkItem has been added LogCategory: Title:Populating treeview items WorkItemType:NonCriticalWorkItem|Sobiens.Connectors.Entities.Logger.WriteEntry
Debug|2020-04-24 09:47:12.0668|2020-04-24 09:47:12,warning,Studio,WorkItem is being processed LogCategory: Title:Populating treeview items WorkItemType:NonCriticalWorkItem|Sobiens.Connectors.Entities.Logger.WriteEntry
Debug|2020-04-24 09:56:30.3883|2020-04-24 09:56:30,warning,Studio,WorkItem has been added LogCategory: Title:Populating treeview items WorkItemType:NonCriticalWorkItem|Sobiens.Connectors.Entities.Logger.WriteEntry
Debug|2020-04-24 09:56:30.4291|2020-04-24 09:56:30,warning,Studio,WorkItem is being processed LogCategory: Title:Populating treeview items WorkItemType:NonCriticalWorkItem|Sobiens.Connectors.Entities.Logger.WriteEntry
Debug|2020-04-24 09:56:50.5432|2020-04-24 09:56:50,warning,Studio,WorkItem has been added LogCategory: Title:Populating treeview items WorkItemType:NonCriticalWorkItem|Sobiens.Connectors.Entities.Logger.WriteEntry
Debug|2020-04-24 09:56:50.5432|2020-04-24 09:56:50,warning,Studio,WorkItem is being processed LogCategory: Title:Populating treeview items WorkItemType:NonCriticalWorkItem|Sobiens.Connectors.Entities.Logger.WriteEntry
Debug|2020-04-24 09:57:46.2887|2020-04-24 09:57:46,info,GetDefaultSiteCollectionTermStore,Error:Cannot find proxy for type with id "{981cbc68-9edc-4f8d-872f-71146fcbb84f}".|Sobiens.Connectors.Entities.Logger.WriteEntry
Debug|2020-04-24 09:57:47.4327|2020-04-24 09:57:47,info,GetDefaultSiteCollectionTermStore,Error:Cannot find proxy for type with id "{981cbc68-9edc-4f8d-872f-71146fcbb84f}".|Sobiens.Connectors.Entities.Logger.WriteEntry
Debug|2020-04-24 09:57:49.1750|2020-04-24 09:57:49,info,GetDefaultSiteCollectionTermStore,Error:Cannot find proxy for type with id "{981cbc68-9edc-4f8d-872f-71146fcbb84f}".|Sobiens.Connectors.Entities.Logger.WriteEntry
Debug|2020-04-24 09:57:50.3169|2020-04-24 09:57:50,info,GetDefaultSiteCollectionTermStore,Error:Cannot find proxy for type with id "{981cbc68-9edc-4f8d-872f-71146fcbb84f}".|Sobiens.Connectors.Entities.Logger.WriteEntry
Debug|2020-04-24 09:58:36.3159|2020-04-24 09:58:36,info,GetDefaultSiteCollectionTermStore,Error:Cannot find proxy for type with id "{981cbc68-9edc-4f8d-872f-71146fcbb84f}".|Sobiens.Connectors.Entities.Logger.WriteEntry
Debug|2020-04-24 09:58:36.9233|2020-04-24 09:58:36,info,Service,webUrl:https://process.unfccc.int/sites/submissionsstaging/NationalReports|Sobiens.Connectors.Entities.Logger.WriteEntry
Debug|2020-04-24 10:05:41.2135|2020-04-24 10:05:41,warning,Studio,WorkItem has been added LogCategory: Title:Populating treeview items WorkItemType:NonCriticalWorkItem|Sobiens.Connectors.Entities.Logger.WriteEntry
Debug|2020-04-24 10:05:41.2414|2020-04-24 10:05:41,warning,Studio,WorkItem is being processed LogCategory: Title:Populating treeview items WorkItemType:NonCriticalWorkItem|Sobiens.Connectors.Entities.Logger.WriteEntry
Debug|2020-04-24 10:05:59.2918|2020-04-24 10:05:59,warning,Studio,WorkItem has been added LogCategory: Title:Populating treeview items WorkItemType:NonCriticalWorkItem|Sobiens.Connectors.Entities.Logger.WriteEntry
Debug|2020-04-24 10:05:59.2948|2020-04-24 10:05:59,warning,Studio,WorkItem is being processed LogCategory: Title:Populating treeview items WorkItemType:NonCriticalWorkItem|Sobiens.Connectors.Entities.Logger.WriteEntry
Debug|2020-04-24 10:09:46.3547|2020-04-24 10:09:46,warning,Studio,WorkItem has been added LogCategory: Title:Populating treeview items WorkItemType:NonCriticalWorkItem|Sobiens.Connectors.Entities.Logger.WriteEntry
Debug|2020-04-24 10:09:46.3816|2020-04-24 10:09:46,warning,Studio,WorkItem is being processed LogCategory: Title:Populating treeview items WorkItemType:NonCriticalWorkItem|Sobiens.Connectors.Entities.Logger.WriteEntry
Debug|2020-04-24 10:10:05.5355|2020-04-24 10:10:05,warning,Studio,WorkItem has been added LogCategory: Title:Populating treeview items WorkItemType:NonCriticalWorkItem|Sobiens.Connectors.Entities.Logger.WriteEntry
Debug|2020-04-24 10:10:05.5355|2020-04-24 10:10:05,warning,Studio,WorkItem is being processed LogCategory: Title:Populating treeview items WorkItemType:NonCriticalWorkItem|Sobiens.Connectors.Entities.Logger.WriteEntry
Debug|2020-04-24 10:17:24.7072|2020-04-24 10:17:24,warning,Studio,WorkItem has been added LogCategory: Title:Populating treeview items WorkItemType:NonCriticalWorkItem|Sobiens.Connectors.Entities.Logger.WriteEntry
Debug|2020-04-24 10:17:24.7391|2020-04-24 10:17:24,warning,Studio,WorkItem is being processed LogCategory: Title:Populating treeview items WorkItemType:NonCriticalWorkItem|Sobiens.Connectors.Entities.Logger.WriteEntry
Debug|2020-04-24 10:17:40.4092|2020-04-24 10:17:40,warning,Studio,WorkItem has been added LogCategory: Title:Populating treeview items WorkItemType:NonCriticalWorkItem|Sobiens.Connectors.Entities.Logger.WriteEntry
Debug|2020-04-24 10:17:40.4092|2020-04-24 10:17:40,warning,Studio,WorkItem is being processed LogCategory: Title:Populating treeview items WorkItemType:NonCriticalWorkItem|Sobiens.Connectors.Entities.Logger.WriteEntry
Debug|2020-04-24 10:18:15.1304|2020-04-24 10:18:15,info,GetDefaultSiteCollectionTermStore,Error:Cannot find proxy for type with id "{981cbc68-9edc-4f8d-872f-71146fcbb84f}".|Sobiens.Connectors.Entities.Logger.WriteEntry
Debug|2020-04-24 10:18:16.2813|2020-04-24 10:18:16,info,GetDefaultSiteCollectionTermStore,Error:Cannot find proxy for type with id "{981cbc68-9edc-4f8d-872f-71146fcbb84f}".|Sobiens.Connectors.Entities.Logger.WriteEntry
Debug|2020-04-24 10:18:23.7843|2020-04-24 10:18:23,info,GetDefaultSiteCollectionTermStore,Error:Cannot find proxy for type with id "{981cbc68-9edc-4f8d-872f-71146fcbb84f}".|Sobiens.Connectors.Entities.Logger.WriteEntry
Debug|2020-04-24 10:18:23.8232|2020-04-24 10:18:23,info,Service,webUrl:https://process.unfccc.int/sites/submissionsstaging/NationalReports|Sobiens.Connectors.Entities.Logger.WriteEntry
Debug|2020-04-24 10:18:31.8288|2020-04-24 10:18:31,info,GetDefaultSiteCollectionTermStore,Error:Cannot find proxy for type with id "{981cbc68-9edc-4f8d-872f-71146fcbb84f}".|Sobiens.Connectors.Entities.Logger.WriteEntry
Debug|2020-04-24 10:18:33.0335|2020-04-24 10:18:33,info,GetDefaultSiteCollectionTermStore,Error:Cannot find proxy for type with id "{981cbc68-9edc-4f8d-872f-71146fcbb84f}".|Sobiens.Connectors.Entities.Logger.WriteEntry
Debug|2020-04-24 10:18:36.6938|2020-04-24 10:18:36,info,GetDefaultSiteCollectionTermStore,Error:Cannot find proxy for type with id "{981cbc68-9edc-4f8d-872f-71146fcbb84f}".|Sobiens.Connectors.Entities.Logger.WriteEntry
Debug|2020-04-24 10:18:36.7336|2020-04-24 10:18:36,info,Service,webUrl:https://process.unfccc.int/sites/submissionsstaging/search|Sobiens.Connectors.Entities.Logger.WriteEntry
Debug|2020-04-24 10:19:32.4836|2020-04-24 10:19:32,warning,Studio,WorkItem has been added LogCategory: Title:Populating treeview items WorkItemType:NonCriticalWorkItem|Sobiens.Connectors.Entities.Logger.WriteEntry
Debug|2020-04-24 10:19:32.5085|2020-04-24 10:19:32,warning,Studio,WorkItem is being processed LogCategory: Title:Populating treeview items WorkItemType:NonCriticalWorkItem|Sobiens.Connectors.Entities.Logger.WriteEntry
Debug|2020-04-24 10:19:51.2943|2020-04-24 10:19:51,warning,Studio,WorkItem has been added LogCategory: Title:Populating treeview items WorkItemType:NonCriticalWorkItem|Sobiens.Connectors.Entities.Logger.WriteEntry
Debug|2020-04-24 10:19:51.2943|2020-04-24 10:19:51,warning,Studio,WorkItem is being processed LogCategory: Title:Populating treeview items WorkItemType:NonCriticalWorkItem|Sobiens.Connectors.Entities.Logger.WriteEntry
Debug|2020-04-24 10:20:08.1303|2020-04-24 10:20:08,info,GetDefaultSiteCollectionTermStore,Error:Cannot find proxy for type with id "{981cbc68-9edc-4f8d-872f-71146fcbb84f}".|Sobiens.Connectors.Entities.Logger.WriteEntry
Debug|2020-04-24 10:20:09.3381|2020-04-24 10:20:09,info,GetDefaultSiteCollectionTermStore,Error:Cannot find proxy for type with id "{981cbc68-9edc-4f8d-872f-71146fcbb84f}".|Sobiens.Connectors.Entities.Logger.WriteEntry
Debug|2020-04-24 10:20:12.3480|2020-04-24 10:20:12,info,GetDefaultSiteCollectionTermStore,Error:Cannot find proxy for type with id "{981cbc68-9edc-4f8d-872f-71146fcbb84f}".|Sobiens.Connectors.Entities.Logger.WriteEntry
Debug|2020-04-24 10:20:12.3739|2020-04-24 10:20:12,info,Service,webUrl:https://process.unfccc.int/sites/submissionsstaging/NationalReports|Sobiens.Connectors.Entities.Logger.WriteEntry
Debug|2020-04-24 10:20:16.6884|2020-04-24 10:20:16,info,GetDefaultSiteCollectionTermStore,Error:Cannot find proxy for type with id "{981cbc68-9edc-4f8d-872f-71146fcbb84f}".|Sobiens.Connectors.Entities.Logger.WriteEntry
Debug|2020-04-24 10:20:17.8712|2020-04-24 10:20:17,info,GetDefaultSiteCollectionTermStore,Error:Cannot find proxy for type with id "{981cbc68-9edc-4f8d-872f-71146fcbb84f}".|Sobiens.Connectors.Entities.Logger.WriteEntry
Debug|2020-04-24 10:20:20.5780|2020-04-24 10:20:20,info,GetDefaultSiteCollectionTermStore,Error:Cannot find proxy for type with id "{981cbc68-9edc-4f8d-872f-71146fcbb84f}".|Sobiens.Connectors.Entities.Logger.WriteEntry
Debug|2020-04-24 10:20:20.6349|2020-04-24 10:20:20,info,Service,webUrl:https://process.unfccc.int/sites/submissionsstaging/search|Sobiens.Connectors.Entities.Logger.WriteEntry
Debug|2020-04-24 12:38:04.3385|2020-04-24 12:38:04,warning,Studio,WorkItem has been added LogCategory: Title:Populating treeview items WorkItemType:NonCriticalWorkItem|Sobiens.Connectors.Entities.Logger.WriteEntry
Debug|2020-04-24 12:38:04.3625|2020-04-24 12:38:04,warning,Studio,WorkItem is being processed LogCategory: Title:Populating treeview items WorkItemType:NonCriticalWorkItem|Sobiens.Connectors.Entities.Logger.WriteEntry
Debug|2020-04-24 13:59:17.3698|2020-04-24 13:59:17,warning,Studio,WorkItem has been added LogCategory: Title:Populating treeview items WorkItemType:NonCriticalWorkItem|Sobiens.Connectors.Entities.Logger.WriteEntry
Debug|2020-04-24 13:59:17.3927|2020-04-24 13:59:17,warning,Studio,WorkItem is being processed LogCategory: Title:Populating treeview items WorkItemType:NonCriticalWorkItem|Sobiens.Connectors.Entities.Logger.WriteEntry
Debug|2020-04-24 13:59:38.5292|2020-04-24 13:59:38,warning,Studio,WorkItem has been added LogCategory: Title:Populating treeview items WorkItemType:NonCriticalWorkItem|Sobiens.Connectors.Entities.Logger.WriteEntry
Debug|2020-04-24 13:59:38.5292|2020-04-24 13:59:38,warning,Studio,WorkItem is being processed LogCategory: Title:Populating treeview items WorkItemType:NonCriticalWorkItem|Sobiens.Connectors.Entities.Logger.WriteEntry
Debug|2020-04-24 14:05:32.1742|2020-04-24 14:05:32,warning,Studio,WorkItem has been added LogCategory: Title:Populating treeview items WorkItemType:NonCriticalWorkItem|Sobiens.Connectors.Entities.Logger.WriteEntry
Debug|2020-04-24 14:05:32.1742|2020-04-24 14:05:32,warning,Studio,WorkItem is being processed LogCategory: Title:Populating treeview items WorkItemType:NonCriticalWorkItem|Sobiens.Connectors.Entities.Logger.WriteEntry
Debug|2020-04-24 14:36:40.3327|2020-04-24 14:36:40,warning,Studio,WorkItem has been added LogCategory: Title:Populating treeview items WorkItemType:NonCriticalWorkItem|Sobiens.Connectors.Entities.Logger.WriteEntry
Debug|2020-04-24 14:36:40.3586|2020-04-24 14:36:40,warning,Studio,WorkItem is being processed LogCategory: Title:Populating treeview items WorkItemType:NonCriticalWorkItem|Sobiens.Connectors.Entities.Logger.WriteEntry
Debug|2020-04-24 14:36:57.5207|2020-04-24 14:36:57,warning,Studio,WorkItem has been added LogCategory: Title:Populating treeview items WorkItemType:NonCriticalWorkItem|Sobiens.Connectors.Entities.Logger.WriteEntry
Debug|2020-04-24 14:36:57.5207|2020-04-24 14:36:57,warning,Studio,WorkItem is being processed LogCategory: Title:Populating treeview items WorkItemType:NonCriticalWorkItem|Sobiens.Connectors.Entities.Logger.WriteEntry
Debug|2020-04-24 15:31:16.5303|2020-04-24 15:31:16,warning,Studio,WorkItem has been added LogCategory: Title:Populating treeview items WorkItemType:NonCriticalWorkItem|Sobiens.Connectors.Entities.Logger.WriteEntry
Debug|2020-04-24 15:31:16.5662|2020-04-24 15:31:16,warning,Studio,WorkItem is being processed LogCategory: Title:Populating treeview items WorkItemType:NonCriticalWorkItem|Sobiens.Connectors.Entities.Logger.WriteEntry
Debug|2020-04-24 15:31:32.5325|2020-04-24 15:31:32,warning,Studio,WorkItem has been added LogCategory: Title:Populating treeview items WorkItemType:NonCriticalWorkItem|Sobiens.Connectors.Entities.Logger.WriteEntry
Debug|2020-04-24 15:31:32.5325|2020-04-24 15:31:32,warning,Studio,WorkItem is being processed LogCategory: Title:Populating treeview items WorkItemType:NonCriticalWorkItem|Sobiens.Connectors.Entities.Logger.WriteEntry
Debug|2020-04-24 15:39:04.3676|2020-04-24 15:39:04,warning,Studio,WorkItem has been added LogCategory: Title:Populating treeview items WorkItemType:NonCriticalWorkItem|Sobiens.Connectors.Entities.Logger.WriteEntry
Debug|2020-04-24 15:39:04.3895|2020-04-24 15:39:04,warning,Studio,WorkItem is being processed LogCategory: Title:Populating treeview items WorkItemType:NonCriticalWorkItem|Sobiens.Connectors.Entities.Logger.WriteEntry
Debug|2020-04-24 15:39:16.4482|2020-04-24 15:39:16,warning,Studio,WorkItem has been added LogCategory: Title:Populating treeview items WorkItemType:NonCriticalWorkItem|Sobiens.Connectors.Entities.Logger.WriteEntry
Debug|2020-04-24 15:39:16.4512|2020-04-24 15:39:16,warning,Studio,WorkItem is being processed LogCategory: Title:Populating treeview items WorkItemType:NonCriticalWorkItem|Sobiens.Connectors.Entities.Logger.WriteEntry
Debug|2020-04-24 15:41:02.7279|2020-04-24 15:41:02,warning,Studio,WorkItem has been added LogCategory: Title:Populating treeview items WorkItemType:NonCriticalWorkItem|Sobiens.Connectors.Entities.Logger.WriteEntry
Debug|2020-04-24 15:41:02.7598|2020-04-24 15:41:02,warning,Studio,WorkItem is being processed LogCategory: Title:Populating treeview items WorkItemType:NonCriticalWorkItem|Sobiens.Connectors.Entities.Logger.WriteEntry
Debug|2020-04-24 15:41:15.2125|2020-04-24 15:41:15,warning,Studio,WorkItem has been added LogCategory: Title:Populating treeview items WorkItemType:NonCriticalWorkItem|Sobiens.Connectors.Entities.Logger.WriteEntry
Debug|2020-04-24 15:41:15.2145|2020-04-24 15:41:15,warning,Studio,WorkItem is being processed LogCategory: Title:Populating treeview items WorkItemType:NonCriticalWorkItem|Sobiens.Connectors.Entities.Logger.WriteEntry
Debug|2020-04-24 15:51:03.8647|2020-04-24 15:51:03,warning,Studio,WorkItem has been added LogCategory: Title:Populating treeview items WorkItemType:NonCriticalWorkItem|Sobiens.Connectors.Entities.Logger.WriteEntry
Debug|2020-04-24 15:51:03.8876|2020-04-24 15:51:03,warning,Studio,WorkItem is being processed LogCategory: Title:Populating treeview items WorkItemType:NonCriticalWorkItem|Sobiens.Connectors.Entities.Logger.WriteEntry
Debug|2020-04-24 15:51:28.4638|2020-04-24 15:51:28,warning,Studio,WorkItem has been added LogCategory: Title:Populating treeview items WorkItemType:NonCriticalWorkItem|Sobiens.Connectors.Entities.Logger.WriteEntry
Debug|2020-04-24 15:51:28.4648|2020-04-24 15:51:28,warning,Studio,WorkItem is being processed LogCategory: Title:Populating treeview items WorkItemType:NonCriticalWorkItem|Sobiens.Connectors.Entities.Logger.WriteEntry
Debug|2020-04-24 15:56:19.7805|2020-04-24 15:56:19,warning,Studio,WorkItem has been added LogCategory: Title:Populating treeview items WorkItemType:NonCriticalWorkItem|Sobiens.Connectors.Entities.Logger.WriteEntry
Debug|2020-04-24 15:56:19.8044|2020-04-24 15:56:19,warning,Studio,WorkItem is being processed LogCategory: Title:Populating treeview items WorkItemType:NonCriticalWorkItem|Sobiens.Connectors.Entities.Logger.WriteEntry
Debug|2020-04-24 16:03:33.3495|2020-04-24 16:03:33,warning,Studio,WorkItem has been added LogCategory: Title:Populating treeview items WorkItemType:NonCriticalWorkItem|Sobiens.Connectors.Entities.Logger.WriteEntry
Debug|2020-04-24 16:03:33.3805|2020-04-24 16:03:33,warning,Studio,WorkItem is being processed LogCategory: Title:Populating treeview items WorkItemType:NonCriticalWorkItem|Sobiens.Connectors.Entities.Logger.WriteEntry
Debug|2020-04-24 16:04:29.9152|2020-04-24 16:04:29,warning,Studio,WorkItem has been added LogCategory: Title:Populating treeview items WorkItemType:NonCriticalWorkItem|Sobiens.Connectors.Entities.Logger.WriteEntry
Debug|2020-04-24 16:04:29.9182|2020-04-24 16:04:29,warning,Studio,WorkItem is being processed LogCategory: Title:Populating treeview items WorkItemType:NonCriticalWorkItem|Sobiens.Connectors.Entities.Logger.WriteEntry
Debug|2020-04-24 16:07:11.8430|2020-04-24 16:07:11,warning,Studio,WorkItem has been added LogCategory: Title:Populating treeview items WorkItemType:NonCriticalWorkItem|Sobiens.Connectors.Entities.Logger.WriteEntry
Debug|2020-04-24 16:07:11.8729|2020-04-24 16:07:11,warning,Studio,WorkItem is being processed LogCategory: Title:Populating treeview items WorkItemType:NonCriticalWorkItem|Sobiens.Connectors.Entities.Logger.WriteEntry
Debug|2020-04-24 16:07:29.7331|2020-04-24 16:07:29,warning,Studio,WorkItem has been added LogCategory: Title:Populating treeview items WorkItemType:NonCriticalWorkItem|Sobiens.Connectors.Entities.Logger.WriteEntry
Debug|2020-04-24 16:07:29.7331|2020-04-24 16:07:29,warning,Studio,WorkItem is being processed LogCategory: Title:Populating treeview items WorkItemType:NonCriticalWorkItem|Sobiens.Connectors.Entities.Logger.WriteEntry
Debug|2020-04-24 16:17:57.8553|2020-04-24 16:17:57,warning,Studio,WorkItem has been added LogCategory: Title:Populating treeview items WorkItemType:NonCriticalWorkItem|Sobiens.Connectors.Entities.Logger.WriteEntry
Debug|2020-04-24 16:17:57.8792|2020-04-24 16:17:57,warning,Studio,WorkItem is being processed LogCategory: Title:Populating treeview items WorkItemType:NonCriticalWorkItem|Sobiens.Connectors.Entities.Logger.WriteEntry
Debug|2020-04-24 16:18:17.9457|2020-04-24 16:18:17,warning,Studio,WorkItem has been added LogCategory: Title:Populating treeview items WorkItemType:NonCriticalWorkItem|Sobiens.Connectors.Entities.Logger.WriteEntry
Debug|2020-04-24 16:18:17.9457|2020-04-24 16:18:17,warning,Studio,WorkItem is being processed LogCategory: Title:Populating treeview items WorkItemType:NonCriticalWorkItem|Sobiens.Connectors.Entities.Logger.WriteEntry
Debug|2020-04-24 16:18:47.8608|2020-04-24 16:18:47,info,GetDefaultSiteCollectionTermStore,Error:Cannot find proxy for type with id "{981cbc68-9edc-4f8d-872f-71146fcbb84f}".|Sobiens.Connectors.Entities.Logger.WriteEntry
Debug|2020-04-24 16:18:50.0290|2020-04-24 16:18:50,info,GetDefaultSiteCollectionTermStore,Error:Cannot find proxy for type with id "{981cbc68-9edc-4f8d-872f-71146fcbb84f}".|Sobiens.Connectors.Entities.Logger.WriteEntry
Debug|2020-04-24 16:18:56.5216|2020-04-24 16:18:56,info,GetDefaultSiteCollectionTermStore,Error:Cannot find proxy for type with id "{981cbc68-9edc-4f8d-872f-71146fcbb84f}".|Sobiens.Connectors.Entities.Logger.WriteEntry
Debug|2020-04-24 16:18:56.5355|2020-04-24 16:18:56,info,Service,webUrl:https://process.unfccc.int/sites/submissionsstaging/NationalReports|Sobiens.Connectors.Entities.Logger.WriteEntry
Debug|2020-04-24 16:19:05.3739|2020-04-24 16:19:05,info,GetDefaultSiteCollectionTermStore,Error:Cannot find proxy for type with id "{981cbc68-9edc-4f8d-872f-71146fcbb84f}".|Sobiens.Connectors.Entities.Logger.WriteEntry
Debug|2020-04-24 16:19:07.6019|2020-04-24 16:19:07,info,GetDefaultSiteCollectionTermStore,Error:Cannot find proxy for type with id "{981cbc68-9edc-4f8d-872f-71146fcbb84f}".|Sobiens.Connectors.Entities.Logger.WriteEntry
Debug|2020-04-24 16:19:13.4383|2020-04-24 16:19:13,info,GetDefaultSiteCollectionTermStore,Error:Cannot find proxy for type with id "{981cbc68-9edc-4f8d-872f-71146fcbb84f}".|Sobiens.Connectors.Entities.Logger.WriteEntry
Debug|2020-04-24 16:19:13.4722|2020-04-24 16:19:13,info,Service,webUrl:https://process.unfccc.int/sites/submissionsstaging/search|Sobiens.Connectors.Entities.Logger.WriteEntry
Debug|2020-04-24 16:32:11.9921|2020-04-24 16:32:11,warning,Studio,WorkItem has been added LogCategory: Title:Populating treeview items WorkItemType:NonCriticalWorkItem|Sobiens.Connectors.Entities.Logger.WriteEntry
Debug|2020-04-24 16:32:12.0180|2020-04-24 16:32:12,warning,Studio,WorkItem is being processed LogCategory: Title:Populating treeview items WorkItemType:NonCriticalWorkItem|Sobiens.Connectors.Entities.Logger.WriteEntry
Debug|2020-04-24 16:32:25.1638|2020-04-24 16:32:25,warning,Studio,WorkItem has been added LogCategory: Title:Populating treeview items WorkItemType:NonCriticalWorkItem|Sobiens.Connectors.Entities.Logger.WriteEntry
Debug|2020-04-24 16:32:25.1638|2020-04-24 16:32:25,warning,Studio,WorkItem is being processed LogCategory: Title:Populating treeview items WorkItemType:NonCriticalWorkItem|Sobiens.Connectors.Entities.Logger.WriteEntry
Debug|2020-04-24 16:34:55.3402|2020-04-24 16:34:55,warning,Studio,WorkItem has been added LogCategory: Title:Populating treeview items WorkItemType:NonCriticalWorkItem|Sobiens.Connectors.Entities.Logger.WriteEntry
Debug|2020-04-24 16:34:55.3751|2020-04-24 16:34:55,warning,Studio,WorkItem is being processed LogCategory: Title:Populating treeview items WorkItemType:NonCriticalWorkItem|Sobiens.Connectors.Entities.Logger.WriteEntry
Debug|2020-04-24 16:35:07.0050|2020-04-24 16:35:07,warning,Studio,WorkItem has been added LogCategory: Title:Populating treeview items WorkItemType:NonCriticalWorkItem|Sobiens.Connectors.Entities.Logger.WriteEntry
Debug|2020-04-24 16:35:07.0050|2020-04-24 16:35:07,warning,Studio,WorkItem is being processed LogCategory: Title:Populating treeview items WorkItemType:NonCriticalWorkItem|Sobiens.Connectors.Entities.Logger.WriteEntry
Debug|2020-04-24 16:36:39.2143|2020-04-24 16:36:39,warning,Studio,WorkItem has been added LogCategory: Title:Populating treeview items WorkItemType:NonCriticalWorkItem|Sobiens.Connectors.Entities.Logger.WriteEntry
Debug|2020-04-24 16:36:39.2442|2020-04-24 16:36:39,warning,Studio,WorkItem is being processed LogCategory: Title:Populating treeview items WorkItemType:NonCriticalWorkItem|Sobiens.Connectors.Entities.Logger.WriteEntry
Debug|2020-04-24 16:36:52.8508|2020-04-24 16:36:52,warning,Studio,WorkItem has been added LogCategory: Title:Populating treeview items WorkItemType:NonCriticalWorkItem|Sobiens.Connectors.Entities.Logger.WriteEntry
Debug|2020-04-24 16:36:52.8508|2020-04-24 16:36:52,warning,Studio,WorkItem is being processed LogCategory: Title:Populating treeview items WorkItemType:NonCriticalWorkItem|Sobiens.Connectors.Entities.Logger.WriteEntry
Debug|2020-04-24 17:20:24.0178|2020-04-24 17:20:24,warning,Studio,WorkItem has been added LogCategory: Title:Populating treeview items WorkItemType:NonCriticalWorkItem|Sobiens.Connectors.Entities.Logger.WriteEntry
Debug|2020-04-24 17:20:24.0446|2020-04-24 17:20:24,warning,Studio,WorkItem is being processed LogCategory: Title:Populating treeview items WorkItemType:NonCriticalWorkItem|Sobiens.Connectors.Entities.Logger.WriteEntry
Debug|2020-04-24 17:20:29.3684|2020-04-24 17:20:29,warning,Studio,WorkItem has been added LogCategory: Title:Populating treeview items WorkItemType:NonCriticalWorkItem|Sobiens.Connectors.Entities.Logger.WriteEntry
Debug|2020-04-24 17:20:29.3684|2020-04-24 17:20:29,warning,Studio,WorkItem is being processed LogCategory: Title:Populating treeview items WorkItemType:NonCriticalWorkItem|Sobiens.Connectors.Entities.Logger.WriteEntry
Debug|2020-04-24 17:20:55.1405|2020-04-24 17:20:55,warning,Studio,WorkItem has been added LogCategory: Title:Populating treeview items WorkItemType:NonCriticalWorkItem|Sobiens.Connectors.Entities.Logger.WriteEntry
Debug|2020-04-24 17:20:55.1405|2020-04-24 17:20:55,warning,Studio,WorkItem is being processed LogCategory: Title:Populating treeview items WorkItemType:NonCriticalWorkItem|Sobiens.Connectors.Entities.Logger.WriteEntry
Debug|2020-04-24 17:21:00.2578|2020-04-24 17:21:00,warning,Studio,WorkItem has been added LogCategory: Title:Populating treeview items WorkItemType:NonCriticalWorkItem|Sobiens.Connectors.Entities.Logger.WriteEntry
Debug|2020-04-24 17:21:00.2578|2020-04-24 17:21:00,warning,Studio,WorkItem is being processed LogCategory: Title:Populating treeview items WorkItemType:NonCriticalWorkItem|Sobiens.Connectors.Entities.Logger.WriteEntry
Debug|2020-04-24 18:07:59.8133|2020-04-24 18:07:59,warning,Studio,WorkItem has been added LogCategory: Title:Populating treeview items WorkItemType:NonCriticalWorkItem|Sobiens.Connectors.Entities.Logger.WriteEntry
Debug|2020-04-24 18:07:59.8592|2020-04-24 18:07:59,warning,Studio,WorkItem is being processed LogCategory: Title:Populating treeview items WorkItemType:NonCriticalWorkItem|Sobiens.Connectors.Entities.Logger.WriteEntry
Debug|2020-04-24 20:14:36.8900|2020-04-24 20:14:36,warning,Studio,WorkItem has been added LogCategory: Title:Populating treeview items WorkItemType:NonCriticalWorkItem|Sobiens.Connectors.Entities.Logger.WriteEntry
Debug|2020-04-24 20:14:36.8900|2020-04-24 20:14:36,warning,Studio,WorkItem is being processed LogCategory: Title:Populating treeview items WorkItemType:NonCriticalWorkItem|Sobiens.Connectors.Entities.Logger.WriteEntry
