Debug|2020-04-25 09:38:52.4077|2020-04-25 09:38:52,warning,Studio,WorkItem has been added LogCategory: Title:Populating treeview items WorkItemType:NonCriticalWorkItem|Sobiens.Connectors.Entities.Logger.WriteEntry
Debug|2020-04-25 09:38:52.4307|2020-04-25 09:38:52,warning,Studio,WorkItem is being processed LogCategory: Title:Populating treeview items WorkItemType:NonCriticalWorkItem|Sobiens.Connectors.Entities.Logger.WriteEntry
Debug|2020-04-25 09:39:03.0493|2020-04-25 09:39:03,warning,Studio,WorkItem has been added LogCategory: Title:Populating treeview items WorkItemType:NonCriticalWorkItem|Sobiens.Connectors.Entities.Logger.WriteEntry
Debug|2020-04-25 09:39:03.0493|2020-04-25 09:39:03,warning,Studio,WorkItem is being processed LogCategory: Title:Populating treeview items WorkItemType:NonCriticalWorkItem|Sobiens.Connectors.Entities.Logger.WriteEntry
Debug|2020-04-25 09:39:16.9850|2020-04-25 09:39:16,warning,Studio,WorkItem has been added LogCategory: Title:Populating treeview items WorkItemType:NonCriticalWorkItem|Sobiens.Connectors.Entities.Logger.WriteEntry
Debug|2020-04-25 09:39:16.9850|2020-04-25 09:39:16,warning,Studio,WorkItem is being processed LogCategory: Title:Populating treeview items WorkItemType:NonCriticalWorkItem|Sobiens.Connectors.Entities.Logger.WriteEntry
Debug|2020-04-25 09:39:22.6419|2020-04-25 09:39:22,warning,Studio,WorkItem has been added LogCategory: Title:Populating treeview items WorkItemType:NonCriticalWorkItem|Sobiens.Connectors.Entities.Logger.WriteEntry
Debug|2020-04-25 09:39:22.6419|2020-04-25 09:39:22,warning,Studio,WorkItem is being processed LogCategory: Title:Populating treeview items WorkItemType:NonCriticalWorkItem|Sobiens.Connectors.Entities.Logger.WriteEntry
Debug|2020-04-25 09:39:53.5302|2020-04-25 09:39:53,warning,Studio,WorkItem has been added LogCategory: Title:Populating treeview items WorkItemType:NonCriticalWorkItem|Sobiens.Connectors.Entities.Logger.WriteEntry
Debug|2020-04-25 09:39:53.5302|2020-04-25 09:39:53,warning,Studio,WorkItem is being processed LogCategory: Title:Populating treeview items WorkItemType:NonCriticalWorkItem|Sobiens.Connectors.Entities.Logger.WriteEntry
Debug|2020-04-25 09:40:22.9854|2020-04-25 09:40:22,warning,Studio,WorkItem has been added LogCategory: Title:Populating treeview items WorkItemType:NonCriticalWorkItem|Sobiens.Connectors.Entities.Logger.WriteEntry
Debug|2020-04-25 09:40:22.9854|2020-04-25 09:40:22,warning,Studio,WorkItem is being processed LogCategory: Title:Populating treeview items WorkItemType:NonCriticalWorkItem|Sobiens.Connectors.Entities.Logger.WriteEntry
Debug|2020-04-25 09:42:13.9984|2020-04-25 09:42:13,warning,Studio,WorkItem has been added LogCategory: Title:Populating treeview items WorkItemType:NonCriticalWorkItem|Sobiens.Connectors.Entities.Logger.WriteEntry
Debug|2020-04-25 09:42:13.9984|2020-04-25 09:42:13,warning,Studio,WorkItem is being processed LogCategory: Title:Populating treeview items WorkItemType:NonCriticalWorkItem|Sobiens.Connectors.Entities.Logger.WriteEntry
Debug|2020-04-25 09:54:35.6534|2020-04-25 09:54:35,warning,Studio,WorkItem has been added LogCategory: Title:Populating treeview items WorkItemType:NonCriticalWorkItem|Sobiens.Connectors.Entities.Logger.WriteEntry
Debug|2020-04-25 09:54:35.6753|2020-04-25 09:54:35,warning,Studio,WorkItem is being processed LogCategory: Title:Populating treeview items WorkItemType:NonCriticalWorkItem|Sobiens.Connectors.Entities.Logger.WriteEntry
Debug|2020-04-25 09:55:16.7465|2020-04-25 09:55:16,warning,Studio,WorkItem has been added LogCategory: Title:Populating treeview items WorkItemType:NonCriticalWorkItem|Sobiens.Connectors.Entities.Logger.WriteEntry
Debug|2020-04-25 09:55:16.7465|2020-04-25 09:55:16,warning,Studio,WorkItem is being processed LogCategory: Title:Populating treeview items WorkItemType:NonCriticalWorkItem|Sobiens.Connectors.Entities.Logger.WriteEntry
Debug|2020-04-25 09:56:12.0164|2020-04-25 09:56:12,info,Service,webUrl:https://process.unfccc.int/sites/submissionsstaging|Sobiens.Connectors.Entities.Logger.WriteEntry
Debug|2020-04-25 09:56:12.0164|2020-04-25 09:56:12,info,listName,listName:https://process.unfccc.int/sites/submissionsstaging|Sobiens.Connectors.Entities.Logger.WriteEntry
Debug|2020-04-25 09:56:13.3359|2020-04-25 09:56:13,info,Service,webUrl:https://process.unfccc.int/sites/submissionsstaging|Sobiens.Connectors.Entities.Logger.WriteEntry
Debug|2020-04-25 09:56:13.3359|2020-04-25 09:56:13,info,listName,listName:https://process.unfccc.int/sites/submissionsstaging|Sobiens.Connectors.Entities.Logger.WriteEntry
Debug|2020-04-25 10:17:42.0679|2020-04-25 10:17:42,warning,Studio,WorkItem has been added LogCategory: Title:Populating treeview items WorkItemType:NonCriticalWorkItem|Sobiens.Connectors.Entities.Logger.WriteEntry
Debug|2020-04-25 10:17:42.0928|2020-04-25 10:17:42,warning,Studio,WorkItem is being processed LogCategory: Title:Populating treeview items WorkItemType:NonCriticalWorkItem|Sobiens.Connectors.Entities.Logger.WriteEntry
Debug|2020-04-25 10:18:08.5880|2020-04-25 10:18:08,warning,Studio,WorkItem has been added LogCategory: Title:Populating treeview items WorkItemType:NonCriticalWorkItem|Sobiens.Connectors.Entities.Logger.WriteEntry
Debug|2020-04-25 10:18:08.5910|2020-04-25 10:18:08,warning,Studio,WorkItem is being processed LogCategory: Title:Populating treeview items WorkItemType:NonCriticalWorkItem|Sobiens.Connectors.Entities.Logger.WriteEntry
Debug|2020-04-25 10:21:32.8167|2020-04-25 10:21:32,warning,Studio,WorkItem has been added LogCategory: Title:Populating treeview items WorkItemType:NonCriticalWorkItem|Sobiens.Connectors.Entities.Logger.WriteEntry
Debug|2020-04-25 10:21:32.8167|2020-04-25 10:21:32,warning,Studio,WorkItem is being processed LogCategory: Title:Populating treeview items WorkItemType:NonCriticalWorkItem|Sobiens.Connectors.Entities.Logger.WriteEntry
Debug|2020-04-25 10:23:32.4396|2020-04-25 10:23:32,warning,Studio,WorkItem has been added LogCategory: Title:Populating treeview items WorkItemType:NonCriticalWorkItem|Sobiens.Connectors.Entities.Logger.WriteEntry
Debug|2020-04-25 10:23:32.4396|2020-04-25 10:23:32,warning,Studio,WorkItem is being processed LogCategory: Title:Populating treeview items WorkItemType:NonCriticalWorkItem|Sobiens.Connectors.Entities.Logger.WriteEntry
Debug|2020-04-25 10:58:01.7540|2020-04-25 10:58:01,warning,Studio,WorkItem has been added LogCategory: Title:Populating treeview items WorkItemType:NonCriticalWorkItem|Sobiens.Connectors.Entities.Logger.WriteEntry
Debug|2020-04-25 10:58:01.7540|2020-04-25 10:58:01,warning,Studio,WorkItem is being processed LogCategory: Title:Populating treeview items WorkItemType:NonCriticalWorkItem|Sobiens.Connectors.Entities.Logger.WriteEntry
Debug|2020-04-25 10:58:13.3010|2020-04-25 10:58:13,warning,Studio,WorkItem has been added LogCategory: Title:Populating treeview items WorkItemType:NonCriticalWorkItem|Sobiens.Connectors.Entities.Logger.WriteEntry
Debug|2020-04-25 10:58:13.3010|2020-04-25 10:58:13,warning,Studio,WorkItem is being processed LogCategory: Title:Populating treeview items WorkItemType:NonCriticalWorkItem|Sobiens.Connectors.Entities.Logger.WriteEntry
Debug|2020-04-25 10:58:19.2236|2020-04-25 10:58:19,info,SyncTasksManager,SyncTasks are being loaded from C:\Users\serkant2\AppData\Roaming\Sobiens\Sobiens.Connectors\SyncTasks\SyncTasks.xml|Sobiens.Connectors.Entities.Logger.WriteEntry
Debug|2020-04-25 10:58:19.2236|2020-04-25 10:58:19,info,SyncTasksManager,SyncTasks are being save to C:\Users\serkant2\AppData\Roaming\Sobiens\Sobiens.Connectors\SyncTasks\SyncTasks.xml|Sobiens.Connectors.Entities.Logger.WriteEntry
Debug|2020-04-25 12:20:29.0828|2020-04-25 12:20:29,warning,Studio,WorkItem has been added LogCategory: Title:Populating treeview items WorkItemType:NonCriticalWorkItem|Sobiens.Connectors.Entities.Logger.WriteEntry
Debug|2020-04-25 12:20:29.1067|2020-04-25 12:20:29,warning,Studio,WorkItem is being processed LogCategory: Title:Populating treeview items WorkItemType:NonCriticalWorkItem|Sobiens.Connectors.Entities.Logger.WriteEntry
Debug|2020-04-25 12:20:38.1944|2020-04-25 12:20:38,warning,Studio,WorkItem has been added LogCategory: Title:Populating treeview items WorkItemType:NonCriticalWorkItem|Sobiens.Connectors.Entities.Logger.WriteEntry
Debug|2020-04-25 12:20:38.1944|2020-04-25 12:20:38,warning,Studio,WorkItem is being processed LogCategory: Title:Populating treeview items WorkItemType:NonCriticalWorkItem|Sobiens.Connectors.Entities.Logger.WriteEntry
Debug|2020-04-25 12:20:47.9134|2020-04-25 12:20:47,warning,Studio,WorkItem has been added LogCategory: Title:Populating treeview items WorkItemType:NonCriticalWorkItem|Sobiens.Connectors.Entities.Logger.WriteEntry
Debug|2020-04-25 12:20:47.9134|2020-04-25 12:20:47,warning,Studio,WorkItem is being processed LogCategory: Title:Populating treeview items WorkItemType:NonCriticalWorkItem|Sobiens.Connectors.Entities.Logger.WriteEntry
Debug|2020-04-25 12:21:02.1393|2020-04-25 12:21:02,error,SyncCopyListWizardForm,11|Sobiens.Connectors.Entities.Logger.WriteEntry
Debug|2020-04-25 12:21:08.6709|2020-04-25 12:21:08,warning,Studio,WorkItem has been added LogCategory: Title:Populating treeview items WorkItemType:NonCriticalWorkItem|Sobiens.Connectors.Entities.Logger.WriteEntry
Debug|2020-04-25 12:21:08.6709|2020-04-25 12:21:08,warning,Studio,WorkItem is being processed LogCategory: Title:Populating treeview items WorkItemType:NonCriticalWorkItem|Sobiens.Connectors.Entities.Logger.WriteEntry
Debug|2020-04-25 12:21:14.3766|2020-04-25 12:21:14,warning,Studio,WorkItem has been added LogCategory: Title:Populating treeview items WorkItemType:NonCriticalWorkItem|Sobiens.Connectors.Entities.Logger.WriteEntry
Debug|2020-04-25 12:21:14.3766|2020-04-25 12:21:14,warning,Studio,WorkItem is being processed LogCategory: Title:Populating treeview items WorkItemType:NonCriticalWorkItem|Sobiens.Connectors.Entities.Logger.WriteEntry
Debug|2020-04-25 12:21:19.7472|2020-04-25 12:21:19,error,SyncCopyListWizardForm,6|Sobiens.Connectors.Entities.Logger.WriteEntry
Debug|2020-04-25 12:21:19.7612|2020-04-25 12:21:19,error,SyncCopyListWizardForm,7|Sobiens.Connectors.Entities.Logger.WriteEntry
Debug|2020-04-25 12:21:30.2102|2020-04-25 12:21:30,error,SyncCopyListWizardForm,12|Sobiens.Connectors.Entities.Logger.WriteEntry
Debug|2020-04-25 12:21:30.2102|2020-04-25 12:21:30,error,SyncCopyListWizardForm,13|Sobiens.Connectors.Entities.Logger.WriteEntry
Debug|2020-04-25 12:21:34.9136|2020-04-25 12:21:34,error,SyncCopyListWizardForm,15|Sobiens.Connectors.Entities.Logger.WriteEntry
Debug|2020-04-25 12:21:34.9136|2020-04-25 12:21:34,error,SyncCopyListWizardForm,16|Sobiens.Connectors.Entities.Logger.WriteEntry
Debug|2020-04-25 12:21:41.4013|2020-04-25 12:21:41,error,SyncCopyListWizardForm,17|Sobiens.Connectors.Entities.Logger.WriteEntry
Debug|2020-04-25 12:21:41.4042|2020-04-25 12:21:41,info,SyncTasksManager,SyncTasks are being loaded from C:\Users\serkant2\AppData\Roaming\Sobiens\Sobiens.Connectors\SyncTasks\SyncTasks.xml|Sobiens.Connectors.Entities.Logger.WriteEntry
Debug|2020-04-25 12:21:53.4730|2020-04-25 12:21:53,error,SyncCopyListWizardForm,17|Sobiens.Connectors.Entities.Logger.WriteEntry
Debug|2020-04-25 12:21:53.4730|2020-04-25 12:21:53,info,SyncTasksManager,SyncTasks are being loaded from C:\Users\serkant2\AppData\Roaming\Sobiens\Sobiens.Connectors\SyncTasks\SyncTasks.xml|Sobiens.Connectors.Entities.Logger.WriteEntry
Debug|2020-04-25 12:22:28.5511|2020-04-25 12:22:28,error,SyncCopyListWizardForm,17|Sobiens.Connectors.Entities.Logger.WriteEntry
Debug|2020-04-25 12:22:29.8756|2020-04-25 12:22:29,info,SyncTasksManager,SyncTasks are being loaded from C:\Users\serkant2\AppData\Roaming\Sobiens\Sobiens.Connectors\SyncTasks\SyncTasks.xml|Sobiens.Connectors.Entities.Logger.WriteEntry
Debug|2020-04-25 12:22:52.7344|2020-04-25 12:22:52,error,SyncCopyListWizardForm,17|Sobiens.Connectors.Entities.Logger.WriteEntry
Debug|2020-04-25 12:22:57.0818|2020-04-25 12:22:57,info,SyncTasksManager,SyncTasks are being loaded from C:\Users\serkant2\AppData\Roaming\Sobiens\Sobiens.Connectors\SyncTasks\SyncTasks.xml|Sobiens.Connectors.Entities.Logger.WriteEntry
Debug|2020-04-25 12:24:01.4067|2020-04-25 12:24:01,error,SyncCopyListWizardForm,17|Sobiens.Connectors.Entities.Logger.WriteEntry
Debug|2020-04-25 12:24:16.2181|2020-04-25 12:24:16,info,SyncTasksManager,SyncTasks are being loaded from C:\Users\serkant2\AppData\Roaming\Sobiens\Sobiens.Connectors\SyncTasks\SyncTasks.xml|Sobiens.Connectors.Entities.Logger.WriteEntry
Debug|2020-04-25 12:24:27.5508|2020-04-25 12:24:27,info,SyncTasksManager,SyncTasks are being save to C:\Users\serkant2\AppData\Roaming\Sobiens\Sobiens.Connectors\SyncTasks\SyncTasks.xml|Sobiens.Connectors.Entities.Logger.WriteEntry
Debug|2020-04-25 12:24:33.2675|2020-04-25 12:24:33,error,SyncCopyListWizardForm,18|Sobiens.Connectors.Entities.Logger.WriteEntry
Debug|2020-04-25 12:24:33.5856|2020-04-25 12:24:33,info,SyncTasksManager,SyncTasks are being save to C:\Users\serkant2\AppData\Roaming\Sobiens\Sobiens.Connectors\SyncTasks\SyncTasks.xml|Sobiens.Connectors.Entities.Logger.WriteEntry
Debug|2020-04-25 12:24:33.9736|2020-04-25 12:24:33,error,SyncCopyListWizardForm,19|Sobiens.Connectors.Entities.Logger.WriteEntry
Debug|2020-04-25 12:24:40.5230|2020-04-25 12:24:40,error,SyncCopyListWizardForm,20|Sobiens.Connectors.Entities.Logger.WriteEntry
Debug|2020-04-25 12:24:45.6763|2020-04-25 12:24:45,info,BackgroundDataService,Starting service ...|Sobiens.Connectors.Entities.Logger.WriteEntry
Debug|2020-04-25 12:24:45.6763|2020-04-25 12:24:45,info,BackgroundDataService,Creating Service context ...|Sobiens.Connectors.Entities.Logger.WriteEntry
Debug|2020-04-25 12:24:45.6763|2020-04-25 12:24:45,info,BackgroundDataService,Service started and timer activated.|Sobiens.Connectors.Entities.Logger.WriteEntry
Debug|2020-04-25 12:24:45.6882|2020-04-25 12:24:45,info,BackgroundDataService,Worker thread for processing request queue has started.|Sobiens.Connectors.Entities.Logger.WriteEntry
Debug|2020-04-25 12:24:48.0270|2020-04-25 12:24:48,info,SyncTasksManager,SyncTaskHistories are being read from C:\Users\serkant2\AppData\Roaming\Sobiens\Sobiens.Connectors\SyncTasks\Histories\20200425.txt|Sobiens.Connectors.Entities.Logger.WriteEntry
Debug|2020-04-25 12:24:48.0270|2020-04-25 12:24:48,info,SyncTasksManager,SyncTaskHistories are being read from C:\Users\serkant2\AppData\Roaming\Sobiens\Sobiens.Connectors\SyncTasks\Histories\20200425.txt|Sobiens.Connectors.Entities.Logger.WriteEntry
Debug|2020-04-25 12:24:48.0270|2020-04-25 12:24:48,info,SyncTasksManager,SyncTaskHistories are being read from C:\Users\serkant2\AppData\Roaming\Sobiens\Sobiens.Connectors\SyncTasks\Histories\20200425.txt|Sobiens.Connectors.Entities.Logger.WriteEntry
Debug|2020-04-25 12:25:15.6890|2020-04-25 12:25:15,info,SyncTasksManager,SyncTasks are being save to C:\Users\serkant2\AppData\Roaming\Sobiens\Sobiens.Connectors\SyncTasks\SyncTasks.xml|Sobiens.Connectors.Entities.Logger.WriteEntry
Debug|2020-04-25 12:25:15.6890|2020-04-25 12:25:15,info,BackgroundDataService,Performing requests OLEYYYY...|Sobiens.Connectors.Entities.Logger.WriteEntry
Debug|2020-04-25 12:25:45.6957|2020-04-25 12:25:45,info,BackgroundDataService,Performing requests OLEYYYY...|Sobiens.Connectors.Entities.Logger.WriteEntry
Debug|2020-04-25 12:25:45.7007|2020-04-25 12:25:45,info,SyncTasksManager,SyncTasks are being save to C:\Users\serkant2\AppData\Roaming\Sobiens\Sobiens.Connectors\SyncTasks\SyncTasks.xml|Sobiens.Connectors.Entities.Logger.WriteEntry
Debug|2020-04-25 12:25:45.7266|2020-04-25 12:25:45,info,SyncTasksManager,SyncTasks are being save to C:\Users\serkant2\AppData\Roaming\Sobiens\Sobiens.Connectors\SyncTasks\SyncTasks.xml|Sobiens.Connectors.Entities.Logger.WriteEntry
Debug|2020-04-25 12:29:18.9871|2020-04-25 12:29:18,info,SyncTasksManager,SyncTasks are being loaded from C:\Users\serkant2\AppData\Roaming\Sobiens\Sobiens.Connectors\SyncTasks\SyncTasks.xml|Sobiens.Connectors.Entities.Logger.WriteEntry
Debug|2020-04-25 12:29:19.2145|2020-04-25 12:29:19,info,SyncTasksManager,SyncTaskHistories are being read from C:\Users\serkant2\AppData\Roaming\Sobiens\Sobiens.Connectors\SyncTasks\Histories\20200425.txt|Sobiens.Connectors.Entities.Logger.WriteEntry
Debug|2020-04-25 12:29:19.2145|2020-04-25 12:29:19,info,SyncTasksManager,SyncTaskHistories are being read from C:\Users\serkant2\AppData\Roaming\Sobiens\Sobiens.Connectors\SyncTasks\Histories\20200425.txt|Sobiens.Connectors.Entities.Logger.WriteEntry
Debug|2020-04-25 12:29:19.2145|2020-04-25 12:29:19,info,SyncTasksManager,SyncTaskHistories are being read from C:\Users\serkant2\AppData\Roaming\Sobiens\Sobiens.Connectors\SyncTasks\Histories\20200425.txt|Sobiens.Connectors.Entities.Logger.WriteEntry
Debug|2020-04-25 12:29:24.9352|2020-04-25 12:29:24,info,BackgroundDataService,Starting service ...|Sobiens.Connectors.Entities.Logger.WriteEntry
Debug|2020-04-25 12:29:24.9352|2020-04-25 12:29:24,info,BackgroundDataService,Creating Service context ...|Sobiens.Connectors.Entities.Logger.WriteEntry
Debug|2020-04-25 12:29:24.9352|2020-04-25 12:29:24,info,BackgroundDataService,Service started and timer activated.|Sobiens.Connectors.Entities.Logger.WriteEntry
Debug|2020-04-25 12:29:24.9352|2020-04-25 12:29:24,info,BackgroundDataService,Worker thread for processing request queue has started.|Sobiens.Connectors.Entities.Logger.WriteEntry
Debug|2020-04-25 12:29:27.6090|2020-04-25 12:29:27,info,SyncTasksManager,SyncTaskHistories are being read from C:\Users\serkant2\AppData\Roaming\Sobiens\Sobiens.Connectors\SyncTasks\Histories\20200425.txt|Sobiens.Connectors.Entities.Logger.WriteEntry
Debug|2020-04-25 12:29:27.6090|2020-04-25 12:29:27,info,SyncTasksManager,SyncTaskHistories are being read from C:\Users\serkant2\AppData\Roaming\Sobiens\Sobiens.Connectors\SyncTasks\Histories\20200425.txt|Sobiens.Connectors.Entities.Logger.WriteEntry
Debug|2020-04-25 12:29:27.6090|2020-04-25 12:29:27,info,SyncTasksManager,SyncTaskHistories are being read from C:\Users\serkant2\AppData\Roaming\Sobiens\Sobiens.Connectors\SyncTasks\Histories\20200425.txt|Sobiens.Connectors.Entities.Logger.WriteEntry
Debug|2020-04-25 12:29:34.8486|2020-04-25 12:29:34,info,BackgroundDataService,Stopping service ...|Sobiens.Connectors.Entities.Logger.WriteEntry
Debug|2020-04-25 12:29:34.8486|2020-04-25 12:29:34,info,BackgroundDataService,Timer disabled, waiting for pending requests to complete ...|Sobiens.Connectors.Entities.Logger.WriteEntry
Debug|2020-04-25 12:29:34.8486|2020-04-25 12:29:34,info,BackgroundDataService,No of enqued requests is 0, waiting to terminate ...|Sobiens.Connectors.Entities.Logger.WriteEntry
Debug|2020-04-25 12:29:34.8696|2020-04-25 12:29:34,info,BackgroundDataService,Worker thread for processing request queue is terminated.|Sobiens.Connectors.Entities.Logger.WriteEntry
Debug|2020-04-25 12:29:34.8736|2020-04-25 12:29:34,info,BackgroundDataService,Service successfully terminated.|Sobiens.Connectors.Entities.Logger.WriteEntry
Debug|2020-04-25 12:29:36.8772|2020-04-25 12:29:36,info,SyncTasksManager,SyncTaskHistories are being read from C:\Users\serkant2\AppData\Roaming\Sobiens\Sobiens.Connectors\SyncTasks\Histories\20200425.txt|Sobiens.Connectors.Entities.Logger.WriteEntry
Debug|2020-04-25 12:29:36.8772|2020-04-25 12:29:36,info,SyncTasksManager,SyncTaskHistories are being read from C:\Users\serkant2\AppData\Roaming\Sobiens\Sobiens.Connectors\SyncTasks\Histories\20200425.txt|Sobiens.Connectors.Entities.Logger.WriteEntry
Debug|2020-04-25 12:29:36.8772|2020-04-25 12:29:36,info,SyncTasksManager,SyncTaskHistories are being read from C:\Users\serkant2\AppData\Roaming\Sobiens\Sobiens.Connectors\SyncTasks\Histories\20200425.txt|Sobiens.Connectors.Entities.Logger.WriteEntry
Debug|2020-04-25 12:29:40.0109|2020-04-25 12:29:40,info,SyncTasksManager,SyncTasks are being save to C:\Users\serkant2\AppData\Roaming\Sobiens\Sobiens.Connectors\SyncTasks\SyncTasks.xml|Sobiens.Connectors.Entities.Logger.WriteEntry
Debug|2020-04-25 12:29:40.0188|2020-04-25 12:29:40,info,SyncTasksManager,SyncTaskHistories are being read from C:\Users\serkant2\AppData\Roaming\Sobiens\Sobiens.Connectors\SyncTasks\Histories\20200425.txt|Sobiens.Connectors.Entities.Logger.WriteEntry
Debug|2020-04-25 12:29:58.7148|2020-04-25 12:29:58,warning,Studio,WorkItem has been added LogCategory: Title:Populating treeview items WorkItemType:NonCriticalWorkItem|Sobiens.Connectors.Entities.Logger.WriteEntry
Debug|2020-04-25 12:29:58.7148|2020-04-25 12:29:58,warning,Studio,WorkItem is being processed LogCategory: Title:Populating treeview items WorkItemType:NonCriticalWorkItem|Sobiens.Connectors.Entities.Logger.WriteEntry
Debug|2020-04-25 12:30:06.4501|2020-04-25 12:30:06,warning,Studio,WorkItem has been added LogCategory: Title:Populating treeview items WorkItemType:NonCriticalWorkItem|Sobiens.Connectors.Entities.Logger.WriteEntry
Debug|2020-04-25 12:30:06.4501|2020-04-25 12:30:06,warning,Studio,WorkItem is being processed LogCategory: Title:Populating treeview items WorkItemType:NonCriticalWorkItem|Sobiens.Connectors.Entities.Logger.WriteEntry
Debug|2020-04-25 12:30:14.9105|2020-04-25 12:30:14,error,SyncCopyListWizardForm,11|Sobiens.Connectors.Entities.Logger.WriteEntry
Debug|2020-04-25 12:30:19.5500|2020-04-25 12:30:19,error,SyncCopyListWizardForm,11|Sobiens.Connectors.Entities.Logger.WriteEntry
Debug|2020-04-25 12:30:26.9343|2020-04-25 12:30:26,warning,Studio,WorkItem has been added LogCategory: Title:Populating treeview items WorkItemType:NonCriticalWorkItem|Sobiens.Connectors.Entities.Logger.WriteEntry
Debug|2020-04-25 12:30:26.9343|2020-04-25 12:30:26,warning,Studio,WorkItem is being processed LogCategory: Title:Populating treeview items WorkItemType:NonCriticalWorkItem|Sobiens.Connectors.Entities.Logger.WriteEntry
Debug|2020-04-25 12:30:32.4645|2020-04-25 12:30:32,warning,Studio,WorkItem has been added LogCategory: Title:Populating treeview items WorkItemType:NonCriticalWorkItem|Sobiens.Connectors.Entities.Logger.WriteEntry
Debug|2020-04-25 12:30:32.4645|2020-04-25 12:30:32,warning,Studio,WorkItem is being processed LogCategory: Title:Populating treeview items WorkItemType:NonCriticalWorkItem|Sobiens.Connectors.Entities.Logger.WriteEntry
Debug|2020-04-25 12:30:37.5698|2020-04-25 12:30:37,error,SyncCopyListWizardForm,6|Sobiens.Connectors.Entities.Logger.WriteEntry
Debug|2020-04-25 12:30:37.5698|2020-04-25 12:30:37,error,SyncCopyListWizardForm,7|Sobiens.Connectors.Entities.Logger.WriteEntry
Debug|2020-04-25 12:30:41.4724|2020-04-25 12:30:41,error,SyncCopyListWizardForm,12|Sobiens.Connectors.Entities.Logger.WriteEntry
Debug|2020-04-25 12:30:41.4724|2020-04-25 12:30:41,error,SyncCopyListWizardForm,13|Sobiens.Connectors.Entities.Logger.WriteEntry
Debug|2020-04-25 12:30:41.4724|2020-04-25 12:30:41,error,SyncCopyListWizardForm,15|Sobiens.Connectors.Entities.Logger.WriteEntry
Debug|2020-04-25 12:30:41.4724|2020-04-25 12:30:41,error,SyncCopyListWizardForm,16|Sobiens.Connectors.Entities.Logger.WriteEntry
Debug|2020-04-25 12:30:45.1077|2020-04-25 12:30:45,error,SyncCopyListWizardForm,17|Sobiens.Connectors.Entities.Logger.WriteEntry
Debug|2020-04-25 12:30:45.1077|2020-04-25 12:30:45,info,SyncTasksManager,SyncTasks are being save to C:\Users\serkant2\AppData\Roaming\Sobiens\Sobiens.Connectors\SyncTasks\SyncTasks.xml|Sobiens.Connectors.Entities.Logger.WriteEntry
Debug|2020-04-25 12:30:45.1226|2020-04-25 12:30:45,error,SyncCopyListWizardForm,18|Sobiens.Connectors.Entities.Logger.WriteEntry
Debug|2020-04-25 12:30:45.1226|2020-04-25 12:30:45,info,SyncTasksManager,SyncTasks are being save to C:\Users\serkant2\AppData\Roaming\Sobiens\Sobiens.Connectors\SyncTasks\SyncTasks.xml|Sobiens.Connectors.Entities.Logger.WriteEntry
Debug|2020-04-25 12:30:45.1226|2020-04-25 12:30:45,error,SyncCopyListWizardForm,19|Sobiens.Connectors.Entities.Logger.WriteEntry
Debug|2020-04-25 12:30:47.2719|2020-04-25 12:30:47,error,SyncCopyListWizardForm,20|Sobiens.Connectors.Entities.Logger.WriteEntry
Debug|2020-04-25 12:30:49.5907|2020-04-25 12:30:49,info,BackgroundDataService,Starting service ...|Sobiens.Connectors.Entities.Logger.WriteEntry
Debug|2020-04-25 12:30:49.5907|2020-04-25 12:30:49,info,BackgroundDataService,Creating Service context ...|Sobiens.Connectors.Entities.Logger.WriteEntry
Debug|2020-04-25 12:30:49.5907|2020-04-25 12:30:49,info,BackgroundDataService,Service started and timer activated.|Sobiens.Connectors.Entities.Logger.WriteEntry
Debug|2020-04-25 12:30:49.5907|2020-04-25 12:30:49,info,BackgroundDataService,Worker thread for processing request queue has started.|Sobiens.Connectors.Entities.Logger.WriteEntry
Debug|2020-04-25 12:30:49.5907|2020-04-25 12:30:49,info,BackgroundDataService,Performing requests OLEYYYY...|Sobiens.Connectors.Entities.Logger.WriteEntry
Debug|2020-04-25 12:30:52.1099|2020-04-25 12:30:52,info,SyncTasksManager,SyncTaskHistories are being read from C:\Users\serkant2\AppData\Roaming\Sobiens\Sobiens.Connectors\SyncTasks\Histories\20200425.txt|Sobiens.Connectors.Entities.Logger.WriteEntry
Debug|2020-04-25 12:30:52.1099|2020-04-25 12:30:52,info,SyncTasksManager,SyncTaskHistories are being read from C:\Users\serkant2\AppData\Roaming\Sobiens\Sobiens.Connectors\SyncTasks\Histories\20200425.txt|Sobiens.Connectors.Entities.Logger.WriteEntry
Debug|2020-04-25 12:30:52.1099|2020-04-25 12:30:52,info,SyncTasksManager,SyncTaskHistories are being read from C:\Users\serkant2\AppData\Roaming\Sobiens\Sobiens.Connectors\SyncTasks\Histories\20200425.txt|Sobiens.Connectors.Entities.Logger.WriteEntry
Debug|2020-04-25 12:31:19.5974|2020-04-25 12:31:19,info,SyncTasksManager,SyncTasks are being save to C:\Users\serkant2\AppData\Roaming\Sobiens\Sobiens.Connectors\SyncTasks\SyncTasks.xml|Sobiens.Connectors.Entities.Logger.WriteEntry
Debug|2020-04-25 12:31:19.5974|2020-04-25 12:31:19,info,BackgroundDataService,Performing requests OLEYYYY...|Sobiens.Connectors.Entities.Logger.WriteEntry
Debug|2020-04-25 12:31:49.6011|2020-04-25 12:31:49,info,BackgroundDataService,Performing requests OLEYYYY...|Sobiens.Connectors.Entities.Logger.WriteEntry
Debug|2020-04-25 12:31:49.6011|2020-04-25 12:31:49,info,SyncTasksManager,SyncTasks are being save to C:\Users\serkant2\AppData\Roaming\Sobiens\Sobiens.Connectors\SyncTasks\SyncTasks.xml|Sobiens.Connectors.Entities.Logger.WriteEntry
Debug|2020-04-25 12:31:49.6091|2020-04-25 12:31:49,info,SyncTasksManager,SyncTasks are being save to C:\Users\serkant2\AppData\Roaming\Sobiens\Sobiens.Connectors\SyncTasks\SyncTasks.xml|Sobiens.Connectors.Entities.Logger.WriteEntry
Debug|2020-04-25 12:31:49.6330|2020-04-25 12:31:49,info,Service,Filters1 count:0|Sobiens.Connectors.Entities.Logger.WriteEntry
Debug|2020-04-25 12:31:49.7547|2020-04-25 12:31:49,info,Service,Filters1 count:0|Sobiens.Connectors.Entities.Logger.WriteEntry
Debug|2020-04-25 12:31:49.7547|2020-04-25 12:31:49,info,SyncTasksManager,SyncTasks are being save to C:\Users\serkant2\AppData\Roaming\Sobiens\Sobiens.Connectors\SyncTasks\SyncTasks.xml|Sobiens.Connectors.Entities.Logger.WriteEntry
Debug|2020-04-25 12:31:49.8355|2020-04-25 12:31:49,info,ProcessSyncTaskExportFiles,Processing items count:4|Sobiens.Connectors.Entities.Logger.WriteEntry
Debug|2020-04-25 12:31:49.8355|2020-04-25 12:31:49,info,ProcessSyncTaskExportFiles,Processing item indes:0|Sobiens.Connectors.Entities.Logger.WriteEntry
Debug|2020-04-25 12:31:49.8355|2020-04-25 12:31:49,info,ProcessSyncTaskExportFiles,Processing item indes:1|Sobiens.Connectors.Entities.Logger.WriteEntry
Debug|2020-04-25 12:31:49.8355|2020-04-25 12:31:49,info,ProcessSyncTaskExportFiles,Processing item indes:2|Sobiens.Connectors.Entities.Logger.WriteEntry
Debug|2020-04-25 12:31:49.8355|2020-04-25 12:31:49,info,ProcessSyncTaskExportFiles,Processing item indes:3|Sobiens.Connectors.Entities.Logger.WriteEntry
Debug|2020-04-25 12:31:49.8415|2020-04-25 12:31:49,info,SyncTasksManager,SyncTasks are being save to C:\Users\serkant2\AppData\Roaming\Sobiens\Sobiens.Connectors\SyncTasks\SyncTasks.xml|Sobiens.Connectors.Entities.Logger.WriteEntry
Debug|2020-04-25 12:31:49.8714|2020-04-25 12:31:49,info,Service,Creating list item... |Sobiens.Connectors.Entities.Logger.WriteEntry
Debug|2020-04-25 12:31:49.8714|2020-04-25 12:31:49,info,Service,Creating list item... |Sobiens.Connectors.Entities.Logger.WriteEntry
Debug|2020-04-25 12:31:49.8714|2020-04-25 12:31:49,info,Service,Creating list item... |Sobiens.Connectors.Entities.Logger.WriteEntry
Debug|2020-04-25 12:31:49.8714|2020-04-25 12:31:49,info,Service,Creating list item... |Sobiens.Connectors.Entities.Logger.WriteEntry
Debug|2020-04-25 12:31:49.8714|2020-04-25 12:31:49,info,SyncTasksManager,SyncTasks are being save to C:\Users\serkant2\AppData\Roaming\Sobiens\Sobiens.Connectors\SyncTasks\SyncTasks.xml|Sobiens.Connectors.Entities.Logger.WriteEntry
Debug|2020-04-25 12:31:49.8913|2020-04-25 12:31:49,info,SyncTasksManager,SyncTaskStatus are being save to C:\Users\serkant2\AppData\Roaming\Sobiens\Sobiens.Connectors\SyncTasks\SyncData\4462f1b6ab0a43af8f015b85f0a1c939\SyncTaskStatus.xml|Sobiens.Connectors.Entities.Logger.WriteEntry
Debug|2020-04-25 12:32:19.5999|2020-04-25 12:32:19,info,SyncTasksManager,SyncTaskHistories are being save to C:\Users\serkant2\AppData\Roaming\Sobiens\Sobiens.Connectors\SyncTasks\Histories\20200425.txt|Sobiens.Connectors.Entities.Logger.WriteEntry
Debug|2020-04-25 12:32:19.6128|2020-04-25 12:32:19,info,BackgroundDataService,Performing requests OLEYYYY...|Sobiens.Connectors.Entities.Logger.WriteEntry
Debug|2020-04-25 12:32:19.6128|2020-04-25 12:32:19,info,SyncTasksManager,SyncTasks are being save to C:\Users\serkant2\AppData\Roaming\Sobiens\Sobiens.Connectors\SyncTasks\SyncTasks.xml|Sobiens.Connectors.Entities.Logger.WriteEntry
Debug|2020-04-25 12:32:19.6318|2020-04-25 12:32:19,info,SyncTasksManager,SyncTasks are being save to C:\Users\serkant2\AppData\Roaming\Sobiens\Sobiens.Connectors\SyncTasks\SyncTasks.xml|Sobiens.Connectors.Entities.Logger.WriteEntry
Debug|2020-04-25 12:32:49.6385|2020-04-25 12:32:49,info,BackgroundDataService,Performing requests OLEYYYY...|Sobiens.Connectors.Entities.Logger.WriteEntry
Debug|2020-04-25 12:33:19.6432|2020-04-25 12:33:19,info,BackgroundDataService,Performing requests OLEYYYY...|Sobiens.Connectors.Entities.Logger.WriteEntry
Debug|2020-04-25 12:33:49.6440|2020-04-25 12:33:49,info,BackgroundDataService,Performing requests OLEYYYY...|Sobiens.Connectors.Entities.Logger.WriteEntry
Debug|2020-04-25 12:34:19.6518|2020-04-25 12:34:19,info,BackgroundDataService,Performing requests OLEYYYY...|Sobiens.Connectors.Entities.Logger.WriteEntry
Debug|2020-04-25 12:34:49.6554|2020-04-25 12:34:49,info,BackgroundDataService,Performing requests OLEYYYY...|Sobiens.Connectors.Entities.Logger.WriteEntry
Debug|2020-04-25 12:35:19.6641|2020-04-25 12:35:19,info,BackgroundDataService,Performing requests OLEYYYY...|Sobiens.Connectors.Entities.Logger.WriteEntry
Debug|2020-04-25 12:35:49.7428|2020-04-25 12:35:49,info,BackgroundDataService,Performing requests OLEYYYY...|Sobiens.Connectors.Entities.Logger.WriteEntry
Debug|2020-04-25 12:36:19.7464|2020-04-25 12:36:19,info,BackgroundDataService,Performing requests OLEYYYY...|Sobiens.Connectors.Entities.Logger.WriteEntry
Debug|2020-04-25 12:36:49.7492|2020-04-25 12:36:49,info,BackgroundDataService,Performing requests OLEYYYY...|Sobiens.Connectors.Entities.Logger.WriteEntry
Debug|2020-04-25 12:37:19.7549|2020-04-25 12:37:19,info,BackgroundDataService,Performing requests OLEYYYY...|Sobiens.Connectors.Entities.Logger.WriteEntry
Debug|2020-04-25 12:37:49.7606|2020-04-25 12:37:49,info,BackgroundDataService,Performing requests OLEYYYY...|Sobiens.Connectors.Entities.Logger.WriteEntry
Debug|2020-04-25 12:38:19.7654|2020-04-25 12:38:19,info,BackgroundDataService,Performing requests OLEYYYY...|Sobiens.Connectors.Entities.Logger.WriteEntry
Debug|2020-04-25 12:38:49.7701|2020-04-25 12:38:49,info,BackgroundDataService,Performing requests OLEYYYY...|Sobiens.Connectors.Entities.Logger.WriteEntry
Debug|2020-04-25 12:39:19.7768|2020-04-25 12:39:19,info,BackgroundDataService,Performing requests OLEYYYY...|Sobiens.Connectors.Entities.Logger.WriteEntry
Debug|2020-04-25 12:39:49.7895|2020-04-25 12:39:49,info,BackgroundDataService,Performing requests OLEYYYY...|Sobiens.Connectors.Entities.Logger.WriteEntry
Debug|2020-04-25 12:40:19.7923|2020-04-25 12:40:19,info,BackgroundDataService,Performing requests OLEYYYY...|Sobiens.Connectors.Entities.Logger.WriteEntry
Debug|2020-04-25 12:40:49.7979|2020-04-25 12:40:49,info,BackgroundDataService,Performing requests OLEYYYY...|Sobiens.Connectors.Entities.Logger.WriteEntry
Debug|2020-04-25 12:41:19.8007|2020-04-25 12:41:19,info,BackgroundDataService,Performing requests OLEYYYY...|Sobiens.Connectors.Entities.Logger.WriteEntry
Debug|2020-04-25 12:41:49.8024|2020-04-25 12:41:49,info,BackgroundDataService,Performing requests OLEYYYY...|Sobiens.Connectors.Entities.Logger.WriteEntry
Debug|2020-04-25 12:42:19.8052|2020-04-25 12:42:19,info,BackgroundDataService,Performing requests OLEYYYY...|Sobiens.Connectors.Entities.Logger.WriteEntry
Debug|2020-04-25 12:42:49.8089|2020-04-25 12:42:49,info,BackgroundDataService,Performing requests OLEYYYY...|Sobiens.Connectors.Entities.Logger.WriteEntry
Debug|2020-04-25 12:43:19.8166|2020-04-25 12:43:19,info,BackgroundDataService,Performing requests OLEYYYY...|Sobiens.Connectors.Entities.Logger.WriteEntry
Debug|2020-04-25 12:43:49.8234|2020-04-25 12:43:49,info,BackgroundDataService,Performing requests OLEYYYY...|Sobiens.Connectors.Entities.Logger.WriteEntry
Debug|2020-04-25 12:44:19.8330|2020-04-25 12:44:19,info,BackgroundDataService,Performing requests OLEYYYY...|Sobiens.Connectors.Entities.Logger.WriteEntry
Debug|2020-04-25 12:44:49.8358|2020-04-25 12:44:49,info,BackgroundDataService,Performing requests OLEYYYY...|Sobiens.Connectors.Entities.Logger.WriteEntry
Debug|2020-04-25 12:45:19.8406|2020-04-25 12:45:19,info,BackgroundDataService,Performing requests OLEYYYY...|Sobiens.Connectors.Entities.Logger.WriteEntry
Debug|2020-04-25 12:45:49.8482|2020-04-25 12:45:49,info,BackgroundDataService,Performing requests OLEYYYY...|Sobiens.Connectors.Entities.Logger.WriteEntry
Debug|2020-04-25 12:46:19.8610|2020-04-25 12:46:19,info,BackgroundDataService,Performing requests OLEYYYY...|Sobiens.Connectors.Entities.Logger.WriteEntry
Debug|2020-04-25 12:46:49.8697|2020-04-25 12:46:49,info,BackgroundDataService,Performing requests OLEYYYY...|Sobiens.Connectors.Entities.Logger.WriteEntry
Debug|2020-04-25 12:47:19.8733|2020-04-25 12:47:19,info,BackgroundDataService,Performing requests OLEYYYY...|Sobiens.Connectors.Entities.Logger.WriteEntry
Debug|2020-04-25 12:47:49.8761|2020-04-25 12:47:49,info,BackgroundDataService,Performing requests OLEYYYY...|Sobiens.Connectors.Entities.Logger.WriteEntry
Debug|2020-04-25 12:48:19.8798|2020-04-25 12:48:19,info,BackgroundDataService,Performing requests OLEYYYY...|Sobiens.Connectors.Entities.Logger.WriteEntry
Debug|2020-04-25 12:48:49.8846|2020-04-25 12:48:49,info,BackgroundDataService,Performing requests OLEYYYY...|Sobiens.Connectors.Entities.Logger.WriteEntry
Debug|2020-04-25 12:49:19.8873|2020-04-25 12:49:19,info,BackgroundDataService,Performing requests OLEYYYY...|Sobiens.Connectors.Entities.Logger.WriteEntry
Debug|2020-04-25 12:49:49.8940|2020-04-25 12:49:49,info,BackgroundDataService,Performing requests OLEYYYY...|Sobiens.Connectors.Entities.Logger.WriteEntry
Debug|2020-04-25 12:50:19.8967|2020-04-25 12:50:19,info,BackgroundDataService,Performing requests OLEYYYY...|Sobiens.Connectors.Entities.Logger.WriteEntry
Debug|2020-04-25 12:50:49.9015|2020-04-25 12:50:49,info,BackgroundDataService,Performing requests OLEYYYY...|Sobiens.Connectors.Entities.Logger.WriteEntry
Debug|2020-04-25 12:51:19.9062|2020-04-25 12:51:19,info,BackgroundDataService,Performing requests OLEYYYY...|Sobiens.Connectors.Entities.Logger.WriteEntry
Debug|2020-04-25 12:51:49.9090|2020-04-25 12:51:49,info,BackgroundDataService,Performing requests OLEYYYY...|Sobiens.Connectors.Entities.Logger.WriteEntry
Debug|2020-04-25 12:52:19.9137|2020-04-25 12:52:19,info,BackgroundDataService,Performing requests OLEYYYY...|Sobiens.Connectors.Entities.Logger.WriteEntry
Debug|2020-04-25 12:52:49.9194|2020-04-25 12:52:49,info,BackgroundDataService,Performing requests OLEYYYY...|Sobiens.Connectors.Entities.Logger.WriteEntry
Debug|2020-04-25 12:53:19.9311|2020-04-25 12:53:19,info,BackgroundDataService,Performing requests OLEYYYY...|Sobiens.Connectors.Entities.Logger.WriteEntry
Debug|2020-04-25 12:53:49.9359|2020-04-25 12:53:49,info,BackgroundDataService,Performing requests OLEYYYY...|Sobiens.Connectors.Entities.Logger.WriteEntry
Debug|2020-04-25 12:54:19.9376|2020-04-25 12:54:19,info,BackgroundDataService,Performing requests OLEYYYY...|Sobiens.Connectors.Entities.Logger.WriteEntry
Debug|2020-04-25 12:54:49.9433|2020-04-25 12:54:49,info,BackgroundDataService,Performing requests OLEYYYY...|Sobiens.Connectors.Entities.Logger.WriteEntry
Debug|2020-04-25 12:55:19.9501|2020-04-25 12:55:19,info,BackgroundDataService,Performing requests OLEYYYY...|Sobiens.Connectors.Entities.Logger.WriteEntry
Debug|2020-04-25 12:55:49.9518|2020-04-25 12:55:49,info,BackgroundDataService,Performing requests OLEYYYY...|Sobiens.Connectors.Entities.Logger.WriteEntry
Debug|2020-04-25 12:56:19.9574|2020-04-25 12:56:19,info,BackgroundDataService,Performing requests OLEYYYY...|Sobiens.Connectors.Entities.Logger.WriteEntry
Debug|2020-04-25 12:56:49.9623|2020-04-25 12:56:49,info,BackgroundDataService,Performing requests OLEYYYY...|Sobiens.Connectors.Entities.Logger.WriteEntry
Debug|2020-04-25 12:57:19.9699|2020-04-25 12:57:19,info,BackgroundDataService,Performing requests OLEYYYY...|Sobiens.Connectors.Entities.Logger.WriteEntry
Debug|2020-04-25 12:57:49.9766|2020-04-25 12:57:49,info,BackgroundDataService,Performing requests OLEYYYY...|Sobiens.Connectors.Entities.Logger.WriteEntry
Debug|2020-04-25 12:58:19.9844|2020-04-25 12:58:19,info,BackgroundDataService,Performing requests OLEYYYY...|Sobiens.Connectors.Entities.Logger.WriteEntry
Debug|2020-04-25 12:58:49.9931|2020-04-25 12:58:49,info,BackgroundDataService,Performing requests OLEYYYY...|Sobiens.Connectors.Entities.Logger.WriteEntry
Debug|2020-04-25 12:59:20.0048|2020-04-25 12:59:20,info,BackgroundDataService,Performing requests OLEYYYY...|Sobiens.Connectors.Entities.Logger.WriteEntry
Debug|2020-04-25 12:59:50.0075|2020-04-25 12:59:50,info,BackgroundDataService,Performing requests OLEYYYY...|Sobiens.Connectors.Entities.Logger.WriteEntry
Debug|2020-04-25 13:00:20.0112|2020-04-25 13:00:20,info,BackgroundDataService,Performing requests OLEYYYY...|Sobiens.Connectors.Entities.Logger.WriteEntry
Debug|2020-04-25 13:00:50.0150|2020-04-25 13:00:50,info,BackgroundDataService,Performing requests OLEYYYY...|Sobiens.Connectors.Entities.Logger.WriteEntry
Debug|2020-04-25 13:01:20.0237|2020-04-25 13:01:20,info,BackgroundDataService,Performing requests OLEYYYY...|Sobiens.Connectors.Entities.Logger.WriteEntry
Debug|2020-04-25 13:01:50.0275|2020-04-25 13:01:50,info,BackgroundDataService,Performing requests OLEYYYY...|Sobiens.Connectors.Entities.Logger.WriteEntry
Debug|2020-04-25 13:02:20.0321|2020-04-25 13:02:20,info,BackgroundDataService,Performing requests OLEYYYY...|Sobiens.Connectors.Entities.Logger.WriteEntry
Debug|2020-04-25 13:02:50.0369|2020-04-25 13:02:50,info,BackgroundDataService,Performing requests OLEYYYY...|Sobiens.Connectors.Entities.Logger.WriteEntry
Debug|2020-04-25 13:03:20.0416|2020-04-25 13:03:20,info,BackgroundDataService,Performing requests OLEYYYY...|Sobiens.Connectors.Entities.Logger.WriteEntry
Debug|2020-04-25 13:03:50.0453|2020-04-25 13:03:50,info,BackgroundDataService,Performing requests OLEYYYY...|Sobiens.Connectors.Entities.Logger.WriteEntry
Debug|2020-04-25 13:04:20.0511|2020-04-25 13:04:20,info,BackgroundDataService,Performing requests OLEYYYY...|Sobiens.Connectors.Entities.Logger.WriteEntry
Debug|2020-04-25 13:04:50.0588|2020-04-25 13:04:50,info,BackgroundDataService,Performing requests OLEYYYY...|Sobiens.Connectors.Entities.Logger.WriteEntry
Debug|2020-04-25 13:05:20.0625|2020-04-25 13:05:20,info,BackgroundDataService,Performing requests OLEYYYY...|Sobiens.Connectors.Entities.Logger.WriteEntry
Debug|2020-04-25 13:05:50.0672|2020-04-25 13:05:50,info,BackgroundDataService,Performing requests OLEYYYY...|Sobiens.Connectors.Entities.Logger.WriteEntry
Debug|2020-04-25 13:06:20.0690|2020-04-25 13:06:20,info,BackgroundDataService,Performing requests OLEYYYY...|Sobiens.Connectors.Entities.Logger.WriteEntry
Debug|2020-04-25 13:06:50.0768|2020-04-25 13:06:50,info,BackgroundDataService,Performing requests OLEYYYY...|Sobiens.Connectors.Entities.Logger.WriteEntry
Debug|2020-04-25 13:07:20.0815|2020-04-25 13:07:20,info,BackgroundDataService,Performing requests OLEYYYY...|Sobiens.Connectors.Entities.Logger.WriteEntry
Debug|2020-04-25 13:07:50.0862|2020-04-25 13:07:50,info,BackgroundDataService,Performing requests OLEYYYY...|Sobiens.Connectors.Entities.Logger.WriteEntry
Debug|2020-04-25 13:08:20.0879|2020-04-25 13:08:20,info,BackgroundDataService,Performing requests OLEYYYY...|Sobiens.Connectors.Entities.Logger.WriteEntry
Debug|2020-04-25 13:08:50.0906|2020-04-25 13:08:50,info,BackgroundDataService,Performing requests OLEYYYY...|Sobiens.Connectors.Entities.Logger.WriteEntry
Debug|2020-04-25 13:09:20.1203|2020-04-25 13:09:20,info,BackgroundDataService,Performing requests OLEYYYY...|Sobiens.Connectors.Entities.Logger.WriteEntry
Debug|2020-04-25 13:09:50.1240|2020-04-25 13:09:50,info,BackgroundDataService,Performing requests OLEYYYY...|Sobiens.Connectors.Entities.Logger.WriteEntry
Debug|2020-04-25 13:10:20.1707|2020-04-25 13:10:20,info,BackgroundDataService,Performing requests OLEYYYY...|Sobiens.Connectors.Entities.Logger.WriteEntry
Debug|2020-04-25 13:10:50.1764|2020-04-25 13:10:50,info,BackgroundDataService,Performing requests OLEYYYY...|Sobiens.Connectors.Entities.Logger.WriteEntry
Debug|2020-04-25 13:11:20.1850|2020-04-25 13:11:20,info,BackgroundDataService,Performing requests OLEYYYY...|Sobiens.Connectors.Entities.Logger.WriteEntry
Debug|2020-04-25 13:11:50.1878|2020-04-25 13:11:50,info,BackgroundDataService,Performing requests OLEYYYY...|Sobiens.Connectors.Entities.Logger.WriteEntry
Debug|2020-04-25 13:12:20.1905|2020-04-25 13:12:20,info,BackgroundDataService,Performing requests OLEYYYY...|Sobiens.Connectors.Entities.Logger.WriteEntry
Debug|2020-04-25 13:12:50.1942|2020-04-25 13:12:50,info,BackgroundDataService,Performing requests OLEYYYY...|Sobiens.Connectors.Entities.Logger.WriteEntry
Debug|2020-04-25 13:13:20.2010|2020-04-25 13:13:20,info,BackgroundDataService,Performing requests OLEYYYY...|Sobiens.Connectors.Entities.Logger.WriteEntry
Debug|2020-04-25 13:13:50.2047|2020-04-25 13:13:50,info,BackgroundDataService,Performing requests OLEYYYY...|Sobiens.Connectors.Entities.Logger.WriteEntry
Debug|2020-04-25 13:14:20.2074|2020-04-25 13:14:20,info,BackgroundDataService,Performing requests OLEYYYY...|Sobiens.Connectors.Entities.Logger.WriteEntry
Debug|2020-04-25 13:14:50.2112|2020-04-25 13:14:50,info,BackgroundDataService,Performing requests OLEYYYY...|Sobiens.Connectors.Entities.Logger.WriteEntry
Debug|2020-04-25 13:15:20.2239|2020-04-25 13:15:20,info,BackgroundDataService,Performing requests OLEYYYY...|Sobiens.Connectors.Entities.Logger.WriteEntry
Debug|2020-04-25 13:15:50.2296|2020-04-25 13:15:50,info,BackgroundDataService,Performing requests OLEYYYY...|Sobiens.Connectors.Entities.Logger.WriteEntry
Debug|2020-04-25 13:16:20.2323|2020-04-25 13:16:20,info,BackgroundDataService,Performing requests OLEYYYY...|Sobiens.Connectors.Entities.Logger.WriteEntry
Debug|2020-04-25 13:16:50.2401|2020-04-25 13:16:50,info,BackgroundDataService,Performing requests OLEYYYY...|Sobiens.Connectors.Entities.Logger.WriteEntry
Debug|2020-04-25 13:17:20.2577|2020-04-25 13:17:20,info,BackgroundDataService,Performing requests OLEYYYY...|Sobiens.Connectors.Entities.Logger.WriteEntry
Debug|2020-04-25 13:17:50.2612|2020-04-25 13:17:50,info,BackgroundDataService,Performing requests OLEYYYY...|Sobiens.Connectors.Entities.Logger.WriteEntry
Debug|2020-04-25 13:18:20.2675|2020-04-25 13:18:20,info,BackgroundDataService,Performing requests OLEYYYY...|Sobiens.Connectors.Entities.Logger.WriteEntry
Debug|2020-04-25 13:18:48.6568|2020-04-25 13:18:48,info,SyncTasksManager,SyncTaskHistories are being read from C:\Users\serkant2\AppData\Roaming\Sobiens\Sobiens.Connectors\SyncTasks\Histories\20200425.txt|Sobiens.Connectors.Entities.Logger.WriteEntry
Debug|2020-04-25 13:18:50.2702|2020-04-25 13:18:50,info,BackgroundDataService,Performing requests OLEYYYY...|Sobiens.Connectors.Entities.Logger.WriteEntry
Debug|2020-04-25 13:19:20.2724|2020-04-25 13:19:20,info,BackgroundDataService,Performing requests OLEYYYY...|Sobiens.Connectors.Entities.Logger.WriteEntry
Debug|2020-04-25 13:19:50.2741|2020-04-25 13:19:50,info,BackgroundDataService,Performing requests OLEYYYY...|Sobiens.Connectors.Entities.Logger.WriteEntry
Debug|2020-04-25 13:20:20.2753|2020-04-25 13:20:20,info,BackgroundDataService,Performing requests OLEYYYY...|Sobiens.Connectors.Entities.Logger.WriteEntry
Debug|2020-04-25 13:20:50.2772|2020-04-25 13:20:50,info,BackgroundDataService,Performing requests OLEYYYY...|Sobiens.Connectors.Entities.Logger.WriteEntry
Debug|2020-04-25 13:21:20.2845|2020-04-25 13:21:20,info,BackgroundDataService,Performing requests OLEYYYY...|Sobiens.Connectors.Entities.Logger.WriteEntry
Debug|2020-04-25 13:21:50.2863|2020-04-25 13:21:50,info,BackgroundDataService,Performing requests OLEYYYY...|Sobiens.Connectors.Entities.Logger.WriteEntry
