Debug|2020-04-27 10:58:32.0659|2020-04-27 10:58:32,warning,Studio,WorkItem has been added LogCategory: Title:Populating treeview items WorkItemType:NonCriticalWorkItem|Sobiens.Connectors.Entities.Logger.WriteEntry
Debug|2020-04-27 10:58:32.0888|2020-04-27 10:58:32,warning,Studio,WorkItem has been added LogCategory: Title:Populating treeview items WorkItemType:NonCriticalWorkItem|Sobiens.Connectors.Entities.Logger.WriteEntry
Debug|2020-04-27 10:58:32.0888|2020-04-27 10:58:32,warning,Studio,WorkItem is being processed LogCategory: Title:Populating treeview items WorkItemType:NonCriticalWorkItem|Sobiens.Connectors.Entities.Logger.WriteEntry
Debug|2020-04-27 10:58:57.9357|2020-04-27 10:58:57,warning,Studio,WorkItem is being processed LogCategory: Title:Populating treeview items WorkItemType:NonCriticalWorkItem|Sobiens.Connectors.Entities.Logger.WriteEntry
Debug|2020-04-27 12:37:37.0049|2020-04-27 12:37:37,warning,Studio,WorkItem has been added LogCategory: Title:Populating treeview items WorkItemType:NonCriticalWorkItem|Sobiens.Connectors.Entities.Logger.WriteEntry
Debug|2020-04-27 12:37:37.0339|2020-04-27 12:37:37,warning,Studio,WorkItem is being processed LogCategory: Title:Populating treeview items WorkItemType:NonCriticalWorkItem|Sobiens.Connectors.Entities.Logger.WriteEntry
Debug|2020-04-27 12:37:43.8297|2020-04-27 12:37:43,warning,Studio,WorkItem has been added LogCategory: Title:Populating treeview items WorkItemType:NonCriticalWorkItem|Sobiens.Connectors.Entities.Logger.WriteEntry
Debug|2020-04-27 12:37:43.8297|2020-04-27 12:37:43,warning,Studio,WorkItem is being processed LogCategory: Title:Populating treeview items WorkItemType:NonCriticalWorkItem|Sobiens.Connectors.Entities.Logger.WriteEntry
Debug|2020-04-27 12:37:52.6162|2020-04-27 12:37:52,warning,Studio,WorkItem has been added LogCategory: Title:Populating treeview items WorkItemType:NonCriticalWorkItem|Sobiens.Connectors.Entities.Logger.WriteEntry
Debug|2020-04-27 12:37:52.6162|2020-04-27 12:37:52,warning,Studio,WorkItem is being processed LogCategory: Title:Populating treeview items WorkItemType:NonCriticalWorkItem|Sobiens.Connectors.Entities.Logger.WriteEntry
Debug|2020-04-27 12:37:53.9437|2020-04-27 12:37:53,warning,Studio,WorkItem has been added LogCategory: Title:Populating treeview items WorkItemType:NonCriticalWorkItem|Sobiens.Connectors.Entities.Logger.WriteEntry
Debug|2020-04-27 12:37:53.9437|2020-04-27 12:37:53,warning,Studio,WorkItem is being processed LogCategory: Title:Populating treeview items WorkItemType:NonCriticalWorkItem|Sobiens.Connectors.Entities.Logger.WriteEntry
Debug|2020-04-27 12:37:57.1641|2020-04-27 12:37:57,warning,Studio,WorkItem has been added LogCategory: Title:Populating treeview items WorkItemType:NonCriticalWorkItem|Sobiens.Connectors.Entities.Logger.WriteEntry
Debug|2020-04-27 12:37:57.1641|2020-04-27 12:37:57,warning,Studio,WorkItem is being processed LogCategory: Title:Populating treeview items WorkItemType:NonCriticalWorkItem|Sobiens.Connectors.Entities.Logger.WriteEntry
Debug|2020-04-27 12:37:59.8130|2020-04-27 12:37:59,warning,Studio,WorkItem has been added LogCategory: Title:Populating treeview items WorkItemType:NonCriticalWorkItem|Sobiens.Connectors.Entities.Logger.WriteEntry
Debug|2020-04-27 12:37:59.8130|2020-04-27 12:37:59,warning,Studio,WorkItem is being processed LogCategory: Title:Populating treeview items WorkItemType:NonCriticalWorkItem|Sobiens.Connectors.Entities.Logger.WriteEntry
Debug|2020-04-27 12:38:02.5317|2020-04-27 12:38:02,warning,Studio,WorkItem has been added LogCategory: Title:Populating treeview items WorkItemType:NonCriticalWorkItem|Sobiens.Connectors.Entities.Logger.WriteEntry
Debug|2020-04-27 12:38:02.5317|2020-04-27 12:38:02,warning,Studio,WorkItem is being processed LogCategory: Title:Populating treeview items WorkItemType:NonCriticalWorkItem|Sobiens.Connectors.Entities.Logger.WriteEntry
Debug|2020-04-27 12:38:10.6021|2020-04-27 12:38:10,warning,Studio,WorkItem has been added LogCategory: Title:Populating treeview items WorkItemType:NonCriticalWorkItem|Sobiens.Connectors.Entities.Logger.WriteEntry
Debug|2020-04-27 12:38:10.6021|2020-04-27 12:38:10,warning,Studio,WorkItem is being processed LogCategory: Title:Populating treeview items WorkItemType:NonCriticalWorkItem|Sobiens.Connectors.Entities.Logger.WriteEntry
Debug|2020-04-27 12:40:03.1383|2020-04-27 12:40:03,warning,Studio,WorkItem has been added LogCategory: Title:Populating treeview items WorkItemType:NonCriticalWorkItem|Sobiens.Connectors.Entities.Logger.WriteEntry
Debug|2020-04-27 12:40:03.1622|2020-04-27 12:40:03,warning,Studio,WorkItem is being processed LogCategory: Title:Populating treeview items WorkItemType:NonCriticalWorkItem|Sobiens.Connectors.Entities.Logger.WriteEntry
Debug|2020-04-27 12:40:37.6181|2020-04-27 12:40:37,warning,Studio,WorkItem has been added LogCategory: Title:Populating treeview items WorkItemType:NonCriticalWorkItem|Sobiens.Connectors.Entities.Logger.WriteEntry
Debug|2020-04-27 12:40:37.6251|2020-04-27 12:40:37,warning,Studio,WorkItem is being processed LogCategory: Title:Populating treeview items WorkItemType:NonCriticalWorkItem|Sobiens.Connectors.Entities.Logger.WriteEntry
Debug|2020-04-27 12:40:46.3078|2020-04-27 12:40:46,warning,Studio,WorkItem has been added LogCategory: Title:Populating treeview items WorkItemType:NonCriticalWorkItem|Sobiens.Connectors.Entities.Logger.WriteEntry
Debug|2020-04-27 12:40:46.3078|2020-04-27 12:40:46,warning,Studio,WorkItem is being processed LogCategory: Title:Populating treeview items WorkItemType:NonCriticalWorkItem|Sobiens.Connectors.Entities.Logger.WriteEntry
Debug|2020-04-27 12:44:52.2805|2020-04-27 12:44:52,warning,Studio,WorkItem has been added LogCategory: Title:Populating treeview items WorkItemType:NonCriticalWorkItem|Sobiens.Connectors.Entities.Logger.WriteEntry
Debug|2020-04-27 12:44:52.3054|2020-04-27 12:44:52,warning,Studio,WorkItem is being processed LogCategory: Title:Populating treeview items WorkItemType:NonCriticalWorkItem|Sobiens.Connectors.Entities.Logger.WriteEntry
Debug|2020-04-27 12:45:00.1564|2020-04-27 12:45:00,warning,Studio,WorkItem has been added LogCategory: Title:Populating treeview items WorkItemType:NonCriticalWorkItem|Sobiens.Connectors.Entities.Logger.WriteEntry
Debug|2020-04-27 12:45:00.1564|2020-04-27 12:45:00,warning,Studio,WorkItem is being processed LogCategory: Title:Populating treeview items WorkItemType:NonCriticalWorkItem|Sobiens.Connectors.Entities.Logger.WriteEntry
Debug|2020-04-27 12:45:19.4469|2020-04-27 12:45:19,warning,Studio,WorkItem has been added LogCategory: Title:Populating treeview items WorkItemType:NonCriticalWorkItem|Sobiens.Connectors.Entities.Logger.WriteEntry
Debug|2020-04-27 12:45:19.4469|2020-04-27 12:45:19,warning,Studio,WorkItem is being processed LogCategory: Title:Populating treeview items WorkItemType:NonCriticalWorkItem|Sobiens.Connectors.Entities.Logger.WriteEntry
Debug|2020-04-27 12:46:48.5367|2020-04-27 12:46:48,warning,Studio,WorkItem has been added LogCategory: Title:Populating treeview items WorkItemType:NonCriticalWorkItem|Sobiens.Connectors.Entities.Logger.WriteEntry
Debug|2020-04-27 12:46:48.5367|2020-04-27 12:46:48,warning,Studio,WorkItem is being processed LogCategory: Title:Populating treeview items WorkItemType:NonCriticalWorkItem|Sobiens.Connectors.Entities.Logger.WriteEntry
Debug|2020-04-27 12:46:48.5706|2020-04-27 12:46:48,error,Studio,Exception Found:
Type: System.Exception
Message: An error occured in WorkItem LogCategory: Title:Populating treeview items WorkItemType:NonCriticalWorkItem
Source: 
Stacktrace: 
  Inner Exception Found:
  Type: System.NullReferenceException
  Message: Object reference not set to an instance of an object.
  Source: Sobiens.Connectors.Studio.UI
  Stacktrace:    at Sobiens.Connectors.UI.SPCamlStudioApplicationManager.GetSubFolders(ISiteSetting siteSetting, Folder folder, Int32[] includedFolderTypes, String childFoldersCategoryName) in C:\Projects\GitHub\Sobiens-Connectors\Solutions\Sobiens.Connectors.Studio.UI\SPCamlStudioApplicationManager.cs:line 87
   at Sobiens.Connectors.Studio.UI.Controls.ServerObjectExplorer.RefreshNode(TreeViewItem item, Object _object, String headerText) in C:\Projects\GitHub\Sobiens-Connectors\Solutions\Sobiens.Connectors.Studio.UI.Controls\ServerObjectExplorer.xaml.cs:line 304
   at Sobiens.Connectors.Studio.UI.Controls.ServerObjectExplorer.callback(Object item, DateTime dateTime) in C:\Projects\GitHub\Sobiens-Connectors\Solutions\Sobiens.Connectors.Studio.UI.Controls\ServerObjectExplorer.xaml.cs:line 348
   at Sobiens.Connectors.Common.Threading.BackgroundManager.backgroundWorker_DoWork(Object sender, DoWorkEventArgs e) in C:\Projects\GitHub\Sobiens-Connectors\Solutions\Sobiens.Connectors.Common\Threading\BackgroundManager.cs:line 91|Sobiens.Connectors.Entities.Logger.WriteEntry
Debug|2020-04-27 12:46:53.9183|2020-04-27 12:46:53,warning,Studio,WorkItem has been added LogCategory: Title:Populating treeview items WorkItemType:NonCriticalWorkItem|Sobiens.Connectors.Entities.Logger.WriteEntry
Debug|2020-04-27 12:46:53.9193|2020-04-27 12:46:53,warning,Studio,WorkItem is being processed LogCategory: Title:Populating treeview items WorkItemType:NonCriticalWorkItem|Sobiens.Connectors.Entities.Logger.WriteEntry
Debug|2020-04-27 12:47:49.3201|2020-04-27 12:47:49,warning,Studio,WorkItem has been added LogCategory: Title:Populating treeview items WorkItemType:NonCriticalWorkItem|Sobiens.Connectors.Entities.Logger.WriteEntry
Debug|2020-04-27 12:47:49.3201|2020-04-27 12:47:49,warning,Studio,WorkItem is being processed LogCategory: Title:Populating treeview items WorkItemType:NonCriticalWorkItem|Sobiens.Connectors.Entities.Logger.WriteEntry
Debug|2020-04-27 12:59:13.1384|2020-04-27 12:59:13,warning,Studio,WorkItem has been added LogCategory: Title:Populating treeview items WorkItemType:NonCriticalWorkItem|Sobiens.Connectors.Entities.Logger.WriteEntry
Debug|2020-04-27 12:59:13.1384|2020-04-27 12:59:13,warning,Studio,WorkItem is being processed LogCategory: Title:Populating treeview items WorkItemType:NonCriticalWorkItem|Sobiens.Connectors.Entities.Logger.WriteEntry
Debug|2020-04-27 13:06:32.3163|2020-04-27 13:06:32,warning,Studio,WorkItem has been added LogCategory: Title:Populating treeview items WorkItemType:NonCriticalWorkItem|Sobiens.Connectors.Entities.Logger.WriteEntry
Debug|2020-04-27 13:06:32.3422|2020-04-27 13:06:32,warning,Studio,WorkItem is being processed LogCategory: Title:Populating treeview items WorkItemType:NonCriticalWorkItem|Sobiens.Connectors.Entities.Logger.WriteEntry
Debug|2020-04-27 13:06:34.5754|2020-04-27 13:06:34,warning,Studio,WorkItem has been added LogCategory: Title:Populating treeview items WorkItemType:NonCriticalWorkItem|Sobiens.Connectors.Entities.Logger.WriteEntry
Debug|2020-04-27 13:06:34.5754|2020-04-27 13:06:34,warning,Studio,WorkItem is being processed LogCategory: Title:Populating treeview items WorkItemType:NonCriticalWorkItem|Sobiens.Connectors.Entities.Logger.WriteEntry
Debug|2020-04-27 13:06:49.3560|2020-04-27 13:06:49,info,SyncTasksManager,SyncTasks are being loaded from C:\Users\serkant2\AppData\Roaming\Sobiens\Sobiens.Connectors\SyncTasks\SyncTasks.xml|Sobiens.Connectors.Entities.Logger.WriteEntry
Debug|2020-04-27 13:06:49.3620|2020-04-27 13:06:49,info,SyncTasksManager,SyncTaskHistories are being read from C:\Users\serkant2\AppData\Roaming\Sobiens\Sobiens.Connectors\SyncTasks\Histories\20200427.txt|Sobiens.Connectors.Entities.Logger.WriteEntry
Debug|2020-04-27 13:06:49.3620|2020-04-27 13:06:49,info,SyncTasksManager,SyncTaskHistories are being read from C:\Users\serkant2\AppData\Roaming\Sobiens\Sobiens.Connectors\SyncTasks\Histories\20200427.txt|Sobiens.Connectors.Entities.Logger.WriteEntry
Debug|2020-04-27 13:06:49.3620|2020-04-27 13:06:49,info,SyncTasksManager,SyncTaskHistories are being read from C:\Users\serkant2\AppData\Roaming\Sobiens\Sobiens.Connectors\SyncTasks\Histories\20200427.txt|Sobiens.Connectors.Entities.Logger.WriteEntry
Debug|2020-04-27 13:12:28.6895|2020-04-27 13:12:28,info,SyncTasksManager,SyncTasks are being loaded from C:\Users\serkant2\AppData\Roaming\Sobiens\Sobiens.Connectors\SyncTasks\SyncTasks.xml|Sobiens.Connectors.Entities.Logger.WriteEntry
Debug|2020-04-27 13:12:28.7115|2020-04-27 13:12:28,info,SyncTasksManager,SyncTaskHistories are being read from C:\Users\serkant2\AppData\Roaming\Sobiens\Sobiens.Connectors\SyncTasks\Histories\20200427.txt|Sobiens.Connectors.Entities.Logger.WriteEntry
Debug|2020-04-27 13:12:28.7115|2020-04-27 13:12:28,info,SyncTasksManager,SyncTaskHistories are being read from C:\Users\serkant2\AppData\Roaming\Sobiens\Sobiens.Connectors\SyncTasks\Histories\20200427.txt|Sobiens.Connectors.Entities.Logger.WriteEntry
Debug|2020-04-27 13:12:28.7115|2020-04-27 13:12:28,info,SyncTasksManager,SyncTaskHistories are being read from C:\Users\serkant2\AppData\Roaming\Sobiens\Sobiens.Connectors\SyncTasks\Histories\20200427.txt|Sobiens.Connectors.Entities.Logger.WriteEntry
Debug|2020-04-27 13:16:50.4926|2020-04-27 13:16:50,info,SyncTasksManager,SyncTasks are being loaded from C:\Users\serkant2\AppData\Roaming\Sobiens\Sobiens.Connectors\SyncTasks\SyncTasks.xml|Sobiens.Connectors.Entities.Logger.WriteEntry
Debug|2020-04-27 13:16:50.5165|2020-04-27 13:16:50,info,SyncTasksManager,SyncTaskHistories are being read from C:\Users\serkant2\AppData\Roaming\Sobiens\Sobiens.Connectors\SyncTasks\Histories\20200427.txt|Sobiens.Connectors.Entities.Logger.WriteEntry
Debug|2020-04-27 13:16:50.5165|2020-04-27 13:16:50,info,SyncTasksManager,SyncTaskHistories are being read from C:\Users\serkant2\AppData\Roaming\Sobiens\Sobiens.Connectors\SyncTasks\Histories\20200427.txt|Sobiens.Connectors.Entities.Logger.WriteEntry
Debug|2020-04-27 13:16:50.5165|2020-04-27 13:16:50,info,SyncTasksManager,SyncTaskHistories are being read from C:\Users\serkant2\AppData\Roaming\Sobiens\Sobiens.Connectors\SyncTasks\Histories\20200427.txt|Sobiens.Connectors.Entities.Logger.WriteEntry
Debug|2020-04-27 13:19:05.9355|2020-04-27 13:19:05,info,SyncTasksManager,SyncTasks are being loaded from C:\Users\serkant2\AppData\Roaming\Sobiens\Sobiens.Connectors\SyncTasks\SyncTasks.xml|Sobiens.Connectors.Entities.Logger.WriteEntry
Debug|2020-04-27 13:19:05.9574|2020-04-27 13:19:05,info,SyncTasksManager,SyncTaskHistories are being read from C:\Users\serkant2\AppData\Roaming\Sobiens\Sobiens.Connectors\SyncTasks\Histories\20200427.txt|Sobiens.Connectors.Entities.Logger.WriteEntry
Debug|2020-04-27 13:19:05.9574|2020-04-27 13:19:05,info,SyncTasksManager,SyncTaskHistories are being read from C:\Users\serkant2\AppData\Roaming\Sobiens\Sobiens.Connectors\SyncTasks\Histories\20200427.txt|Sobiens.Connectors.Entities.Logger.WriteEntry
Debug|2020-04-27 13:19:05.9574|2020-04-27 13:19:05,info,SyncTasksManager,SyncTaskHistories are being read from C:\Users\serkant2\AppData\Roaming\Sobiens\Sobiens.Connectors\SyncTasks\Histories\20200427.txt|Sobiens.Connectors.Entities.Logger.WriteEntry
Debug|2020-04-27 13:21:40.4963|2020-04-27 13:21:40,info,SyncTasksManager,SyncTasks are being loaded from C:\Users\serkant2\AppData\Roaming\Sobiens\Sobiens.Connectors\SyncTasks\SyncTasks.xml|Sobiens.Connectors.Entities.Logger.WriteEntry
Debug|2020-04-27 13:21:40.5182|2020-04-27 13:21:40,info,SyncTasksManager,SyncTaskHistories are being read from C:\Users\serkant2\AppData\Roaming\Sobiens\Sobiens.Connectors\SyncTasks\Histories\20200427.txt|Sobiens.Connectors.Entities.Logger.WriteEntry
Debug|2020-04-27 13:21:40.5182|2020-04-27 13:21:40,info,SyncTasksManager,SyncTaskHistories are being read from C:\Users\serkant2\AppData\Roaming\Sobiens\Sobiens.Connectors\SyncTasks\Histories\20200427.txt|Sobiens.Connectors.Entities.Logger.WriteEntry
Debug|2020-04-27 13:21:40.5182|2020-04-27 13:21:40,info,SyncTasksManager,SyncTaskHistories are being read from C:\Users\serkant2\AppData\Roaming\Sobiens\Sobiens.Connectors\SyncTasks\Histories\20200427.txt|Sobiens.Connectors.Entities.Logger.WriteEntry
Debug|2020-04-27 13:24:35.5901|2020-04-27 13:24:35,info,SyncTasksManager,SyncTasks are being loaded from C:\Users\serkant2\AppData\Roaming\Sobiens\Sobiens.Connectors\SyncTasks\SyncTasks.xml|Sobiens.Connectors.Entities.Logger.WriteEntry
Debug|2020-04-27 13:24:35.6131|2020-04-27 13:24:35,info,SyncTasksManager,SyncTaskHistories are being read from C:\Users\serkant2\AppData\Roaming\Sobiens\Sobiens.Connectors\SyncTasks\Histories\20200427.txt|Sobiens.Connectors.Entities.Logger.WriteEntry
Debug|2020-04-27 13:24:35.6131|2020-04-27 13:24:35,info,SyncTasksManager,SyncTaskHistories are being read from C:\Users\serkant2\AppData\Roaming\Sobiens\Sobiens.Connectors\SyncTasks\Histories\20200427.txt|Sobiens.Connectors.Entities.Logger.WriteEntry
Debug|2020-04-27 13:24:35.6131|2020-04-27 13:24:35,info,SyncTasksManager,SyncTaskHistories are being read from C:\Users\serkant2\AppData\Roaming\Sobiens\Sobiens.Connectors\SyncTasks\Histories\20200427.txt|Sobiens.Connectors.Entities.Logger.WriteEntry
Debug|2020-04-27 13:24:52.3812|2020-04-27 13:24:52,info,SyncTasksManager,SyncTaskHistories are being read from C:\Users\serkant2\AppData\Roaming\Sobiens\Sobiens.Connectors\SyncTasks\Histories\20200427.txt|Sobiens.Connectors.Entities.Logger.WriteEntry
Debug|2020-04-27 13:24:52.3812|2020-04-27 13:24:52,info,SyncTasksManager,SyncTaskHistories are being read from C:\Users\serkant2\AppData\Roaming\Sobiens\Sobiens.Connectors\SyncTasks\Histories\20200427.txt|Sobiens.Connectors.Entities.Logger.WriteEntry
Debug|2020-04-27 13:24:52.3812|2020-04-27 13:24:52,info,SyncTasksManager,SyncTaskHistories are being read from C:\Users\serkant2\AppData\Roaming\Sobiens\Sobiens.Connectors\SyncTasks\Histories\20200427.txt|Sobiens.Connectors.Entities.Logger.WriteEntry
Debug|2020-04-27 13:26:14.8747|2020-04-27 13:26:14,info,SyncTasksManager,SyncTasks are being loaded from C:\Users\serkant2\AppData\Roaming\Sobiens\Sobiens.Connectors\SyncTasks\SyncTasks.xml|Sobiens.Connectors.Entities.Logger.WriteEntry
Debug|2020-04-27 13:26:14.9047|2020-04-27 13:26:14,info,SyncTasksManager,SyncTaskHistories are being read from C:\Users\serkant2\AppData\Roaming\Sobiens\Sobiens.Connectors\SyncTasks\Histories\20200427.txt|Sobiens.Connectors.Entities.Logger.WriteEntry
Debug|2020-04-27 13:26:14.9047|2020-04-27 13:26:14,info,SyncTasksManager,SyncTaskHistories are being read from C:\Users\serkant2\AppData\Roaming\Sobiens\Sobiens.Connectors\SyncTasks\Histories\20200427.txt|Sobiens.Connectors.Entities.Logger.WriteEntry
Debug|2020-04-27 13:26:14.9047|2020-04-27 13:26:14,info,SyncTasksManager,SyncTaskHistories are being read from C:\Users\serkant2\AppData\Roaming\Sobiens\Sobiens.Connectors\SyncTasks\Histories\20200427.txt|Sobiens.Connectors.Entities.Logger.WriteEntry
Debug|2020-04-27 13:26:25.1642|2020-04-27 13:26:25,info,SyncTasksManager,SyncTaskHistories are being read from C:\Users\serkant2\AppData\Roaming\Sobiens\Sobiens.Connectors\SyncTasks\Histories\20200427.txt|Sobiens.Connectors.Entities.Logger.WriteEntry
Debug|2020-04-27 13:26:25.1642|2020-04-27 13:26:25,info,SyncTasksManager,SyncTaskHistories are being read from C:\Users\serkant2\AppData\Roaming\Sobiens\Sobiens.Connectors\SyncTasks\Histories\20200427.txt|Sobiens.Connectors.Entities.Logger.WriteEntry
Debug|2020-04-27 13:26:25.1642|2020-04-27 13:26:25,info,SyncTasksManager,SyncTaskHistories are being read from C:\Users\serkant2\AppData\Roaming\Sobiens\Sobiens.Connectors\SyncTasks\Histories\20200427.txt|Sobiens.Connectors.Entities.Logger.WriteEntry
Debug|2020-04-27 13:29:44.6419|2020-04-27 13:29:44,info,SyncTasksManager,SyncTasks are being loaded from C:\Users\serkant2\AppData\Roaming\Sobiens\Sobiens.Connectors\SyncTasks\SyncTasks.xml|Sobiens.Connectors.Entities.Logger.WriteEntry
Debug|2020-04-27 13:29:44.6639|2020-04-27 13:29:44,info,SyncTasksManager,SyncTaskHistories are being read from C:\Users\serkant2\AppData\Roaming\Sobiens\Sobiens.Connectors\SyncTasks\Histories\20200427.txt|Sobiens.Connectors.Entities.Logger.WriteEntry
Debug|2020-04-27 13:29:44.6639|2020-04-27 13:29:44,info,SyncTasksManager,SyncTaskHistories are being read from C:\Users\serkant2\AppData\Roaming\Sobiens\Sobiens.Connectors\SyncTasks\Histories\20200427.txt|Sobiens.Connectors.Entities.Logger.WriteEntry
Debug|2020-04-27 13:29:44.6639|2020-04-27 13:29:44,info,SyncTasksManager,SyncTaskHistories are being read from C:\Users\serkant2\AppData\Roaming\Sobiens\Sobiens.Connectors\SyncTasks\Histories\20200427.txt|Sobiens.Connectors.Entities.Logger.WriteEntry
Debug|2020-04-27 13:31:31.8264|2020-04-27 13:31:31,info,SyncTasksManager,SyncTasks are being loaded from C:\Users\serkant2\AppData\Roaming\Sobiens\Sobiens.Connectors\SyncTasks\SyncTasks.xml|Sobiens.Connectors.Entities.Logger.WriteEntry
Debug|2020-04-27 13:31:31.8523|2020-04-27 13:31:31,info,SyncTasksManager,SyncTaskHistories are being read from C:\Users\serkant2\AppData\Roaming\Sobiens\Sobiens.Connectors\SyncTasks\Histories\20200427.txt|Sobiens.Connectors.Entities.Logger.WriteEntry
Debug|2020-04-27 13:31:31.8523|2020-04-27 13:31:31,info,SyncTasksManager,SyncTaskHistories are being read from C:\Users\serkant2\AppData\Roaming\Sobiens\Sobiens.Connectors\SyncTasks\Histories\20200427.txt|Sobiens.Connectors.Entities.Logger.WriteEntry
Debug|2020-04-27 13:31:31.8523|2020-04-27 13:31:31,info,SyncTasksManager,SyncTaskHistories are being read from C:\Users\serkant2\AppData\Roaming\Sobiens\Sobiens.Connectors\SyncTasks\Histories\20200427.txt|Sobiens.Connectors.Entities.Logger.WriteEntry
Debug|2020-04-27 13:33:49.1063|2020-04-27 13:33:49,info,SyncTasksManager,SyncTasks are being loaded from C:\Users\serkant2\AppData\Roaming\Sobiens\Sobiens.Connectors\SyncTasks\SyncTasks.xml|Sobiens.Connectors.Entities.Logger.WriteEntry
Debug|2020-04-27 13:33:49.1502|2020-04-27 13:33:49,info,SyncTasksManager,SyncTaskHistories are being read from C:\Users\serkant2\AppData\Roaming\Sobiens\Sobiens.Connectors\SyncTasks\Histories\20200427.txt|Sobiens.Connectors.Entities.Logger.WriteEntry
Debug|2020-04-27 13:33:49.1502|2020-04-27 13:33:49,info,SyncTasksManager,SyncTaskHistories are being read from C:\Users\serkant2\AppData\Roaming\Sobiens\Sobiens.Connectors\SyncTasks\Histories\20200427.txt|Sobiens.Connectors.Entities.Logger.WriteEntry
Debug|2020-04-27 13:33:49.1542|2020-04-27 13:33:49,info,SyncTasksManager,SyncTaskHistories are being read from C:\Users\serkant2\AppData\Roaming\Sobiens\Sobiens.Connectors\SyncTasks\Histories\20200427.txt|Sobiens.Connectors.Entities.Logger.WriteEntry
Debug|2020-04-27 13:34:11.3937|2020-04-27 13:34:11,info,SyncTasksManager,SyncTaskHistories are being read from C:\Users\serkant2\AppData\Roaming\Sobiens\Sobiens.Connectors\SyncTasks\Histories\20200427.txt|Sobiens.Connectors.Entities.Logger.WriteEntry
Debug|2020-04-27 13:37:16.9696|2020-04-27 13:37:16,info,SyncTasksManager,SyncTasks are being loaded from C:\Users\serkant2\AppData\Roaming\Sobiens\Sobiens.Connectors\SyncTasks\SyncTasks.xml|Sobiens.Connectors.Entities.Logger.WriteEntry
Debug|2020-04-27 13:37:16.9925|2020-04-27 13:37:16,info,SyncTasksManager,SyncTaskHistories are being read from C:\Users\serkant2\AppData\Roaming\Sobiens\Sobiens.Connectors\SyncTasks\Histories\20200427.txt|Sobiens.Connectors.Entities.Logger.WriteEntry
Debug|2020-04-27 13:37:16.9925|2020-04-27 13:37:16,info,SyncTasksManager,SyncTaskHistories are being read from C:\Users\serkant2\AppData\Roaming\Sobiens\Sobiens.Connectors\SyncTasks\Histories\20200427.txt|Sobiens.Connectors.Entities.Logger.WriteEntry
Debug|2020-04-27 13:37:16.9925|2020-04-27 13:37:16,info,SyncTasksManager,SyncTaskHistories are being read from C:\Users\serkant2\AppData\Roaming\Sobiens\Sobiens.Connectors\SyncTasks\Histories\20200427.txt|Sobiens.Connectors.Entities.Logger.WriteEntry
Debug|2020-04-27 13:41:18.3133|2020-04-27 13:41:18,info,SyncTasksManager,SyncTasks are being loaded from C:\Users\serkant2\AppData\Roaming\Sobiens\Sobiens.Connectors\SyncTasks\SyncTasks.xml|Sobiens.Connectors.Entities.Logger.WriteEntry
Debug|2020-04-27 13:41:18.3363|2020-04-27 13:41:18,info,SyncTasksManager,SyncTaskHistories are being read from C:\Users\serkant2\AppData\Roaming\Sobiens\Sobiens.Connectors\SyncTasks\Histories\20200427.txt|Sobiens.Connectors.Entities.Logger.WriteEntry
Debug|2020-04-27 13:41:18.3363|2020-04-27 13:41:18,info,SyncTasksManager,SyncTaskHistories are being read from C:\Users\serkant2\AppData\Roaming\Sobiens\Sobiens.Connectors\SyncTasks\Histories\20200427.txt|Sobiens.Connectors.Entities.Logger.WriteEntry
Debug|2020-04-27 13:41:18.3363|2020-04-27 13:41:18,info,SyncTasksManager,SyncTaskHistories are being read from C:\Users\serkant2\AppData\Roaming\Sobiens\Sobiens.Connectors\SyncTasks\Histories\20200427.txt|Sobiens.Connectors.Entities.Logger.WriteEntry
Debug|2020-04-27 13:42:19.1288|2020-04-27 13:42:19,info,SyncTasksManager,SyncTasks are being loaded from C:\Users\serkant2\AppData\Roaming\Sobiens\Sobiens.Connectors\SyncTasks\SyncTasks.xml|Sobiens.Connectors.Entities.Logger.WriteEntry
Debug|2020-04-27 13:42:19.1527|2020-04-27 13:42:19,info,SyncTasksManager,SyncTaskHistories are being read from C:\Users\serkant2\AppData\Roaming\Sobiens\Sobiens.Connectors\SyncTasks\Histories\20200427.txt|Sobiens.Connectors.Entities.Logger.WriteEntry
Debug|2020-04-27 13:42:19.1537|2020-04-27 13:42:19,info,SyncTasksManager,SyncTaskHistories are being read from C:\Users\serkant2\AppData\Roaming\Sobiens\Sobiens.Connectors\SyncTasks\Histories\20200427.txt|Sobiens.Connectors.Entities.Logger.WriteEntry
Debug|2020-04-27 13:42:19.1537|2020-04-27 13:42:19,info,SyncTasksManager,SyncTaskHistories are being read from C:\Users\serkant2\AppData\Roaming\Sobiens\Sobiens.Connectors\SyncTasks\Histories\20200427.txt|Sobiens.Connectors.Entities.Logger.WriteEntry
Debug|2020-04-27 13:43:51.9886|2020-04-27 13:43:51,info,SyncTasksManager,SyncTasks are being loaded from C:\Users\serkant2\AppData\Roaming\Sobiens\Sobiens.Connectors\SyncTasks\SyncTasks.xml|Sobiens.Connectors.Entities.Logger.WriteEntry
Debug|2020-04-27 13:43:52.0155|2020-04-27 13:43:52,info,SyncTasksManager,SyncTaskHistories are being read from C:\Users\serkant2\AppData\Roaming\Sobiens\Sobiens.Connectors\SyncTasks\Histories\20200427.txt|Sobiens.Connectors.Entities.Logger.WriteEntry
Debug|2020-04-27 13:43:52.0155|2020-04-27 13:43:52,info,SyncTasksManager,SyncTaskHistories are being read from C:\Users\serkant2\AppData\Roaming\Sobiens\Sobiens.Connectors\SyncTasks\Histories\20200427.txt|Sobiens.Connectors.Entities.Logger.WriteEntry
Debug|2020-04-27 13:43:52.0155|2020-04-27 13:43:52,info,SyncTasksManager,SyncTaskHistories are being read from C:\Users\serkant2\AppData\Roaming\Sobiens\Sobiens.Connectors\SyncTasks\Histories\20200427.txt|Sobiens.Connectors.Entities.Logger.WriteEntry
Debug|2020-04-27 13:55:10.5195|2020-04-27 13:55:10,info,SyncTasksManager,SyncTasks are being loaded from C:\Users\serkant2\AppData\Roaming\Sobiens\Sobiens.Connectors\SyncTasks\SyncTasks.xml|Sobiens.Connectors.Entities.Logger.WriteEntry
Debug|2020-04-27 13:55:10.5424|2020-04-27 13:55:10,info,SyncTasksManager,SyncTaskHistories are being read from C:\Users\serkant2\AppData\Roaming\Sobiens\Sobiens.Connectors\SyncTasks\Histories\20200427.txt|Sobiens.Connectors.Entities.Logger.WriteEntry
Debug|2020-04-27 13:55:10.5444|2020-04-27 13:55:10,info,SyncTasksManager,SyncTaskHistories are being read from C:\Users\serkant2\AppData\Roaming\Sobiens\Sobiens.Connectors\SyncTasks\Histories\20200427.txt|Sobiens.Connectors.Entities.Logger.WriteEntry
Debug|2020-04-27 13:55:10.5444|2020-04-27 13:55:10,info,SyncTasksManager,SyncTaskHistories are being read from C:\Users\serkant2\AppData\Roaming\Sobiens\Sobiens.Connectors\SyncTasks\Histories\20200427.txt|Sobiens.Connectors.Entities.Logger.WriteEntry
Debug|2020-04-27 14:06:36.6251|2020-04-27 14:06:36,info,SyncTasksManager,SyncTasks are being loaded from C:\Users\serkant2\AppData\Roaming\Sobiens\Sobiens.Connectors\SyncTasks\SyncTasks.xml|Sobiens.Connectors.Entities.Logger.WriteEntry
Debug|2020-04-27 14:06:36.6491|2020-04-27 14:06:36,info,SyncTasksManager,SyncTaskHistories are being read from C:\Users\serkant2\AppData\Roaming\Sobiens\Sobiens.Connectors\SyncTasks\Histories\20200427.txt|Sobiens.Connectors.Entities.Logger.WriteEntry
Debug|2020-04-27 14:06:36.6491|2020-04-27 14:06:36,info,SyncTasksManager,SyncTaskHistories are being read from C:\Users\serkant2\AppData\Roaming\Sobiens\Sobiens.Connectors\SyncTasks\Histories\20200427.txt|Sobiens.Connectors.Entities.Logger.WriteEntry
Debug|2020-04-27 14:06:36.6491|2020-04-27 14:06:36,info,SyncTasksManager,SyncTaskHistories are being read from C:\Users\serkant2\AppData\Roaming\Sobiens\Sobiens.Connectors\SyncTasks\Histories\20200427.txt|Sobiens.Connectors.Entities.Logger.WriteEntry
Debug|2020-04-27 14:09:40.3050|2020-04-27 14:09:40,info,SyncTasksManager,SyncTasks are being loaded from C:\Users\serkant2\AppData\Roaming\Sobiens\Sobiens.Connectors\SyncTasks\SyncTasks.xml|Sobiens.Connectors.Entities.Logger.WriteEntry
Debug|2020-04-27 14:09:40.3280|2020-04-27 14:09:40,info,SyncTasksManager,SyncTaskHistories are being read from C:\Users\serkant2\AppData\Roaming\Sobiens\Sobiens.Connectors\SyncTasks\Histories\20200427.txt|Sobiens.Connectors.Entities.Logger.WriteEntry
Debug|2020-04-27 14:09:40.3280|2020-04-27 14:09:40,info,SyncTasksManager,SyncTaskHistories are being read from C:\Users\serkant2\AppData\Roaming\Sobiens\Sobiens.Connectors\SyncTasks\Histories\20200427.txt|Sobiens.Connectors.Entities.Logger.WriteEntry
Debug|2020-04-27 14:09:40.3280|2020-04-27 14:09:40,info,SyncTasksManager,SyncTaskHistories are being read from C:\Users\serkant2\AppData\Roaming\Sobiens\Sobiens.Connectors\SyncTasks\Histories\20200427.txt|Sobiens.Connectors.Entities.Logger.WriteEntry
Debug|2020-04-27 14:11:46.4428|2020-04-27 14:11:46,info,SyncTasksManager,SyncTasks are being loaded from C:\Users\serkant2\AppData\Roaming\Sobiens\Sobiens.Connectors\SyncTasks\SyncTasks.xml|Sobiens.Connectors.Entities.Logger.WriteEntry
Debug|2020-04-27 14:11:46.4667|2020-04-27 14:11:46,info,SyncTasksManager,SyncTaskHistories are being read from C:\Users\serkant2\AppData\Roaming\Sobiens\Sobiens.Connectors\SyncTasks\Histories\20200427.txt|Sobiens.Connectors.Entities.Logger.WriteEntry
Debug|2020-04-27 14:11:46.4667|2020-04-27 14:11:46,info,SyncTasksManager,SyncTaskHistories are being read from C:\Users\serkant2\AppData\Roaming\Sobiens\Sobiens.Connectors\SyncTasks\Histories\20200427.txt|Sobiens.Connectors.Entities.Logger.WriteEntry
Debug|2020-04-27 14:11:46.4667|2020-04-27 14:11:46,info,SyncTasksManager,SyncTaskHistories are being read from C:\Users\serkant2\AppData\Roaming\Sobiens\Sobiens.Connectors\SyncTasks\Histories\20200427.txt|Sobiens.Connectors.Entities.Logger.WriteEntry
Debug|2020-04-27 14:42:26.1405|2020-04-27 14:42:26,info,SyncTasksManager,SyncTasks are being loaded from C:\Users\serkant2\AppData\Roaming\Sobiens\Sobiens.Connectors\SyncTasks\SyncTasks.xml|Sobiens.Connectors.Entities.Logger.WriteEntry
Debug|2020-04-27 14:43:17.6648|2020-04-27 14:43:17,info,SyncTasksManager,SyncTaskHistories are being read from C:\Users\serkant2\AppData\Roaming\Sobiens\Sobiens.Connectors\SyncTasks\Histories\20200427.txt|Sobiens.Connectors.Entities.Logger.WriteEntry
Debug|2020-04-27 14:43:17.6677|2020-04-27 14:43:17,info,SyncTasksManager,SyncTaskHistories are being read from C:\Users\serkant2\AppData\Roaming\Sobiens\Sobiens.Connectors\SyncTasks\Histories\20200427.txt|Sobiens.Connectors.Entities.Logger.WriteEntry
Debug|2020-04-27 14:43:17.6677|2020-04-27 14:43:17,info,SyncTasksManager,SyncTaskHistories are being read from C:\Users\serkant2\AppData\Roaming\Sobiens\Sobiens.Connectors\SyncTasks\Histories\20200427.txt|Sobiens.Connectors.Entities.Logger.WriteEntry
Debug|2020-04-27 14:47:31.3395|2020-04-27 14:47:31,info,SyncTasksManager,SyncTasks are being loaded from C:\Users\serkant2\AppData\Roaming\Sobiens\Sobiens.Connectors\SyncTasks\SyncTasks.xml|Sobiens.Connectors.Entities.Logger.WriteEntry
Debug|2020-04-27 14:47:31.3615|2020-04-27 14:47:31,info,SyncTasksManager,SyncTaskHistories are being read from C:\Users\serkant2\AppData\Roaming\Sobiens\Sobiens.Connectors\SyncTasks\Histories\20200427.txt|Sobiens.Connectors.Entities.Logger.WriteEntry
Debug|2020-04-27 14:47:31.3615|2020-04-27 14:47:31,info,SyncTasksManager,SyncTaskHistories are being read from C:\Users\serkant2\AppData\Roaming\Sobiens\Sobiens.Connectors\SyncTasks\Histories\20200427.txt|Sobiens.Connectors.Entities.Logger.WriteEntry
Debug|2020-04-27 14:47:31.3725|2020-04-27 14:47:31,info,SyncTasksManager,SyncTaskHistories are being read from C:\Users\serkant2\AppData\Roaming\Sobiens\Sobiens.Connectors\SyncTasks\Histories\20200427.txt|Sobiens.Connectors.Entities.Logger.WriteEntry
Debug|2020-04-27 14:49:21.9813|2020-04-27 14:49:21,info,SyncTasksManager,SyncTaskHistories are being read from C:\Users\serkant2\AppData\Roaming\Sobiens\Sobiens.Connectors\SyncTasks\Histories\20200427.txt|Sobiens.Connectors.Entities.Logger.WriteEntry
Debug|2020-04-27 14:55:52.9414|2020-04-27 14:55:52,info,SyncTasksManager,SyncTasks are being loaded from C:\Users\serkant2\AppData\Roaming\Sobiens\Sobiens.Connectors\SyncTasks\SyncTasks.xml|Sobiens.Connectors.Entities.Logger.WriteEntry
Debug|2020-04-27 14:55:52.9643|2020-04-27 14:55:52,info,SyncTasksManager,SyncTaskHistories are being read from C:\Users\serkant2\AppData\Roaming\Sobiens\Sobiens.Connectors\SyncTasks\Histories\20200427.txt|Sobiens.Connectors.Entities.Logger.WriteEntry
Debug|2020-04-27 14:55:52.9643|2020-04-27 14:55:52,info,SyncTasksManager,SyncTaskHistories are being read from C:\Users\serkant2\AppData\Roaming\Sobiens\Sobiens.Connectors\SyncTasks\Histories\20200427.txt|Sobiens.Connectors.Entities.Logger.WriteEntry
Debug|2020-04-27 14:55:52.9643|2020-04-27 14:55:52,info,SyncTasksManager,SyncTaskHistories are being read from C:\Users\serkant2\AppData\Roaming\Sobiens\Sobiens.Connectors\SyncTasks\Histories\20200427.txt|Sobiens.Connectors.Entities.Logger.WriteEntry
Debug|2020-04-27 14:58:24.0968|2020-04-27 14:58:24,info,SyncTasksManager,SyncTasks are being loaded from C:\Users\serkant2\AppData\Roaming\Sobiens\Sobiens.Connectors\SyncTasks\SyncTasks.xml|Sobiens.Connectors.Entities.Logger.WriteEntry
Debug|2020-04-27 14:58:24.1187|2020-04-27 14:58:24,info,SyncTasksManager,SyncTaskHistories are being read from C:\Users\serkant2\AppData\Roaming\Sobiens\Sobiens.Connectors\SyncTasks\Histories\20200427.txt|Sobiens.Connectors.Entities.Logger.WriteEntry
Debug|2020-04-27 14:58:24.1207|2020-04-27 14:58:24,info,SyncTasksManager,SyncTaskHistories are being read from C:\Users\serkant2\AppData\Roaming\Sobiens\Sobiens.Connectors\SyncTasks\Histories\20200427.txt|Sobiens.Connectors.Entities.Logger.WriteEntry
Debug|2020-04-27 14:58:24.1546|2020-04-27 14:58:24,info,SyncTasksManager,SyncTaskHistories are being read from C:\Users\serkant2\AppData\Roaming\Sobiens\Sobiens.Connectors\SyncTasks\Histories\20200427.txt|Sobiens.Connectors.Entities.Logger.WriteEntry
Debug|2020-04-27 14:59:20.8939|2020-04-27 14:59:20,info,SyncTasksManager,SyncTaskHistories are being read from C:\Users\serkant2\AppData\Roaming\Sobiens\Sobiens.Connectors\SyncTasks\Histories\20200427.txt|Sobiens.Connectors.Entities.Logger.WriteEntry
Debug|2020-04-27 14:59:20.8939|2020-04-27 14:59:20,info,SyncTasksManager,SyncTaskHistories are being read from C:\Users\serkant2\AppData\Roaming\Sobiens\Sobiens.Connectors\SyncTasks\Histories\20200427.txt|Sobiens.Connectors.Entities.Logger.WriteEntry
Debug|2020-04-27 14:59:20.8939|2020-04-27 14:59:20,info,SyncTasksManager,SyncTaskHistories are being read from C:\Users\serkant2\AppData\Roaming\Sobiens\Sobiens.Connectors\SyncTasks\Histories\20200427.txt|Sobiens.Connectors.Entities.Logger.WriteEntry
Debug|2020-04-27 15:01:04.0920|2020-04-27 15:01:04,info,SyncTasksManager,SyncTasks are being loaded from C:\Users\serkant2\AppData\Roaming\Sobiens\Sobiens.Connectors\SyncTasks\SyncTasks.xml|Sobiens.Connectors.Entities.Logger.WriteEntry
Debug|2020-04-27 15:01:04.1159|2020-04-27 15:01:04,info,SyncTasksManager,SyncTaskHistories are being read from C:\Users\serkant2\AppData\Roaming\Sobiens\Sobiens.Connectors\SyncTasks\Histories\20200427.txt|Sobiens.Connectors.Entities.Logger.WriteEntry
Debug|2020-04-27 15:01:04.1429|2020-04-27 15:01:04,info,SyncTasksManager,SyncTaskHistories are being read from C:\Users\serkant2\AppData\Roaming\Sobiens\Sobiens.Connectors\SyncTasks\Histories\20200427.txt|Sobiens.Connectors.Entities.Logger.WriteEntry
Debug|2020-04-27 15:01:04.1429|2020-04-27 15:01:04,info,SyncTasksManager,SyncTaskHistories are being read from C:\Users\serkant2\AppData\Roaming\Sobiens\Sobiens.Connectors\SyncTasks\Histories\20200427.txt|Sobiens.Connectors.Entities.Logger.WriteEntry
Debug|2020-04-27 15:02:02.5916|2020-04-27 15:02:02,info,SyncTasksManager,SyncTaskHistories are being read from C:\Users\serkant2\AppData\Roaming\Sobiens\Sobiens.Connectors\SyncTasks\Histories\20200427.txt|Sobiens.Connectors.Entities.Logger.WriteEntry
Debug|2020-04-27 15:05:26.0746|2020-04-27 15:05:26,info,SyncTasksManager,SyncTasks are being loaded from C:\Users\serkant2\AppData\Roaming\Sobiens\Sobiens.Connectors\SyncTasks\SyncTasks.xml|Sobiens.Connectors.Entities.Logger.WriteEntry
Debug|2020-04-27 15:05:26.0975|2020-04-27 15:05:26,info,SyncTasksManager,SyncTaskHistories are being read from C:\Users\serkant2\AppData\Roaming\Sobiens\Sobiens.Connectors\SyncTasks\Histories\20200427.txt|Sobiens.Connectors.Entities.Logger.WriteEntry
Debug|2020-04-27 15:05:26.0975|2020-04-27 15:05:26,info,SyncTasksManager,SyncTaskHistories are being read from C:\Users\serkant2\AppData\Roaming\Sobiens\Sobiens.Connectors\SyncTasks\Histories\20200427.txt|Sobiens.Connectors.Entities.Logger.WriteEntry
Debug|2020-04-27 15:05:26.0975|2020-04-27 15:05:26,info,SyncTasksManager,SyncTaskHistories are being read from C:\Users\serkant2\AppData\Roaming\Sobiens\Sobiens.Connectors\SyncTasks\Histories\20200427.txt|Sobiens.Connectors.Entities.Logger.WriteEntry
Debug|2020-04-27 15:06:47.9985|2020-04-27 15:06:47,info,SyncTasksManager,SyncTasks are being loaded from C:\Users\serkant2\AppData\Roaming\Sobiens\Sobiens.Connectors\SyncTasks\SyncTasks.xml|Sobiens.Connectors.Entities.Logger.WriteEntry
Debug|2020-04-27 15:06:48.0205|2020-04-27 15:06:48,info,SyncTasksManager,SyncTaskHistories are being read from C:\Users\serkant2\AppData\Roaming\Sobiens\Sobiens.Connectors\SyncTasks\Histories\20200427.txt|Sobiens.Connectors.Entities.Logger.WriteEntry
Debug|2020-04-27 15:06:48.0205|2020-04-27 15:06:48,info,SyncTasksManager,SyncTaskHistories are being read from C:\Users\serkant2\AppData\Roaming\Sobiens\Sobiens.Connectors\SyncTasks\Histories\20200427.txt|Sobiens.Connectors.Entities.Logger.WriteEntry
Debug|2020-04-27 15:06:48.0404|2020-04-27 15:06:48,info,SyncTasksManager,SyncTaskHistories are being read from C:\Users\serkant2\AppData\Roaming\Sobiens\Sobiens.Connectors\SyncTasks\Histories\20200427.txt|Sobiens.Connectors.Entities.Logger.WriteEntry
Debug|2020-04-27 15:08:05.0845|2020-04-27 15:08:05,info,SyncTasksManager,SyncTasks are being loaded from C:\Users\serkant2\AppData\Roaming\Sobiens\Sobiens.Connectors\SyncTasks\SyncTasks.xml|Sobiens.Connectors.Entities.Logger.WriteEntry
Debug|2020-04-27 15:08:05.1074|2020-04-27 15:08:05,info,SyncTasksManager,SyncTaskHistories are being read from C:\Users\serkant2\AppData\Roaming\Sobiens\Sobiens.Connectors\SyncTasks\Histories\20200427.txt|Sobiens.Connectors.Entities.Logger.WriteEntry
Debug|2020-04-27 15:08:05.1074|2020-04-27 15:08:05,info,SyncTasksManager,SyncTaskHistories are being read from C:\Users\serkant2\AppData\Roaming\Sobiens\Sobiens.Connectors\SyncTasks\Histories\20200427.txt|Sobiens.Connectors.Entities.Logger.WriteEntry
Debug|2020-04-27 15:08:05.1074|2020-04-27 15:08:05,info,SyncTasksManager,SyncTaskHistories are being read from C:\Users\serkant2\AppData\Roaming\Sobiens\Sobiens.Connectors\SyncTasks\Histories\20200427.txt|Sobiens.Connectors.Entities.Logger.WriteEntry
Debug|2020-04-27 15:13:43.0866|2020-04-27 15:13:43,info,SyncTasksManager,SyncTasks are being loaded from C:\Users\serkant2\AppData\Roaming\Sobiens\Sobiens.Connectors\SyncTasks\SyncTasks.xml|Sobiens.Connectors.Entities.Logger.WriteEntry
Debug|2020-04-27 15:13:43.1095|2020-04-27 15:13:43,info,SyncTasksManager,SyncTaskHistories are being read from C:\Users\serkant2\AppData\Roaming\Sobiens\Sobiens.Connectors\SyncTasks\Histories\20200427.txt|Sobiens.Connectors.Entities.Logger.WriteEntry
Debug|2020-04-27 15:13:43.1275|2020-04-27 15:13:43,info,SyncTasksManager,SyncTaskHistories are being read from C:\Users\serkant2\AppData\Roaming\Sobiens\Sobiens.Connectors\SyncTasks\Histories\20200427.txt|Sobiens.Connectors.Entities.Logger.WriteEntry
Debug|2020-04-27 15:13:43.1275|2020-04-27 15:13:43,info,SyncTasksManager,SyncTaskHistories are being read from C:\Users\serkant2\AppData\Roaming\Sobiens\Sobiens.Connectors\SyncTasks\Histories\20200427.txt|Sobiens.Connectors.Entities.Logger.WriteEntry
Debug|2020-04-27 15:19:01.6035|2020-04-27 15:19:01,info,SyncTasksManager,SyncTasks are being loaded from C:\Users\serkant2\AppData\Roaming\Sobiens\Sobiens.Connectors\SyncTasks\SyncTasks.xml|Sobiens.Connectors.Entities.Logger.WriteEntry
Debug|2020-04-27 15:19:01.6284|2020-04-27 15:19:01,info,SyncTasksManager,SyncTaskHistories are being read from C:\Users\serkant2\AppData\Roaming\Sobiens\Sobiens.Connectors\SyncTasks\Histories\20200427.txt|Sobiens.Connectors.Entities.Logger.WriteEntry
Debug|2020-04-27 15:19:01.6284|2020-04-27 15:19:01,info,SyncTasksManager,SyncTaskHistories are being read from C:\Users\serkant2\AppData\Roaming\Sobiens\Sobiens.Connectors\SyncTasks\Histories\20200427.txt|Sobiens.Connectors.Entities.Logger.WriteEntry
Debug|2020-04-27 15:19:01.6284|2020-04-27 15:19:01,info,SyncTasksManager,SyncTaskHistories are being read from C:\Users\serkant2\AppData\Roaming\Sobiens\Sobiens.Connectors\SyncTasks\Histories\20200427.txt|Sobiens.Connectors.Entities.Logger.WriteEntry
Debug|2020-04-27 15:19:25.2054|2020-04-27 15:19:25,warning,Studio,WorkItem has been added LogCategory: Title:Populating treeview items WorkItemType:NonCriticalWorkItem|Sobiens.Connectors.Entities.Logger.WriteEntry
Debug|2020-04-27 15:19:25.2054|2020-04-27 15:19:25,warning,Studio,WorkItem is being processed LogCategory: Title:Populating treeview items WorkItemType:NonCriticalWorkItem|Sobiens.Connectors.Entities.Logger.WriteEntry
Debug|2020-04-27 15:19:31.7769|2020-04-27 15:19:31,warning,Studio,WorkItem has been added LogCategory: Title:Populating treeview items WorkItemType:NonCriticalWorkItem|Sobiens.Connectors.Entities.Logger.WriteEntry
Debug|2020-04-27 15:20:43.0583|2020-04-27 15:20:43,warning,Studio,WorkItem is being processed LogCategory: Title:Populating treeview items WorkItemType:NonCriticalWorkItem|Sobiens.Connectors.Entities.Logger.WriteEntry
Debug|2020-04-27 15:22:15.7295|2020-04-27 15:22:15,warning,Studio,WorkItem has been added LogCategory: Title:Populating treeview items WorkItemType:NonCriticalWorkItem|Sobiens.Connectors.Entities.Logger.WriteEntry
Debug|2020-04-27 15:22:15.7295|2020-04-27 15:22:15,warning,Studio,WorkItem is being processed LogCategory: Title:Populating treeview items WorkItemType:NonCriticalWorkItem|Sobiens.Connectors.Entities.Logger.WriteEntry
Debug|2020-04-27 15:33:00.0414|2020-04-27 15:33:00,info,BackgroundDataService,Starting service ...|Sobiens.Connectors.Entities.Logger.WriteEntry
Debug|2020-04-27 15:33:00.0713|2020-04-27 15:33:00,info,BackgroundDataService,Creating Service context ...|Sobiens.Connectors.Entities.Logger.WriteEntry
Debug|2020-04-27 15:33:00.0823|2020-04-27 15:33:00,info,BackgroundDataService,Service started and timer activated.|Sobiens.Connectors.Entities.Logger.WriteEntry
Debug|2020-04-27 15:33:00.0823|2020-04-27 15:33:00,info,BackgroundDataService,Worker thread for processing request queue has started.|Sobiens.Connectors.Entities.Logger.WriteEntry
Debug|2020-04-27 15:33:01.1893|2020-04-27 15:33:01,info,BackgroundDataService,Stopping service ...|Sobiens.Connectors.Entities.Logger.WriteEntry
Debug|2020-04-27 15:33:01.1893|2020-04-27 15:33:01,info,BackgroundDataService,Timer disabled, waiting for pending requests to complete ...|Sobiens.Connectors.Entities.Logger.WriteEntry
Debug|2020-04-27 15:33:01.1893|2020-04-27 15:33:01,info,BackgroundDataService,No of enqued requests is 0, waiting to terminate ...|Sobiens.Connectors.Entities.Logger.WriteEntry
Debug|2020-04-27 15:33:01.2152|2020-04-27 15:33:01,info,BackgroundDataService,Worker thread for processing request queue is terminated.|Sobiens.Connectors.Entities.Logger.WriteEntry
Debug|2020-04-27 15:33:01.2152|2020-04-27 15:33:01,info,BackgroundDataService,Service successfully terminated.|Sobiens.Connectors.Entities.Logger.WriteEntry
Debug|2020-04-27 15:33:01.8976|2020-04-27 15:33:01,info,BackgroundDataService,Starting service ...|Sobiens.Connectors.Entities.Logger.WriteEntry
Debug|2020-04-27 15:33:01.8976|2020-04-27 15:33:01,info,BackgroundDataService,Creating Service context ...|Sobiens.Connectors.Entities.Logger.WriteEntry
Debug|2020-04-27 15:33:01.8976|2020-04-27 15:33:01,info,BackgroundDataService,Service started and timer activated.|Sobiens.Connectors.Entities.Logger.WriteEntry
Debug|2020-04-27 15:33:01.9016|2020-04-27 15:33:01,info,BackgroundDataService,Worker thread for processing request queue has started.|Sobiens.Connectors.Entities.Logger.WriteEntry
Debug|2020-04-27 15:33:02.7549|2020-04-27 15:33:02,info,BackgroundDataService,Stopping service ...|Sobiens.Connectors.Entities.Logger.WriteEntry
Debug|2020-04-27 15:33:02.7549|2020-04-27 15:33:02,info,BackgroundDataService,Timer disabled, waiting for pending requests to complete ...|Sobiens.Connectors.Entities.Logger.WriteEntry
Debug|2020-04-27 15:33:02.7549|2020-04-27 15:33:02,info,BackgroundDataService,No of enqued requests is 0, waiting to terminate ...|Sobiens.Connectors.Entities.Logger.WriteEntry
Debug|2020-04-27 15:33:02.7688|2020-04-27 15:33:02,info,BackgroundDataService,Worker thread for processing request queue is terminated.|Sobiens.Connectors.Entities.Logger.WriteEntry
Debug|2020-04-27 15:33:02.7758|2020-04-27 15:33:02,info,BackgroundDataService,Service successfully terminated.|Sobiens.Connectors.Entities.Logger.WriteEntry
Debug|2020-04-27 15:33:15.9827|2020-04-27 15:33:15,warning,Studio,WorkItem has been added LogCategory: Title:Populating treeview items WorkItemType:NonCriticalWorkItem|Sobiens.Connectors.Entities.Logger.WriteEntry
Debug|2020-04-27 15:33:15.9827|2020-04-27 15:33:15,warning,Studio,WorkItem is being processed LogCategory: Title:Populating treeview items WorkItemType:NonCriticalWorkItem|Sobiens.Connectors.Entities.Logger.WriteEntry
Debug|2020-04-27 15:33:17.9790|2020-04-27 15:33:17,warning,Studio,WorkItem has been added LogCategory: Title:Populating treeview items WorkItemType:NonCriticalWorkItem|Sobiens.Connectors.Entities.Logger.WriteEntry
Debug|2020-04-27 15:33:17.9790|2020-04-27 15:33:17,warning,Studio,WorkItem is being processed LogCategory: Title:Populating treeview items WorkItemType:NonCriticalWorkItem|Sobiens.Connectors.Entities.Logger.WriteEntry
Debug|2020-04-27 16:05:29.0011|2020-04-27 16:05:29,warning,Studio,WorkItem has been added LogCategory: Title:Populating treeview items WorkItemType:NonCriticalWorkItem|Sobiens.Connectors.Entities.Logger.WriteEntry
Debug|2020-04-27 16:05:29.0230|2020-04-27 16:05:29,warning,Studio,WorkItem is being processed LogCategory: Title:Populating treeview items WorkItemType:NonCriticalWorkItem|Sobiens.Connectors.Entities.Logger.WriteEntry
Debug|2020-04-27 16:05:31.1258|2020-04-27 16:05:31,warning,Studio,WorkItem has been added LogCategory: Title:Populating treeview items WorkItemType:NonCriticalWorkItem|Sobiens.Connectors.Entities.Logger.WriteEntry
Debug|2020-04-27 16:05:31.1258|2020-04-27 16:05:31,warning,Studio,WorkItem is being processed LogCategory: Title:Populating treeview items WorkItemType:NonCriticalWorkItem|Sobiens.Connectors.Entities.Logger.WriteEntry
Debug|2020-04-27 16:11:55.5371|2020-04-27 16:11:55,warning,Studio,WorkItem has been added LogCategory: Title:Populating treeview items WorkItemType:NonCriticalWorkItem|Sobiens.Connectors.Entities.Logger.WriteEntry
Debug|2020-04-27 16:11:55.5683|2020-04-27 16:11:55,warning,Studio,WorkItem is being processed LogCategory: Title:Populating treeview items WorkItemType:NonCriticalWorkItem|Sobiens.Connectors.Entities.Logger.WriteEntry
Debug|2020-04-27 16:11:58.1094|2020-04-27 16:11:58,warning,Studio,WorkItem has been added LogCategory: Title:Populating treeview items WorkItemType:NonCriticalWorkItem|Sobiens.Connectors.Entities.Logger.WriteEntry
Debug|2020-04-27 16:11:58.1094|2020-04-27 16:11:58,warning,Studio,WorkItem is being processed LogCategory: Title:Populating treeview items WorkItemType:NonCriticalWorkItem|Sobiens.Connectors.Entities.Logger.WriteEntry
Debug|2020-04-27 16:15:14.5063|2020-04-27 16:15:14,warning,Studio,WorkItem has been added LogCategory: Title:Populating treeview items WorkItemType:NonCriticalWorkItem|Sobiens.Connectors.Entities.Logger.WriteEntry
Debug|2020-04-27 16:15:14.5220|2020-04-27 16:15:14,warning,Studio,WorkItem is being processed LogCategory: Title:Populating treeview items WorkItemType:NonCriticalWorkItem|Sobiens.Connectors.Entities.Logger.WriteEntry
Debug|2020-04-27 16:15:17.3570|2020-04-27 16:15:17,warning,Studio,WorkItem has been added LogCategory: Title:Populating treeview items WorkItemType:NonCriticalWorkItem|Sobiens.Connectors.Entities.Logger.WriteEntry
Debug|2020-04-27 16:15:17.3570|2020-04-27 16:15:17,warning,Studio,WorkItem is being processed LogCategory: Title:Populating treeview items WorkItemType:NonCriticalWorkItem|Sobiens.Connectors.Entities.Logger.WriteEntry
Debug|2020-04-27 16:24:35.4398|2020-04-27 16:24:35,warning,Studio,WorkItem has been added LogCategory: Title:Populating treeview items WorkItemType:NonCriticalWorkItem|Sobiens.Connectors.Entities.Logger.WriteEntry
Debug|2020-04-27 16:24:35.4657|2020-04-27 16:24:35,warning,Studio,WorkItem is being processed LogCategory: Title:Populating treeview items WorkItemType:NonCriticalWorkItem|Sobiens.Connectors.Entities.Logger.WriteEntry
Debug|2020-04-27 16:24:38.4470|2020-04-27 16:24:38,warning,Studio,WorkItem has been added LogCategory: Title:Populating treeview items WorkItemType:NonCriticalWorkItem|Sobiens.Connectors.Entities.Logger.WriteEntry
Debug|2020-04-27 16:24:38.4470|2020-04-27 16:24:38,warning,Studio,WorkItem is being processed LogCategory: Title:Populating treeview items WorkItemType:NonCriticalWorkItem|Sobiens.Connectors.Entities.Logger.WriteEntry
Debug|2020-04-27 16:30:02.3913|2020-04-27 16:30:02,warning,Studio,WorkItem has been added LogCategory: Title:Populating treeview items WorkItemType:NonCriticalWorkItem|Sobiens.Connectors.Entities.Logger.WriteEntry
Debug|2020-04-27 16:30:02.4069|2020-04-27 16:30:02,warning,Studio,WorkItem is being processed LogCategory: Title:Populating treeview items WorkItemType:NonCriticalWorkItem|Sobiens.Connectors.Entities.Logger.WriteEntry
Debug|2020-04-27 16:30:05.3799|2020-04-27 16:30:05,warning,Studio,WorkItem has been added LogCategory: Title:Populating treeview items WorkItemType:NonCriticalWorkItem|Sobiens.Connectors.Entities.Logger.WriteEntry
Debug|2020-04-27 16:30:05.3799|2020-04-27 16:30:05,warning,Studio,WorkItem is being processed LogCategory: Title:Populating treeview items WorkItemType:NonCriticalWorkItem|Sobiens.Connectors.Entities.Logger.WriteEntry
Debug|2020-04-27 16:31:22.8976|2020-04-27 16:31:22,warning,Studio,WorkItem has been added LogCategory: Title:Populating treeview items WorkItemType:NonCriticalWorkItem|Sobiens.Connectors.Entities.Logger.WriteEntry
Debug|2020-04-27 16:31:22.9245|2020-04-27 16:31:22,warning,Studio,WorkItem is being processed LogCategory: Title:Populating treeview items WorkItemType:NonCriticalWorkItem|Sobiens.Connectors.Entities.Logger.WriteEntry
Debug|2020-04-27 16:31:25.8694|2020-04-27 16:31:25,warning,Studio,WorkItem has been added LogCategory: Title:Populating treeview items WorkItemType:NonCriticalWorkItem|Sobiens.Connectors.Entities.Logger.WriteEntry
Debug|2020-04-27 16:31:25.8694|2020-04-27 16:31:25,warning,Studio,WorkItem is being processed LogCategory: Title:Populating treeview items WorkItemType:NonCriticalWorkItem|Sobiens.Connectors.Entities.Logger.WriteEntry
Debug|2020-04-27 16:42:01.5937|2020-04-27 16:42:01,warning,Studio,WorkItem has been added LogCategory: Title:Populating treeview items WorkItemType:NonCriticalWorkItem|Sobiens.Connectors.Entities.Logger.WriteEntry
Debug|2020-04-27 16:42:01.6156|2020-04-27 16:42:01,warning,Studio,WorkItem is being processed LogCategory: Title:Populating treeview items WorkItemType:NonCriticalWorkItem|Sobiens.Connectors.Entities.Logger.WriteEntry
Debug|2020-04-27 16:42:10.3219|2020-04-27 16:42:10,warning,Studio,WorkItem has been added LogCategory: Title:Populating treeview items WorkItemType:NonCriticalWorkItem|Sobiens.Connectors.Entities.Logger.WriteEntry
Debug|2020-04-27 16:42:10.3229|2020-04-27 16:42:10,warning,Studio,WorkItem is being processed LogCategory: Title:Populating treeview items WorkItemType:NonCriticalWorkItem|Sobiens.Connectors.Entities.Logger.WriteEntry
Debug|2020-04-27 16:49:48.6579|2020-04-27 16:49:48,warning,Studio,WorkItem has been added LogCategory: Title:Populating treeview items WorkItemType:NonCriticalWorkItem|Sobiens.Connectors.Entities.Logger.WriteEntry
Debug|2020-04-27 16:49:48.6877|2020-04-27 16:49:48,warning,Studio,WorkItem is being processed LogCategory: Title:Populating treeview items WorkItemType:NonCriticalWorkItem|Sobiens.Connectors.Entities.Logger.WriteEntry
Debug|2020-04-27 16:49:52.0198|2020-04-27 16:49:52,warning,Studio,WorkItem has been added LogCategory: Title:Populating treeview items WorkItemType:NonCriticalWorkItem|Sobiens.Connectors.Entities.Logger.WriteEntry
Debug|2020-04-27 16:49:52.0198|2020-04-27 16:49:52,warning,Studio,WorkItem is being processed LogCategory: Title:Populating treeview items WorkItemType:NonCriticalWorkItem|Sobiens.Connectors.Entities.Logger.WriteEntry
Debug|2020-04-27 16:53:26.8784|2020-04-27 16:53:26,warning,Studio,WorkItem has been added LogCategory: Title:Populating treeview items WorkItemType:NonCriticalWorkItem|Sobiens.Connectors.Entities.Logger.WriteEntry
Debug|2020-04-27 16:53:26.9013|2020-04-27 16:53:26,warning,Studio,WorkItem is being processed LogCategory: Title:Populating treeview items WorkItemType:NonCriticalWorkItem|Sobiens.Connectors.Entities.Logger.WriteEntry
Debug|2020-04-27 16:53:29.6819|2020-04-27 16:53:29,warning,Studio,WorkItem has been added LogCategory: Title:Populating treeview items WorkItemType:NonCriticalWorkItem|Sobiens.Connectors.Entities.Logger.WriteEntry
Debug|2020-04-27 16:53:29.6819|2020-04-27 16:53:29,warning,Studio,WorkItem is being processed LogCategory: Title:Populating treeview items WorkItemType:NonCriticalWorkItem|Sobiens.Connectors.Entities.Logger.WriteEntry
Debug|2020-04-27 16:54:13.3592|2020-04-27 16:54:13,warning,Studio,WorkItem has been added LogCategory: Title:Populating treeview items WorkItemType:NonCriticalWorkItem|Sobiens.Connectors.Entities.Logger.WriteEntry
Debug|2020-04-27 16:54:13.3592|2020-04-27 16:54:13,warning,Studio,WorkItem is being processed LogCategory: Title:Populating treeview items WorkItemType:NonCriticalWorkItem|Sobiens.Connectors.Entities.Logger.WriteEntry
Debug|2020-04-27 16:56:11.5446|2020-04-27 16:56:11,info,Service,webUrl:https://collaborate.unfccc.int/submissions|Sobiens.Connectors.Entities.Logger.WriteEntry
Debug|2020-04-27 16:56:11.5446|2020-04-27 16:56:11,info,listName,listName:https://collaborate.unfccc.int/submissions|Sobiens.Connectors.Entities.Logger.WriteEntry
Debug|2020-04-27 16:56:26.2992|2020-04-27 16:56:26,info,Service,GetListItems method is started|Sobiens.Connectors.Entities.Logger.WriteEntry
Debug|2020-04-27 16:58:40.1413|2020-04-27 16:58:40,warning,Studio,WorkItem has been added LogCategory: Title:Populating treeview items WorkItemType:NonCriticalWorkItem|Sobiens.Connectors.Entities.Logger.WriteEntry
Debug|2020-04-27 16:58:40.1653|2020-04-27 16:58:40,warning,Studio,WorkItem is being processed LogCategory: Title:Populating treeview items WorkItemType:NonCriticalWorkItem|Sobiens.Connectors.Entities.Logger.WriteEntry
Debug|2020-04-27 16:58:43.1842|2020-04-27 16:58:43,warning,Studio,WorkItem has been added LogCategory: Title:Populating treeview items WorkItemType:NonCriticalWorkItem|Sobiens.Connectors.Entities.Logger.WriteEntry
Debug|2020-04-27 16:58:43.1842|2020-04-27 16:58:43,warning,Studio,WorkItem is being processed LogCategory: Title:Populating treeview items WorkItemType:NonCriticalWorkItem|Sobiens.Connectors.Entities.Logger.WriteEntry
Debug|2020-04-27 17:00:21.3570|2020-04-27 17:00:21,warning,Studio,WorkItem has been added LogCategory: Title:Populating treeview items WorkItemType:NonCriticalWorkItem|Sobiens.Connectors.Entities.Logger.WriteEntry
Debug|2020-04-27 17:00:21.3809|2020-04-27 17:00:21,warning,Studio,WorkItem is being processed LogCategory: Title:Populating treeview items WorkItemType:NonCriticalWorkItem|Sobiens.Connectors.Entities.Logger.WriteEntry
Debug|2020-04-27 17:00:24.1565|2020-04-27 17:00:24,warning,Studio,WorkItem has been added LogCategory: Title:Populating treeview items WorkItemType:NonCriticalWorkItem|Sobiens.Connectors.Entities.Logger.WriteEntry
Debug|2020-04-27 17:00:24.1565|2020-04-27 17:00:24,warning,Studio,WorkItem is being processed LogCategory: Title:Populating treeview items WorkItemType:NonCriticalWorkItem|Sobiens.Connectors.Entities.Logger.WriteEntry
Debug|2020-04-27 17:05:33.4284|2020-04-27 17:05:33,warning,Studio,WorkItem has been added LogCategory: Title:Populating treeview items WorkItemType:NonCriticalWorkItem|Sobiens.Connectors.Entities.Logger.WriteEntry
Debug|2020-04-27 17:05:33.4573|2020-04-27 17:05:33,warning,Studio,WorkItem is being processed LogCategory: Title:Populating treeview items WorkItemType:NonCriticalWorkItem|Sobiens.Connectors.Entities.Logger.WriteEntry
Debug|2020-04-27 17:05:37.4287|2020-04-27 17:05:37,warning,Studio,WorkItem has been added LogCategory: Title:Populating treeview items WorkItemType:NonCriticalWorkItem|Sobiens.Connectors.Entities.Logger.WriteEntry
Debug|2020-04-27 17:05:37.4287|2020-04-27 17:05:37,warning,Studio,WorkItem is being processed LogCategory: Title:Populating treeview items WorkItemType:NonCriticalWorkItem|Sobiens.Connectors.Entities.Logger.WriteEntry
Debug|2020-04-27 17:06:53.5980|2020-04-27 17:06:53,warning,Studio,WorkItem has been added LogCategory: Title:Populating treeview items WorkItemType:NonCriticalWorkItem|Sobiens.Connectors.Entities.Logger.WriteEntry
Debug|2020-04-27 17:06:53.6220|2020-04-27 17:06:53,warning,Studio,WorkItem is being processed LogCategory: Title:Populating treeview items WorkItemType:NonCriticalWorkItem|Sobiens.Connectors.Entities.Logger.WriteEntry
Debug|2020-04-27 17:07:00.6163|2020-04-27 17:07:00,warning,Studio,WorkItem has been added LogCategory: Title:Populating treeview items WorkItemType:NonCriticalWorkItem|Sobiens.Connectors.Entities.Logger.WriteEntry
Debug|2020-04-27 17:07:00.6193|2020-04-27 17:07:00,warning,Studio,WorkItem is being processed LogCategory: Title:Populating treeview items WorkItemType:NonCriticalWorkItem|Sobiens.Connectors.Entities.Logger.WriteEntry
Debug|2020-04-27 17:07:49.9658|2020-04-27 17:07:49,warning,Studio,WorkItem has been added LogCategory: Title:Populating treeview items WorkItemType:NonCriticalWorkItem|Sobiens.Connectors.Entities.Logger.WriteEntry
Debug|2020-04-27 17:07:49.9918|2020-04-27 17:07:49,warning,Studio,WorkItem is being processed LogCategory: Title:Populating treeview items WorkItemType:NonCriticalWorkItem|Sobiens.Connectors.Entities.Logger.WriteEntry
Debug|2020-04-27 17:07:53.4465|2020-04-27 17:07:53,warning,Studio,WorkItem has been added LogCategory: Title:Populating treeview items WorkItemType:NonCriticalWorkItem|Sobiens.Connectors.Entities.Logger.WriteEntry
Debug|2020-04-27 17:07:53.4615|2020-04-27 17:07:53,warning,Studio,WorkItem is being processed LogCategory: Title:Populating treeview items WorkItemType:NonCriticalWorkItem|Sobiens.Connectors.Entities.Logger.WriteEntry
Debug|2020-04-27 17:08:55.1755|2020-04-27 17:08:55,warning,Studio,WorkItem has been added LogCategory: Title:Populating treeview items WorkItemType:NonCriticalWorkItem|Sobiens.Connectors.Entities.Logger.WriteEntry
Debug|2020-04-27 17:08:55.2014|2020-04-27 17:08:55,warning,Studio,WorkItem is being processed LogCategory: Title:Populating treeview items WorkItemType:NonCriticalWorkItem|Sobiens.Connectors.Entities.Logger.WriteEntry
Debug|2020-04-27 17:08:58.3739|2020-04-27 17:08:58,warning,Studio,WorkItem has been added LogCategory: Title:Populating treeview items WorkItemType:NonCriticalWorkItem|Sobiens.Connectors.Entities.Logger.WriteEntry
Debug|2020-04-27 17:08:58.3739|2020-04-27 17:08:58,warning,Studio,WorkItem is being processed LogCategory: Title:Populating treeview items WorkItemType:NonCriticalWorkItem|Sobiens.Connectors.Entities.Logger.WriteEntry
Debug|2020-04-27 17:10:02.3898|2020-04-27 17:10:02,warning,Studio,WorkItem has been added LogCategory: Title:Populating treeview items WorkItemType:NonCriticalWorkItem|Sobiens.Connectors.Entities.Logger.WriteEntry
Debug|2020-04-27 17:10:02.4117|2020-04-27 17:10:02,warning,Studio,WorkItem is being processed LogCategory: Title:Populating treeview items WorkItemType:NonCriticalWorkItem|Sobiens.Connectors.Entities.Logger.WriteEntry
Debug|2020-04-27 17:10:06.1826|2020-04-27 17:10:06,warning,Studio,WorkItem has been added LogCategory: Title:Populating treeview items WorkItemType:NonCriticalWorkItem|Sobiens.Connectors.Entities.Logger.WriteEntry
Debug|2020-04-27 17:10:06.1826|2020-04-27 17:10:06,warning,Studio,WorkItem is being processed LogCategory: Title:Populating treeview items WorkItemType:NonCriticalWorkItem|Sobiens.Connectors.Entities.Logger.WriteEntry
Debug|2020-04-27 17:11:23.3952|2020-04-27 17:11:23,warning,Studio,WorkItem has been added LogCategory: Title:Populating treeview items WorkItemType:NonCriticalWorkItem|Sobiens.Connectors.Entities.Logger.WriteEntry
Debug|2020-04-27 17:11:23.4171|2020-04-27 17:11:23,warning,Studio,WorkItem is being processed LogCategory: Title:Populating treeview items WorkItemType:NonCriticalWorkItem|Sobiens.Connectors.Entities.Logger.WriteEntry
Debug|2020-04-27 17:11:26.3244|2020-04-27 17:11:26,warning,Studio,WorkItem has been added LogCategory: Title:Populating treeview items WorkItemType:NonCriticalWorkItem|Sobiens.Connectors.Entities.Logger.WriteEntry
Debug|2020-04-27 17:11:26.3244|2020-04-27 17:11:26,warning,Studio,WorkItem is being processed LogCategory: Title:Populating treeview items WorkItemType:NonCriticalWorkItem|Sobiens.Connectors.Entities.Logger.WriteEntry
Debug|2020-04-27 17:12:03.1559|2020-04-27 17:12:03,warning,Studio,WorkItem has been added LogCategory: Title:Populating treeview items WorkItemType:NonCriticalWorkItem|Sobiens.Connectors.Entities.Logger.WriteEntry
Debug|2020-04-27 17:12:03.1559|2020-04-27 17:12:03,warning,Studio,WorkItem is being processed LogCategory: Title:Populating treeview items WorkItemType:NonCriticalWorkItem|Sobiens.Connectors.Entities.Logger.WriteEntry
Debug|2020-04-27 17:18:56.2275|2020-04-27 17:18:56,warning,Studio,WorkItem has been added LogCategory: Title:Populating treeview items WorkItemType:NonCriticalWorkItem|Sobiens.Connectors.Entities.Logger.WriteEntry
Debug|2020-04-27 17:18:56.2505|2020-04-27 17:18:56,warning,Studio,WorkItem is being processed LogCategory: Title:Populating treeview items WorkItemType:NonCriticalWorkItem|Sobiens.Connectors.Entities.Logger.WriteEntry
Debug|2020-04-27 17:21:09.3571|2020-04-27 17:21:09,warning,Studio,WorkItem has been added LogCategory: Title:Populating treeview items WorkItemType:NonCriticalWorkItem|Sobiens.Connectors.Entities.Logger.WriteEntry
Debug|2020-04-27 17:21:09.3790|2020-04-27 17:21:09,warning,Studio,WorkItem is being processed LogCategory: Title:Populating treeview items WorkItemType:NonCriticalWorkItem|Sobiens.Connectors.Entities.Logger.WriteEntry
Debug|2020-04-27 17:22:30.9100|2020-04-27 17:22:30,info,Service,Cannot specify child attributes in the columnset for Retrieve. Attribute: accountidname

Server stack trace: 
   at System.ServiceModel.Channels.ServiceChannel.HandleReply(ProxyOperationRuntime operation, ProxyRpc& rpc)
   at System.ServiceModel.Channels.ServiceChannel.Call(String action, Boolean oneway, ProxyOperationRuntime operation, Object[] ins, Object[] outs, TimeSpan timeout)
   at System.ServiceModel.Channels.ServiceChannelProxy.InvokeService(IMethodCallMessage methodCall, ProxyOperationRuntime operation)
   at System.ServiceModel.Channels.ServiceChannelProxy.Invoke(IMessage message)

Exception rethrown at [0]: 
   at System.Runtime.Remoting.Proxies.RealProxy.HandleReturnMessage(IMessage reqMsg, IMessage retMsg)
   at System.Runtime.Remoting.Proxies.RealProxy.PrivateInvoke(MessageData& msgData, Int32 type)
   at Microsoft.Xrm.Sdk.IOrganizationService.RetrieveMultiple(QueryBase query)
   at Microsoft.Xrm.Sdk.Client.OrganizationServiceProxy.RetrieveMultipleCore(QueryBase query)
   at Microsoft.Xrm.Sdk.Client.OrganizationServiceProxy.RetrieveMultiple(QueryBase query)
   at Sobiens.Connectors.Services.CRM.CRMService.GetListItems(ISiteSetting siteSetting, List`1 orderBys, CamlFilters filters, List`1 viewFields, CamlQueryOptions queryOptions, String webUrl, String listName, String& listItemCollectionPositionNext, Int32& itemCount) in C:\Projects\GitHub\Sobiens-Connectors\Solutions\Sobiens.Connectors.Services.CRM\CRMService.cs:line 871|Sobiens.Connectors.Entities.Logger.WriteEntry
Debug|2020-04-27 17:22:36.8322|2020-04-27 17:22:36,info,Service,Cannot specify child attributes in the columnset for Retrieve. Attribute: accountidname

Server stack trace: 
   at System.ServiceModel.Channels.ServiceChannel.HandleReply(ProxyOperationRuntime operation, ProxyRpc& rpc)
   at System.ServiceModel.Channels.ServiceChannel.Call(String action, Boolean oneway, ProxyOperationRuntime operation, Object[] ins, Object[] outs, TimeSpan timeout)
   at System.ServiceModel.Channels.ServiceChannelProxy.InvokeService(IMethodCallMessage methodCall, ProxyOperationRuntime operation)
   at System.ServiceModel.Channels.ServiceChannelProxy.Invoke(IMessage message)

Exception rethrown at [0]: 
   at System.Runtime.Remoting.Proxies.RealProxy.HandleReturnMessage(IMessage reqMsg, IMessage retMsg)
   at System.Runtime.Remoting.Proxies.RealProxy.PrivateInvoke(MessageData& msgData, Int32 type)
   at Microsoft.Xrm.Sdk.IOrganizationService.RetrieveMultiple(QueryBase query)
   at Microsoft.Xrm.Sdk.Client.OrganizationServiceProxy.RetrieveMultipleCore(QueryBase query)
   at Microsoft.Xrm.Sdk.Client.OrganizationServiceProxy.RetrieveMultiple(QueryBase query)
   at Sobiens.Connectors.Services.CRM.CRMService.GetListItems(ISiteSetting siteSetting, List`1 orderBys, CamlFilters filters, List`1 viewFields, CamlQueryOptions queryOptions, String webUrl, String listName, String& listItemCollectionPositionNext, Int32& itemCount) in C:\Projects\GitHub\Sobiens-Connectors\Solutions\Sobiens.Connectors.Services.CRM\CRMService.cs:line 871|Sobiens.Connectors.Entities.Logger.WriteEntry
Debug|2020-04-27 17:26:53.5598|2020-04-27 17:26:53,warning,Studio,WorkItem has been added LogCategory: Title:Populating treeview items WorkItemType:NonCriticalWorkItem|Sobiens.Connectors.Entities.Logger.WriteEntry
Debug|2020-04-27 17:26:53.5818|2020-04-27 17:26:53,warning,Studio,WorkItem is being processed LogCategory: Title:Populating treeview items WorkItemType:NonCriticalWorkItem|Sobiens.Connectors.Entities.Logger.WriteEntry
Debug|2020-04-27 17:27:05.1628|2020-04-27 17:27:05,warning,Studio,WorkItem has been added LogCategory: Title:Populating treeview items WorkItemType:NonCriticalWorkItem|Sobiens.Connectors.Entities.Logger.WriteEntry
Debug|2020-04-27 17:27:05.1628|2020-04-27 17:27:05,warning,Studio,WorkItem is being processed LogCategory: Title:Populating treeview items WorkItemType:NonCriticalWorkItem|Sobiens.Connectors.Entities.Logger.WriteEntry
Debug|2020-04-27 17:58:01.2937|2020-04-27 17:58:01,warning,Studio,WorkItem has been added LogCategory: Title:Populating treeview items WorkItemType:NonCriticalWorkItem|Sobiens.Connectors.Entities.Logger.WriteEntry
Debug|2020-04-27 17:58:01.3177|2020-04-27 17:58:01,warning,Studio,WorkItem is being processed LogCategory: Title:Populating treeview items WorkItemType:NonCriticalWorkItem|Sobiens.Connectors.Entities.Logger.WriteEntry
Debug|2020-04-27 17:58:03.6833|2020-04-27 17:58:03,warning,Studio,WorkItem has been added LogCategory: Title:Populating treeview items WorkItemType:NonCriticalWorkItem|Sobiens.Connectors.Entities.Logger.WriteEntry
Debug|2020-04-27 17:58:03.6833|2020-04-27 17:58:03,warning,Studio,WorkItem is being processed LogCategory: Title:Populating treeview items WorkItemType:NonCriticalWorkItem|Sobiens.Connectors.Entities.Logger.WriteEntry
Debug|2020-04-27 18:01:38.3644|2020-04-27 18:01:38,warning,Studio,WorkItem has been added LogCategory: Title:Populating treeview items WorkItemType:NonCriticalWorkItem|Sobiens.Connectors.Entities.Logger.WriteEntry
Debug|2020-04-27 18:01:38.3873|2020-04-27 18:01:38,warning,Studio,WorkItem is being processed LogCategory: Title:Populating treeview items WorkItemType:NonCriticalWorkItem|Sobiens.Connectors.Entities.Logger.WriteEntry
Debug|2020-04-27 18:01:41.0971|2020-04-27 18:01:41,warning,Studio,WorkItem has been added LogCategory: Title:Populating treeview items WorkItemType:NonCriticalWorkItem|Sobiens.Connectors.Entities.Logger.WriteEntry
Debug|2020-04-27 18:01:41.0971|2020-04-27 18:01:41,warning,Studio,WorkItem is being processed LogCategory: Title:Populating treeview items WorkItemType:NonCriticalWorkItem|Sobiens.Connectors.Entities.Logger.WriteEntry
Debug|2020-04-27 18:16:28.6971|2020-04-27 18:16:28,warning,Studio,WorkItem has been added LogCategory: Title:Populating treeview items WorkItemType:NonCriticalWorkItem|Sobiens.Connectors.Entities.Logger.WriteEntry
Debug|2020-04-27 18:16:28.7200|2020-04-27 18:16:28,warning,Studio,WorkItem is being processed LogCategory: Title:Populating treeview items WorkItemType:NonCriticalWorkItem|Sobiens.Connectors.Entities.Logger.WriteEntry
Debug|2020-04-27 18:16:32.1229|2020-04-27 18:16:32,warning,Studio,WorkItem has been added LogCategory: Title:Populating treeview items WorkItemType:NonCriticalWorkItem|Sobiens.Connectors.Entities.Logger.WriteEntry
Debug|2020-04-27 18:16:32.1229|2020-04-27 18:16:32,warning,Studio,WorkItem is being processed LogCategory: Title:Populating treeview items WorkItemType:NonCriticalWorkItem|Sobiens.Connectors.Entities.Logger.WriteEntry
Debug|2020-04-27 18:18:50.3603|2020-04-27 18:18:50,warning,Studio,WorkItem has been added LogCategory: Title:Populating treeview items WorkItemType:NonCriticalWorkItem|Sobiens.Connectors.Entities.Logger.WriteEntry
Debug|2020-04-27 18:18:50.3843|2020-04-27 18:18:50,warning,Studio,WorkItem is being processed LogCategory: Title:Populating treeview items WorkItemType:NonCriticalWorkItem|Sobiens.Connectors.Entities.Logger.WriteEntry
Debug|2020-04-27 18:18:54.5312|2020-04-27 18:18:54,warning,Studio,WorkItem has been added LogCategory: Title:Populating treeview items WorkItemType:NonCriticalWorkItem|Sobiens.Connectors.Entities.Logger.WriteEntry
Debug|2020-04-27 18:18:54.5312|2020-04-27 18:18:54,warning,Studio,WorkItem is being processed LogCategory: Title:Populating treeview items WorkItemType:NonCriticalWorkItem|Sobiens.Connectors.Entities.Logger.WriteEntry
Debug|2020-04-27 19:26:44.7965|2020-04-27 19:26:44,warning,Studio,WorkItem has been added LogCategory: Title:Populating treeview items WorkItemType:NonCriticalWorkItem|Sobiens.Connectors.Entities.Logger.WriteEntry
Debug|2020-04-27 19:26:44.8244|2020-04-27 19:26:44,warning,Studio,WorkItem is being processed LogCategory: Title:Populating treeview items WorkItemType:NonCriticalWorkItem|Sobiens.Connectors.Entities.Logger.WriteEntry
Debug|2020-04-27 19:26:47.3177|2020-04-27 19:26:47,warning,Studio,WorkItem has been added LogCategory: Title:Populating treeview items WorkItemType:NonCriticalWorkItem|Sobiens.Connectors.Entities.Logger.WriteEntry
Debug|2020-04-27 19:26:47.3177|2020-04-27 19:26:47,warning,Studio,WorkItem is being processed LogCategory: Title:Populating treeview items WorkItemType:NonCriticalWorkItem|Sobiens.Connectors.Entities.Logger.WriteEntry
Debug|2020-04-27 19:32:14.6196|2020-04-27 19:32:14,warning,Studio,WorkItem has been added LogCategory: Title:Populating treeview items WorkItemType:NonCriticalWorkItem|Sobiens.Connectors.Entities.Logger.WriteEntry
Debug|2020-04-27 19:32:14.6466|2020-04-27 19:32:14,warning,Studio,WorkItem is being processed LogCategory: Title:Populating treeview items WorkItemType:NonCriticalWorkItem|Sobiens.Connectors.Entities.Logger.WriteEntry
Debug|2020-04-27 19:32:18.1542|2020-04-27 19:32:18,warning,Studio,WorkItem has been added LogCategory: Title:Populating treeview items WorkItemType:NonCriticalWorkItem|Sobiens.Connectors.Entities.Logger.WriteEntry
Debug|2020-04-27 19:32:18.1542|2020-04-27 19:32:18,warning,Studio,WorkItem is being processed LogCategory: Title:Populating treeview items WorkItemType:NonCriticalWorkItem|Sobiens.Connectors.Entities.Logger.WriteEntry
Debug|2020-04-27 19:42:36.5599|2020-04-27 19:42:36,warning,Studio,WorkItem has been added LogCategory: Title:Populating treeview items WorkItemType:NonCriticalWorkItem|Sobiens.Connectors.Entities.Logger.WriteEntry
Debug|2020-04-27 19:42:36.5898|2020-04-27 19:42:36,warning,Studio,WorkItem is being processed LogCategory: Title:Populating treeview items WorkItemType:NonCriticalWorkItem|Sobiens.Connectors.Entities.Logger.WriteEntry
Debug|2020-04-27 19:42:38.7331|2020-04-27 19:42:38,warning,Studio,WorkItem has been added LogCategory: Title:Populating treeview items WorkItemType:NonCriticalWorkItem|Sobiens.Connectors.Entities.Logger.WriteEntry
Debug|2020-04-27 19:42:38.7640|2020-04-27 19:42:38,warning,Studio,WorkItem is being processed LogCategory: Title:Populating treeview items WorkItemType:NonCriticalWorkItem|Sobiens.Connectors.Entities.Logger.WriteEntry
Debug|2020-04-27 19:58:59.7794|2020-04-27 19:58:59,warning,Studio,WorkItem has been added LogCategory: Title:Populating treeview items WorkItemType:NonCriticalWorkItem|Sobiens.Connectors.Entities.Logger.WriteEntry
Debug|2020-04-27 19:58:59.8023|2020-04-27 19:58:59,warning,Studio,WorkItem is being processed LogCategory: Title:Populating treeview items WorkItemType:NonCriticalWorkItem|Sobiens.Connectors.Entities.Logger.WriteEntry
Debug|2020-04-27 19:59:02.6288|2020-04-27 19:59:02,warning,Studio,WorkItem has been added LogCategory: Title:Populating treeview items WorkItemType:NonCriticalWorkItem|Sobiens.Connectors.Entities.Logger.WriteEntry
Debug|2020-04-27 19:59:02.6288|2020-04-27 19:59:02,warning,Studio,WorkItem is being processed LogCategory: Title:Populating treeview items WorkItemType:NonCriticalWorkItem|Sobiens.Connectors.Entities.Logger.WriteEntry
Debug|2020-04-27 20:02:57.9926|2020-04-27 20:02:57,warning,Studio,WorkItem has been added LogCategory: Title:Populating treeview items WorkItemType:NonCriticalWorkItem|Sobiens.Connectors.Entities.Logger.WriteEntry
Debug|2020-04-27 20:02:58.0145|2020-04-27 20:02:58,warning,Studio,WorkItem is being processed LogCategory: Title:Populating treeview items WorkItemType:NonCriticalWorkItem|Sobiens.Connectors.Entities.Logger.WriteEntry
Debug|2020-04-27 20:03:02.8167|2020-04-27 20:03:02,warning,Studio,WorkItem has been added LogCategory: Title:Populating treeview items WorkItemType:NonCriticalWorkItem|Sobiens.Connectors.Entities.Logger.WriteEntry
Debug|2020-04-27 20:03:02.8167|2020-04-27 20:03:02,warning,Studio,WorkItem is being processed LogCategory: Title:Populating treeview items WorkItemType:NonCriticalWorkItem|Sobiens.Connectors.Entities.Logger.WriteEntry
Debug|2020-04-27 20:49:28.9557|2020-04-27 20:49:28,warning,Studio,WorkItem has been added LogCategory: Title:Populating treeview items WorkItemType:NonCriticalWorkItem|Sobiens.Connectors.Entities.Logger.WriteEntry
Debug|2020-04-27 20:49:28.9787|2020-04-27 20:49:28,warning,Studio,WorkItem is being processed LogCategory: Title:Populating treeview items WorkItemType:NonCriticalWorkItem|Sobiens.Connectors.Entities.Logger.WriteEntry
Debug|2020-04-27 20:49:31.7194|2020-04-27 20:49:31,warning,Studio,WorkItem has been added LogCategory: Title:Populating treeview items WorkItemType:NonCriticalWorkItem|Sobiens.Connectors.Entities.Logger.WriteEntry
Debug|2020-04-27 20:49:31.7194|2020-04-27 20:49:31,warning,Studio,WorkItem is being processed LogCategory: Title:Populating treeview items WorkItemType:NonCriticalWorkItem|Sobiens.Connectors.Entities.Logger.WriteEntry
Debug|2020-04-27 20:55:18.2898|2020-04-27 20:55:18,info,SyncTasksManager,SyncTasks are being loaded from C:\Users\serkant2\AppData\Roaming\Sobiens\Sobiens.Connectors\SyncTasks\SyncTasks.xml|Sobiens.Connectors.Entities.Logger.WriteEntry
Debug|2020-04-27 20:55:18.2938|2020-04-27 20:55:18,info,SyncTasksManager,SyncTaskHistories are being read from C:\Users\serkant2\AppData\Roaming\Sobiens\Sobiens.Connectors\SyncTasks\Histories\20200427.txt|Sobiens.Connectors.Entities.Logger.WriteEntry
Debug|2020-04-27 20:55:18.2938|2020-04-27 20:55:18,info,SyncTasksManager,SyncTaskHistories are being read from C:\Users\serkant2\AppData\Roaming\Sobiens\Sobiens.Connectors\SyncTasks\Histories\20200427.txt|Sobiens.Connectors.Entities.Logger.WriteEntry
Debug|2020-04-27 20:55:18.2938|2020-04-27 20:55:18,info,SyncTasksManager,SyncTaskHistories are being read from C:\Users\serkant2\AppData\Roaming\Sobiens\Sobiens.Connectors\SyncTasks\Histories\20200427.txt|Sobiens.Connectors.Entities.Logger.WriteEntry
Debug|2020-04-27 21:36:44.9575|2020-04-27 21:36:44,warning,Studio,WorkItem has been added LogCategory: Title:Populating treeview items WorkItemType:NonCriticalWorkItem|Sobiens.Connectors.Entities.Logger.WriteEntry
Debug|2020-04-27 21:36:44.9795|2020-04-27 21:36:44,warning,Studio,WorkItem is being processed LogCategory: Title:Populating treeview items WorkItemType:NonCriticalWorkItem|Sobiens.Connectors.Entities.Logger.WriteEntry
Debug|2020-04-27 21:36:47.3322|2020-04-27 21:36:47,warning,Studio,WorkItem has been added LogCategory: Title:Populating treeview items WorkItemType:NonCriticalWorkItem|Sobiens.Connectors.Entities.Logger.WriteEntry
Debug|2020-04-27 21:36:47.3322|2020-04-27 21:36:47,warning,Studio,WorkItem is being processed LogCategory: Title:Populating treeview items WorkItemType:NonCriticalWorkItem|Sobiens.Connectors.Entities.Logger.WriteEntry
Debug|2020-04-27 22:50:21.3003|2020-04-27 22:50:21,warning,Studio,WorkItem has been added LogCategory: Title:Populating treeview items WorkItemType:NonCriticalWorkItem|Sobiens.Connectors.Entities.Logger.WriteEntry
Debug|2020-04-27 22:50:21.3223|2020-04-27 22:50:21,warning,Studio,WorkItem is being processed LogCategory: Title:Populating treeview items WorkItemType:NonCriticalWorkItem|Sobiens.Connectors.Entities.Logger.WriteEntry
Debug|2020-04-27 22:50:32.3498|2020-04-27 22:50:32,warning,Studio,WorkItem has been added LogCategory: Title:Populating treeview items WorkItemType:NonCriticalWorkItem|Sobiens.Connectors.Entities.Logger.WriteEntry
Debug|2020-04-27 22:50:32.3498|2020-04-27 22:50:32,warning,Studio,WorkItem is being processed LogCategory: Title:Populating treeview items WorkItemType:NonCriticalWorkItem|Sobiens.Connectors.Entities.Logger.WriteEntry
Debug|2020-04-27 23:01:34.9732|2020-04-27 23:01:34,warning,Studio,WorkItem has been added LogCategory: Title:Populating treeview items WorkItemType:NonCriticalWorkItem|Sobiens.Connectors.Entities.Logger.WriteEntry
Debug|2020-04-27 23:01:35.0022|2020-04-27 23:01:35,warning,Studio,WorkItem is being processed LogCategory: Title:Populating treeview items WorkItemType:NonCriticalWorkItem|Sobiens.Connectors.Entities.Logger.WriteEntry
Debug|2020-04-27 23:01:39.1401|2020-04-27 23:01:39,warning,Studio,WorkItem has been added LogCategory: Title:Populating treeview items WorkItemType:NonCriticalWorkItem|Sobiens.Connectors.Entities.Logger.WriteEntry
Debug|2020-04-27 23:01:39.1401|2020-04-27 23:01:39,warning,Studio,WorkItem is being processed LogCategory: Title:Populating treeview items WorkItemType:NonCriticalWorkItem|Sobiens.Connectors.Entities.Logger.WriteEntry
Debug|2020-04-27 23:16:48.4398|2020-04-27 23:16:48,warning,Studio,WorkItem has been added LogCategory: Title:Populating treeview items WorkItemType:NonCriticalWorkItem|Sobiens.Connectors.Entities.Logger.WriteEntry
Debug|2020-04-27 23:16:48.4638|2020-04-27 23:16:48,warning,Studio,WorkItem is being processed LogCategory: Title:Populating treeview items WorkItemType:NonCriticalWorkItem|Sobiens.Connectors.Entities.Logger.WriteEntry
Debug|2020-04-27 23:16:55.7353|2020-04-27 23:16:55,warning,Studio,WorkItem has been added LogCategory: Title:Populating treeview items WorkItemType:NonCriticalWorkItem|Sobiens.Connectors.Entities.Logger.WriteEntry
Debug|2020-04-27 23:16:55.7353|2020-04-27 23:16:55,warning,Studio,WorkItem is being processed LogCategory: Title:Populating treeview items WorkItemType:NonCriticalWorkItem|Sobiens.Connectors.Entities.Logger.WriteEntry
