Debug|2020-05-07 11:37:11.0606|2020-05-07 11:37:11,info,BackgroundDataService,Starting service ...|Sobiens.Connectors.Entities.Logger.WriteEntry
Debug|2020-05-07 11:37:11.0906|2020-05-07 11:37:11,info,BackgroundDataService,Creating Service context ...|Sobiens.Connectors.Entities.Logger.WriteEntry
Debug|2020-05-07 11:37:11.0985|2020-05-07 11:37:11,info,BackgroundDataService,Service started and timer activated.|Sobiens.Connectors.Entities.Logger.WriteEntry
Debug|2020-05-07 11:37:11.0985|2020-05-07 11:37:11,info,BackgroundDataService,Worker thread for processing request queue has started.|Sobiens.Connectors.Entities.Logger.WriteEntry
Debug|2020-05-07 11:37:14.0995|2020-05-07 11:37:14,info,SyncTasksManager,SyncTasks are being loaded from C:\Users\serkant2\AppData\Roaming\Sobiens\Sobiens.Connectors\SyncTasks\SyncTasks.xml|Sobiens.Connectors.Entities.Logger.WriteEntry
Debug|2020-05-07 11:37:31.5279|2020-05-07 11:37:31,warning,Studio,WorkItem has been added LogCategory: Title:Populating treeview items WorkItemType:NonCriticalWorkItem|Sobiens.Connectors.Entities.Logger.WriteEntry
Debug|2020-05-07 11:37:31.5379|2020-05-07 11:37:31,warning,Studio,WorkItem is being processed LogCategory: Title:Populating treeview items WorkItemType:NonCriticalWorkItem|Sobiens.Connectors.Entities.Logger.WriteEntry
Debug|2020-05-07 11:37:41.3337|2020-05-07 11:37:41,info,BackgroundDataService,Performing requests OLEYYYY...|Sobiens.Connectors.Entities.Logger.WriteEntry
Debug|2020-05-07 11:38:09.3822|2020-05-07 11:38:09,warning,Studio,WorkItem has been added LogCategory: Title:Populating treeview items WorkItemType:NonCriticalWorkItem|Sobiens.Connectors.Entities.Logger.WriteEntry
Debug|2020-05-07 11:38:09.3822|2020-05-07 11:38:09,warning,Studio,WorkItem is being processed LogCategory: Title:Populating treeview items WorkItemType:NonCriticalWorkItem|Sobiens.Connectors.Entities.Logger.WriteEntry
Debug|2020-05-07 11:38:11.3859|2020-05-07 11:38:11,info,BackgroundDataService,Performing requests OLEYYYY...|Sobiens.Connectors.Entities.Logger.WriteEntry
Debug|2020-05-07 11:38:41.3957|2020-05-07 11:38:41,info,BackgroundDataService,Performing requests OLEYYYY...|Sobiens.Connectors.Entities.Logger.WriteEntry
Debug|2020-05-07 11:39:11.4124|2020-05-07 11:39:11,info,BackgroundDataService,Performing requests OLEYYYY...|Sobiens.Connectors.Entities.Logger.WriteEntry
Debug|2020-05-07 11:39:41.4196|2020-05-07 11:39:41,info,BackgroundDataService,Performing requests OLEYYYY...|Sobiens.Connectors.Entities.Logger.WriteEntry
Debug|2020-05-07 11:40:12.0048|2020-05-07 11:40:12,info,BackgroundDataService,Performing requests OLEYYYY...|Sobiens.Connectors.Entities.Logger.WriteEntry
Debug|2020-05-07 15:55:21.6506|2020-05-07 15:55:21,info,BackgroundDataService,Starting service ...|Sobiens.Connectors.Entities.Logger.WriteEntry
Debug|2020-05-07 15:55:21.7001|2020-05-07 15:55:21,info,BackgroundDataService,Creating Service context ...|Sobiens.Connectors.Entities.Logger.WriteEntry
Debug|2020-05-07 15:55:21.7475|2020-05-07 15:55:21,info,BackgroundDataService,Service started and timer activated.|Sobiens.Connectors.Entities.Logger.WriteEntry
Debug|2020-05-07 15:55:21.8066|2020-05-07 15:55:21,info,BackgroundDataService,Worker thread for processing request queue has started.|Sobiens.Connectors.Entities.Logger.WriteEntry
Debug|2020-05-07 15:55:24.7707|2020-05-07 15:55:24,info,SyncTasksManager,SyncTasks are being loaded from C:\Users\serkant2\AppData\Roaming\Sobiens\Sobiens.Connectors\SyncTasks\SyncTasks.xml|Sobiens.Connectors.Entities.Logger.WriteEntry
Debug|2020-05-07 15:55:51.9849|2020-05-07 15:55:51,info,BackgroundDataService,Performing requests OLEYYYY...|Sobiens.Connectors.Entities.Logger.WriteEntry
Debug|2020-05-07 15:56:22.0131|2020-05-07 15:56:22,info,BackgroundDataService,Performing requests OLEYYYY...|Sobiens.Connectors.Entities.Logger.WriteEntry
Debug|2020-05-07 15:56:52.0555|2020-05-07 15:56:52,info,BackgroundDataService,Performing requests OLEYYYY...|Sobiens.Connectors.Entities.Logger.WriteEntry
Debug|2020-05-07 15:57:22.0642|2020-05-07 15:57:22,info,BackgroundDataService,Performing requests OLEYYYY...|Sobiens.Connectors.Entities.Logger.WriteEntry
Debug|2020-05-07 15:57:42.1448|2020-05-07 15:57:42,info,Service,webUrl:https://collaborate.qa.unfccc.int/submissions|Sobiens.Connectors.Entities.Logger.WriteEntry
Debug|2020-05-07 15:57:42.1448|2020-05-07 15:57:42,info,listName,listName:https://collaborate.qa.unfccc.int/submissions|Sobiens.Connectors.Entities.Logger.WriteEntry
Debug|2020-05-07 15:57:52.1241|2020-05-07 15:57:52,info,BackgroundDataService,Performing requests OLEYYYY...|Sobiens.Connectors.Entities.Logger.WriteEntry
Debug|2020-05-07 15:58:22.1359|2020-05-07 15:58:22,info,BackgroundDataService,Performing requests OLEYYYY...|Sobiens.Connectors.Entities.Logger.WriteEntry
Debug|2020-05-07 15:58:56.3203|2020-05-07 15:58:56,info,BackgroundDataService,Performing requests OLEYYYY...|Sobiens.Connectors.Entities.Logger.WriteEntry
Debug|2020-05-07 15:59:26.3491|2020-05-07 15:59:26,info,BackgroundDataService,Performing requests OLEYYYY...|Sobiens.Connectors.Entities.Logger.WriteEntry
Debug|2020-05-07 15:59:56.3698|2020-05-07 15:59:56,info,BackgroundDataService,Performing requests OLEYYYY...|Sobiens.Connectors.Entities.Logger.WriteEntry
