Debug|2020-04-28 00:19:16.2139|2020-04-28 00:19:16,warning,Studio,WorkItem has been added LogCategory: Title:Populating treeview items WorkItemType:NonCriticalWorkItem|Sobiens.Connectors.Entities.Logger.WriteEntry
Debug|2020-04-28 00:19:16.2478|2020-04-28 00:19:16,warning,Studio,WorkItem is being processed LogCategory: Title:Populating treeview items WorkItemType:NonCriticalWorkItem|Sobiens.Connectors.Entities.Logger.WriteEntry
Debug|2020-04-28 00:19:19.2289|2020-04-28 00:19:19,warning,Studio,WorkItem has been added LogCategory: Title:Populating treeview items WorkItemType:NonCriticalWorkItem|Sobiens.Connectors.Entities.Logger.WriteEntry
Debug|2020-04-28 00:19:19.2289|2020-04-28 00:19:19,warning,Studio,WorkItem is being processed LogCategory: Title:Populating treeview items WorkItemType:NonCriticalWorkItem|Sobiens.Connectors.Entities.Logger.WriteEntry
Debug|2020-04-28 00:24:31.0317|2020-04-28 00:24:31,info,SyncTasksManager,SyncTasks are being loaded from C:\Users\serkant2\AppData\Roaming\Sobiens\Sobiens.Connectors\SyncTasks\SyncTasks.xml|Sobiens.Connectors.Entities.Logger.WriteEntry
Debug|2020-04-28 00:24:31.0547|2020-04-28 00:24:31,info,SyncTasksManager,SyncTaskHistories are being read from C:\Users\serkant2\AppData\Roaming\Sobiens\Sobiens.Connectors\SyncTasks\Histories\20200428.txt|Sobiens.Connectors.Entities.Logger.WriteEntry
Debug|2020-04-28 00:24:31.0547|2020-04-28 00:24:31,info,SyncTasksManager,SyncTaskHistories are being read from C:\Users\serkant2\AppData\Roaming\Sobiens\Sobiens.Connectors\SyncTasks\Histories\20200428.txt|Sobiens.Connectors.Entities.Logger.WriteEntry
Debug|2020-04-28 00:24:31.0577|2020-04-28 00:24:31,info,SyncTasksManager,SyncTaskHistories are being read from C:\Users\serkant2\AppData\Roaming\Sobiens\Sobiens.Connectors\SyncTasks\Histories\20200428.txt|Sobiens.Connectors.Entities.Logger.WriteEntry
Debug|2020-04-28 00:55:46.9372|2020-04-28 00:55:46,warning,Studio,WorkItem has been added LogCategory: Title:Populating treeview items WorkItemType:NonCriticalWorkItem|Sobiens.Connectors.Entities.Logger.WriteEntry
Debug|2020-04-28 00:55:46.9591|2020-04-28 00:55:46,warning,Studio,WorkItem is being processed LogCategory: Title:Populating treeview items WorkItemType:NonCriticalWorkItem|Sobiens.Connectors.Entities.Logger.WriteEntry
Debug|2020-04-28 00:55:50.9125|2020-04-28 00:55:50,warning,Studio,WorkItem has been added LogCategory: Title:Populating treeview items WorkItemType:NonCriticalWorkItem|Sobiens.Connectors.Entities.Logger.WriteEntry
Debug|2020-04-28 00:55:50.9125|2020-04-28 00:55:50,warning,Studio,WorkItem is being processed LogCategory: Title:Populating treeview items WorkItemType:NonCriticalWorkItem|Sobiens.Connectors.Entities.Logger.WriteEntry
Debug|2020-04-28 01:03:00.0762|2020-04-28 01:03:00,warning,Studio,WorkItem has been added LogCategory: Title:Populating treeview items WorkItemType:NonCriticalWorkItem|Sobiens.Connectors.Entities.Logger.WriteEntry
Debug|2020-04-28 01:03:00.0972|2020-04-28 01:03:00,warning,Studio,WorkItem is being processed LogCategory: Title:Populating treeview items WorkItemType:NonCriticalWorkItem|Sobiens.Connectors.Entities.Logger.WriteEntry
Debug|2020-04-28 01:03:50.6580|2020-04-28 01:03:50,error,Service,SharePointService GetLists method returned error:The property or field 'Hidden' has not been initialized. It has not been requested or the request has not been executed. It may need to be explicitly requested.|Sobiens.Connectors.Entities.Logger.WriteEntry
Debug|2020-04-28 01:04:19.1967|2020-04-28 01:04:19,warning,Studio,WorkItem has been added LogCategory: Title:Populating treeview items WorkItemType:NonCriticalWorkItem|Sobiens.Connectors.Entities.Logger.WriteEntry
Debug|2020-04-28 01:04:19.2226|2020-04-28 01:04:19,warning,Studio,WorkItem is being processed LogCategory: Title:Populating treeview items WorkItemType:NonCriticalWorkItem|Sobiens.Connectors.Entities.Logger.WriteEntry
Debug|2020-04-28 01:05:05.9787|2020-04-28 01:05:05,warning,Studio,WorkItem has been added LogCategory: Title:Populating treeview items WorkItemType:NonCriticalWorkItem|Sobiens.Connectors.Entities.Logger.WriteEntry
Debug|2020-04-28 01:05:06.0056|2020-04-28 01:05:06,warning,Studio,WorkItem is being processed LogCategory: Title:Populating treeview items WorkItemType:NonCriticalWorkItem|Sobiens.Connectors.Entities.Logger.WriteEntry
Debug|2020-04-28 01:13:38.5407|2020-04-28 01:13:38,warning,Studio,WorkItem has been added LogCategory: Title:Populating treeview items WorkItemType:NonCriticalWorkItem|Sobiens.Connectors.Entities.Logger.WriteEntry
Debug|2020-04-28 01:13:38.5636|2020-04-28 01:13:38,warning,Studio,WorkItem is being processed LogCategory: Title:Populating treeview items WorkItemType:NonCriticalWorkItem|Sobiens.Connectors.Entities.Logger.WriteEntry
Debug|2020-04-28 01:14:28.8522|2020-04-28 01:14:28,info,Service,webUrl:https://collaborate.unfccc.int/submissions|Sobiens.Connectors.Entities.Logger.WriteEntry
Debug|2020-04-28 01:14:28.8522|2020-04-28 01:14:28,info,listName,listName:https://collaborate.unfccc.int/submissions|Sobiens.Connectors.Entities.Logger.WriteEntry
