Debug|2020-05-10 10:29:51.1469|2020-05-10 10:29:51,info,BackgroundDataService,Starting service ...|Sobiens.Connectors.Entities.Logger.WriteEntry
Debug|2020-05-10 10:29:51.1748|2020-05-10 10:29:51,info,BackgroundDataService,Creating Service context ...|Sobiens.Connectors.Entities.Logger.WriteEntry
Debug|2020-05-10 10:29:51.2018|2020-05-10 10:29:51,info,BackgroundDataService,Service started and timer activated.|Sobiens.Connectors.Entities.Logger.WriteEntry
Debug|2020-05-10 10:29:51.2387|2020-05-10 10:29:51,info,BackgroundDataService,Worker thread for processing request queue has started.|Sobiens.Connectors.Entities.Logger.WriteEntry
Debug|2020-05-10 10:29:54.1988|2020-05-10 10:29:54,info,SyncTasksManager,SyncTasks are being loaded from C:\Users\serkant2\AppData\Roaming\Sobiens\Sobiens.Connectors\SyncTasks\SyncTasks.xml|Sobiens.Connectors.Entities.Logger.WriteEntry
Debug|2020-05-10 10:30:10.6268|2020-05-10 10:30:10,warning,Studio,WorkItem has been added LogCategory: Title:Populating treeview items WorkItemType:NonCriticalWorkItem|Sobiens.Connectors.Entities.Logger.WriteEntry
Debug|2020-05-10 10:30:10.6527|2020-05-10 10:30:10,warning,Studio,WorkItem is being processed LogCategory: Title:Populating treeview items WorkItemType:NonCriticalWorkItem|Sobiens.Connectors.Entities.Logger.WriteEntry
Debug|2020-05-10 10:30:21.5168|2020-05-10 10:30:21,info,BackgroundDataService,Performing requests OLEYYYY...|Sobiens.Connectors.Entities.Logger.WriteEntry
Debug|2020-05-10 10:30:22.9219|2020-05-10 10:30:22,warning,Studio,WorkItem has been added LogCategory: Title:Populating treeview items WorkItemType:NonCriticalWorkItem|Sobiens.Connectors.Entities.Logger.WriteEntry
Debug|2020-05-10 10:30:22.9219|2020-05-10 10:30:22,warning,Studio,WorkItem is being processed LogCategory: Title:Populating treeview items WorkItemType:NonCriticalWorkItem|Sobiens.Connectors.Entities.Logger.WriteEntry
Debug|2020-05-10 10:30:31.6366|2020-05-10 10:30:31,info,Service,webUrl:http://process.dev.unfccc.int/sites/roe|Sobiens.Connectors.Entities.Logger.WriteEntry
Debug|2020-05-10 10:30:31.6386|2020-05-10 10:30:31,info,listName,listName:http://process.dev.unfccc.int/sites/roe|Sobiens.Connectors.Entities.Logger.WriteEntry
Debug|2020-05-10 10:30:36.4298|2020-05-10 10:30:36,info,Service,webUrl:http://process.dev.unfccc.int/sites/roe|Sobiens.Connectors.Entities.Logger.WriteEntry
Debug|2020-05-10 10:30:36.4298|2020-05-10 10:30:36,info,listName,listName:http://process.dev.unfccc.int/sites/roe|Sobiens.Connectors.Entities.Logger.WriteEntry
Debug|2020-05-10 10:30:51.5185|2020-05-10 10:30:51,info,BackgroundDataService,Performing requests OLEYYYY...|Sobiens.Connectors.Entities.Logger.WriteEntry
Debug|2020-05-10 10:31:21.5521|2020-05-10 10:31:21,info,BackgroundDataService,Performing requests OLEYYYY...|Sobiens.Connectors.Entities.Logger.WriteEntry
Debug|2020-05-10 10:31:51.5624|2020-05-10 10:31:51,info,BackgroundDataService,Performing requests OLEYYYY...|Sobiens.Connectors.Entities.Logger.WriteEntry
Debug|2020-05-10 10:32:49.8605|2020-05-10 10:32:49,info,Service,webUrl:http://process.dev.unfccc.int/sites/roe|Sobiens.Connectors.Entities.Logger.WriteEntry
Debug|2020-05-10 10:32:49.8605|2020-05-10 10:32:49,info,listName,listName:http://process.dev.unfccc.int/sites/roe|Sobiens.Connectors.Entities.Logger.WriteEntry
Debug|2020-05-10 10:32:52.9721|2020-05-10 10:32:52,info,Service,webUrl:http://process.dev.unfccc.int/sites/roe|Sobiens.Connectors.Entities.Logger.WriteEntry
Debug|2020-05-10 10:32:52.9721|2020-05-10 10:32:52,info,listName,listName:http://process.dev.unfccc.int/sites/roe|Sobiens.Connectors.Entities.Logger.WriteEntry
Debug|2020-05-10 10:33:17.2941|2020-05-10 10:33:17,info,BackgroundDataService,Performing requests OLEYYYY...|Sobiens.Connectors.Entities.Logger.WriteEntry
Debug|2020-05-10 10:33:47.3118|2020-05-10 10:33:47,info,BackgroundDataService,Performing requests OLEYYYY...|Sobiens.Connectors.Entities.Logger.WriteEntry
Debug|2020-05-10 10:34:17.3146|2020-05-10 10:34:17,info,BackgroundDataService,Performing requests OLEYYYY...|Sobiens.Connectors.Entities.Logger.WriteEntry
Debug|2020-05-10 10:34:47.3613|2020-05-10 10:34:47,info,BackgroundDataService,Performing requests OLEYYYY...|Sobiens.Connectors.Entities.Logger.WriteEntry
Debug|2020-05-10 10:35:17.3640|2020-05-10 10:35:17,info,BackgroundDataService,Performing requests OLEYYYY...|Sobiens.Connectors.Entities.Logger.WriteEntry
Debug|2020-05-10 10:35:47.4076|2020-05-10 10:35:47,info,BackgroundDataService,Performing requests OLEYYYY...|Sobiens.Connectors.Entities.Logger.WriteEntry
Debug|2020-05-10 10:36:17.4573|2020-05-10 10:36:17,info,BackgroundDataService,Performing requests OLEYYYY...|Sobiens.Connectors.Entities.Logger.WriteEntry
Debug|2020-05-10 10:36:47.4650|2020-05-10 10:36:47,info,BackgroundDataService,Performing requests OLEYYYY...|Sobiens.Connectors.Entities.Logger.WriteEntry
Debug|2020-05-10 10:37:17.4956|2020-05-10 10:37:17,info,BackgroundDataService,Performing requests OLEYYYY...|Sobiens.Connectors.Entities.Logger.WriteEntry
Debug|2020-05-10 10:37:47.5014|2020-05-10 10:37:47,info,BackgroundDataService,Performing requests OLEYYYY...|Sobiens.Connectors.Entities.Logger.WriteEntry
Debug|2020-05-10 10:38:17.5490|2020-05-10 10:38:17,info,BackgroundDataService,Performing requests OLEYYYY...|Sobiens.Connectors.Entities.Logger.WriteEntry
Debug|2020-05-10 10:38:47.5608|2020-05-10 10:38:47,info,BackgroundDataService,Performing requests OLEYYYY...|Sobiens.Connectors.Entities.Logger.WriteEntry
Debug|2020-05-10 10:39:17.5695|2020-05-10 10:39:17,info,BackgroundDataService,Performing requests OLEYYYY...|Sobiens.Connectors.Entities.Logger.WriteEntry
Debug|2020-05-10 10:39:28.6249|2020-05-10 10:39:28,info,BackgroundDataService,Stopping service ...|Sobiens.Connectors.Entities.Logger.WriteEntry
Debug|2020-05-10 10:39:28.6419|2020-05-10 10:39:28,info,BackgroundDataService,Timer disabled, waiting for pending requests to complete ...|Sobiens.Connectors.Entities.Logger.WriteEntry
Debug|2020-05-10 10:39:28.6419|2020-05-10 10:39:28,info,BackgroundDataService,No of enqued requests is 0, waiting to terminate ...|Sobiens.Connectors.Entities.Logger.WriteEntry
Debug|2020-05-10 10:39:28.6808|2020-05-10 10:39:28,info,BackgroundDataService,Worker thread for processing request queue is terminated.|Sobiens.Connectors.Entities.Logger.WriteEntry
Debug|2020-05-10 10:39:28.6928|2020-05-10 10:39:28,info,BackgroundDataService,Service successfully terminated.|Sobiens.Connectors.Entities.Logger.WriteEntry
Debug|2020-05-10 12:29:27.3875|2020-05-10 12:29:27,info,BackgroundDataService,Starting service ...|Sobiens.Connectors.Entities.Logger.WriteEntry
Debug|2020-05-10 12:29:27.4708|2020-05-10 12:29:27,info,BackgroundDataService,Creating Service context ...|Sobiens.Connectors.Entities.Logger.WriteEntry
Debug|2020-05-10 12:29:27.5496|2020-05-10 12:29:27,info,BackgroundDataService,Service started and timer activated.|Sobiens.Connectors.Entities.Logger.WriteEntry
Debug|2020-05-10 12:29:27.6463|2020-05-10 12:29:27,info,BackgroundDataService,Worker thread for processing request queue has started.|Sobiens.Connectors.Entities.Logger.WriteEntry
Debug|2020-05-10 12:29:30.5133|2020-05-10 12:29:30,info,SyncTasksManager,SyncTasks are being loaded from C:\Users\serkant2\AppData\Roaming\Sobiens\Sobiens.Connectors\SyncTasks\SyncTasks.xml|Sobiens.Connectors.Entities.Logger.WriteEntry
Debug|2020-05-10 12:29:57.9554|2020-05-10 12:29:57,info,BackgroundDataService,Performing requests OLEYYYY...|Sobiens.Connectors.Entities.Logger.WriteEntry
Debug|2020-05-10 12:30:27.9748|2020-05-10 12:30:27,info,BackgroundDataService,Performing requests OLEYYYY...|Sobiens.Connectors.Entities.Logger.WriteEntry
Debug|2020-05-10 12:30:57.9900|2020-05-10 12:30:57,info,BackgroundDataService,Performing requests OLEYYYY...|Sobiens.Connectors.Entities.Logger.WriteEntry
Debug|2020-05-10 12:31:27.9987|2020-05-10 12:31:27,info,BackgroundDataService,Performing requests OLEYYYY...|Sobiens.Connectors.Entities.Logger.WriteEntry
Debug|2020-05-10 12:31:58.0055|2020-05-10 12:31:58,info,BackgroundDataService,Performing requests OLEYYYY...|Sobiens.Connectors.Entities.Logger.WriteEntry
Debug|2020-05-10 12:32:28.0102|2020-05-10 12:32:28,info,BackgroundDataService,Performing requests OLEYYYY...|Sobiens.Connectors.Entities.Logger.WriteEntry
Debug|2020-05-10 12:32:58.0170|2020-05-10 12:32:58,info,BackgroundDataService,Performing requests OLEYYYY...|Sobiens.Connectors.Entities.Logger.WriteEntry
Debug|2020-05-10 12:33:28.0257|2020-05-10 12:33:28,info,BackgroundDataService,Performing requests OLEYYYY...|Sobiens.Connectors.Entities.Logger.WriteEntry
Debug|2020-05-10 12:33:58.0306|2020-05-10 12:33:58,info,BackgroundDataService,Performing requests OLEYYYY...|Sobiens.Connectors.Entities.Logger.WriteEntry
Debug|2020-05-10 12:34:28.0343|2020-05-10 12:34:28,info,BackgroundDataService,Performing requests OLEYYYY...|Sobiens.Connectors.Entities.Logger.WriteEntry
Debug|2020-05-10 12:34:58.0363|2020-05-10 12:34:58,info,BackgroundDataService,Performing requests OLEYYYY...|Sobiens.Connectors.Entities.Logger.WriteEntry
Debug|2020-05-10 12:35:28.0421|2020-05-10 12:35:28,info,BackgroundDataService,Performing requests OLEYYYY...|Sobiens.Connectors.Entities.Logger.WriteEntry
Debug|2020-05-10 12:35:58.0528|2020-05-10 12:35:58,info,BackgroundDataService,Performing requests OLEYYYY...|Sobiens.Connectors.Entities.Logger.WriteEntry
Debug|2020-05-10 12:36:28.0775|2020-05-10 12:36:28,info,BackgroundDataService,Performing requests OLEYYYY...|Sobiens.Connectors.Entities.Logger.WriteEntry
Debug|2020-05-10 12:36:58.0813|2020-05-10 12:36:58,info,BackgroundDataService,Performing requests OLEYYYY...|Sobiens.Connectors.Entities.Logger.WriteEntry
Debug|2020-05-10 12:37:28.0960|2020-05-10 12:37:28,info,BackgroundDataService,Performing requests OLEYYYY...|Sobiens.Connectors.Entities.Logger.WriteEntry
Debug|2020-05-10 12:37:58.0978|2020-05-10 12:37:58,info,BackgroundDataService,Performing requests OLEYYYY...|Sobiens.Connectors.Entities.Logger.WriteEntry
Debug|2020-05-10 12:38:28.1085|2020-05-10 12:38:28,info,BackgroundDataService,Performing requests OLEYYYY...|Sobiens.Connectors.Entities.Logger.WriteEntry
Debug|2020-05-10 12:38:58.1203|2020-05-10 12:38:58,info,BackgroundDataService,Performing requests OLEYYYY...|Sobiens.Connectors.Entities.Logger.WriteEntry
Debug|2020-05-10 12:39:28.1370|2020-05-10 12:39:28,info,BackgroundDataService,Performing requests OLEYYYY...|Sobiens.Connectors.Entities.Logger.WriteEntry
Debug|2020-05-10 12:39:58.1462|2020-05-10 12:39:58,info,BackgroundDataService,Performing requests OLEYYYY...|Sobiens.Connectors.Entities.Logger.WriteEntry
Debug|2020-05-10 12:40:28.1498|2020-05-10 12:40:28,info,BackgroundDataService,Performing requests OLEYYYY...|Sobiens.Connectors.Entities.Logger.WriteEntry
Debug|2020-05-10 12:40:58.1737|2020-05-10 12:40:58,info,BackgroundDataService,Performing requests OLEYYYY...|Sobiens.Connectors.Entities.Logger.WriteEntry
Debug|2020-05-10 12:41:28.1948|2020-05-10 12:41:28,info,BackgroundDataService,Performing requests OLEYYYY...|Sobiens.Connectors.Entities.Logger.WriteEntry
Debug|2020-05-10 12:41:58.2012|2020-05-10 12:41:58,info,BackgroundDataService,Performing requests OLEYYYY...|Sobiens.Connectors.Entities.Logger.WriteEntry
Debug|2020-05-10 12:42:28.2114|2020-05-10 12:42:28,info,BackgroundDataService,Performing requests OLEYYYY...|Sobiens.Connectors.Entities.Logger.WriteEntry
Debug|2020-05-10 12:42:58.2291|2020-05-10 12:42:58,info,BackgroundDataService,Performing requests OLEYYYY...|Sobiens.Connectors.Entities.Logger.WriteEntry
Debug|2020-05-10 12:43:28.2353|2020-05-10 12:43:28,info,BackgroundDataService,Performing requests OLEYYYY...|Sobiens.Connectors.Entities.Logger.WriteEntry
Debug|2020-05-10 12:43:58.2385|2020-05-10 12:43:58,info,BackgroundDataService,Performing requests OLEYYYY...|Sobiens.Connectors.Entities.Logger.WriteEntry
Debug|2020-05-10 12:44:28.2414|2020-05-10 12:44:28,info,BackgroundDataService,Performing requests OLEYYYY...|Sobiens.Connectors.Entities.Logger.WriteEntry
Debug|2020-05-10 12:44:58.2439|2020-05-10 12:44:58,info,BackgroundDataService,Performing requests OLEYYYY...|Sobiens.Connectors.Entities.Logger.WriteEntry
Debug|2020-05-10 12:45:28.2484|2020-05-10 12:45:28,info,BackgroundDataService,Performing requests OLEYYYY...|Sobiens.Connectors.Entities.Logger.WriteEntry
Debug|2020-05-10 12:45:58.2495|2020-05-10 12:45:58,info,BackgroundDataService,Performing requests OLEYYYY...|Sobiens.Connectors.Entities.Logger.WriteEntry
Debug|2020-05-10 12:46:28.2572|2020-05-10 12:46:28,info,BackgroundDataService,Performing requests OLEYYYY...|Sobiens.Connectors.Entities.Logger.WriteEntry
Debug|2020-05-10 12:46:58.2706|2020-05-10 12:46:58,info,BackgroundDataService,Performing requests OLEYYYY...|Sobiens.Connectors.Entities.Logger.WriteEntry
Debug|2020-05-10 12:47:28.2844|2020-05-10 12:47:28,info,BackgroundDataService,Performing requests OLEYYYY...|Sobiens.Connectors.Entities.Logger.WriteEntry
Debug|2020-05-10 12:47:58.2888|2020-05-10 12:47:58,info,BackgroundDataService,Performing requests OLEYYYY...|Sobiens.Connectors.Entities.Logger.WriteEntry
Debug|2020-05-10 12:48:28.3022|2020-05-10 12:48:28,info,BackgroundDataService,Performing requests OLEYYYY...|Sobiens.Connectors.Entities.Logger.WriteEntry
Debug|2020-05-10 12:48:58.3059|2020-05-10 12:48:58,info,BackgroundDataService,Performing requests OLEYYYY...|Sobiens.Connectors.Entities.Logger.WriteEntry
Debug|2020-05-10 12:49:28.3350|2020-05-10 12:49:28,info,BackgroundDataService,Performing requests OLEYYYY...|Sobiens.Connectors.Entities.Logger.WriteEntry
Debug|2020-05-10 12:49:58.3517|2020-05-10 12:49:58,info,BackgroundDataService,Performing requests OLEYYYY...|Sobiens.Connectors.Entities.Logger.WriteEntry
Debug|2020-05-10 12:50:28.3794|2020-05-10 12:50:28,info,BackgroundDataService,Performing requests OLEYYYY...|Sobiens.Connectors.Entities.Logger.WriteEntry
Debug|2020-05-10 12:50:58.3842|2020-05-10 12:50:58,info,BackgroundDataService,Performing requests OLEYYYY...|Sobiens.Connectors.Entities.Logger.WriteEntry
Debug|2020-05-10 12:51:28.3920|2020-05-10 12:51:28,info,BackgroundDataService,Performing requests OLEYYYY...|Sobiens.Connectors.Entities.Logger.WriteEntry
Debug|2020-05-10 12:51:58.3977|2020-05-10 12:51:58,info,BackgroundDataService,Performing requests OLEYYYY...|Sobiens.Connectors.Entities.Logger.WriteEntry
Debug|2020-05-10 12:52:28.4004|2020-05-10 12:52:28,info,BackgroundDataService,Performing requests OLEYYYY...|Sobiens.Connectors.Entities.Logger.WriteEntry
Debug|2020-05-10 12:52:58.4133|2020-05-10 12:52:58,info,BackgroundDataService,Performing requests OLEYYYY...|Sobiens.Connectors.Entities.Logger.WriteEntry
Debug|2020-05-10 12:53:28.4170|2020-05-10 12:53:28,info,BackgroundDataService,Performing requests OLEYYYY...|Sobiens.Connectors.Entities.Logger.WriteEntry
Debug|2020-05-10 12:53:58.4302|2020-05-10 12:53:58,info,BackgroundDataService,Performing requests OLEYYYY...|Sobiens.Connectors.Entities.Logger.WriteEntry
Debug|2020-05-10 12:54:28.4479|2020-05-10 12:54:28,info,BackgroundDataService,Performing requests OLEYYYY...|Sobiens.Connectors.Entities.Logger.WriteEntry
Debug|2020-05-10 12:54:58.4697|2020-05-10 12:54:58,info,BackgroundDataService,Performing requests OLEYYYY...|Sobiens.Connectors.Entities.Logger.WriteEntry
Debug|2020-05-10 12:55:28.5083|2020-05-10 12:55:28,info,BackgroundDataService,Performing requests OLEYYYY...|Sobiens.Connectors.Entities.Logger.WriteEntry
Debug|2020-05-10 12:55:58.5210|2020-05-10 12:55:58,info,BackgroundDataService,Performing requests OLEYYYY...|Sobiens.Connectors.Entities.Logger.WriteEntry
Debug|2020-05-10 12:56:28.5248|2020-05-10 12:56:28,info,BackgroundDataService,Performing requests OLEYYYY...|Sobiens.Connectors.Entities.Logger.WriteEntry
Debug|2020-05-10 12:56:58.5435|2020-05-10 12:56:58,info,BackgroundDataService,Performing requests OLEYYYY...|Sobiens.Connectors.Entities.Logger.WriteEntry
Debug|2020-05-10 12:57:28.5612|2020-05-10 12:57:28,info,BackgroundDataService,Performing requests OLEYYYY...|Sobiens.Connectors.Entities.Logger.WriteEntry
Debug|2020-05-10 12:57:58.5660|2020-05-10 12:57:58,info,BackgroundDataService,Performing requests OLEYYYY...|Sobiens.Connectors.Entities.Logger.WriteEntry
Debug|2020-05-10 12:58:28.6226|2020-05-10 12:58:28,info,BackgroundDataService,Performing requests OLEYYYY...|Sobiens.Connectors.Entities.Logger.WriteEntry
Debug|2020-05-10 12:58:58.6264|2020-05-10 12:58:58,info,BackgroundDataService,Performing requests OLEYYYY...|Sobiens.Connectors.Entities.Logger.WriteEntry
Debug|2020-05-10 12:59:28.6311|2020-05-10 12:59:28,info,BackgroundDataService,Performing requests OLEYYYY...|Sobiens.Connectors.Entities.Logger.WriteEntry
Debug|2020-05-10 12:59:58.6429|2020-05-10 12:59:58,info,BackgroundDataService,Performing requests OLEYYYY...|Sobiens.Connectors.Entities.Logger.WriteEntry
Debug|2020-05-10 13:00:28.6506|2020-05-10 13:00:28,info,BackgroundDataService,Performing requests OLEYYYY...|Sobiens.Connectors.Entities.Logger.WriteEntry
Debug|2020-05-10 13:00:58.6574|2020-05-10 13:00:58,info,BackgroundDataService,Performing requests OLEYYYY...|Sobiens.Connectors.Entities.Logger.WriteEntry
Debug|2020-05-10 13:01:28.6920|2020-05-10 13:01:28,info,BackgroundDataService,Performing requests OLEYYYY...|Sobiens.Connectors.Entities.Logger.WriteEntry
Debug|2020-05-10 13:01:58.6998|2020-05-10 13:01:58,info,BackgroundDataService,Performing requests OLEYYYY...|Sobiens.Connectors.Entities.Logger.WriteEntry
Debug|2020-05-10 13:02:28.7095|2020-05-10 13:02:28,info,BackgroundDataService,Performing requests OLEYYYY...|Sobiens.Connectors.Entities.Logger.WriteEntry
Debug|2020-05-10 13:02:58.7143|2020-05-10 13:02:58,info,BackgroundDataService,Performing requests OLEYYYY...|Sobiens.Connectors.Entities.Logger.WriteEntry
Debug|2020-05-10 13:03:28.7310|2020-05-10 13:03:28,info,BackgroundDataService,Performing requests OLEYYYY...|Sobiens.Connectors.Entities.Logger.WriteEntry
Debug|2020-05-10 13:03:58.7358|2020-05-10 13:03:58,info,BackgroundDataService,Performing requests OLEYYYY...|Sobiens.Connectors.Entities.Logger.WriteEntry
Debug|2020-05-10 13:04:28.7396|2020-05-10 13:04:28,info,BackgroundDataService,Performing requests OLEYYYY...|Sobiens.Connectors.Entities.Logger.WriteEntry
Debug|2020-05-10 13:04:58.7424|2020-05-10 13:04:58,info,BackgroundDataService,Performing requests OLEYYYY...|Sobiens.Connectors.Entities.Logger.WriteEntry
Debug|2020-05-10 13:05:28.7461|2020-05-10 13:05:28,info,BackgroundDataService,Performing requests OLEYYYY...|Sobiens.Connectors.Entities.Logger.WriteEntry
Debug|2020-05-10 13:05:58.7708|2020-05-10 13:05:58,info,BackgroundDataService,Performing requests OLEYYYY...|Sobiens.Connectors.Entities.Logger.WriteEntry
Debug|2020-05-10 13:06:28.7746|2020-05-10 13:06:28,info,BackgroundDataService,Performing requests OLEYYYY...|Sobiens.Connectors.Entities.Logger.WriteEntry
Debug|2020-05-10 13:06:58.8002|2020-05-10 13:06:58,info,BackgroundDataService,Performing requests OLEYYYY...|Sobiens.Connectors.Entities.Logger.WriteEntry
Debug|2020-05-10 13:07:28.8449|2020-05-10 13:07:28,info,BackgroundDataService,Performing requests OLEYYYY...|Sobiens.Connectors.Entities.Logger.WriteEntry
Debug|2020-05-10 13:07:58.8526|2020-05-10 13:07:58,info,BackgroundDataService,Performing requests OLEYYYY...|Sobiens.Connectors.Entities.Logger.WriteEntry
Debug|2020-05-10 13:08:28.8544|2020-05-10 13:08:28,info,BackgroundDataService,Performing requests OLEYYYY...|Sobiens.Connectors.Entities.Logger.WriteEntry
Debug|2020-05-10 13:08:58.8571|2020-05-10 13:08:58,info,BackgroundDataService,Performing requests OLEYYYY...|Sobiens.Connectors.Entities.Logger.WriteEntry
Debug|2020-05-10 13:09:28.8889|2020-05-10 13:09:28,info,BackgroundDataService,Performing requests OLEYYYY...|Sobiens.Connectors.Entities.Logger.WriteEntry
Debug|2020-05-10 13:09:58.8946|2020-05-10 13:09:58,info,BackgroundDataService,Performing requests OLEYYYY...|Sobiens.Connectors.Entities.Logger.WriteEntry
Debug|2020-05-10 13:10:28.9003|2020-05-10 13:10:28,info,BackgroundDataService,Performing requests OLEYYYY...|Sobiens.Connectors.Entities.Logger.WriteEntry
Debug|2020-05-10 13:10:58.9051|2020-05-10 13:10:58,info,BackgroundDataService,Performing requests OLEYYYY...|Sobiens.Connectors.Entities.Logger.WriteEntry
Debug|2020-05-10 13:11:28.9168|2020-05-10 13:11:28,info,BackgroundDataService,Performing requests OLEYYYY...|Sobiens.Connectors.Entities.Logger.WriteEntry
Debug|2020-05-10 13:11:58.9226|2020-05-10 13:11:58,info,BackgroundDataService,Performing requests OLEYYYY...|Sobiens.Connectors.Entities.Logger.WriteEntry
Debug|2020-05-10 13:12:28.9293|2020-05-10 13:12:28,info,BackgroundDataService,Performing requests OLEYYYY...|Sobiens.Connectors.Entities.Logger.WriteEntry
Debug|2020-05-10 13:12:58.9352|2020-05-10 13:12:58,info,BackgroundDataService,Performing requests OLEYYYY...|Sobiens.Connectors.Entities.Logger.WriteEntry
Debug|2020-05-10 13:13:28.9478|2020-05-10 13:13:28,info,BackgroundDataService,Performing requests OLEYYYY...|Sobiens.Connectors.Entities.Logger.WriteEntry
Debug|2020-05-10 13:13:58.9666|2020-05-10 13:13:58,info,BackgroundDataService,Performing requests OLEYYYY...|Sobiens.Connectors.Entities.Logger.WriteEntry
Debug|2020-05-10 13:14:28.9882|2020-05-10 13:14:28,info,BackgroundDataService,Performing requests OLEYYYY...|Sobiens.Connectors.Entities.Logger.WriteEntry
Debug|2020-05-10 13:14:58.9900|2020-05-10 13:14:58,info,BackgroundDataService,Performing requests OLEYYYY...|Sobiens.Connectors.Entities.Logger.WriteEntry
Debug|2020-05-10 13:15:28.9938|2020-05-10 13:15:28,info,BackgroundDataService,Performing requests OLEYYYY...|Sobiens.Connectors.Entities.Logger.WriteEntry
Debug|2020-05-10 13:15:58.9965|2020-05-10 13:15:58,info,BackgroundDataService,Performing requests OLEYYYY...|Sobiens.Connectors.Entities.Logger.WriteEntry
Debug|2020-05-10 13:16:31.6236|2020-05-10 13:16:31,info,BackgroundDataService,Performing requests OLEYYYY...|Sobiens.Connectors.Entities.Logger.WriteEntry
Debug|2020-05-10 13:17:02.8989|2020-05-10 13:17:02,info,BackgroundDataService,Performing requests OLEYYYY...|Sobiens.Connectors.Entities.Logger.WriteEntry
Debug|2020-05-10 13:19:29.0431|2020-05-10 13:19:29,info,BackgroundDataService,Starting service ...|Sobiens.Connectors.Entities.Logger.WriteEntry
Debug|2020-05-10 13:19:29.0660|2020-05-10 13:19:29,info,BackgroundDataService,Creating Service context ...|Sobiens.Connectors.Entities.Logger.WriteEntry
Debug|2020-05-10 13:19:29.0660|2020-05-10 13:19:29,info,BackgroundDataService,Service started and timer activated.|Sobiens.Connectors.Entities.Logger.WriteEntry
Debug|2020-05-10 13:19:29.0770|2020-05-10 13:19:29,info,BackgroundDataService,Worker thread for processing request queue has started.|Sobiens.Connectors.Entities.Logger.WriteEntry
Debug|2020-05-10 13:19:32.0710|2020-05-10 13:19:32,info,SyncTasksManager,SyncTasks are being loaded from C:\Users\serkant2\AppData\Roaming\Sobiens\Sobiens.Connectors\SyncTasks\SyncTasks.xml|Sobiens.Connectors.Entities.Logger.WriteEntry
Debug|2020-05-10 13:19:59.2723|2020-05-10 13:19:59,info,BackgroundDataService,Performing requests OLEYYYY...|Sobiens.Connectors.Entities.Logger.WriteEntry
Debug|2020-05-10 13:20:29.2780|2020-05-10 13:20:29,info,BackgroundDataService,Performing requests OLEYYYY...|Sobiens.Connectors.Entities.Logger.WriteEntry
Debug|2020-05-10 13:21:00.4975|2020-05-10 13:21:00,info,BackgroundDataService,Performing requests OLEYYYY...|Sobiens.Connectors.Entities.Logger.WriteEntry
Debug|2020-05-10 13:21:58.8226|2020-05-10 13:21:58,info,BackgroundDataService,Starting service ...|Sobiens.Connectors.Entities.Logger.WriteEntry
Debug|2020-05-10 13:21:58.8605|2020-05-10 13:21:58,info,BackgroundDataService,Creating Service context ...|Sobiens.Connectors.Entities.Logger.WriteEntry
Debug|2020-05-10 13:21:58.8605|2020-05-10 13:21:58,info,BackgroundDataService,Service started and timer activated.|Sobiens.Connectors.Entities.Logger.WriteEntry
Debug|2020-05-10 13:21:58.8605|2020-05-10 13:21:58,info,BackgroundDataService,Worker thread for processing request queue has started.|Sobiens.Connectors.Entities.Logger.WriteEntry
Debug|2020-05-10 13:22:01.8724|2020-05-10 13:22:01,info,SyncTasksManager,SyncTasks are being loaded from C:\Users\serkant2\AppData\Roaming\Sobiens\Sobiens.Connectors\SyncTasks\SyncTasks.xml|Sobiens.Connectors.Entities.Logger.WriteEntry
Debug|2020-05-10 13:22:29.1006|2020-05-10 13:22:29,info,BackgroundDataService,Performing requests OLEYYYY...|Sobiens.Connectors.Entities.Logger.WriteEntry
Debug|2020-05-10 13:22:47.0935|2020-05-10 13:22:47,warning,Studio,WorkItem has been added LogCategory: Title:Populating treeview items WorkItemType:NonCriticalWorkItem|Sobiens.Connectors.Entities.Logger.WriteEntry
Debug|2020-05-10 13:22:47.1224|2020-05-10 13:22:47,warning,Studio,WorkItem has been added LogCategory: Title:Populating treeview items WorkItemType:NonCriticalWorkItem|Sobiens.Connectors.Entities.Logger.WriteEntry
Debug|2020-05-10 13:22:47.1224|2020-05-10 13:22:47,warning,Studio,WorkItem is being processed LogCategory: Title:Populating treeview items WorkItemType:NonCriticalWorkItem|Sobiens.Connectors.Entities.Logger.WriteEntry
Debug|2020-05-10 13:23:43.4597|2020-05-10 13:23:43,info,BackgroundDataService,Performing requests OLEYYYY...|Sobiens.Connectors.Entities.Logger.WriteEntry
Debug|2020-05-10 13:23:45.1841|2020-05-10 13:23:45,error,Service,CRMService GetLists method returned error:The caller was not authenticated by the service.|Sobiens.Connectors.Entities.Logger.WriteEntry
Debug|2020-05-10 13:23:45.2121|2020-05-10 13:23:45,warning,Studio,WorkItem is being processed LogCategory: Title:Populating treeview items WorkItemType:NonCriticalWorkItem|Sobiens.Connectors.Entities.Logger.WriteEntry
Debug|2020-05-10 13:24:59.5303|2020-05-10 13:24:59,info,BackgroundDataService,Performing requests OLEYYYY...|Sobiens.Connectors.Entities.Logger.WriteEntry
Debug|2020-05-10 13:26:27.7704|2020-05-10 13:26:27,info,BackgroundDataService,Starting service ...|Sobiens.Connectors.Entities.Logger.WriteEntry
Debug|2020-05-10 13:26:27.8022|2020-05-10 13:26:27,info,BackgroundDataService,Creating Service context ...|Sobiens.Connectors.Entities.Logger.WriteEntry
Debug|2020-05-10 13:26:27.8022|2020-05-10 13:26:27,info,BackgroundDataService,Service started and timer activated.|Sobiens.Connectors.Entities.Logger.WriteEntry
Debug|2020-05-10 13:26:27.8022|2020-05-10 13:26:27,info,BackgroundDataService,Worker thread for processing request queue has started.|Sobiens.Connectors.Entities.Logger.WriteEntry
Debug|2020-05-10 13:26:30.8062|2020-05-10 13:26:30,info,SyncTasksManager,SyncTasks are being loaded from C:\Users\serkant2\AppData\Roaming\Sobiens\Sobiens.Connectors\SyncTasks\SyncTasks.xml|Sobiens.Connectors.Entities.Logger.WriteEntry
Debug|2020-05-10 13:26:34.9970|2020-05-10 13:26:34,warning,Studio,WorkItem has been added LogCategory: Title:Populating treeview items WorkItemType:NonCriticalWorkItem|Sobiens.Connectors.Entities.Logger.WriteEntry
Debug|2020-05-10 13:26:34.9970|2020-05-10 13:26:35,warning,Studio,WorkItem is being processed LogCategory: Title:Populating treeview items WorkItemType:NonCriticalWorkItem|Sobiens.Connectors.Entities.Logger.WriteEntry
Debug|2020-05-10 13:26:57.9696|2020-05-10 13:26:57,info,BackgroundDataService,Performing requests OLEYYYY...|Sobiens.Connectors.Entities.Logger.WriteEntry
Debug|2020-05-10 13:27:27.3660|2020-05-10 13:27:27,warning,Studio,WorkItem has been added LogCategory: Title:Populating treeview items WorkItemType:NonCriticalWorkItem|Sobiens.Connectors.Entities.Logger.WriteEntry
Debug|2020-05-10 13:27:27.3660|2020-05-10 13:27:27,warning,Studio,WorkItem is being processed LogCategory: Title:Populating treeview items WorkItemType:NonCriticalWorkItem|Sobiens.Connectors.Entities.Logger.WriteEntry
Debug|2020-05-10 13:27:27.9723|2020-05-10 13:27:27,info,BackgroundDataService,Performing requests OLEYYYY...|Sobiens.Connectors.Entities.Logger.WriteEntry
Debug|2020-05-10 13:27:57.9741|2020-05-10 13:27:57,info,BackgroundDataService,Performing requests OLEYYYY...|Sobiens.Connectors.Entities.Logger.WriteEntry
Debug|2020-05-10 13:29:19.5150|2020-05-10 13:29:19,info,BackgroundDataService,Performing requests OLEYYYY...|Sobiens.Connectors.Entities.Logger.WriteEntry
Debug|2020-05-10 13:29:49.6335|2020-05-10 13:29:49,info,BackgroundDataService,Performing requests OLEYYYY...|Sobiens.Connectors.Entities.Logger.WriteEntry
Debug|2020-05-10 14:10:24.7824|2020-05-10 14:10:24,info,BackgroundDataService,Starting service ...|Sobiens.Connectors.Entities.Logger.WriteEntry
Debug|2020-05-10 14:10:24.8044|2020-05-10 14:10:24,info,BackgroundDataService,Creating Service context ...|Sobiens.Connectors.Entities.Logger.WriteEntry
Debug|2020-05-10 14:10:24.8163|2020-05-10 14:10:24,info,BackgroundDataService,Service started and timer activated.|Sobiens.Connectors.Entities.Logger.WriteEntry
Debug|2020-05-10 14:10:24.8163|2020-05-10 14:10:24,info,BackgroundDataService,Worker thread for processing request queue has started.|Sobiens.Connectors.Entities.Logger.WriteEntry
Debug|2020-05-10 14:10:27.8253|2020-05-10 14:10:27,info,SyncTasksManager,SyncTasks are being loaded from C:\Users\serkant2\AppData\Roaming\Sobiens\Sobiens.Connectors\SyncTasks\SyncTasks.xml|Sobiens.Connectors.Entities.Logger.WriteEntry
Debug|2020-05-10 14:10:52.1672|2020-05-10 14:10:52,warning,Studio,WorkItem has been added LogCategory: Title:Populating treeview items WorkItemType:NonCriticalWorkItem|Sobiens.Connectors.Entities.Logger.WriteEntry
Debug|2020-05-10 14:10:52.1712|2020-05-10 14:10:52,warning,Studio,WorkItem is being processed LogCategory: Title:Populating treeview items WorkItemType:NonCriticalWorkItem|Sobiens.Connectors.Entities.Logger.WriteEntry
Debug|2020-05-10 14:10:54.9547|2020-05-10 14:10:54,info,BackgroundDataService,Performing requests OLEYYYY...|Sobiens.Connectors.Entities.Logger.WriteEntry
Debug|2020-05-10 14:11:24.9585|2020-05-10 14:11:24,info,BackgroundDataService,Performing requests OLEYYYY...|Sobiens.Connectors.Entities.Logger.WriteEntry
Debug|2020-05-10 14:11:54.9742|2020-05-10 14:11:54,info,BackgroundDataService,Performing requests OLEYYYY...|Sobiens.Connectors.Entities.Logger.WriteEntry
Debug|2020-05-10 14:12:24.9800|2020-05-10 14:12:24,info,BackgroundDataService,Performing requests OLEYYYY...|Sobiens.Connectors.Entities.Logger.WriteEntry
Debug|2020-05-10 14:12:55.0316|2020-05-10 14:12:55,info,BackgroundDataService,Performing requests OLEYYYY...|Sobiens.Connectors.Entities.Logger.WriteEntry
Debug|2020-05-10 14:13:25.0414|2020-05-10 14:13:25,info,BackgroundDataService,Performing requests OLEYYYY...|Sobiens.Connectors.Entities.Logger.WriteEntry
Debug|2020-05-10 14:13:55.0461|2020-05-10 14:13:55,info,BackgroundDataService,Performing requests OLEYYYY...|Sobiens.Connectors.Entities.Logger.WriteEntry
Debug|2020-05-10 14:14:25.0499|2020-05-10 14:14:25,info,BackgroundDataService,Performing requests OLEYYYY...|Sobiens.Connectors.Entities.Logger.WriteEntry
Debug|2020-05-10 14:14:55.0536|2020-05-10 14:14:55,info,BackgroundDataService,Performing requests OLEYYYY...|Sobiens.Connectors.Entities.Logger.WriteEntry
Debug|2020-05-10 14:15:25.0564|2020-05-10 14:15:25,info,BackgroundDataService,Performing requests OLEYYYY...|Sobiens.Connectors.Entities.Logger.WriteEntry
Debug|2020-05-10 14:15:55.0611|2020-05-10 14:15:55,info,BackgroundDataService,Performing requests OLEYYYY...|Sobiens.Connectors.Entities.Logger.WriteEntry
Debug|2020-05-10 14:16:25.0699|2020-05-10 14:16:25,info,BackgroundDataService,Performing requests OLEYYYY...|Sobiens.Connectors.Entities.Logger.WriteEntry
Debug|2020-05-10 14:16:55.0717|2020-05-10 14:16:55,info,BackgroundDataService,Performing requests OLEYYYY...|Sobiens.Connectors.Entities.Logger.WriteEntry
Debug|2020-05-10 14:17:25.0774|2020-05-10 14:17:25,info,BackgroundDataService,Performing requests OLEYYYY...|Sobiens.Connectors.Entities.Logger.WriteEntry
Debug|2020-05-10 14:17:55.0802|2020-05-10 14:17:55,info,BackgroundDataService,Performing requests OLEYYYY...|Sobiens.Connectors.Entities.Logger.WriteEntry
Debug|2020-05-10 14:18:25.0819|2020-05-10 14:18:25,info,BackgroundDataService,Performing requests OLEYYYY...|Sobiens.Connectors.Entities.Logger.WriteEntry
Debug|2020-05-10 14:18:55.0847|2020-05-10 14:18:55,info,BackgroundDataService,Performing requests OLEYYYY...|Sobiens.Connectors.Entities.Logger.WriteEntry
Debug|2020-05-10 14:19:25.1274|2020-05-10 14:19:25,info,BackgroundDataService,Performing requests OLEYYYY...|Sobiens.Connectors.Entities.Logger.WriteEntry
Debug|2020-05-10 14:19:33.3454|2020-05-10 14:19:33,warning,Studio,WorkItem has been added LogCategory: Title:Populating treeview items WorkItemType:NonCriticalWorkItem|Sobiens.Connectors.Entities.Logger.WriteEntry
Debug|2020-05-10 14:19:33.3454|2020-05-10 14:19:33,warning,Studio,WorkItem is being processed LogCategory: Title:Populating treeview items WorkItemType:NonCriticalWorkItem|Sobiens.Connectors.Entities.Logger.WriteEntry
Debug|2020-05-10 14:19:58.0992|2020-05-10 14:19:58,info,BackgroundDataService,Performing requests OLEYYYY...|Sobiens.Connectors.Entities.Logger.WriteEntry
Debug|2020-05-10 14:20:28.1050|2020-05-10 14:20:28,info,BackgroundDataService,Performing requests OLEYYYY...|Sobiens.Connectors.Entities.Logger.WriteEntry
Debug|2020-05-10 14:20:58.1107|2020-05-10 14:20:58,info,BackgroundDataService,Performing requests OLEYYYY...|Sobiens.Connectors.Entities.Logger.WriteEntry
Debug|2020-05-10 14:21:28.1604|2020-05-10 14:21:28,info,BackgroundDataService,Performing requests OLEYYYY...|Sobiens.Connectors.Entities.Logger.WriteEntry
Debug|2020-05-10 14:23:01.2693|2020-05-10 14:23:01,info,BackgroundDataService,Performing requests OLEYYYY...|Sobiens.Connectors.Entities.Logger.WriteEntry
Debug|2020-05-10 14:23:27.0494|2020-05-10 14:23:27,warning,Studio,WorkItem has been added LogCategory: Title:Populating treeview items WorkItemType:NonCriticalWorkItem|Sobiens.Connectors.Entities.Logger.WriteEntry
Debug|2020-05-10 14:23:27.0494|2020-05-10 14:23:27,warning,Studio,WorkItem is being processed LogCategory: Title:Populating treeview items WorkItemType:NonCriticalWorkItem|Sobiens.Connectors.Entities.Logger.WriteEntry
Debug|2020-05-10 14:23:31.3220|2020-05-10 14:23:31,info,BackgroundDataService,Performing requests OLEYYYY...|Sobiens.Connectors.Entities.Logger.WriteEntry
Debug|2020-05-10 14:24:01.3238|2020-05-10 14:24:01,info,BackgroundDataService,Performing requests OLEYYYY...|Sobiens.Connectors.Entities.Logger.WriteEntry
Debug|2020-05-10 14:24:31.3285|2020-05-10 14:24:31,info,BackgroundDataService,Performing requests OLEYYYY...|Sobiens.Connectors.Entities.Logger.WriteEntry
Debug|2020-05-10 14:25:03.8505|2020-05-10 14:25:03,info,BackgroundDataService,Performing requests OLEYYYY...|Sobiens.Connectors.Entities.Logger.WriteEntry
Debug|2020-05-10 14:29:44.2879|2020-05-10 14:29:44,info,BackgroundDataService,Performing requests OLEYYYY...|Sobiens.Connectors.Entities.Logger.WriteEntry
Debug|2020-05-10 14:30:15.8755|2020-05-10 14:30:15,info,BackgroundDataService,Performing requests OLEYYYY...|Sobiens.Connectors.Entities.Logger.WriteEntry
Debug|2020-05-10 14:31:08.7022|2020-05-10 14:31:08,info,BackgroundDataService,Starting service ...|Sobiens.Connectors.Entities.Logger.WriteEntry
Debug|2020-05-10 14:31:08.7371|2020-05-10 14:31:08,info,BackgroundDataService,Creating Service context ...|Sobiens.Connectors.Entities.Logger.WriteEntry
Debug|2020-05-10 14:31:08.7371|2020-05-10 14:31:08,info,BackgroundDataService,Service started and timer activated.|Sobiens.Connectors.Entities.Logger.WriteEntry
Debug|2020-05-10 14:31:08.7511|2020-05-10 14:31:08,info,BackgroundDataService,Worker thread for processing request queue has started.|Sobiens.Connectors.Entities.Logger.WriteEntry
Debug|2020-05-10 14:31:11.7560|2020-05-10 14:31:11,info,SyncTasksManager,SyncTasks are being loaded from C:\Users\serkant2\AppData\Roaming\Sobiens\Sobiens.Connectors\SyncTasks\SyncTasks.xml|Sobiens.Connectors.Entities.Logger.WriteEntry
Debug|2020-05-10 14:31:38.9523|2020-05-10 14:31:38,info,BackgroundDataService,Performing requests OLEYYYY...|Sobiens.Connectors.Entities.Logger.WriteEntry
Debug|2020-05-10 14:32:08.9680|2020-05-10 14:32:08,info,BackgroundDataService,Performing requests OLEYYYY...|Sobiens.Connectors.Entities.Logger.WriteEntry
Debug|2020-05-10 14:32:30.3558|2020-05-10 14:32:30,warning,Studio,WorkItem has been added LogCategory: Title:Populating treeview items WorkItemType:NonCriticalWorkItem|Sobiens.Connectors.Entities.Logger.WriteEntry
Debug|2020-05-10 14:32:30.3618|2020-05-10 14:32:30,warning,Studio,WorkItem is being processed LogCategory: Title:Populating treeview items WorkItemType:NonCriticalWorkItem|Sobiens.Connectors.Entities.Logger.WriteEntry
Debug|2020-05-10 14:32:58.4996|2020-05-10 14:32:58,info,BackgroundDataService,Performing requests OLEYYYY...|Sobiens.Connectors.Entities.Logger.WriteEntry
Debug|2020-05-10 14:33:30.6806|2020-05-10 14:33:30,info,BackgroundDataService,Performing requests OLEYYYY...|Sobiens.Connectors.Entities.Logger.WriteEntry
Debug|2020-05-10 14:34:00.7143|2020-05-10 14:34:00,info,BackgroundDataService,Performing requests OLEYYYY...|Sobiens.Connectors.Entities.Logger.WriteEntry
Debug|2020-05-10 14:34:09.5396|2020-05-10 14:34:09,warning,Studio,WorkItem has been added LogCategory: Title:Populating treeview items WorkItemType:NonCriticalWorkItem|Sobiens.Connectors.Entities.Logger.WriteEntry
Debug|2020-05-10 14:34:09.5396|2020-05-10 14:34:09,warning,Studio,WorkItem is being processed LogCategory: Title:Populating treeview items WorkItemType:NonCriticalWorkItem|Sobiens.Connectors.Entities.Logger.WriteEntry
Debug|2020-05-10 14:34:36.4685|2020-05-10 14:34:36,info,BackgroundDataService,Performing requests OLEYYYY...|Sobiens.Connectors.Entities.Logger.WriteEntry
Debug|2020-05-10 14:35:15.9759|2020-05-10 14:35:15,info,BackgroundDataService,Performing requests OLEYYYY...|Sobiens.Connectors.Entities.Logger.WriteEntry
Debug|2020-05-10 14:35:56.7369|2020-05-10 14:35:56,info,BackgroundDataService,Performing requests OLEYYYY...|Sobiens.Connectors.Entities.Logger.WriteEntry
Debug|2020-05-10 14:36:44.1708|2020-05-10 14:36:44,info,BackgroundDataService,Performing requests OLEYYYY...|Sobiens.Connectors.Entities.Logger.WriteEntry
Debug|2020-05-10 14:38:08.1053|2020-05-10 14:38:08,info,BackgroundDataService,Performing requests OLEYYYY...|Sobiens.Connectors.Entities.Logger.WriteEntry
Debug|2020-05-10 14:40:12.3167|2020-05-10 14:40:12,info,BackgroundDataService,Starting service ...|Sobiens.Connectors.Entities.Logger.WriteEntry
Debug|2020-05-10 14:40:12.3496|2020-05-10 14:40:12,info,BackgroundDataService,Creating Service context ...|Sobiens.Connectors.Entities.Logger.WriteEntry
Debug|2020-05-10 14:40:12.3616|2020-05-10 14:40:12,info,BackgroundDataService,Service started and timer activated.|Sobiens.Connectors.Entities.Logger.WriteEntry
Debug|2020-05-10 14:40:12.3616|2020-05-10 14:40:12,info,BackgroundDataService,Worker thread for processing request queue has started.|Sobiens.Connectors.Entities.Logger.WriteEntry
Debug|2020-05-10 14:40:15.3915|2020-05-10 14:40:15,info,SyncTasksManager,SyncTasks are being loaded from C:\Users\serkant2\AppData\Roaming\Sobiens\Sobiens.Connectors\SyncTasks\SyncTasks.xml|Sobiens.Connectors.Entities.Logger.WriteEntry
Debug|2020-05-10 14:40:36.2636|2020-05-10 14:40:36,warning,Studio,WorkItem has been added LogCategory: Title:Populating treeview items WorkItemType:NonCriticalWorkItem|Sobiens.Connectors.Entities.Logger.WriteEntry
Debug|2020-05-10 14:40:36.2636|2020-05-10 14:40:36,warning,Studio,WorkItem is being processed LogCategory: Title:Populating treeview items WorkItemType:NonCriticalWorkItem|Sobiens.Connectors.Entities.Logger.WriteEntry
Debug|2020-05-10 14:40:49.9889|2020-05-10 14:40:49,info,BackgroundDataService,Performing requests OLEYYYY...|Sobiens.Connectors.Entities.Logger.WriteEntry
Debug|2020-05-10 14:41:20.0027|2020-05-10 14:41:20,info,BackgroundDataService,Performing requests OLEYYYY...|Sobiens.Connectors.Entities.Logger.WriteEntry
Debug|2020-05-10 14:41:32.6609|2020-05-10 14:41:32,warning,Studio,WorkItem has been added LogCategory: Title:Populating treeview items WorkItemType:NonCriticalWorkItem|Sobiens.Connectors.Entities.Logger.WriteEntry
Debug|2020-05-10 14:41:32.6609|2020-05-10 14:41:32,warning,Studio,WorkItem is being processed LogCategory: Title:Populating treeview items WorkItemType:NonCriticalWorkItem|Sobiens.Connectors.Entities.Logger.WriteEntry
Debug|2020-05-10 14:41:50.1072|2020-05-10 14:41:50,info,BackgroundDataService,Performing requests OLEYYYY...|Sobiens.Connectors.Entities.Logger.WriteEntry
Debug|2020-05-10 14:42:28.2591|2020-05-10 14:42:28,info,BackgroundDataService,Performing requests OLEYYYY...|Sobiens.Connectors.Entities.Logger.WriteEntry
Debug|2020-05-10 14:43:08.0635|2020-05-10 14:43:08,info,BackgroundDataService,Performing requests OLEYYYY...|Sobiens.Connectors.Entities.Logger.WriteEntry
Debug|2020-05-10 14:43:49.2114|2020-05-10 14:43:49,info,BackgroundDataService,Performing requests OLEYYYY...|Sobiens.Connectors.Entities.Logger.WriteEntry
Debug|2020-05-10 14:49:07.9749|2020-05-10 14:49:07,info,BackgroundDataService,Starting service ...|Sobiens.Connectors.Entities.Logger.WriteEntry
Debug|2020-05-10 14:49:07.9969|2020-05-10 14:49:07,info,BackgroundDataService,Creating Service context ...|Sobiens.Connectors.Entities.Logger.WriteEntry
Debug|2020-05-10 14:49:07.9969|2020-05-10 14:49:08,info,BackgroundDataService,Service started and timer activated.|Sobiens.Connectors.Entities.Logger.WriteEntry
Debug|2020-05-10 14:49:07.9969|2020-05-10 14:49:08,info,BackgroundDataService,Worker thread for processing request queue has started.|Sobiens.Connectors.Entities.Logger.WriteEntry
Debug|2020-05-10 14:49:11.0058|2020-05-10 14:49:11,info,SyncTasksManager,SyncTasks are being loaded from C:\Users\serkant2\AppData\Roaming\Sobiens\Sobiens.Connectors\SyncTasks\SyncTasks.xml|Sobiens.Connectors.Entities.Logger.WriteEntry
Debug|2020-05-10 14:49:38.1523|2020-05-10 14:49:38,info,BackgroundDataService,Performing requests OLEYYYY...|Sobiens.Connectors.Entities.Logger.WriteEntry
Debug|2020-05-10 14:50:08.1610|2020-05-10 14:50:08,info,BackgroundDataService,Performing requests OLEYYYY...|Sobiens.Connectors.Entities.Logger.WriteEntry
Debug|2020-05-10 14:50:38.1847|2020-05-10 14:50:38,info,BackgroundDataService,Performing requests OLEYYYY...|Sobiens.Connectors.Entities.Logger.WriteEntry
Debug|2020-05-10 14:51:08.1895|2020-05-10 14:51:08,info,BackgroundDataService,Performing requests OLEYYYY...|Sobiens.Connectors.Entities.Logger.WriteEntry
Debug|2020-05-10 14:51:18.5527|2020-05-10 14:51:18,warning,Studio,WorkItem has been added LogCategory: Title:Populating treeview items WorkItemType:NonCriticalWorkItem|Sobiens.Connectors.Entities.Logger.WriteEntry
Debug|2020-05-10 14:51:18.5817|2020-05-10 14:51:18,warning,Studio,WorkItem is being processed LogCategory: Title:Populating treeview items WorkItemType:NonCriticalWorkItem|Sobiens.Connectors.Entities.Logger.WriteEntry
Debug|2020-05-10 14:51:38.1922|2020-05-10 14:51:38,info,BackgroundDataService,Performing requests OLEYYYY...|Sobiens.Connectors.Entities.Logger.WriteEntry
Debug|2020-05-10 14:52:08.1940|2020-05-10 14:52:08,info,BackgroundDataService,Performing requests OLEYYYY...|Sobiens.Connectors.Entities.Logger.WriteEntry
Debug|2020-05-10 14:52:38.2017|2020-05-10 14:52:38,info,BackgroundDataService,Performing requests OLEYYYY...|Sobiens.Connectors.Entities.Logger.WriteEntry
Debug|2020-05-10 14:53:08.2085|2020-05-10 14:53:08,info,BackgroundDataService,Performing requests OLEYYYY...|Sobiens.Connectors.Entities.Logger.WriteEntry
Debug|2020-05-10 14:53:38.2293|2020-05-10 14:53:38,info,BackgroundDataService,Performing requests OLEYYYY...|Sobiens.Connectors.Entities.Logger.WriteEntry
Debug|2020-05-10 14:54:08.2998|2020-05-10 14:54:08,info,BackgroundDataService,Performing requests OLEYYYY...|Sobiens.Connectors.Entities.Logger.WriteEntry
Debug|2020-05-10 14:54:38.3026|2020-05-10 14:54:38,info,BackgroundDataService,Performing requests OLEYYYY...|Sobiens.Connectors.Entities.Logger.WriteEntry
Debug|2020-05-10 14:55:08.3093|2020-05-10 14:55:08,info,BackgroundDataService,Performing requests OLEYYYY...|Sobiens.Connectors.Entities.Logger.WriteEntry
Debug|2020-05-10 14:55:38.3190|2020-05-10 14:55:38,info,BackgroundDataService,Performing requests OLEYYYY...|Sobiens.Connectors.Entities.Logger.WriteEntry
Debug|2020-05-10 14:56:08.3557|2020-05-10 14:56:08,info,BackgroundDataService,Performing requests OLEYYYY...|Sobiens.Connectors.Entities.Logger.WriteEntry
Debug|2020-05-10 14:56:38.3665|2020-05-10 14:56:38,info,BackgroundDataService,Performing requests OLEYYYY...|Sobiens.Connectors.Entities.Logger.WriteEntry
Debug|2020-05-10 14:57:08.3802|2020-05-10 14:57:08,info,BackgroundDataService,Performing requests OLEYYYY...|Sobiens.Connectors.Entities.Logger.WriteEntry
Debug|2020-05-10 14:57:15.7684|2020-05-10 14:57:15,warning,Studio,WorkItem has been added LogCategory: Title:Populating treeview items WorkItemType:NonCriticalWorkItem|Sobiens.Connectors.Entities.Logger.WriteEntry
Debug|2020-05-10 14:57:15.7684|2020-05-10 14:57:15,warning,Studio,WorkItem is being processed LogCategory: Title:Populating treeview items WorkItemType:NonCriticalWorkItem|Sobiens.Connectors.Entities.Logger.WriteEntry
Debug|2020-05-10 14:57:38.3860|2020-05-10 14:57:38,info,BackgroundDataService,Performing requests OLEYYYY...|Sobiens.Connectors.Entities.Logger.WriteEntry
Debug|2020-05-10 14:58:08.3897|2020-05-10 14:58:08,info,BackgroundDataService,Performing requests OLEYYYY...|Sobiens.Connectors.Entities.Logger.WriteEntry
Debug|2020-05-10 14:59:33.4073|2020-05-10 14:59:33,info,BackgroundDataService,Performing requests OLEYYYY...|Sobiens.Connectors.Entities.Logger.WriteEntry
Debug|2020-05-10 19:48:05.0715|2020-05-10 19:48:05,info,BackgroundDataService,Starting service ...|Sobiens.Connectors.Entities.Logger.WriteEntry
Debug|2020-05-10 19:48:05.1244|2020-05-10 19:48:05,info,BackgroundDataService,Creating Service context ...|Sobiens.Connectors.Entities.Logger.WriteEntry
Debug|2020-05-10 19:48:05.1244|2020-05-10 19:48:05,info,BackgroundDataService,Service started and timer activated.|Sobiens.Connectors.Entities.Logger.WriteEntry
Debug|2020-05-10 19:48:05.1453|2020-05-10 19:48:05,info,BackgroundDataService,Worker thread for processing request queue has started.|Sobiens.Connectors.Entities.Logger.WriteEntry
Debug|2020-05-10 19:48:08.1941|2020-05-10 19:48:08,info,SyncTasksManager,SyncTasks are being loaded from C:\Users\serkant2\AppData\Roaming\Sobiens\Sobiens.Connectors\SyncTasks\SyncTasks.xml|Sobiens.Connectors.Entities.Logger.WriteEntry
Debug|2020-05-10 19:48:29.3466|2020-05-10 19:48:29,warning,Studio,WorkItem has been added LogCategory: Title:Populating treeview items WorkItemType:NonCriticalWorkItem|Sobiens.Connectors.Entities.Logger.WriteEntry
Debug|2020-05-10 19:48:29.3715|2020-05-10 19:48:29,warning,Studio,WorkItem is being processed LogCategory: Title:Populating treeview items WorkItemType:NonCriticalWorkItem|Sobiens.Connectors.Entities.Logger.WriteEntry
Debug|2020-05-10 19:48:35.4253|2020-05-10 19:48:35,info,BackgroundDataService,Performing requests OLEYYYY...|Sobiens.Connectors.Entities.Logger.WriteEntry
Debug|2020-05-10 19:49:05.4421|2020-05-10 19:49:05,info,BackgroundDataService,Performing requests OLEYYYY...|Sobiens.Connectors.Entities.Logger.WriteEntry
Debug|2020-05-10 19:49:27.3525|2020-05-10 19:49:27,warning,Studio,WorkItem has been added LogCategory: Title:Populating treeview items WorkItemType:NonCriticalWorkItem|Sobiens.Connectors.Entities.Logger.WriteEntry
Debug|2020-05-10 19:49:27.3525|2020-05-10 19:49:27,warning,Studio,WorkItem is being processed LogCategory: Title:Populating treeview items WorkItemType:NonCriticalWorkItem|Sobiens.Connectors.Entities.Logger.WriteEntry
Debug|2020-05-10 19:49:35.4470|2020-05-10 19:49:35,info,BackgroundDataService,Performing requests OLEYYYY...|Sobiens.Connectors.Entities.Logger.WriteEntry
Debug|2020-05-10 19:50:05.4706|2020-05-10 19:50:05,info,BackgroundDataService,Performing requests OLEYYYY...|Sobiens.Connectors.Entities.Logger.WriteEntry
Debug|2020-05-10 19:50:38.3995|2020-05-10 19:50:38,info,BackgroundDataService,Performing requests OLEYYYY...|Sobiens.Connectors.Entities.Logger.WriteEntry
Debug|2020-05-10 19:51:37.5826|2020-05-10 19:51:37,info,BackgroundDataService,Performing requests OLEYYYY...|Sobiens.Connectors.Entities.Logger.WriteEntry
Debug|2020-05-10 19:52:36.3624|2020-05-10 19:52:36,info,BackgroundDataService,Performing requests OLEYYYY...|Sobiens.Connectors.Entities.Logger.WriteEntry
Debug|2020-05-10 20:04:05.7139|2020-05-10 20:04:05,info,BackgroundDataService,Starting service ...|Sobiens.Connectors.Entities.Logger.WriteEntry
Debug|2020-05-10 20:04:05.7588|2020-05-10 20:04:05,info,BackgroundDataService,Creating Service context ...|Sobiens.Connectors.Entities.Logger.WriteEntry
Debug|2020-05-10 20:04:05.7807|2020-05-10 20:04:05,info,BackgroundDataService,Service started and timer activated.|Sobiens.Connectors.Entities.Logger.WriteEntry
Debug|2020-05-10 20:04:05.7807|2020-05-10 20:04:05,info,BackgroundDataService,Worker thread for processing request queue has started.|Sobiens.Connectors.Entities.Logger.WriteEntry
Debug|2020-05-10 20:04:08.7887|2020-05-10 20:04:08,info,SyncTasksManager,SyncTasks are being loaded from C:\Users\serkant2\AppData\Roaming\Sobiens\Sobiens.Connectors\SyncTasks\SyncTasks.xml|Sobiens.Connectors.Entities.Logger.WriteEntry
Debug|2020-05-10 20:04:13.7015|2020-05-10 20:04:13,warning,Studio,WorkItem has been added LogCategory: Title:Populating treeview items WorkItemType:NonCriticalWorkItem|Sobiens.Connectors.Entities.Logger.WriteEntry
Debug|2020-05-10 20:04:13.7175|2020-05-10 20:04:13,warning,Studio,WorkItem is being processed LogCategory: Title:Populating treeview items WorkItemType:NonCriticalWorkItem|Sobiens.Connectors.Entities.Logger.WriteEntry
Debug|2020-05-10 20:04:36.0138|2020-05-10 20:04:36,info,BackgroundDataService,Performing requests OLEYYYY...|Sobiens.Connectors.Entities.Logger.WriteEntry
Debug|2020-05-10 20:05:06.0556|2020-05-10 20:05:06,info,BackgroundDataService,Performing requests OLEYYYY...|Sobiens.Connectors.Entities.Logger.WriteEntry
Debug|2020-05-10 20:05:36.0642|2020-05-10 20:05:36,info,BackgroundDataService,Performing requests OLEYYYY...|Sobiens.Connectors.Entities.Logger.WriteEntry
Debug|2020-05-10 20:06:06.0740|2020-05-10 20:06:06,info,BackgroundDataService,Performing requests OLEYYYY...|Sobiens.Connectors.Entities.Logger.WriteEntry
Debug|2020-05-10 20:06:36.0768|2020-05-10 20:06:36,info,BackgroundDataService,Performing requests OLEYYYY...|Sobiens.Connectors.Entities.Logger.WriteEntry
Debug|2020-05-10 20:06:40.0382|2020-05-10 20:06:40,warning,Studio,WorkItem has been added LogCategory: Title:Populating treeview items WorkItemType:NonCriticalWorkItem|Sobiens.Connectors.Entities.Logger.WriteEntry
Debug|2020-05-10 20:06:40.0382|2020-05-10 20:06:40,warning,Studio,WorkItem is being processed LogCategory: Title:Populating treeview items WorkItemType:NonCriticalWorkItem|Sobiens.Connectors.Entities.Logger.WriteEntry
Debug|2020-05-10 20:07:06.1165|2020-05-10 20:07:06,info,BackgroundDataService,Performing requests OLEYYYY...|Sobiens.Connectors.Entities.Logger.WriteEntry
Debug|2020-05-10 20:07:36.1222|2020-05-10 20:07:36,info,BackgroundDataService,Performing requests OLEYYYY...|Sobiens.Connectors.Entities.Logger.WriteEntry
Debug|2020-05-10 20:08:06.4760|2020-05-10 20:08:06,info,BackgroundDataService,Performing requests OLEYYYY...|Sobiens.Connectors.Entities.Logger.WriteEntry
Debug|2020-05-10 20:08:52.6106|2020-05-10 20:08:52,info,BackgroundDataService,Performing requests OLEYYYY...|Sobiens.Connectors.Entities.Logger.WriteEntry
Debug|2020-05-10 20:10:01.1852|2020-05-10 20:10:01,info,BackgroundDataService,Performing requests OLEYYYY...|Sobiens.Connectors.Entities.Logger.WriteEntry
Debug|2020-05-10 20:11:15.6118|2020-05-10 20:11:15,info,BackgroundDataService,Performing requests OLEYYYY...|Sobiens.Connectors.Entities.Logger.WriteEntry
Debug|2020-05-10 20:16:49.2884|2020-05-10 20:16:49,info,BackgroundDataService,Starting service ...|Sobiens.Connectors.Entities.Logger.WriteEntry
Debug|2020-05-10 20:16:49.3353|2020-05-10 20:16:49,info,BackgroundDataService,Creating Service context ...|Sobiens.Connectors.Entities.Logger.WriteEntry
Debug|2020-05-10 20:16:49.3522|2020-05-10 20:16:49,info,BackgroundDataService,Service started and timer activated.|Sobiens.Connectors.Entities.Logger.WriteEntry
Debug|2020-05-10 20:16:49.3602|2020-05-10 20:16:49,info,BackgroundDataService,Worker thread for processing request queue has started.|Sobiens.Connectors.Entities.Logger.WriteEntry
Debug|2020-05-10 20:16:52.3562|2020-05-10 20:16:52,info,SyncTasksManager,SyncTasks are being loaded from C:\Users\serkant2\AppData\Roaming\Sobiens\Sobiens.Connectors\SyncTasks\SyncTasks.xml|Sobiens.Connectors.Entities.Logger.WriteEntry
Debug|2020-05-10 20:17:19.5705|2020-05-10 20:17:19,info,BackgroundDataService,Performing requests OLEYYYY...|Sobiens.Connectors.Entities.Logger.WriteEntry
Debug|2020-05-10 20:17:21.8214|2020-05-10 20:17:21,warning,Studio,WorkItem has been added LogCategory: Title:Populating treeview items WorkItemType:NonCriticalWorkItem|Sobiens.Connectors.Entities.Logger.WriteEntry
Debug|2020-05-10 20:17:21.8294|2020-05-10 20:17:21,warning,Studio,WorkItem is being processed LogCategory: Title:Populating treeview items WorkItemType:NonCriticalWorkItem|Sobiens.Connectors.Entities.Logger.WriteEntry
Debug|2020-05-10 20:17:49.5772|2020-05-10 20:17:49,info,BackgroundDataService,Performing requests OLEYYYY...|Sobiens.Connectors.Entities.Logger.WriteEntry
Debug|2020-05-10 20:18:19.5819|2020-05-10 20:18:19,info,BackgroundDataService,Performing requests OLEYYYY...|Sobiens.Connectors.Entities.Logger.WriteEntry
Debug|2020-05-10 20:18:26.1823|2020-05-10 20:18:26,warning,Studio,WorkItem has been added LogCategory: Title:Populating treeview items WorkItemType:NonCriticalWorkItem|Sobiens.Connectors.Entities.Logger.WriteEntry
Debug|2020-05-10 20:18:26.1863|2020-05-10 20:18:26,warning,Studio,WorkItem is being processed LogCategory: Title:Populating treeview items WorkItemType:NonCriticalWorkItem|Sobiens.Connectors.Entities.Logger.WriteEntry
Debug|2020-05-10 20:18:52.9687|2020-05-10 20:18:52,info,BackgroundDataService,Performing requests OLEYYYY...|Sobiens.Connectors.Entities.Logger.WriteEntry
Debug|2020-05-10 20:19:27.9661|2020-05-10 20:19:27,info,BackgroundDataService,Performing requests OLEYYYY...|Sobiens.Connectors.Entities.Logger.WriteEntry
Debug|2020-05-10 20:20:04.6430|2020-05-10 20:20:04,info,BackgroundDataService,Performing requests OLEYYYY...|Sobiens.Connectors.Entities.Logger.WriteEntry
Debug|2020-05-10 20:20:34.6588|2020-05-10 20:20:34,info,BackgroundDataService,Performing requests OLEYYYY...|Sobiens.Connectors.Entities.Logger.WriteEntry
Debug|2020-05-10 20:20:40.9210|2020-05-10 20:20:40,warning,Studio,WorkItem has been added LogCategory: Title:Populating treeview items WorkItemType:NonCriticalWorkItem|Sobiens.Connectors.Entities.Logger.WriteEntry
Debug|2020-05-10 20:20:40.9210|2020-05-10 20:20:40,warning,Studio,WorkItem is being processed LogCategory: Title:Populating treeview items WorkItemType:NonCriticalWorkItem|Sobiens.Connectors.Entities.Logger.WriteEntry
Debug|2020-05-10 20:21:04.6894|2020-05-10 20:21:04,info,BackgroundDataService,Performing requests OLEYYYY...|Sobiens.Connectors.Entities.Logger.WriteEntry
Debug|2020-05-10 20:21:34.7041|2020-05-10 20:21:34,info,BackgroundDataService,Performing requests OLEYYYY...|Sobiens.Connectors.Entities.Logger.WriteEntry
Debug|2020-05-10 20:22:21.9946|2020-05-10 20:22:21,info,BackgroundDataService,Performing requests OLEYYYY...|Sobiens.Connectors.Entities.Logger.WriteEntry
Debug|2020-05-10 20:23:28.7192|2020-05-10 20:23:28,info,BackgroundDataService,Performing requests OLEYYYY...|Sobiens.Connectors.Entities.Logger.WriteEntry
Debug|2020-05-10 20:25:22.0362|2020-05-10 20:25:22,info,BackgroundDataService,Starting service ...|Sobiens.Connectors.Entities.Logger.WriteEntry
Debug|2020-05-10 20:25:22.0621|2020-05-10 20:25:22,info,BackgroundDataService,Creating Service context ...|Sobiens.Connectors.Entities.Logger.WriteEntry
Debug|2020-05-10 20:25:22.0621|2020-05-10 20:25:22,info,BackgroundDataService,Service started and timer activated.|Sobiens.Connectors.Entities.Logger.WriteEntry
Debug|2020-05-10 20:25:22.0621|2020-05-10 20:25:22,info,BackgroundDataService,Worker thread for processing request queue has started.|Sobiens.Connectors.Entities.Logger.WriteEntry
Debug|2020-05-10 20:25:25.0750|2020-05-10 20:25:25,info,SyncTasksManager,SyncTasks are being loaded from C:\Users\serkant2\AppData\Roaming\Sobiens\Sobiens.Connectors\SyncTasks\SyncTasks.xml|Sobiens.Connectors.Entities.Logger.WriteEntry
Debug|2020-05-10 20:25:26.8114|2020-05-10 20:25:26,warning,Studio,WorkItem has been added LogCategory: Title:Populating treeview items WorkItemType:NonCriticalWorkItem|Sobiens.Connectors.Entities.Logger.WriteEntry
Debug|2020-05-10 20:25:26.8363|2020-05-10 20:25:26,warning,Studio,WorkItem is being processed LogCategory: Title:Populating treeview items WorkItemType:NonCriticalWorkItem|Sobiens.Connectors.Entities.Logger.WriteEntry
Debug|2020-05-10 20:25:52.2943|2020-05-10 20:25:52,info,BackgroundDataService,Performing requests OLEYYYY...|Sobiens.Connectors.Entities.Logger.WriteEntry
Debug|2020-05-10 20:26:22.2970|2020-05-10 20:26:22,info,BackgroundDataService,Performing requests OLEYYYY...|Sobiens.Connectors.Entities.Logger.WriteEntry
Debug|2020-05-10 20:26:52.3087|2020-05-10 20:26:52,info,BackgroundDataService,Performing requests OLEYYYY...|Sobiens.Connectors.Entities.Logger.WriteEntry
Debug|2020-05-10 20:27:19.2407|2020-05-10 20:27:19,warning,Studio,WorkItem has been added LogCategory: Title:Populating treeview items WorkItemType:NonCriticalWorkItem|Sobiens.Connectors.Entities.Logger.WriteEntry
Debug|2020-05-10 20:27:19.2407|2020-05-10 20:27:19,warning,Studio,WorkItem is being processed LogCategory: Title:Populating treeview items WorkItemType:NonCriticalWorkItem|Sobiens.Connectors.Entities.Logger.WriteEntry
Debug|2020-05-10 20:27:22.3215|2020-05-10 20:27:22,info,BackgroundDataService,Performing requests OLEYYYY...|Sobiens.Connectors.Entities.Logger.WriteEntry
Debug|2020-05-10 20:27:52.3353|2020-05-10 20:27:52,info,BackgroundDataService,Performing requests OLEYYYY...|Sobiens.Connectors.Entities.Logger.WriteEntry
Debug|2020-05-10 20:28:22.3370|2020-05-10 20:28:22,info,BackgroundDataService,Performing requests OLEYYYY...|Sobiens.Connectors.Entities.Logger.WriteEntry
Debug|2020-05-10 20:28:52.3398|2020-05-10 20:28:52,info,BackgroundDataService,Performing requests OLEYYYY...|Sobiens.Connectors.Entities.Logger.WriteEntry
Debug|2020-05-10 20:29:22.3466|2020-05-10 20:29:22,info,BackgroundDataService,Performing requests OLEYYYY...|Sobiens.Connectors.Entities.Logger.WriteEntry
Debug|2020-05-10 20:29:49.1538|2020-05-10 20:29:49,error,Service,CRMService GetLists method returned error:The request channel timed out while waiting for a reply after 00:01:59.9990018. Increase the timeout value passed to the call to Request or increase the SendTimeout value on the Binding. The time allotted to this operation may have been a portion of a longer timeout.|Sobiens.Connectors.Entities.Logger.WriteEntry
Debug|2020-05-10 20:29:52.3592|2020-05-10 20:29:52,info,BackgroundDataService,Performing requests OLEYYYY...|Sobiens.Connectors.Entities.Logger.WriteEntry
Debug|2020-05-10 20:30:03.9303|2020-05-10 20:30:03,warning,Studio,WorkItem has been added LogCategory: Title:Populating treeview items WorkItemType:NonCriticalWorkItem|Sobiens.Connectors.Entities.Logger.WriteEntry
Debug|2020-05-10 20:30:03.9303|2020-05-10 20:30:03,warning,Studio,WorkItem is being processed LogCategory: Title:Populating treeview items WorkItemType:NonCriticalWorkItem|Sobiens.Connectors.Entities.Logger.WriteEntry
Debug|2020-05-10 20:30:22.3799|2020-05-10 20:30:22,info,BackgroundDataService,Performing requests OLEYYYY...|Sobiens.Connectors.Entities.Logger.WriteEntry
Debug|2020-05-10 20:30:53.5266|2020-05-10 20:30:53,info,BackgroundDataService,Performing requests OLEYYYY...|Sobiens.Connectors.Entities.Logger.WriteEntry
Debug|2020-05-10 20:31:29.8535|2020-05-10 20:31:29,info,BackgroundDataService,Performing requests OLEYYYY...|Sobiens.Connectors.Entities.Logger.WriteEntry
Debug|2020-05-10 20:31:59.8573|2020-05-10 20:31:59,info,BackgroundDataService,Performing requests OLEYYYY...|Sobiens.Connectors.Entities.Logger.WriteEntry
Debug|2020-05-10 20:32:29.4172|2020-05-10 20:32:29,warning,Studio,WorkItem has been added LogCategory: Title:Populating treeview items WorkItemType:NonCriticalWorkItem|Sobiens.Connectors.Entities.Logger.WriteEntry
Debug|2020-05-10 20:32:29.4172|2020-05-10 20:32:29,warning,Studio,WorkItem is being processed LogCategory: Title:Populating treeview items WorkItemType:NonCriticalWorkItem|Sobiens.Connectors.Entities.Logger.WriteEntry
Debug|2020-05-10 20:32:29.8999|2020-05-10 20:32:29,info,BackgroundDataService,Performing requests OLEYYYY...|Sobiens.Connectors.Entities.Logger.WriteEntry
Debug|2020-05-10 20:32:59.9017|2020-05-10 20:32:59,info,BackgroundDataService,Performing requests OLEYYYY...|Sobiens.Connectors.Entities.Logger.WriteEntry
Debug|2020-05-10 20:33:29.9703|2020-05-10 20:33:29,info,BackgroundDataService,Performing requests OLEYYYY...|Sobiens.Connectors.Entities.Logger.WriteEntry
Debug|2020-05-10 20:35:08.0839|2020-05-10 20:35:08,info,BackgroundDataService,Performing requests OLEYYYY...|Sobiens.Connectors.Entities.Logger.WriteEntry
Debug|2020-05-10 20:46:57.7460|2020-05-10 20:46:57,info,BackgroundDataService,Starting service ...|Sobiens.Connectors.Entities.Logger.WriteEntry
Debug|2020-05-10 20:46:57.7709|2020-05-10 20:46:57,info,BackgroundDataService,Creating Service context ...|Sobiens.Connectors.Entities.Logger.WriteEntry
Debug|2020-05-10 20:46:57.7849|2020-05-10 20:46:57,info,BackgroundDataService,Service started and timer activated.|Sobiens.Connectors.Entities.Logger.WriteEntry
Debug|2020-05-10 20:46:57.7849|2020-05-10 20:46:57,info,BackgroundDataService,Worker thread for processing request queue has started.|Sobiens.Connectors.Entities.Logger.WriteEntry
Debug|2020-05-10 20:47:00.7899|2020-05-10 20:47:00,info,SyncTasksManager,SyncTasks are being loaded from C:\Users\serkant2\AppData\Roaming\Sobiens\Sobiens.Connectors\SyncTasks\SyncTasks.xml|Sobiens.Connectors.Entities.Logger.WriteEntry
Debug|2020-05-10 20:47:03.3620|2020-05-10 20:47:03,warning,Studio,WorkItem has been added LogCategory: Title:Populating treeview items WorkItemType:NonCriticalWorkItem|Sobiens.Connectors.Entities.Logger.WriteEntry
Debug|2020-05-10 20:47:03.3909|2020-05-10 20:47:03,warning,Studio,WorkItem is being processed LogCategory: Title:Populating treeview items WorkItemType:NonCriticalWorkItem|Sobiens.Connectors.Entities.Logger.WriteEntry
Debug|2020-05-10 20:47:27.9442|2020-05-10 20:47:27,info,BackgroundDataService,Performing requests OLEYYYY...|Sobiens.Connectors.Entities.Logger.WriteEntry
Debug|2020-05-10 20:47:47.3673|2020-05-10 20:47:47,warning,Studio,WorkItem has been added LogCategory: Title:Populating treeview items WorkItemType:NonCriticalWorkItem|Sobiens.Connectors.Entities.Logger.WriteEntry
Debug|2020-05-10 20:47:47.3673|2020-05-10 20:47:47,warning,Studio,WorkItem is being processed LogCategory: Title:Populating treeview items WorkItemType:NonCriticalWorkItem|Sobiens.Connectors.Entities.Logger.WriteEntry
Debug|2020-05-10 20:47:57.9610|2020-05-10 20:47:57,info,BackgroundDataService,Performing requests OLEYYYY...|Sobiens.Connectors.Entities.Logger.WriteEntry
Debug|2020-05-10 20:48:27.9648|2020-05-10 20:48:27,info,BackgroundDataService,Performing requests OLEYYYY...|Sobiens.Connectors.Entities.Logger.WriteEntry
Debug|2020-05-10 20:48:59.1024|2020-05-10 20:48:59,info,BackgroundDataService,Performing requests OLEYYYY...|Sobiens.Connectors.Entities.Logger.WriteEntry
