Debug|2020-01-09 13:06:57.3395|2020-01-09 13:06:57,warning,Studio,WorkItem has been added LogCategory: Title:Populating treeview items WorkItemType:NonCriticalWorkItem|Sobiens.Connectors.Entities.Logger.WriteEntry
Debug|2020-01-09 13:06:57.3704|2020-01-09 13:06:57,warning,Studio,WorkItem is being processed LogCategory: Title:Populating treeview items WorkItemType:NonCriticalWorkItem|Sobiens.Connectors.Entities.Logger.WriteEntry
Debug|2020-01-09 13:07:04.1590|2020-01-09 13:07:04,warning,Studio,WorkItem has been added LogCategory: Title:Populating treeview items WorkItemType:NonCriticalWorkItem|Sobiens.Connectors.Entities.Logger.WriteEntry
Debug|2020-01-09 13:07:04.1590|2020-01-09 13:07:04,warning,Studio,WorkItem is being processed LogCategory: Title:Populating treeview items WorkItemType:NonCriticalWorkItem|Sobiens.Connectors.Entities.Logger.WriteEntry
Debug|2020-01-09 13:34:08.3865|2020-01-09 13:34:08,warning,Studio,WorkItem has been added LogCategory: Title:Populating treeview items WorkItemType:NonCriticalWorkItem|Sobiens.Connectors.Entities.Logger.WriteEntry
Debug|2020-01-09 13:34:08.4344|2020-01-09 13:34:08,warning,Studio,WorkItem is being processed LogCategory: Title:Populating treeview items WorkItemType:NonCriticalWorkItem|Sobiens.Connectors.Entities.Logger.WriteEntry
Debug|2020-01-09 13:34:16.5301|2020-01-09 13:34:16,warning,Studio,WorkItem has been added LogCategory: Title:Populating treeview items WorkItemType:NonCriticalWorkItem|Sobiens.Connectors.Entities.Logger.WriteEntry
Debug|2020-01-09 13:34:16.5311|2020-01-09 13:34:16,warning,Studio,WorkItem is being processed LogCategory: Title:Populating treeview items WorkItemType:NonCriticalWorkItem|Sobiens.Connectors.Entities.Logger.WriteEntry
Debug|2020-01-09 14:32:03.6214|2020-01-09 14:32:03,warning,Studio,WorkItem has been added LogCategory: Title:Populating treeview items WorkItemType:NonCriticalWorkItem|Sobiens.Connectors.Entities.Logger.WriteEntry
Debug|2020-01-09 14:32:03.6588|2020-01-09 14:32:03,warning,Studio,WorkItem is being processed LogCategory: Title:Populating treeview items WorkItemType:NonCriticalWorkItem|Sobiens.Connectors.Entities.Logger.WriteEntry
Debug|2020-01-09 14:32:11.8000|2020-01-09 14:32:11,warning,Studio,WorkItem has been added LogCategory: Title:Populating treeview items WorkItemType:NonCriticalWorkItem|Sobiens.Connectors.Entities.Logger.WriteEntry
Debug|2020-01-09 14:32:11.8000|2020-01-09 14:32:11,warning,Studio,WorkItem is being processed LogCategory: Title:Populating treeview items WorkItemType:NonCriticalWorkItem|Sobiens.Connectors.Entities.Logger.WriteEntry
Debug|2020-01-09 14:34:19.9456|2020-01-09 14:34:19,warning,Studio,WorkItem has been added LogCategory: Title:Populating treeview items WorkItemType:NonCriticalWorkItem|Sobiens.Connectors.Entities.Logger.WriteEntry
Debug|2020-01-09 14:34:19.9750|2020-01-09 14:34:19,warning,Studio,WorkItem is being processed LogCategory: Title:Populating treeview items WorkItemType:NonCriticalWorkItem|Sobiens.Connectors.Entities.Logger.WriteEntry
Debug|2020-01-09 14:34:25.9452|2020-01-09 14:34:25,warning,Studio,WorkItem has been added LogCategory: Title:Populating treeview items WorkItemType:NonCriticalWorkItem|Sobiens.Connectors.Entities.Logger.WriteEntry
Debug|2020-01-09 14:34:25.9452|2020-01-09 14:34:25,warning,Studio,WorkItem is being processed LogCategory: Title:Populating treeview items WorkItemType:NonCriticalWorkItem|Sobiens.Connectors.Entities.Logger.WriteEntry
Debug|2020-01-09 14:36:42.7700|2020-01-09 14:36:42,warning,Studio,WorkItem has been added LogCategory: Title:Populating treeview items WorkItemType:NonCriticalWorkItem|Sobiens.Connectors.Entities.Logger.WriteEntry
Debug|2020-01-09 14:36:42.8079|2020-01-09 14:36:42,warning,Studio,WorkItem is being processed LogCategory: Title:Populating treeview items WorkItemType:NonCriticalWorkItem|Sobiens.Connectors.Entities.Logger.WriteEntry
Debug|2020-01-09 14:36:51.8399|2020-01-09 14:36:51,warning,Studio,WorkItem has been added LogCategory: Title:Populating treeview items WorkItemType:NonCriticalWorkItem|Sobiens.Connectors.Entities.Logger.WriteEntry
Debug|2020-01-09 14:36:51.8399|2020-01-09 14:36:51,warning,Studio,WorkItem is being processed LogCategory: Title:Populating treeview items WorkItemType:NonCriticalWorkItem|Sobiens.Connectors.Entities.Logger.WriteEntry
Debug|2020-01-09 15:34:48.5483|2020-01-09 15:34:48,warning,Studio,WorkItem has been added LogCategory: Title:Populating treeview items WorkItemType:NonCriticalWorkItem|Sobiens.Connectors.Entities.Logger.WriteEntry
Debug|2020-01-09 15:34:48.5733|2020-01-09 15:34:48,warning,Studio,WorkItem is being processed LogCategory: Title:Populating treeview items WorkItemType:NonCriticalWorkItem|Sobiens.Connectors.Entities.Logger.WriteEntry
Debug|2020-01-09 15:34:54.6690|2020-01-09 15:34:54,warning,Studio,WorkItem has been added LogCategory: Title:Populating treeview items WorkItemType:NonCriticalWorkItem|Sobiens.Connectors.Entities.Logger.WriteEntry
Debug|2020-01-09 15:34:54.6690|2020-01-09 15:34:54,warning,Studio,WorkItem is being processed LogCategory: Title:Populating treeview items WorkItemType:NonCriticalWorkItem|Sobiens.Connectors.Entities.Logger.WriteEntry
Debug|2020-01-09 15:49:16.1902|2020-01-09 15:49:16,warning,Studio,WorkItem has been added LogCategory: Title:Populating treeview items WorkItemType:NonCriticalWorkItem|Sobiens.Connectors.Entities.Logger.WriteEntry
Debug|2020-01-09 15:49:16.2461|2020-01-09 15:49:16,warning,Studio,WorkItem is being processed LogCategory: Title:Populating treeview items WorkItemType:NonCriticalWorkItem|Sobiens.Connectors.Entities.Logger.WriteEntry
Debug|2020-01-09 15:49:23.2847|2020-01-09 15:49:23,warning,Studio,WorkItem has been added LogCategory: Title:Populating treeview items WorkItemType:NonCriticalWorkItem|Sobiens.Connectors.Entities.Logger.WriteEntry
Debug|2020-01-09 15:49:23.2847|2020-01-09 15:49:23,warning,Studio,WorkItem is being processed LogCategory: Title:Populating treeview items WorkItemType:NonCriticalWorkItem|Sobiens.Connectors.Entities.Logger.WriteEntry
Debug|2020-01-09 15:58:59.8278|2020-01-09 15:58:59,warning,Studio,WorkItem has been added LogCategory: Title:Populating treeview items WorkItemType:NonCriticalWorkItem|Sobiens.Connectors.Entities.Logger.WriteEntry
Debug|2020-01-09 15:58:59.8726|2020-01-09 15:58:59,warning,Studio,WorkItem is being processed LogCategory: Title:Populating treeview items WorkItemType:NonCriticalWorkItem|Sobiens.Connectors.Entities.Logger.WriteEntry
Debug|2020-01-09 15:59:07.7990|2020-01-09 15:59:07,warning,Studio,WorkItem has been added LogCategory: Title:Populating treeview items WorkItemType:NonCriticalWorkItem|Sobiens.Connectors.Entities.Logger.WriteEntry
Debug|2020-01-09 15:59:07.7990|2020-01-09 15:59:07,warning,Studio,WorkItem is being processed LogCategory: Title:Populating treeview items WorkItemType:NonCriticalWorkItem|Sobiens.Connectors.Entities.Logger.WriteEntry
Debug|2020-01-09 16:39:59.7592|2020-01-09 16:39:59,warning,Studio,WorkItem has been added LogCategory: Title:Populating treeview items WorkItemType:NonCriticalWorkItem|Sobiens.Connectors.Entities.Logger.WriteEntry
Debug|2020-01-09 16:39:59.7911|2020-01-09 16:39:59,warning,Studio,WorkItem is being processed LogCategory: Title:Populating treeview items WorkItemType:NonCriticalWorkItem|Sobiens.Connectors.Entities.Logger.WriteEntry
Debug|2020-01-09 16:40:10.9211|2020-01-09 16:40:10,warning,Studio,WorkItem has been added LogCategory: Title:Populating treeview items WorkItemType:NonCriticalWorkItem|Sobiens.Connectors.Entities.Logger.WriteEntry
Debug|2020-01-09 16:40:10.9221|2020-01-09 16:40:10,warning,Studio,WorkItem is being processed LogCategory: Title:Populating treeview items WorkItemType:NonCriticalWorkItem|Sobiens.Connectors.Entities.Logger.WriteEntry
Debug|2020-01-09 16:42:47.5316|2020-01-09 16:42:47,warning,Studio,WorkItem has been added LogCategory: Title:Populating treeview items WorkItemType:NonCriticalWorkItem|Sobiens.Connectors.Entities.Logger.WriteEntry
Debug|2020-01-09 16:42:47.5675|2020-01-09 16:42:47,warning,Studio,WorkItem is being processed LogCategory: Title:Populating treeview items WorkItemType:NonCriticalWorkItem|Sobiens.Connectors.Entities.Logger.WriteEntry
Debug|2020-01-09 16:42:53.7102|2020-01-09 16:42:53,warning,Studio,WorkItem has been added LogCategory: Title:Populating treeview items WorkItemType:NonCriticalWorkItem|Sobiens.Connectors.Entities.Logger.WriteEntry
Debug|2020-01-09 16:42:53.7102|2020-01-09 16:42:53,warning,Studio,WorkItem is being processed LogCategory: Title:Populating treeview items WorkItemType:NonCriticalWorkItem|Sobiens.Connectors.Entities.Logger.WriteEntry
Debug|2020-01-09 16:46:26.5044|2020-01-09 16:46:26,warning,Studio,WorkItem has been added LogCategory: Title:Populating treeview items WorkItemType:NonCriticalWorkItem|Sobiens.Connectors.Entities.Logger.WriteEntry
Debug|2020-01-09 16:46:26.5044|2020-01-09 16:46:26,warning,Studio,WorkItem is being processed LogCategory: Title:Populating treeview items WorkItemType:NonCriticalWorkItem|Sobiens.Connectors.Entities.Logger.WriteEntry
Debug|2020-01-09 16:53:38.6639|2020-01-09 16:53:38,warning,Studio,WorkItem has been added LogCategory: Title:Populating treeview items WorkItemType:NonCriticalWorkItem|Sobiens.Connectors.Entities.Logger.WriteEntry
Debug|2020-01-09 16:53:38.6998|2020-01-09 16:53:38,warning,Studio,WorkItem is being processed LogCategory: Title:Populating treeview items WorkItemType:NonCriticalWorkItem|Sobiens.Connectors.Entities.Logger.WriteEntry
Debug|2020-01-09 16:53:46.4002|2020-01-09 16:53:46,warning,Studio,WorkItem has been added LogCategory: Title:Populating treeview items WorkItemType:NonCriticalWorkItem|Sobiens.Connectors.Entities.Logger.WriteEntry
Debug|2020-01-09 16:53:46.4002|2020-01-09 16:53:46,warning,Studio,WorkItem is being processed LogCategory: Title:Populating treeview items WorkItemType:NonCriticalWorkItem|Sobiens.Connectors.Entities.Logger.WriteEntry
Debug|2020-01-09 16:54:15.4955|2020-01-09 16:54:15,warning,Studio,WorkItem has been added LogCategory: Title:Populating treeview items WorkItemType:NonCriticalWorkItem|Sobiens.Connectors.Entities.Logger.WriteEntry
Debug|2020-01-09 16:54:15.4955|2020-01-09 16:54:15,warning,Studio,WorkItem is being processed LogCategory: Title:Populating treeview items WorkItemType:NonCriticalWorkItem|Sobiens.Connectors.Entities.Logger.WriteEntry
Debug|2020-01-09 16:55:01.7228|2020-01-09 16:55:01,warning,Studio,WorkItem has been added LogCategory: Title:Populating treeview items WorkItemType:NonCriticalWorkItem|Sobiens.Connectors.Entities.Logger.WriteEntry
Debug|2020-01-09 16:55:01.7547|2020-01-09 16:55:01,warning,Studio,WorkItem is being processed LogCategory: Title:Populating treeview items WorkItemType:NonCriticalWorkItem|Sobiens.Connectors.Entities.Logger.WriteEntry
Debug|2020-01-09 16:55:11.6755|2020-01-09 16:55:11,warning,Studio,WorkItem has been added LogCategory: Title:Populating treeview items WorkItemType:NonCriticalWorkItem|Sobiens.Connectors.Entities.Logger.WriteEntry
Debug|2020-01-09 16:55:11.6755|2020-01-09 16:55:11,warning,Studio,WorkItem is being processed LogCategory: Title:Populating treeview items WorkItemType:NonCriticalWorkItem|Sobiens.Connectors.Entities.Logger.WriteEntry
Debug|2020-01-09 16:55:32.5409|2020-01-09 16:55:32,warning,Studio,WorkItem has been added LogCategory: Title:Populating treeview items WorkItemType:NonCriticalWorkItem|Sobiens.Connectors.Entities.Logger.WriteEntry
Debug|2020-01-09 16:55:32.5409|2020-01-09 16:55:32,warning,Studio,WorkItem is being processed LogCategory: Title:Populating treeview items WorkItemType:NonCriticalWorkItem|Sobiens.Connectors.Entities.Logger.WriteEntry
Debug|2020-01-09 17:04:47.6224|2020-01-09 17:04:47,warning,Studio,WorkItem has been added LogCategory: Title:Populating treeview items WorkItemType:NonCriticalWorkItem|Sobiens.Connectors.Entities.Logger.WriteEntry
Debug|2020-01-09 17:04:47.6623|2020-01-09 17:04:47,warning,Studio,WorkItem is being processed LogCategory: Title:Populating treeview items WorkItemType:NonCriticalWorkItem|Sobiens.Connectors.Entities.Logger.WriteEntry
Debug|2020-01-09 17:04:54.6945|2020-01-09 17:04:54,warning,Studio,WorkItem has been added LogCategory: Title:Populating treeview items WorkItemType:NonCriticalWorkItem|Sobiens.Connectors.Entities.Logger.WriteEntry
Debug|2020-01-09 17:04:54.7194|2020-01-09 17:04:54,warning,Studio,WorkItem is being processed LogCategory: Title:Populating treeview items WorkItemType:NonCriticalWorkItem|Sobiens.Connectors.Entities.Logger.WriteEntry
Debug|2020-01-09 17:05:24.8260|2020-01-09 17:05:24,warning,Studio,WorkItem has been added LogCategory: Title:Populating treeview items WorkItemType:NonCriticalWorkItem|Sobiens.Connectors.Entities.Logger.WriteEntry
Debug|2020-01-09 17:05:24.8260|2020-01-09 17:05:24,warning,Studio,WorkItem is being processed LogCategory: Title:Populating treeview items WorkItemType:NonCriticalWorkItem|Sobiens.Connectors.Entities.Logger.WriteEntry
Debug|2020-01-09 17:06:09.1602|2020-01-09 17:06:09,warning,Studio,WorkItem has been added LogCategory: Title:Populating treeview items WorkItemType:NonCriticalWorkItem|Sobiens.Connectors.Entities.Logger.WriteEntry
Debug|2020-01-09 17:06:09.1942|2020-01-09 17:06:09,warning,Studio,WorkItem is being processed LogCategory: Title:Populating treeview items WorkItemType:NonCriticalWorkItem|Sobiens.Connectors.Entities.Logger.WriteEntry
Debug|2020-01-09 17:06:16.0340|2020-01-09 17:06:16,warning,Studio,WorkItem has been added LogCategory: Title:Populating treeview items WorkItemType:NonCriticalWorkItem|Sobiens.Connectors.Entities.Logger.WriteEntry
Debug|2020-01-09 17:06:16.0340|2020-01-09 17:06:16,warning,Studio,WorkItem is being processed LogCategory: Title:Populating treeview items WorkItemType:NonCriticalWorkItem|Sobiens.Connectors.Entities.Logger.WriteEntry
Debug|2020-01-09 17:09:19.9126|2020-01-09 17:09:19,warning,Studio,WorkItem has been added LogCategory: Title:Populating treeview items WorkItemType:NonCriticalWorkItem|Sobiens.Connectors.Entities.Logger.WriteEntry
Debug|2020-01-09 17:09:19.9585|2020-01-09 17:09:19,warning,Studio,WorkItem is being processed LogCategory: Title:Populating treeview items WorkItemType:NonCriticalWorkItem|Sobiens.Connectors.Entities.Logger.WriteEntry
Debug|2020-01-09 17:09:26.3059|2020-01-09 17:09:26,warning,Studio,WorkItem has been added LogCategory: Title:Populating treeview items WorkItemType:NonCriticalWorkItem|Sobiens.Connectors.Entities.Logger.WriteEntry
Debug|2020-01-09 17:09:26.3059|2020-01-09 17:09:26,warning,Studio,WorkItem is being processed LogCategory: Title:Populating treeview items WorkItemType:NonCriticalWorkItem|Sobiens.Connectors.Entities.Logger.WriteEntry
Debug|2020-01-09 17:13:01.6312|2020-01-09 17:13:01,warning,Studio,WorkItem has been added LogCategory: Title:Populating treeview items WorkItemType:NonCriticalWorkItem|Sobiens.Connectors.Entities.Logger.WriteEntry
Debug|2020-01-09 17:13:01.6651|2020-01-09 17:13:01,warning,Studio,WorkItem is being processed LogCategory: Title:Populating treeview items WorkItemType:NonCriticalWorkItem|Sobiens.Connectors.Entities.Logger.WriteEntry
Debug|2020-01-09 17:13:09.2087|2020-01-09 17:13:09,warning,Studio,WorkItem has been added LogCategory: Title:Populating treeview items WorkItemType:NonCriticalWorkItem|Sobiens.Connectors.Entities.Logger.WriteEntry
Debug|2020-01-09 17:13:09.2087|2020-01-09 17:13:09,warning,Studio,WorkItem is being processed LogCategory: Title:Populating treeview items WorkItemType:NonCriticalWorkItem|Sobiens.Connectors.Entities.Logger.WriteEntry
Debug|2020-01-09 17:50:10.2287|2020-01-09 17:50:10,warning,Studio,WorkItem has been added LogCategory: Title:Populating treeview items WorkItemType:NonCriticalWorkItem|Sobiens.Connectors.Entities.Logger.WriteEntry
Debug|2020-01-09 17:50:10.2547|2020-01-09 17:50:10,warning,Studio,WorkItem is being processed LogCategory: Title:Populating treeview items WorkItemType:NonCriticalWorkItem|Sobiens.Connectors.Entities.Logger.WriteEntry
Debug|2020-01-09 17:51:11.8795|2020-01-09 17:51:11,info,Service,webUrl:https://sobiens1.sharepoint.com/sites/test|Sobiens.Connectors.Entities.Logger.WriteEntry
Debug|2020-01-09 17:51:43.3026|2020-01-09 17:51:43,info,Service,webUrl:https://sobiens1.sharepoint.com/sites/test2|Sobiens.Connectors.Entities.Logger.WriteEntry
Debug|2020-01-09 18:00:31.1852|2020-01-09 18:00:31,warning,Studio,WorkItem has been added LogCategory: Title:Populating treeview items WorkItemType:NonCriticalWorkItem|Sobiens.Connectors.Entities.Logger.WriteEntry
Debug|2020-01-09 18:00:31.2101|2020-01-09 18:00:31,warning,Studio,WorkItem is being processed LogCategory: Title:Populating treeview items WorkItemType:NonCriticalWorkItem|Sobiens.Connectors.Entities.Logger.WriteEntry
Debug|2020-01-09 18:13:29.1133|2020-01-09 18:13:29,info,Service,webUrl:https://sobiens1.sharepoint.com/sites/test|Sobiens.Connectors.Entities.Logger.WriteEntry
Debug|2020-01-09 18:14:00.3311|2020-01-09 18:14:00,info,Service,webUrl:https://sobiens1.sharepoint.com/sites/test2|Sobiens.Connectors.Entities.Logger.WriteEntry
Debug|2020-01-09 18:17:34.7492|2020-01-09 18:17:34,info,Service,webUrl:https://sobiens1.sharepoint.com/sites/test|Sobiens.Connectors.Entities.Logger.WriteEntry
Debug|2020-01-09 18:17:55.5112|2020-01-09 18:17:55,info,Service,webUrl:https://sobiens1.sharepoint.com/sites/test2|Sobiens.Connectors.Entities.Logger.WriteEntry
Debug|2020-01-09 18:20:38.2195|2020-01-09 18:20:38,info,Service,webUrl:https://sobiens1.sharepoint.com/sites/test2|Sobiens.Connectors.Entities.Logger.WriteEntry
Debug|2020-01-09 18:20:38.2195|2020-01-09 18:20:38,info,listName,listName:https://sobiens1.sharepoint.com/sites/test2|Sobiens.Connectors.Entities.Logger.WriteEntry
Debug|2020-01-09 18:21:27.6892|2020-01-09 18:21:27,info,Service,webUrl:https://sobiens1.sharepoint.com/sites/test2|Sobiens.Connectors.Entities.Logger.WriteEntry
Debug|2020-01-09 18:21:27.6892|2020-01-09 18:21:27,info,listName,listName:https://sobiens1.sharepoint.com/sites/test2|Sobiens.Connectors.Entities.Logger.WriteEntry
Debug|2020-01-09 18:38:09.7342|2020-01-09 18:38:09,info,Service,webUrl:https://sobiens1.sharepoint.com/sites/test2|Sobiens.Connectors.Entities.Logger.WriteEntry
Debug|2020-01-09 18:38:09.7342|2020-01-09 18:38:09,info,listName,listName:https://sobiens1.sharepoint.com/sites/test2|Sobiens.Connectors.Entities.Logger.WriteEntry
Debug|2020-01-09 18:38:17.2031|2020-01-09 18:38:17,info,Service,webUrl:https://sobiens1.sharepoint.com/sites/test2|Sobiens.Connectors.Entities.Logger.WriteEntry
Debug|2020-01-09 18:38:17.2031|2020-01-09 18:38:17,info,listName,listName:https://sobiens1.sharepoint.com/sites/test2|Sobiens.Connectors.Entities.Logger.WriteEntry
Debug|2020-01-09 18:41:54.0268|2020-01-09 18:41:54,info,Service,webUrl:https://sobiens1.sharepoint.com/sites/test|Sobiens.Connectors.Entities.Logger.WriteEntry
Debug|2020-01-09 18:42:17.3445|2020-01-09 18:42:17,info,Service,webUrl:https://sobiens1.sharepoint.com/sites/test2|Sobiens.Connectors.Entities.Logger.WriteEntry
