Debug|2020-04-15 23:11:00.0913|2020-04-15 23:11:00,warning,Studio,WorkItem has been added LogCategory: Title:Populating treeview items WorkItemType:NonCriticalWorkItem|Sobiens.Connectors.Entities.Logger.WriteEntry
Debug|2020-04-15 23:11:00.1069|2020-04-15 23:11:00,warning,Studio,WorkItem is being processed LogCategory: Title:Populating treeview items WorkItemType:NonCriticalWorkItem|Sobiens.Connectors.Entities.Logger.WriteEntry
Debug|2020-04-15 23:11:04.6215|2020-04-15 23:11:04,error,Service,SharePointService GetWebs method returned error:The property or field 'Id' has not been initialized. It has not been requested or the request has not been executed. It may need to be explicitly requested.|Sobiens.Connectors.Entities.Logger.WriteEntry
Debug|2020-04-15 23:11:42.5126|2020-04-15 23:11:42,warning,Studio,WorkItem has been added LogCategory: Title:Populating treeview items WorkItemType:NonCriticalWorkItem|Sobiens.Connectors.Entities.Logger.WriteEntry
Debug|2020-04-15 23:11:42.5281|2020-04-15 23:11:42,warning,Studio,WorkItem is being processed LogCategory: Title:Populating treeview items WorkItemType:NonCriticalWorkItem|Sobiens.Connectors.Entities.Logger.WriteEntry
Debug|2020-04-15 23:11:54.0006|2020-04-15 23:11:54,error,Service,SharePointService GetWebs method returned error:The remote server returned an error: (401) Unauthorized.|Sobiens.Connectors.Entities.Logger.WriteEntry
Debug|2020-04-15 23:11:56.2755|2020-04-15 23:11:56,error,Service,SharePointService GetLists method returned error:The remote server returned an error: (401) Unauthorized.|Sobiens.Connectors.Entities.Logger.WriteEntry
Debug|2020-04-15 23:12:20.1697|2020-04-15 23:12:20,warning,Studio,WorkItem has been added LogCategory: Title:Populating treeview items WorkItemType:NonCriticalWorkItem|Sobiens.Connectors.Entities.Logger.WriteEntry
Debug|2020-04-15 23:12:20.1918|2020-04-15 23:12:20,warning,Studio,WorkItem is being processed LogCategory: Title:Populating treeview items WorkItemType:NonCriticalWorkItem|Sobiens.Connectors.Entities.Logger.WriteEntry
Debug|2020-04-15 23:12:42.4200|2020-04-15 23:12:42,error,Service,SharePointService GetWebs method returned error:The property or field 'Id' has not been initialized. It has not been requested or the request has not been executed. It may need to be explicitly requested.|Sobiens.Connectors.Entities.Logger.WriteEntry
Debug|2020-04-15 23:12:52.6832|2020-04-15 23:12:52,warning,Studio,WorkItem has been added LogCategory: Title:Populating treeview items WorkItemType:NonCriticalWorkItem|Sobiens.Connectors.Entities.Logger.WriteEntry
Debug|2020-04-15 23:13:11.7018|2020-04-15 23:13:11,warning,Studio,WorkItem has been added LogCategory: Title:Populating treeview items WorkItemType:NonCriticalWorkItem|Sobiens.Connectors.Entities.Logger.WriteEntry
Debug|2020-04-15 23:13:11.7277|2020-04-15 23:13:11,warning,Studio,WorkItem is being processed LogCategory: Title:Populating treeview items WorkItemType:NonCriticalWorkItem|Sobiens.Connectors.Entities.Logger.WriteEntry
Debug|2020-04-15 23:13:55.6385|2020-04-15 23:13:55,warning,Studio,WorkItem has been added LogCategory: Title:Populating treeview items WorkItemType:NonCriticalWorkItem|Sobiens.Connectors.Entities.Logger.WriteEntry
Debug|2020-04-15 23:13:55.6607|2020-04-15 23:13:55,warning,Studio,WorkItem is being processed LogCategory: Title:Populating treeview items WorkItemType:NonCriticalWorkItem|Sobiens.Connectors.Entities.Logger.WriteEntry
Debug|2020-04-15 23:14:16.1913|2020-04-15 23:14:16,warning,Studio,WorkItem has been added LogCategory: Title:Populating treeview items WorkItemType:NonCriticalWorkItem|Sobiens.Connectors.Entities.Logger.WriteEntry
Debug|2020-04-15 23:14:16.2225|2020-04-15 23:14:16,warning,Studio,WorkItem is being processed LogCategory: Title:Populating treeview items WorkItemType:NonCriticalWorkItem|Sobiens.Connectors.Entities.Logger.WriteEntry
Debug|2020-04-15 23:15:31.2819|2020-04-15 23:15:31,warning,Studio,WorkItem has been added LogCategory: Title:Populating treeview items WorkItemType:NonCriticalWorkItem|Sobiens.Connectors.Entities.Logger.WriteEntry
Debug|2020-04-15 23:15:31.2975|2020-04-15 23:15:31,warning,Studio,WorkItem is being processed LogCategory: Title:Populating treeview items WorkItemType:NonCriticalWorkItem|Sobiens.Connectors.Entities.Logger.WriteEntry
Debug|2020-04-15 23:17:27.0129|2020-04-15 23:17:27,warning,Studio,WorkItem has been added LogCategory: Title:Populating treeview items WorkItemType:NonCriticalWorkItem|Sobiens.Connectors.Entities.Logger.WriteEntry
Debug|2020-04-15 23:17:27.0285|2020-04-15 23:17:27,warning,Studio,WorkItem is being processed LogCategory: Title:Populating treeview items WorkItemType:NonCriticalWorkItem|Sobiens.Connectors.Entities.Logger.WriteEntry
